<?xml version="1.0" encoding="UTF-8"?>
<testng-results ignored="0" total="30" passed="27" failed="3" skipped="0">
  <reporter-output>
  </reporter-output>
  <suite started-at="2025-08-11T18:22:11 IST" name="EzyScribe Login Suite" finished-at="2025-08-11T18:25:50 IST" duration-ms="218952">
    <groups>
    </groups>
    <test started-at="2025-08-11T18:22:11 IST" name="LoginTests" finished-at="2025-08-11T18:25:50 IST" duration-ms="218952">
      <class name="tests.ScribeDashboardTest">
        <test-method is-config="true" signature="setup()[pri:0, instance:tests.ScribeDashboardTest@1ae67cad]" started-at="2025-08-11T18:25:20 IST" name="setup" finished-at="2025-08-11T18:25:21 IST" duration-ms="654" status="PASS">
          <reporter-output>
          </reporter-output>
        </test-method> <!-- setup -->
        <test-method is-config="true" signature="ensureLoggedInAndRefresh()[pri:0, instance:tests.ScribeDashboardTest@1ae67cad]" started-at="2025-08-11T18:25:21 IST" name="ensureLoggedInAndRefresh" finished-at="2025-08-11T18:25:24 IST" duration-ms="2994" status="PASS">
          <reporter-output>
          </reporter-output>
        </test-method> <!-- ensureLoggedInAndRefresh -->
        <test-method signature="themeSwitch()[pri:1, instance:tests.ScribeDashboardTest@1ae67cad]" started-at="2025-08-11T18:25:24 IST" name="themeSwitch" finished-at="2025-08-11T18:25:28 IST" duration-ms="4157" status="PASS">
          <reporter-output>
          </reporter-output>
        </test-method> <!-- themeSwitch -->
        <test-method is-config="true" signature="ensureLoggedInAndRefresh()[pri:0, instance:tests.ScribeDashboardTest@1ae67cad]" started-at="2025-08-11T18:25:28 IST" name="ensureLoggedInAndRefresh" finished-at="2025-08-11T18:25:29 IST" duration-ms="786" status="PASS">
          <reporter-output>
          </reporter-output>
        </test-method> <!-- ensureLoggedInAndRefresh -->
        <test-method signature="searchByFirstTaskId()[pri:2, instance:tests.ScribeDashboardTest@1ae67cad]" started-at="2025-08-11T18:25:29 IST" name="searchByFirstTaskId" finished-at="2025-08-11T18:25:35 IST" duration-ms="6410" status="FAIL">
          <exception class="java.lang.AssertionError">
            <message>
              <![CDATA[❌ First row does not match expected Task ID after retries. Expected: 120131]]>
            </message>
            <full-stacktrace>
              <![CDATA[java.lang.AssertionError: ❌ First row does not match expected Task ID after retries. Expected: 120131
at pages.ScribeDashboardPage.assertFirstRowHasTaskId(ScribeDashboardPage.java:178)
at tests.ScribeDashboardTest.searchByFirstTaskId(ScribeDashboardTest.java:93)
at java.base/jdk.internal.reflect.DirectMethodHandleAccessor.invoke(DirectMethodHandleAccessor.java:103)
at java.base/java.lang.reflect.Method.invoke(Method.java:580)
at org.testng.internal.invokers.MethodInvocationHelper.invokeMethod(MethodInvocationHelper.java:141)
at org.testng.internal.invokers.TestInvoker.invokeMethod(TestInvoker.java:687)
at org.testng.internal.invokers.TestInvoker.invokeTestMethod(TestInvoker.java:230)
at org.testng.internal.invokers.MethodRunner.runInSequence(MethodRunner.java:63)
at org.testng.internal.invokers.TestInvoker$MethodInvocationAgent.invoke(TestInvoker.java:995)
at org.testng.internal.invokers.TestInvoker.invokeTestMethods(TestInvoker.java:203)
at org.testng.internal.invokers.TestMethodWorker.invokeTestMethods(TestMethodWorker.java:154)
at org.testng.internal.invokers.TestMethodWorker.run(TestMethodWorker.java:134)
at java.base/java.util.ArrayList.forEach(ArrayList.java:1596)
at org.testng.TestRunner.privateRun(TestRunner.java:741)
at org.testng.TestRunner.run(TestRunner.java:616)
at org.testng.SuiteRunner.runTest(SuiteRunner.java:421)
at org.testng.SuiteRunner.runSequentially(SuiteRunner.java:413)
at org.testng.SuiteRunner.privateRun(SuiteRunner.java:373)
at org.testng.SuiteRunner.run(SuiteRunner.java:312)
at org.testng.SuiteRunnerWorker.runSuite(SuiteRunnerWorker.java:52)
at org.testng.SuiteRunnerWorker.run(SuiteRunnerWorker.java:95)
at org.testng.TestNG.runSuitesSequentially(TestNG.java:1274)
at org.testng.TestNG.runSuitesLocally(TestNG.java:1208)
at org.testng.TestNG.runSuites(TestNG.java:1112)
at org.testng.TestNG.run(TestNG.java:1079)
at org.testng.remote.AbstractRemoteTestNG.run(AbstractRemoteTestNG.java:115)
at org.testng.remote.RemoteTestNG.initAndRun(RemoteTestNG.java:293)
at org.testng.remote.RemoteTestNG.main(RemoteTestNG.java:91)
]]>
            </full-stacktrace>
          </exception> <!-- java.lang.AssertionError -->
          <reporter-output>
          </reporter-output>
        </test-method> <!-- searchByFirstTaskId -->
        <test-method is-config="true" signature="ensureLoggedInAndRefresh()[pri:0, instance:tests.ScribeDashboardTest@1ae67cad]" started-at="2025-08-11T18:25:35 IST" name="ensureLoggedInAndRefresh" finished-at="2025-08-11T18:25:36 IST" duration-ms="691" status="PASS">
          <reporter-output>
          </reporter-output>
        </test-method> <!-- ensureLoggedInAndRefresh -->
        <test-method signature="testStatusFilter()[pri:3, instance:tests.ScribeDashboardTest@1ae67cad]" started-at="2025-08-11T18:25:36 IST" name="testStatusFilter" finished-at="2025-08-11T18:25:38 IST" duration-ms="1512" status="PASS">
          <reporter-output>
          </reporter-output>
        </test-method> <!-- testStatusFilter -->
        <test-method is-config="true" signature="ensureLoggedInAndRefresh()[pri:0, instance:tests.ScribeDashboardTest@1ae67cad]" started-at="2025-08-11T18:25:38 IST" name="ensureLoggedInAndRefresh" finished-at="2025-08-11T18:25:38 IST" duration-ms="521" status="PASS">
          <reporter-output>
          </reporter-output>
        </test-method> <!-- ensureLoggedInAndRefresh -->
        <test-method signature="testPriorityFilter()[pri:4, instance:tests.ScribeDashboardTest@1ae67cad]" started-at="2025-08-11T18:25:38 IST" name="testPriorityFilter" finished-at="2025-08-11T18:25:41 IST" duration-ms="2484" status="PASS">
          <reporter-output>
          </reporter-output>
        </test-method> <!-- testPriorityFilter -->
        <test-method is-config="true" signature="ensureLoggedInAndRefresh()[pri:0, instance:tests.ScribeDashboardTest@1ae67cad]" started-at="2025-08-11T18:25:41 IST" name="ensureLoggedInAndRefresh" finished-at="2025-08-11T18:25:41 IST" duration-ms="719" status="PASS">
          <reporter-output>
          </reporter-output>
        </test-method> <!-- ensureLoggedInAndRefresh -->
        <test-method signature="testToggleTaskIdColumnView()[pri:5, instance:tests.ScribeDashboardTest@1ae67cad]" started-at="2025-08-11T18:25:41 IST" name="testToggleTaskIdColumnView" finished-at="2025-08-11T18:25:42 IST" duration-ms="167" status="PASS">
          <reporter-output>
          </reporter-output>
        </test-method> <!-- testToggleTaskIdColumnView -->
        <test-method is-config="true" signature="ensureLoggedInAndRefresh()[pri:0, instance:tests.ScribeDashboardTest@1ae67cad]" started-at="2025-08-11T18:25:42 IST" name="ensureLoggedInAndRefresh" finished-at="2025-08-11T18:25:42 IST" duration-ms="794" status="PASS">
          <reporter-output>
          </reporter-output>
        </test-method> <!-- ensureLoggedInAndRefresh -->
        <test-method signature="testTaskIdAscendingSort()[pri:6, instance:tests.ScribeDashboardTest@1ae67cad]" started-at="2025-08-11T18:25:42 IST" name="testTaskIdAscendingSort" finished-at="2025-08-11T18:25:49 IST" duration-ms="6697" status="PASS">
          <reporter-output>
          </reporter-output>
        </test-method> <!-- testTaskIdAscendingSort -->
        <test-method is-config="true" signature="teardown()[pri:0, instance:tests.ScribeDashboardTest@1ae67cad]" started-at="2025-08-11T18:25:49 IST" name="teardown" finished-at="2025-08-11T18:25:50 IST" duration-ms="524" status="PASS">
          <reporter-output>
          </reporter-output>
        </test-method> <!-- teardown -->
      </class> <!-- tests.ScribeDashboardTest -->
      <class name="tests.LoginTests">
        <test-method is-config="true" signature="setupClass()[pri:0, instance:tests.LoginTests@784b990c]" started-at="2025-08-11T18:22:11 IST" name="setupClass" finished-at="2025-08-11T18:22:12 IST" duration-ms="1226" status="PASS">
          <reporter-output>
          </reporter-output>
        </test-method> <!-- setupClass -->
        <test-method is-config="true" signature="setup()[pri:0, instance:tests.LoginTests@784b990c]" started-at="2025-08-11T18:22:12 IST" name="setup" finished-at="2025-08-11T18:22:16 IST" duration-ms="3750" status="PASS">
          <reporter-output>
          </reporter-output>
        </test-method> <!-- setup -->
        <test-method signature="loginTest(java.lang.String,java.lang.String,java.lang.String,java.lang.String)[pri:1, instance:tests.LoginTests@784b990c]" started-at="2025-08-11T18:22:16 IST" name="loginTest" description="TC01-TC24 - Login test for various valid/invalid credentials" data-provider="loginData" finished-at="2025-08-11T18:22:19 IST" duration-ms="2909" status="PASS">
          <params>
            <param index="0">
              <value>
                <![CDATA[TC01]]>
              </value>
            </param>
            <param index="1">
              <value>
                <![CDATA[testprovider@gmail.com]]>
              </value>
            </param>
            <param index="2">
              <value>
                <![CDATA[12345678]]>
              </value>
            </param>
            <param index="3">
              <value>
                <![CDATA[success_doctor]]>
              </value>
            </param>
          </params>
          <reporter-output>
          </reporter-output>
        </test-method> <!-- loginTest -->
        <test-method is-config="true" signature="tearDown()[pri:0, instance:tests.LoginTests@784b990c]" started-at="2025-08-11T18:22:19 IST" name="tearDown" finished-at="2025-08-11T18:22:19 IST" duration-ms="141" status="PASS">
          <reporter-output>
          </reporter-output>
        </test-method> <!-- tearDown -->
        <test-method is-config="true" signature="setup()[pri:0, instance:tests.LoginTests@784b990c]" started-at="2025-08-11T18:22:19 IST" name="setup" finished-at="2025-08-11T18:22:22 IST" duration-ms="3025" status="PASS">
          <reporter-output>
          </reporter-output>
        </test-method> <!-- setup -->
        <test-method signature="loginTest(java.lang.String,java.lang.String,java.lang.String,java.lang.String)[pri:1, instance:tests.LoginTests@784b990c]" started-at="2025-08-11T18:22:22 IST" name="loginTest" description="TC01-TC24 - Login test for various valid/invalid credentials" data-provider="loginData" finished-at="2025-08-11T18:22:23 IST" duration-ms="1256" status="PASS">
          <params>
            <param index="0">
              <value>
                <![CDATA[TC02]]>
              </value>
            </param>
            <param index="1">
              <value>
                <![CDATA[wrongemail@example.com]]>
              </value>
            </param>
            <param index="2">
              <value>
                <![CDATA[DocPass123]]>
              </value>
            </param>
            <param index="3">
              <value>
                <![CDATA[error]]>
              </value>
            </param>
          </params>
          <reporter-output>
          </reporter-output>
        </test-method> <!-- loginTest -->
        <test-method is-config="true" signature="tearDown()[pri:0, instance:tests.LoginTests@784b990c]" started-at="2025-08-11T18:22:23 IST" name="tearDown" finished-at="2025-08-11T18:22:24 IST" duration-ms="125" status="PASS">
          <reporter-output>
          </reporter-output>
        </test-method> <!-- tearDown -->
        <test-method is-config="true" signature="setup()[pri:0, instance:tests.LoginTests@784b990c]" started-at="2025-08-11T18:22:24 IST" name="setup" finished-at="2025-08-11T18:22:27 IST" duration-ms="3232" status="PASS">
          <reporter-output>
          </reporter-output>
        </test-method> <!-- setup -->
        <test-method signature="loginTest(java.lang.String,java.lang.String,java.lang.String,java.lang.String)[pri:1, instance:tests.LoginTests@784b990c]" started-at="2025-08-11T18:22:27 IST" name="loginTest" description="TC01-TC24 - Login test for various valid/invalid credentials" data-provider="loginData" finished-at="2025-08-11T18:22:28 IST" duration-ms="1263" status="PASS">
          <params>
            <param index="0">
              <value>
                <![CDATA[TC03]]>
              </value>
            </param>
            <param index="1">
              <value>
                <![CDATA[doctor@example.com]]>
              </value>
            </param>
            <param index="2">
              <value>
                <![CDATA[wrongpass]]>
              </value>
            </param>
            <param index="3">
              <value>
                <![CDATA[error]]>
              </value>
            </param>
          </params>
          <reporter-output>
          </reporter-output>
        </test-method> <!-- loginTest -->
        <test-method is-config="true" signature="tearDown()[pri:0, instance:tests.LoginTests@784b990c]" started-at="2025-08-11T18:22:28 IST" name="tearDown" finished-at="2025-08-11T18:22:28 IST" duration-ms="131" status="PASS">
          <reporter-output>
          </reporter-output>
        </test-method> <!-- tearDown -->
        <test-method is-config="true" signature="setup()[pri:0, instance:tests.LoginTests@784b990c]" started-at="2025-08-11T18:22:28 IST" name="setup" finished-at="2025-08-11T18:22:31 IST" duration-ms="3200" status="PASS">
          <reporter-output>
          </reporter-output>
        </test-method> <!-- setup -->
        <test-method signature="loginTest(java.lang.String,java.lang.String,java.lang.String,java.lang.String)[pri:1, instance:tests.LoginTests@784b990c]" started-at="2025-08-11T18:22:31 IST" name="loginTest" description="TC01-TC24 - Login test for various valid/invalid credentials" data-provider="loginData" finished-at="2025-08-11T18:22:33 IST" duration-ms="1241" status="PASS">
          <params>
            <param index="0">
              <value>
                <![CDATA[TC04]]>
              </value>
            </param>
            <param index="1">
              <value>
                <![CDATA[]]>
              </value>
            </param>
            <param index="2">
              <value>
                <![CDATA[DocPass123]]>
              </value>
            </param>
            <param index="3">
              <value>
                <![CDATA[error]]>
              </value>
            </param>
          </params>
          <reporter-output>
          </reporter-output>
        </test-method> <!-- loginTest -->
        <test-method is-config="true" signature="tearDown()[pri:0, instance:tests.LoginTests@784b990c]" started-at="2025-08-11T18:22:33 IST" name="tearDown" finished-at="2025-08-11T18:22:33 IST" duration-ms="118" status="PASS">
          <reporter-output>
          </reporter-output>
        </test-method> <!-- tearDown -->
        <test-method is-config="true" signature="setup()[pri:0, instance:tests.LoginTests@784b990c]" started-at="2025-08-11T18:22:33 IST" name="setup" finished-at="2025-08-11T18:22:36 IST" duration-ms="3237" status="PASS">
          <reporter-output>
          </reporter-output>
        </test-method> <!-- setup -->
        <test-method signature="loginTest(java.lang.String,java.lang.String,java.lang.String,java.lang.String)[pri:1, instance:tests.LoginTests@784b990c]" started-at="2025-08-11T18:22:36 IST" name="loginTest" description="TC01-TC24 - Login test for various valid/invalid credentials" data-provider="loginData" finished-at="2025-08-11T18:22:37 IST" duration-ms="1248" status="PASS">
          <params>
            <param index="0">
              <value>
                <![CDATA[TC05]]>
              </value>
            </param>
            <param index="1">
              <value>
                <![CDATA[doctor@example.com]]>
              </value>
            </param>
            <param index="2">
              <value>
                <![CDATA[]]>
              </value>
            </param>
            <param index="3">
              <value>
                <![CDATA[error]]>
              </value>
            </param>
          </params>
          <reporter-output>
          </reporter-output>
        </test-method> <!-- loginTest -->
        <test-method is-config="true" signature="tearDown()[pri:0, instance:tests.LoginTests@784b990c]" started-at="2025-08-11T18:22:37 IST" name="tearDown" finished-at="2025-08-11T18:22:37 IST" duration-ms="121" status="PASS">
          <reporter-output>
          </reporter-output>
        </test-method> <!-- tearDown -->
        <test-method is-config="true" signature="setup()[pri:0, instance:tests.LoginTests@784b990c]" started-at="2025-08-11T18:22:37 IST" name="setup" finished-at="2025-08-11T18:22:41 IST" duration-ms="3207" status="PASS">
          <reporter-output>
          </reporter-output>
        </test-method> <!-- setup -->
        <test-method signature="loginTest(java.lang.String,java.lang.String,java.lang.String,java.lang.String)[pri:1, instance:tests.LoginTests@784b990c]" started-at="2025-08-11T18:22:41 IST" name="loginTest" description="TC01-TC24 - Login test for various valid/invalid credentials" data-provider="loginData" finished-at="2025-08-11T18:22:42 IST" duration-ms="1215" status="PASS">
          <params>
            <param index="0">
              <value>
                <![CDATA[TC06]]>
              </value>
            </param>
            <param index="1">
              <value>
                <![CDATA[]]>
              </value>
            </param>
            <param index="2">
              <value>
                <![CDATA[]]>
              </value>
            </param>
            <param index="3">
              <value>
                <![CDATA[error]]>
              </value>
            </param>
          </params>
          <reporter-output>
          </reporter-output>
        </test-method> <!-- loginTest -->
        <test-method is-config="true" signature="tearDown()[pri:0, instance:tests.LoginTests@784b990c]" started-at="2025-08-11T18:22:42 IST" name="tearDown" finished-at="2025-08-11T18:22:42 IST" duration-ms="121" status="PASS">
          <reporter-output>
          </reporter-output>
        </test-method> <!-- tearDown -->
        <test-method is-config="true" signature="setup()[pri:0, instance:tests.LoginTests@784b990c]" started-at="2025-08-11T18:22:42 IST" name="setup" finished-at="2025-08-11T18:22:45 IST" duration-ms="3571" status="PASS">
          <reporter-output>
          </reporter-output>
        </test-method> <!-- setup -->
        <test-method signature="loginTest(java.lang.String,java.lang.String,java.lang.String,java.lang.String)[pri:1, instance:tests.LoginTests@784b990c]" started-at="2025-08-11T18:22:45 IST" name="loginTest" description="TC01-TC24 - Login test for various valid/invalid credentials" data-provider="loginData" finished-at="2025-08-11T18:22:47 IST" duration-ms="1251" status="PASS">
          <params>
            <param index="0">
              <value>
                <![CDATA[TC07]]>
              </value>
            </param>
            <param index="1">
              <value>
                <![CDATA[doctor@@example]]>
              </value>
            </param>
            <param index="2">
              <value>
                <![CDATA[DocPass123]]>
              </value>
            </param>
            <param index="3">
              <value>
                <![CDATA[error]]>
              </value>
            </param>
          </params>
          <reporter-output>
          </reporter-output>
        </test-method> <!-- loginTest -->
        <test-method is-config="true" signature="tearDown()[pri:0, instance:tests.LoginTests@784b990c]" started-at="2025-08-11T18:22:47 IST" name="tearDown" finished-at="2025-08-11T18:22:47 IST" duration-ms="137" status="PASS">
          <reporter-output>
          </reporter-output>
        </test-method> <!-- tearDown -->
        <test-method is-config="true" signature="setup()[pri:0, instance:tests.LoginTests@784b990c]" started-at="2025-08-11T18:22:47 IST" name="setup" finished-at="2025-08-11T18:22:50 IST" duration-ms="3204" status="PASS">
          <reporter-output>
          </reporter-output>
        </test-method> <!-- setup -->
        <test-method signature="loginTest(java.lang.String,java.lang.String,java.lang.String,java.lang.String)[pri:1, instance:tests.LoginTests@784b990c]" started-at="2025-08-11T18:22:50 IST" name="loginTest" description="TC01-TC24 - Login test for various valid/invalid credentials" data-provider="loginData" finished-at="2025-08-11T18:22:51 IST" duration-ms="1270" status="PASS">
          <params>
            <param index="0">
              <value>
                <![CDATA[TC10]]>
              </value>
            </param>
            <param index="1">
              <value>
                <![CDATA[special@!#$.com]]>
              </value>
            </param>
            <param index="2">
              <value>
                <![CDATA[special123]]>
              </value>
            </param>
            <param index="3">
              <value>
                <![CDATA[error]]>
              </value>
            </param>
          </params>
          <reporter-output>
          </reporter-output>
        </test-method> <!-- loginTest -->
        <test-method is-config="true" signature="tearDown()[pri:0, instance:tests.LoginTests@784b990c]" started-at="2025-08-11T18:22:51 IST" name="tearDown" finished-at="2025-08-11T18:22:51 IST" duration-ms="122" status="PASS">
          <reporter-output>
          </reporter-output>
        </test-method> <!-- tearDown -->
        <test-method is-config="true" signature="setup()[pri:0, instance:tests.LoginTests@784b990c]" started-at="2025-08-11T18:22:51 IST" name="setup" finished-at="2025-08-11T18:22:55 IST" duration-ms="3191" status="PASS">
          <reporter-output>
          </reporter-output>
        </test-method> <!-- setup -->
        <test-method signature="loginTest(java.lang.String,java.lang.String,java.lang.String,java.lang.String)[pri:1, instance:tests.LoginTests@784b990c]" started-at="2025-08-11T18:22:55 IST" name="loginTest" description="TC01-TC24 - Login test for various valid/invalid credentials" data-provider="loginData" finished-at="2025-08-11T18:22:56 IST" duration-ms="1307" status="PASS">
          <params>
            <param index="0">
              <value>
                <![CDATA[TC11]]>
              </value>
            </param>
            <param index="1">
              <value>
                <![CDATA[verylongemail@exampletoolonglonglongdomain.com]]>
              </value>
            </param>
            <param index="2">
              <value>
                <![CDATA[DocPass123]]>
              </value>
            </param>
            <param index="3">
              <value>
                <![CDATA[error]]>
              </value>
            </param>
          </params>
          <reporter-output>
          </reporter-output>
        </test-method> <!-- loginTest -->
        <test-method is-config="true" signature="tearDown()[pri:0, instance:tests.LoginTests@784b990c]" started-at="2025-08-11T18:22:56 IST" name="tearDown" finished-at="2025-08-11T18:22:56 IST" duration-ms="123" status="PASS">
          <reporter-output>
          </reporter-output>
        </test-method> <!-- tearDown -->
        <test-method is-config="true" signature="setup()[pri:0, instance:tests.LoginTests@784b990c]" started-at="2025-08-11T18:22:56 IST" name="setup" finished-at="2025-08-11T18:22:59 IST" duration-ms="3207" status="PASS">
          <reporter-output>
          </reporter-output>
        </test-method> <!-- setup -->
        <test-method signature="loginTest(java.lang.String,java.lang.String,java.lang.String,java.lang.String)[pri:1, instance:tests.LoginTests@784b990c]" started-at="2025-08-11T18:22:59 IST" name="loginTest" description="TC01-TC24 - Login test for various valid/invalid credentials" data-provider="loginData" finished-at="2025-08-11T18:23:01 IST" duration-ms="1297" status="PASS">
          <params>
            <param index="0">
              <value>
                <![CDATA[TC12]]>
              </value>
            </param>
            <param index="1">
              <value>
                <![CDATA[doctor@example.com]]>
              </value>
            </param>
            <param index="2">
              <value>
                <![CDATA[passwordWithVeryLongText1234567890!@#]]>
              </value>
            </param>
            <param index="3">
              <value>
                <![CDATA[error]]>
              </value>
            </param>
          </params>
          <reporter-output>
          </reporter-output>
        </test-method> <!-- loginTest -->
        <test-method is-config="true" signature="tearDown()[pri:0, instance:tests.LoginTests@784b990c]" started-at="2025-08-11T18:23:01 IST" name="tearDown" finished-at="2025-08-11T18:23:01 IST" duration-ms="121" status="PASS">
          <reporter-output>
          </reporter-output>
        </test-method> <!-- tearDown -->
        <test-method is-config="true" signature="setup()[pri:0, instance:tests.LoginTests@784b990c]" started-at="2025-08-11T18:23:01 IST" name="setup" finished-at="2025-08-11T18:23:04 IST" duration-ms="3217" status="PASS">
          <reporter-output>
          </reporter-output>
        </test-method> <!-- setup -->
        <test-method signature="loginTest(java.lang.String,java.lang.String,java.lang.String,java.lang.String)[pri:1, instance:tests.LoginTests@784b990c]" started-at="2025-08-11T18:23:04 IST" name="loginTest" description="TC01-TC24 - Login test for various valid/invalid credentials" data-provider="loginData" finished-at="2025-08-11T18:23:11 IST" duration-ms="7320" status="PASS">
          <params>
            <param index="0">
              <value>
                <![CDATA[TC15]]>
              </value>
            </param>
            <param index="1">
              <value>
                <![CDATA[testprovider@gmail.com]]>
              </value>
            </param>
            <param index="2">
              <value>
                <![CDATA[12345678]]>
              </value>
            </param>
            <param index="3">
              <value>
                <![CDATA[success_doctor]]>
              </value>
            </param>
          </params>
          <reporter-output>
          </reporter-output>
        </test-method> <!-- loginTest -->
        <test-method is-config="true" signature="tearDown()[pri:0, instance:tests.LoginTests@784b990c]" started-at="2025-08-11T18:23:11 IST" name="tearDown" finished-at="2025-08-11T18:23:13 IST" duration-ms="1653" status="PASS">
          <reporter-output>
          </reporter-output>
        </test-method> <!-- tearDown -->
        <test-method is-config="true" signature="setup()[pri:0, instance:tests.LoginTests@784b990c]" started-at="2025-08-11T18:23:13 IST" name="setup" finished-at="2025-08-11T18:23:16 IST" duration-ms="3280" status="PASS">
          <reporter-output>
          </reporter-output>
        </test-method> <!-- setup -->
        <test-method signature="loginTest(java.lang.String,java.lang.String,java.lang.String,java.lang.String)[pri:1, instance:tests.LoginTests@784b990c]" started-at="2025-08-11T18:23:16 IST" name="loginTest" description="TC01-TC24 - Login test for various valid/invalid credentials" data-provider="loginData" finished-at="2025-08-11T18:23:18 IST" duration-ms="2303" status="PASS">
          <params>
            <param index="0">
              <value>
                <![CDATA[TC19]]>
              </value>
            </param>
            <param index="1">
              <value>
                <![CDATA[Testprovider@gmail.com]]>
              </value>
            </param>
            <param index="2">
              <value>
                <![CDATA[12345678]]>
              </value>
            </param>
            <param index="3">
              <value>
                <![CDATA[success_doctor]]>
              </value>
            </param>
          </params>
          <reporter-output>
          </reporter-output>
        </test-method> <!-- loginTest -->
        <test-method is-config="true" signature="tearDown()[pri:0, instance:tests.LoginTests@784b990c]" started-at="2025-08-11T18:23:18 IST" name="tearDown" finished-at="2025-08-11T18:23:19 IST" duration-ms="142" status="PASS">
          <reporter-output>
          </reporter-output>
        </test-method> <!-- tearDown -->
        <test-method is-config="true" signature="setup()[pri:0, instance:tests.LoginTests@784b990c]" started-at="2025-08-11T18:23:19 IST" name="setup" finished-at="2025-08-11T18:23:22 IST" duration-ms="3381" status="PASS">
          <reporter-output>
          </reporter-output>
        </test-method> <!-- setup -->
        <test-method signature="loginTest(java.lang.String,java.lang.String,java.lang.String,java.lang.String)[pri:1, instance:tests.LoginTests@784b990c]" started-at="2025-08-11T18:23:22 IST" name="loginTest" description="TC01-TC24 - Login test for various valid/invalid credentials" data-provider="loginData" finished-at="2025-08-11T18:23:23 IST" duration-ms="1257" status="PASS">
          <params>
            <param index="0">
              <value>
                <![CDATA[TC20]]>
              </value>
            </param>
            <param index="1">
              <value>
                <![CDATA[doctor@example.com]]>
              </value>
            </param>
            <param index="2">
              <value>
                <![CDATA[DOCPASS123]]>
              </value>
            </param>
            <param index="3">
              <value>
                <![CDATA[error]]>
              </value>
            </param>
          </params>
          <reporter-output>
          </reporter-output>
        </test-method> <!-- loginTest -->
        <test-method is-config="true" signature="tearDown()[pri:0, instance:tests.LoginTests@784b990c]" started-at="2025-08-11T18:23:23 IST" name="tearDown" finished-at="2025-08-11T18:23:23 IST" duration-ms="118" status="PASS">
          <reporter-output>
          </reporter-output>
        </test-method> <!-- tearDown -->
        <test-method is-config="true" signature="setup()[pri:0, instance:tests.LoginTests@784b990c]" started-at="2025-08-11T18:23:23 IST" name="setup" finished-at="2025-08-11T18:23:27 IST" duration-ms="3202" status="PASS">
          <reporter-output>
          </reporter-output>
        </test-method> <!-- setup -->
        <test-method signature="loginTest(java.lang.String,java.lang.String,java.lang.String,java.lang.String)[pri:1, instance:tests.LoginTests@784b990c]" started-at="2025-08-11T18:23:27 IST" name="loginTest" description="TC01-TC24 - Login test for various valid/invalid credentials" data-provider="loginData" finished-at="2025-08-11T18:23:34 IST" duration-ms="7847" status="PASS">
          <params>
            <param index="0">
              <value>
                <![CDATA[TC23]]>
              </value>
            </param>
            <param index="1">
              <value>
                <![CDATA[testprovider@gmail.com]]>
              </value>
            </param>
            <param index="2">
              <value>
                <![CDATA[12345678]]>
              </value>
            </param>
            <param index="3">
              <value>
                <![CDATA[success_doctor]]>
              </value>
            </param>
          </params>
          <reporter-output>
          </reporter-output>
        </test-method> <!-- loginTest -->
        <test-method is-config="true" signature="tearDown()[pri:0, instance:tests.LoginTests@784b990c]" started-at="2025-08-11T18:23:34 IST" name="tearDown" finished-at="2025-08-11T18:23:35 IST" duration-ms="151" status="PASS">
          <reporter-output>
          </reporter-output>
        </test-method> <!-- tearDown -->
        <test-method is-config="true" signature="setup()[pri:0, instance:tests.LoginTests@784b990c]" started-at="2025-08-11T18:23:35 IST" name="setup" finished-at="2025-08-11T18:23:38 IST" duration-ms="3216" status="PASS">
          <reporter-output>
          </reporter-output>
        </test-method> <!-- setup -->
        <test-method signature="loginTest(java.lang.String,java.lang.String,java.lang.String,java.lang.String)[pri:1, instance:tests.LoginTests@784b990c]" started-at="2025-08-11T18:23:38 IST" name="loginTest" description="TC01-TC24 - Login test for various valid/invalid credentials" data-provider="loginData" finished-at="2025-08-11T18:23:41 IST" duration-ms="2799" status="PASS">
          <params>
            <param index="0">
              <value>
                <![CDATA[TC24]]>
              </value>
            </param>
            <param index="1">
              <value>
                <![CDATA[testscribe@gmail.com]]>
              </value>
            </param>
            <param index="2">
              <value>
                <![CDATA[12345678]]>
              </value>
            </param>
            <param index="3">
              <value>
                <![CDATA[success_scribe]]>
              </value>
            </param>
          </params>
          <reporter-output>
          </reporter-output>
        </test-method> <!-- loginTest -->
        <test-method is-config="true" signature="tearDown()[pri:0, instance:tests.LoginTests@784b990c]" started-at="2025-08-11T18:23:41 IST" name="tearDown" finished-at="2025-08-11T18:23:41 IST" duration-ms="133" status="PASS">
          <reporter-output>
          </reporter-output>
        </test-method> <!-- tearDown -->
        <test-method is-config="true" signature="setup()[pri:0, instance:tests.LoginTests@784b990c]" started-at="2025-08-11T18:23:41 IST" name="setup" finished-at="2025-08-11T18:23:44 IST" duration-ms="2995" status="PASS">
          <reporter-output>
          </reporter-output>
        </test-method> <!-- setup -->
        <test-method signature="forgotPasswordTest_TC09()[pri:2, instance:tests.LoginTests@784b990c]" started-at="2025-08-11T18:23:44 IST" name="forgotPasswordTest_TC09" description="TC09 - Verify &#039;Forgot Password&#039; triggers email alert" finished-at="2025-08-11T18:23:46 IST" duration-ms="1802" status="PASS">
          <reporter-output>
          </reporter-output>
        </test-method> <!-- forgotPasswordTest_TC09 -->
        <test-method is-config="true" signature="tearDown()[pri:0, instance:tests.LoginTests@784b990c]" started-at="2025-08-11T18:23:46 IST" name="tearDown" finished-at="2025-08-11T18:23:46 IST" duration-ms="120" status="PASS">
          <reporter-output>
          </reporter-output>
        </test-method> <!-- tearDown -->
        <test-method is-config="true" signature="setup()[pri:0, instance:tests.LoginTests@784b990c]" started-at="2025-08-11T18:23:46 IST" name="setup" finished-at="2025-08-11T18:23:49 IST" duration-ms="3259" status="PASS">
          <reporter-output>
          </reporter-output>
        </test-method> <!-- setup -->
        <test-method signature="epicLoginRedirectTest()[pri:3, instance:tests.LoginTests@784b990c]" started-at="2025-08-11T18:23:49 IST" name="epicLoginRedirectTest" description="TC25 - Verify Epic Login Redirect" finished-at="2025-08-11T18:24:06 IST" duration-ms="17216" status="PASS">
          <reporter-output>
          </reporter-output>
        </test-method> <!-- epicLoginRedirectTest -->
        <test-method is-config="true" signature="tearDown()[pri:0, instance:tests.LoginTests@784b990c]" started-at="2025-08-11T18:24:06 IST" name="tearDown" finished-at="2025-08-11T18:24:06 IST" duration-ms="133" status="PASS">
          <reporter-output>
          </reporter-output>
        </test-method> <!-- tearDown -->
      </class> <!-- tests.LoginTests -->
      <class name="tests.DoctorDashboardTest">
        <test-method is-config="true" signature="setup()[pri:0, instance:tests.DoctorDashboardTest@e98770d]" started-at="2025-08-11T18:24:06 IST" name="setup" finished-at="2025-08-11T18:24:07 IST" duration-ms="670" status="PASS">
          <reporter-output>
          </reporter-output>
        </test-method> <!-- setup -->
        <test-method is-config="true" signature="ensureLoggedInAndRefresh()[pri:0, instance:tests.DoctorDashboardTest@e98770d]" started-at="2025-08-11T18:24:07 IST" name="ensureLoggedInAndRefresh" finished-at="2025-08-11T18:24:10 IST" duration-ms="2774" status="PASS">
          <reporter-output>
          </reporter-output>
        </test-method> <!-- ensureLoggedInAndRefresh -->
        <test-method signature="themeSwitch()[pri:1, instance:tests.DoctorDashboardTest@e98770d]" started-at="2025-08-11T18:24:10 IST" name="themeSwitch" finished-at="2025-08-11T18:24:14 IST" duration-ms="4068" status="PASS">
          <reporter-output>
          </reporter-output>
        </test-method> <!-- themeSwitch -->
        <test-method is-config="true" signature="ensureLoggedInAndRefresh()[pri:0, instance:tests.DoctorDashboardTest@e98770d]" started-at="2025-08-11T18:24:14 IST" name="ensureLoggedInAndRefresh" finished-at="2025-08-11T18:24:15 IST" duration-ms="789" status="PASS">
          <reporter-output>
          </reporter-output>
        </test-method> <!-- ensureLoggedInAndRefresh -->
        <test-method signature="searchByFirstTaskId()[pri:2, instance:tests.DoctorDashboardTest@e98770d]" started-at="2025-08-11T18:24:15 IST" name="searchByFirstTaskId" finished-at="2025-08-11T18:24:49 IST" duration-ms="34840" status="FAIL">
          <exception class="java.lang.AssertionError">
            <message>
              <![CDATA[❌ First row does not match expected Task ID after retries. Expected: 120129]]>
            </message>
            <full-stacktrace>
              <![CDATA[java.lang.AssertionError: ❌ First row does not match expected Task ID after retries. Expected: 120129
at pages.DoctorDashboardPage.assertFirstRowHasTaskId(DoctorDashboardPage.java:142)
at tests.DoctorDashboardTest.searchByFirstTaskId(DoctorDashboardTest.java:82)
at java.base/jdk.internal.reflect.DirectMethodHandleAccessor.invoke(DirectMethodHandleAccessor.java:103)
at java.base/java.lang.reflect.Method.invoke(Method.java:580)
at org.testng.internal.invokers.MethodInvocationHelper.invokeMethod(MethodInvocationHelper.java:141)
at org.testng.internal.invokers.TestInvoker.invokeMethod(TestInvoker.java:687)
at org.testng.internal.invokers.TestInvoker.invokeTestMethod(TestInvoker.java:230)
at org.testng.internal.invokers.MethodRunner.runInSequence(MethodRunner.java:63)
at org.testng.internal.invokers.TestInvoker$MethodInvocationAgent.invoke(TestInvoker.java:995)
at org.testng.internal.invokers.TestInvoker.invokeTestMethods(TestInvoker.java:203)
at org.testng.internal.invokers.TestMethodWorker.invokeTestMethods(TestMethodWorker.java:154)
at org.testng.internal.invokers.TestMethodWorker.run(TestMethodWorker.java:134)
at java.base/java.util.ArrayList.forEach(ArrayList.java:1596)
at org.testng.TestRunner.privateRun(TestRunner.java:741)
at org.testng.TestRunner.run(TestRunner.java:616)
at org.testng.SuiteRunner.runTest(SuiteRunner.java:421)
at org.testng.SuiteRunner.runSequentially(SuiteRunner.java:413)
at org.testng.SuiteRunner.privateRun(SuiteRunner.java:373)
at org.testng.SuiteRunner.run(SuiteRunner.java:312)
at org.testng.SuiteRunnerWorker.runSuite(SuiteRunnerWorker.java:52)
at org.testng.SuiteRunnerWorker.run(SuiteRunnerWorker.java:95)
at org.testng.TestNG.runSuitesSequentially(TestNG.java:1274)
at org.testng.TestNG.runSuitesLocally(TestNG.java:1208)
at org.testng.TestNG.runSuites(TestNG.java:1112)
at org.testng.TestNG.run(TestNG.java:1079)
at org.testng.remote.AbstractRemoteTestNG.run(AbstractRemoteTestNG.java:115)
at org.testng.remote.RemoteTestNG.initAndRun(RemoteTestNG.java:293)
at org.testng.remote.RemoteTestNG.main(RemoteTestNG.java:91)
]]>
            </full-stacktrace>
          </exception> <!-- java.lang.AssertionError -->
          <reporter-output>
          </reporter-output>
        </test-method> <!-- searchByFirstTaskId -->
        <test-method is-config="true" signature="ensureLoggedInAndRefresh()[pri:0, instance:tests.DoctorDashboardTest@e98770d]" started-at="2025-08-11T18:24:49 IST" name="ensureLoggedInAndRefresh" finished-at="2025-08-11T18:24:51 IST" duration-ms="1249" status="PASS">
          <reporter-output>
          </reporter-output>
        </test-method> <!-- ensureLoggedInAndRefresh -->
        <test-method signature="testStatusFilter()[pri:3, instance:tests.DoctorDashboardTest@e98770d]" started-at="2025-08-11T18:24:51 IST" name="testStatusFilter" finished-at="2025-08-11T18:24:52 IST" duration-ms="1366" status="PASS">
          <reporter-output>
          </reporter-output>
        </test-method> <!-- testStatusFilter -->
        <test-method is-config="true" signature="ensureLoggedInAndRefresh()[pri:0, instance:tests.DoctorDashboardTest@e98770d]" started-at="2025-08-11T18:24:52 IST" name="ensureLoggedInAndRefresh" finished-at="2025-08-11T18:24:53 IST" duration-ms="792" status="PASS">
          <reporter-output>
          </reporter-output>
        </test-method> <!-- ensureLoggedInAndRefresh -->
        <test-method signature="testPriorityFilter()[pri:4, instance:tests.DoctorDashboardTest@e98770d]" started-at="2025-08-11T18:24:53 IST" name="testPriorityFilter" finished-at="2025-08-11T18:24:55 IST" duration-ms="2594" status="PASS">
          <reporter-output>
          </reporter-output>
        </test-method> <!-- testPriorityFilter -->
        <test-method is-config="true" signature="ensureLoggedInAndRefresh()[pri:0, instance:tests.DoctorDashboardTest@e98770d]" started-at="2025-08-11T18:24:55 IST" name="ensureLoggedInAndRefresh" finished-at="2025-08-11T18:24:56 IST" duration-ms="777" status="PASS">
          <reporter-output>
          </reporter-output>
        </test-method> <!-- ensureLoggedInAndRefresh -->
        <test-method signature="testToggleTaskIdColumnView()[pri:5, instance:tests.DoctorDashboardTest@e98770d]" started-at="2025-08-11T18:24:56 IST" name="testToggleTaskIdColumnView" finished-at="2025-08-11T18:24:56 IST" duration-ms="171" status="PASS">
          <reporter-output>
          </reporter-output>
        </test-method> <!-- testToggleTaskIdColumnView -->
        <test-method is-config="true" signature="ensureLoggedInAndRefresh()[pri:0, instance:tests.DoctorDashboardTest@e98770d]" started-at="2025-08-11T18:24:56 IST" name="ensureLoggedInAndRefresh" finished-at="2025-08-11T18:24:57 IST" duration-ms="922" status="PASS">
          <reporter-output>
          </reporter-output>
        </test-method> <!-- ensureLoggedInAndRefresh -->
        <test-method signature="testTaskIdAscendingSort()[pri:6, instance:tests.DoctorDashboardTest@e98770d]" started-at="2025-08-11T18:24:57 IST" name="testTaskIdAscendingSort" finished-at="2025-08-11T18:25:03 IST" duration-ms="5850" status="PASS">
          <reporter-output>
          </reporter-output>
        </test-method> <!-- testTaskIdAscendingSort -->
        <test-method is-config="true" signature="ensureLoggedInAndRefresh()[pri:0, instance:tests.DoctorDashboardTest@e98770d]" started-at="2025-08-11T18:25:03 IST" name="ensureLoggedInAndRefresh" finished-at="2025-08-11T18:25:04 IST" duration-ms="709" status="PASS">
          <reporter-output>
          </reporter-output>
        </test-method> <!-- ensureLoggedInAndRefresh -->
        <test-method signature="verifyRecordingWorkflow_ReviewAfterRecordAgain()[pri:7, instance:tests.DoctorDashboardTest@e98770d]" started-at="2025-08-11T18:25:04 IST" name="verifyRecordingWorkflow_ReviewAfterRecordAgain" finished-at="2025-08-11T18:25:20 IST" duration-ms="16425" status="FAIL">
          <exception class="org.openqa.selenium.TimeoutException">
            <message>
              <![CDATA[Expected condition failed: waiting for invisibility of [[ChromeDriver: chrome on windows (53e67b267f947020b2502ad0b226f3ed)] -> xpath: //div[@role='dialog' and contains(., 'Review Recordings')]] (tried for 10 second(s) with 500 milliseconds interval)
Build info: version: '4.21.0', revision: '79ed462ef4'
System info: os.name: 'Windows 10', os.arch: 'amd64', os.version: '10.0', java.version: '21.0.7'
Driver info: org.openqa.selenium.chrome.ChromeDriver
Capabilities {acceptInsecureCerts: false, browserName: chrome, browserVersion: 138.0.7204.184, chrome: {chromedriverVersion: 138.0.7204.183 (e90faf484dd..., userDataDir: C:\Users\Amaldev\AppData\Lo...}, fedcm:accounts: true, goog:chromeOptions: {debuggerAddress: localhost:54121}, networkConnectionEnabled: false, pageLoadStrategy: normal, platformName: windows, proxy: Proxy(), se:cdp: ws://localhost:54121/devtoo..., se:cdpVersion: 138.0.7204.184, setWindowRect: true, strictFileInteractability: false, timeouts: {implicit: 0, pageLoad: 300000, script: 30000}, unhandledPromptBehavior: dismiss and notify, webauthn:extension:credBlob: true, webauthn:extension:largeBlob: true, webauthn:extension:minPinLength: true, webauthn:extension:prf: true, webauthn:virtualAuthenticators: true}
Session ID: 53e67b267f947020b2502ad0b226f3ed]]>
            </message>
            <full-stacktrace>
              <![CDATA[org.openqa.selenium.TimeoutException: Expected condition failed: waiting for invisibility of [[ChromeDriver: chrome on windows (53e67b267f947020b2502ad0b226f3ed)] -> xpath: //div[@role='dialog' and contains(., 'Review Recordings')]] (tried for 10 second(s) with 500 milliseconds interval)
Build info: version: '4.21.0', revision: '79ed462ef4'
System info: os.name: 'Windows 10', os.arch: 'amd64', os.version: '10.0', java.version: '21.0.7'
Driver info: org.openqa.selenium.chrome.ChromeDriver
Capabilities {acceptInsecureCerts: false, browserName: chrome, browserVersion: 138.0.7204.184, chrome: {chromedriverVersion: 138.0.7204.183 (e90faf484dd..., userDataDir: C:\Users\Amaldev\AppData\Lo...}, fedcm:accounts: true, goog:chromeOptions: {debuggerAddress: localhost:54121}, networkConnectionEnabled: false, pageLoadStrategy: normal, platformName: windows, proxy: Proxy(), se:cdp: ws://localhost:54121/devtoo..., se:cdpVersion: 138.0.7204.184, setWindowRect: true, strictFileInteractability: false, timeouts: {implicit: 0, pageLoad: 300000, script: 30000}, unhandledPromptBehavior: dismiss and notify, webauthn:extension:credBlob: true, webauthn:extension:largeBlob: true, webauthn:extension:minPinLength: true, webauthn:extension:prf: true, webauthn:virtualAuthenticators: true}
Session ID: 53e67b267f947020b2502ad0b226f3ed
at org.openqa.selenium.support.ui.WebDriverWait.timeoutException(WebDriverWait.java:84)
at org.openqa.selenium.support.ui.FluentWait.until(FluentWait.java:228)
at pages.DoctorDashboardPage.uploadRecordings(DoctorDashboardPage.java:403)
at tests.DoctorDashboardTest.verifyRecordingWorkflow_ReviewAfterRecordAgain(DoctorDashboardTest.java:162)
at java.base/jdk.internal.reflect.DirectMethodHandleAccessor.invoke(DirectMethodHandleAccessor.java:103)
at java.base/java.lang.reflect.Method.invoke(Method.java:580)
at org.testng.internal.invokers.MethodInvocationHelper.invokeMethod(MethodInvocationHelper.java:141)
at org.testng.internal.invokers.TestInvoker.invokeMethod(TestInvoker.java:687)
at org.testng.internal.invokers.TestInvoker.invokeTestMethod(TestInvoker.java:230)
at org.testng.internal.invokers.MethodRunner.runInSequence(MethodRunner.java:63)
at org.testng.internal.invokers.TestInvoker$MethodInvocationAgent.invoke(TestInvoker.java:995)
at org.testng.internal.invokers.TestInvoker.invokeTestMethods(TestInvoker.java:203)
at org.testng.internal.invokers.TestMethodWorker.invokeTestMethods(TestMethodWorker.java:154)
at org.testng.internal.invokers.TestMethodWorker.run(TestMethodWorker.java:134)
at java.base/java.util.ArrayList.forEach(ArrayList.java:1596)
at org.testng.TestRunner.privateRun(TestRunner.java:741)
at org.testng.TestRunner.run(TestRunner.java:616)
at org.testng.SuiteRunner.runTest(SuiteRunner.java:421)
at org.testng.SuiteRunner.runSequentially(SuiteRunner.java:413)
at org.testng.SuiteRunner.privateRun(SuiteRunner.java:373)
at org.testng.SuiteRunner.run(SuiteRunner.java:312)
at org.testng.SuiteRunnerWorker.runSuite(SuiteRunnerWorker.java:52)
at org.testng.SuiteRunnerWorker.run(SuiteRunnerWorker.java:95)
at org.testng.TestNG.runSuitesSequentially(TestNG.java:1274)
at org.testng.TestNG.runSuitesLocally(TestNG.java:1208)
at org.testng.TestNG.runSuites(TestNG.java:1112)
at org.testng.TestNG.run(TestNG.java:1079)
at org.testng.remote.AbstractRemoteTestNG.run(AbstractRemoteTestNG.java:115)
at org.testng.remote.RemoteTestNG.initAndRun(RemoteTestNG.java:293)
at org.testng.remote.RemoteTestNG.main(RemoteTestNG.java:91)
]]>
            </full-stacktrace>
          </exception> <!-- org.openqa.selenium.TimeoutException -->
          <reporter-output>
          </reporter-output>
        </test-method> <!-- verifyRecordingWorkflow_ReviewAfterRecordAgain -->
        <test-method is-config="true" signature="teardown()[pri:0, instance:tests.DoctorDashboardTest@e98770d]" started-at="2025-08-11T18:25:20 IST" name="teardown" finished-at="2025-08-11T18:25:20 IST" duration-ms="168" status="PASS">
          <reporter-output>
          </reporter-output>
        </test-method> <!-- teardown -->
      </class> <!-- tests.DoctorDashboardTest -->
    </test> <!-- LoginTests -->
  </suite> <!-- EzyScribe Login Suite -->
</testng-results>
