<?xml version="1.0" encoding="UTF-8"?>
<testng-results ignored="0" total="42" passed="34" failed="8" skipped="0">
  <reporter-output>
  </reporter-output>
  <suite started-at="2025-07-25T21:56:11 IST" name="EzyScribe Login Suite" finished-at="2025-07-25T22:00:47 IST" duration-ms="276522">
    <groups>
    </groups>
    <test started-at="2025-07-25T21:56:11 IST" name="LoginTests" finished-at="2025-07-25T22:00:47 IST" duration-ms="276522">
      <class name="tests.ScribeDashboardTest">
        <test-method is-config="true" signature="setup()[pri:0, instance:tests.ScribeDashboardTest@463b4ac8]" started-at="2025-07-25T21:59:27 IST" name="setup" finished-at="2025-07-25T21:59:31 IST" duration-ms="4436" status="PASS">
          <reporter-output>
          </reporter-output>
        </test-method> <!-- setup -->
        <test-method signature="verifyDarkLightSystemModeSwitch()[pri:1, instance:tests.ScribeDashboardTest@463b4ac8]" started-at="2025-07-25T21:59:31 IST" name="verifyDarkLightSystemModeSwitch" finished-at="2025-07-25T21:59:39 IST" duration-ms="7541" status="PASS">
          <reporter-output>
          </reporter-output>
        </test-method> <!-- verifyDarkLightSystemModeSwitch -->
        <test-method is-config="true" signature="refreshPageAfterEachTest()[pri:0, instance:tests.ScribeDashboardTest@463b4ac8]" started-at="2025-07-25T21:59:39 IST" name="refreshPageAfterEachTest" finished-at="2025-07-25T21:59:42 IST" duration-ms="3576" status="PASS">
          <reporter-output>
          </reporter-output>
        </test-method> <!-- refreshPageAfterEachTest -->
        <test-method signature="verifyFilterByTaskId()[pri:2, instance:tests.ScribeDashboardTest@463b4ac8]" started-at="2025-07-25T21:59:42 IST" name="verifyFilterByTaskId" finished-at="2025-07-25T21:59:53 IST" duration-ms="10356" status="FAIL">
          <exception class="java.lang.AssertionError">
            <message>
              <![CDATA[Filtered task not present expected [true] but found [false]]]>
            </message>
            <full-stacktrace>
              <![CDATA[java.lang.AssertionError: Filtered task not present expected [true] but found [false]
at org.testng.Assert.fail(Assert.java:111)
at org.testng.Assert.failNotEquals(Assert.java:1590)
at org.testng.Assert.assertTrue(Assert.java:57)
at tests.ScribeDashboardTest.verifyFilterByTaskId(ScribeDashboardTest.java:87)
at java.base/jdk.internal.reflect.DirectMethodHandleAccessor.invoke(DirectMethodHandleAccessor.java:103)
at java.base/java.lang.reflect.Method.invoke(Method.java:580)
at org.testng.internal.invokers.MethodInvocationHelper.invokeMethod(MethodInvocationHelper.java:141)
at org.testng.internal.invokers.TestInvoker.invokeMethod(TestInvoker.java:687)
at org.testng.internal.invokers.TestInvoker.invokeTestMethod(TestInvoker.java:230)
at org.testng.internal.invokers.MethodRunner.runInSequence(MethodRunner.java:63)
at org.testng.internal.invokers.TestInvoker$MethodInvocationAgent.invoke(TestInvoker.java:995)
at org.testng.internal.invokers.TestInvoker.invokeTestMethods(TestInvoker.java:203)
at org.testng.internal.invokers.TestMethodWorker.invokeTestMethods(TestMethodWorker.java:154)
at org.testng.internal.invokers.TestMethodWorker.run(TestMethodWorker.java:134)
at java.base/java.util.ArrayList.forEach(ArrayList.java:1596)
at org.testng.TestRunner.privateRun(TestRunner.java:741)
at org.testng.TestRunner.run(TestRunner.java:616)
at org.testng.SuiteRunner.runTest(SuiteRunner.java:421)
at org.testng.SuiteRunner.runSequentially(SuiteRunner.java:413)
at org.testng.SuiteRunner.privateRun(SuiteRunner.java:373)
at org.testng.SuiteRunner.run(SuiteRunner.java:312)
at org.testng.SuiteRunnerWorker.runSuite(SuiteRunnerWorker.java:52)
at org.testng.SuiteRunnerWorker.run(SuiteRunnerWorker.java:95)
at org.testng.TestNG.runSuitesSequentially(TestNG.java:1274)
at org.testng.TestNG.runSuitesLocally(TestNG.java:1208)
at org.testng.TestNG.runSuites(TestNG.java:1112)
at org.testng.TestNG.run(TestNG.java:1079)
at org.testng.remote.AbstractRemoteTestNG.run(AbstractRemoteTestNG.java:115)
at org.testng.remote.RemoteTestNG.initAndRun(RemoteTestNG.java:293)
at org.testng.remote.RemoteTestNG.main(RemoteTestNG.java:91)
]]>
            </full-stacktrace>
          </exception> <!-- java.lang.AssertionError -->
          <reporter-output>
          </reporter-output>
        </test-method> <!-- verifyFilterByTaskId -->
        <test-method is-config="true" signature="refreshPageAfterEachTest()[pri:0, instance:tests.ScribeDashboardTest@463b4ac8]" started-at="2025-07-25T21:59:53 IST" name="refreshPageAfterEachTest" finished-at="2025-07-25T21:59:56 IST" duration-ms="3575" status="PASS">
          <reporter-output>
          </reporter-output>
        </test-method> <!-- refreshPageAfterEachTest -->
        <test-method signature="verifySortByTaskIdActuallySorts()[pri:3, instance:tests.ScribeDashboardTest@463b4ac8]" started-at="2025-07-25T21:59:56 IST" name="verifySortByTaskIdActuallySorts" finished-at="2025-07-25T21:59:57 IST" duration-ms="393" status="PASS">
          <reporter-output>
          </reporter-output>
        </test-method> <!-- verifySortByTaskIdActuallySorts -->
        <test-method is-config="true" signature="refreshPageAfterEachTest()[pri:0, instance:tests.ScribeDashboardTest@463b4ac8]" started-at="2025-07-25T21:59:57 IST" name="refreshPageAfterEachTest" finished-at="2025-07-25T22:00:00 IST" duration-ms="3621" status="PASS">
          <reporter-output>
          </reporter-output>
        </test-method> <!-- refreshPageAfterEachTest -->
        <test-method signature="verifySortByPatientInitialsActuallySorts()[pri:4, instance:tests.ScribeDashboardTest@463b4ac8]" started-at="2025-07-25T22:00:00 IST" name="verifySortByPatientInitialsActuallySorts" finished-at="2025-07-25T22:00:01 IST" duration-ms="340" status="PASS">
          <reporter-output>
          </reporter-output>
        </test-method> <!-- verifySortByPatientInitialsActuallySorts -->
        <test-method is-config="true" signature="refreshPageAfterEachTest()[pri:0, instance:tests.ScribeDashboardTest@463b4ac8]" started-at="2025-07-25T22:00:01 IST" name="refreshPageAfterEachTest" finished-at="2025-07-25T22:00:04 IST" duration-ms="3213" status="PASS">
          <reporter-output>
          </reporter-output>
        </test-method> <!-- refreshPageAfterEachTest -->
        <test-method signature="verifySortByStatusActuallySorts()[pri:5, instance:tests.ScribeDashboardTest@463b4ac8]" started-at="2025-07-25T22:00:04 IST" name="verifySortByStatusActuallySorts" finished-at="2025-07-25T22:00:04 IST" duration-ms="377" status="PASS">
          <reporter-output>
          </reporter-output>
        </test-method> <!-- verifySortByStatusActuallySorts -->
        <test-method is-config="true" signature="refreshPageAfterEachTest()[pri:0, instance:tests.ScribeDashboardTest@463b4ac8]" started-at="2025-07-25T22:00:04 IST" name="refreshPageAfterEachTest" finished-at="2025-07-25T22:00:08 IST" duration-ms="3619" status="PASS">
          <reporter-output>
          </reporter-output>
        </test-method> <!-- refreshPageAfterEachTest -->
        <test-method signature="verifySortByPriorityActuallySorts()[pri:6, instance:tests.ScribeDashboardTest@463b4ac8]" started-at="2025-07-25T22:00:08 IST" name="verifySortByPriorityActuallySorts" finished-at="2025-07-25T22:00:08 IST" duration-ms="370" status="PASS">
          <reporter-output>
          </reporter-output>
        </test-method> <!-- verifySortByPriorityActuallySorts -->
        <test-method is-config="true" signature="refreshPageAfterEachTest()[pri:0, instance:tests.ScribeDashboardTest@463b4ac8]" started-at="2025-07-25T22:00:08 IST" name="refreshPageAfterEachTest" finished-at="2025-07-25T22:00:12 IST" duration-ms="3694" status="PASS">
          <reporter-output>
          </reporter-output>
        </test-method> <!-- refreshPageAfterEachTest -->
        <test-method signature="verifySortByUploadDateActuallySorts()[pri:7, instance:tests.ScribeDashboardTest@463b4ac8]" started-at="2025-07-25T22:00:12 IST" name="verifySortByUploadDateActuallySorts" finished-at="2025-07-25T22:00:12 IST" duration-ms="406" status="PASS">
          <reporter-output>
          </reporter-output>
        </test-method> <!-- verifySortByUploadDateActuallySorts -->
        <test-method is-config="true" signature="refreshPageAfterEachTest()[pri:0, instance:tests.ScribeDashboardTest@463b4ac8]" started-at="2025-07-25T22:00:12 IST" name="refreshPageAfterEachTest" finished-at="2025-07-25T22:00:16 IST" duration-ms="3652" status="PASS">
          <reporter-output>
          </reporter-output>
        </test-method> <!-- refreshPageAfterEachTest -->
        <test-method signature="verifySortByUploadTimeActuallySorts()[pri:8, instance:tests.ScribeDashboardTest@463b4ac8]" started-at="2025-07-25T22:00:16 IST" name="verifySortByUploadTimeActuallySorts" finished-at="2025-07-25T22:00:16 IST" duration-ms="373" status="FAIL">
          <exception class="java.lang.AssertionError">
            <message>
              <![CDATA[Upload Time column is not sorted.: Lists differ at element [0]: 02:38 PM != 04:53 PM expected [02:38 PM] but found [04:53 PM]]]>
            </message>
            <full-stacktrace>
              <![CDATA[java.lang.AssertionError: Upload Time column is not sorted.: Lists differ at element [0]: 02:38 PM != 04:53 PM expected [02:38 PM] but found [04:53 PM]
at org.testng.Assert.fail(Assert.java:111)
at org.testng.Assert.failNotEquals(Assert.java:1590)
at org.testng.Assert.assertEqualsImpl(Assert.java:150)
at org.testng.Assert.assertEquals(Assert.java:1656)
at tests.ScribeDashboardTest.verifySortByUploadTimeActuallySorts(ScribeDashboardTest.java:147)
at java.base/jdk.internal.reflect.DirectMethodHandleAccessor.invoke(DirectMethodHandleAccessor.java:103)
at java.base/java.lang.reflect.Method.invoke(Method.java:580)
at org.testng.internal.invokers.MethodInvocationHelper.invokeMethod(MethodInvocationHelper.java:141)
at org.testng.internal.invokers.TestInvoker.invokeMethod(TestInvoker.java:687)
at org.testng.internal.invokers.TestInvoker.invokeTestMethod(TestInvoker.java:230)
at org.testng.internal.invokers.MethodRunner.runInSequence(MethodRunner.java:63)
at org.testng.internal.invokers.TestInvoker$MethodInvocationAgent.invoke(TestInvoker.java:995)
at org.testng.internal.invokers.TestInvoker.invokeTestMethods(TestInvoker.java:203)
at org.testng.internal.invokers.TestMethodWorker.invokeTestMethods(TestMethodWorker.java:154)
at org.testng.internal.invokers.TestMethodWorker.run(TestMethodWorker.java:134)
at java.base/java.util.ArrayList.forEach(ArrayList.java:1596)
at org.testng.TestRunner.privateRun(TestRunner.java:741)
at org.testng.TestRunner.run(TestRunner.java:616)
at org.testng.SuiteRunner.runTest(SuiteRunner.java:421)
at org.testng.SuiteRunner.runSequentially(SuiteRunner.java:413)
at org.testng.SuiteRunner.privateRun(SuiteRunner.java:373)
at org.testng.SuiteRunner.run(SuiteRunner.java:312)
at org.testng.SuiteRunnerWorker.runSuite(SuiteRunnerWorker.java:52)
at org.testng.SuiteRunnerWorker.run(SuiteRunnerWorker.java:95)
at org.testng.TestNG.runSuitesSequentially(TestNG.java:1274)
at org.testng.TestNG.runSuitesLocally(TestNG.java:1208)
at org.testng.TestNG.runSuites(TestNG.java:1112)
at org.testng.TestNG.run(TestNG.java:1079)
at org.testng.remote.AbstractRemoteTestNG.run(AbstractRemoteTestNG.java:115)
at org.testng.remote.RemoteTestNG.initAndRun(RemoteTestNG.java:293)
at org.testng.remote.RemoteTestNG.main(RemoteTestNG.java:91)
]]>
            </full-stacktrace>
          </exception> <!-- java.lang.AssertionError -->
          <reporter-output>
          </reporter-output>
        </test-method> <!-- verifySortByUploadTimeActuallySorts -->
        <test-method is-config="true" signature="refreshPageAfterEachTest()[pri:0, instance:tests.ScribeDashboardTest@463b4ac8]" started-at="2025-07-25T22:00:16 IST" name="refreshPageAfterEachTest" finished-at="2025-07-25T22:00:20 IST" duration-ms="3570" status="PASS">
          <reporter-output>
          </reporter-output>
        </test-method> <!-- refreshPageAfterEachTest -->
        <test-method signature="verifySortByAudioDurationActuallySorts()[pri:9, instance:tests.ScribeDashboardTest@463b4ac8]" started-at="2025-07-25T22:00:20 IST" name="verifySortByAudioDurationActuallySorts" finished-at="2025-07-25T22:00:20 IST" duration-ms="366" status="PASS">
          <reporter-output>
          </reporter-output>
        </test-method> <!-- verifySortByAudioDurationActuallySorts -->
        <test-method is-config="true" signature="refreshPageAfterEachTest()[pri:0, instance:tests.ScribeDashboardTest@463b4ac8]" started-at="2025-07-25T22:00:20 IST" name="refreshPageAfterEachTest" finished-at="2025-07-25T22:00:24 IST" duration-ms="3649" status="PASS">
          <reporter-output>
          </reporter-output>
        </test-method> <!-- refreshPageAfterEachTest -->
        <test-method signature="verifyFilterByStatusInProgress()[pri:10, instance:tests.ScribeDashboardTest@463b4ac8]" started-at="2025-07-25T22:00:24 IST" name="verifyFilterByStatusInProgress" finished-at="2025-07-25T22:00:30 IST" duration-ms="5825" status="FAIL">
          <exception class="java.lang.AssertionError">
            <message>
              <![CDATA[Neither rows nor 'No data' message appeared after filtering.]]>
            </message>
            <full-stacktrace>
              <![CDATA[java.lang.AssertionError: Neither rows nor 'No data' message appeared after filtering.
at pages.ScribeDashboardPage.filterStatusInProgress(ScribeDashboardPage.java:119)
at tests.ScribeDashboardTest.verifyFilterByStatusInProgress(ScribeDashboardTest.java:163)
at java.base/jdk.internal.reflect.DirectMethodHandleAccessor.invoke(DirectMethodHandleAccessor.java:103)
at java.base/java.lang.reflect.Method.invoke(Method.java:580)
at org.testng.internal.invokers.MethodInvocationHelper.invokeMethod(MethodInvocationHelper.java:141)
at org.testng.internal.invokers.TestInvoker.invokeMethod(TestInvoker.java:687)
at org.testng.internal.invokers.TestInvoker.invokeTestMethod(TestInvoker.java:230)
at org.testng.internal.invokers.MethodRunner.runInSequence(MethodRunner.java:63)
at org.testng.internal.invokers.TestInvoker$MethodInvocationAgent.invoke(TestInvoker.java:995)
at org.testng.internal.invokers.TestInvoker.invokeTestMethods(TestInvoker.java:203)
at org.testng.internal.invokers.TestMethodWorker.invokeTestMethods(TestMethodWorker.java:154)
at org.testng.internal.invokers.TestMethodWorker.run(TestMethodWorker.java:134)
at java.base/java.util.ArrayList.forEach(ArrayList.java:1596)
at org.testng.TestRunner.privateRun(TestRunner.java:741)
at org.testng.TestRunner.run(TestRunner.java:616)
at org.testng.SuiteRunner.runTest(SuiteRunner.java:421)
at org.testng.SuiteRunner.runSequentially(SuiteRunner.java:413)
at org.testng.SuiteRunner.privateRun(SuiteRunner.java:373)
at org.testng.SuiteRunner.run(SuiteRunner.java:312)
at org.testng.SuiteRunnerWorker.runSuite(SuiteRunnerWorker.java:52)
at org.testng.SuiteRunnerWorker.run(SuiteRunnerWorker.java:95)
at org.testng.TestNG.runSuitesSequentially(TestNG.java:1274)
at org.testng.TestNG.runSuitesLocally(TestNG.java:1208)
at org.testng.TestNG.runSuites(TestNG.java:1112)
at org.testng.TestNG.run(TestNG.java:1079)
at org.testng.remote.AbstractRemoteTestNG.run(AbstractRemoteTestNG.java:115)
at org.testng.remote.RemoteTestNG.initAndRun(RemoteTestNG.java:293)
at org.testng.remote.RemoteTestNG.main(RemoteTestNG.java:91)
]]>
            </full-stacktrace>
          </exception> <!-- java.lang.AssertionError -->
          <reporter-output>
          </reporter-output>
        </test-method> <!-- verifyFilterByStatusInProgress -->
        <test-method is-config="true" signature="refreshPageAfterEachTest()[pri:0, instance:tests.ScribeDashboardTest@463b4ac8]" started-at="2025-07-25T22:00:30 IST" name="refreshPageAfterEachTest" finished-at="2025-07-25T22:00:33 IST" duration-ms="3599" status="PASS">
          <reporter-output>
          </reporter-output>
        </test-method> <!-- refreshPageAfterEachTest -->
        <test-method signature="verifyFilterByPriorityMedium()[pri:11, instance:tests.ScribeDashboardTest@463b4ac8]" started-at="2025-07-25T22:00:33 IST" name="verifyFilterByPriorityMedium" finished-at="2025-07-25T22:00:39 IST" duration-ms="5842" status="FAIL">
          <exception class="java.lang.AssertionError">
            <message>
              <![CDATA[Neither rows nor 'No data' message appeared after filtering by Medium priority.]]>
            </message>
            <full-stacktrace>
              <![CDATA[java.lang.AssertionError: Neither rows nor 'No data' message appeared after filtering by Medium priority.
at pages.ScribeDashboardPage.filterPriorityMedium(ScribeDashboardPage.java:158)
at tests.ScribeDashboardTest.verifyFilterByPriorityMedium(ScribeDashboardTest.java:171)
at java.base/jdk.internal.reflect.DirectMethodHandleAccessor.invoke(DirectMethodHandleAccessor.java:103)
at java.base/java.lang.reflect.Method.invoke(Method.java:580)
at org.testng.internal.invokers.MethodInvocationHelper.invokeMethod(MethodInvocationHelper.java:141)
at org.testng.internal.invokers.TestInvoker.invokeMethod(TestInvoker.java:687)
at org.testng.internal.invokers.TestInvoker.invokeTestMethod(TestInvoker.java:230)
at org.testng.internal.invokers.MethodRunner.runInSequence(MethodRunner.java:63)
at org.testng.internal.invokers.TestInvoker$MethodInvocationAgent.invoke(TestInvoker.java:995)
at org.testng.internal.invokers.TestInvoker.invokeTestMethods(TestInvoker.java:203)
at org.testng.internal.invokers.TestMethodWorker.invokeTestMethods(TestMethodWorker.java:154)
at org.testng.internal.invokers.TestMethodWorker.run(TestMethodWorker.java:134)
at java.base/java.util.ArrayList.forEach(ArrayList.java:1596)
at org.testng.TestRunner.privateRun(TestRunner.java:741)
at org.testng.TestRunner.run(TestRunner.java:616)
at org.testng.SuiteRunner.runTest(SuiteRunner.java:421)
at org.testng.SuiteRunner.runSequentially(SuiteRunner.java:413)
at org.testng.SuiteRunner.privateRun(SuiteRunner.java:373)
at org.testng.SuiteRunner.run(SuiteRunner.java:312)
at org.testng.SuiteRunnerWorker.runSuite(SuiteRunnerWorker.java:52)
at org.testng.SuiteRunnerWorker.run(SuiteRunnerWorker.java:95)
at org.testng.TestNG.runSuitesSequentially(TestNG.java:1274)
at org.testng.TestNG.runSuitesLocally(TestNG.java:1208)
at org.testng.TestNG.runSuites(TestNG.java:1112)
at org.testng.TestNG.run(TestNG.java:1079)
at org.testng.remote.AbstractRemoteTestNG.run(AbstractRemoteTestNG.java:115)
at org.testng.remote.RemoteTestNG.initAndRun(RemoteTestNG.java:293)
at org.testng.remote.RemoteTestNG.main(RemoteTestNG.java:91)
]]>
            </full-stacktrace>
          </exception> <!-- java.lang.AssertionError -->
          <reporter-output>
          </reporter-output>
        </test-method> <!-- verifyFilterByPriorityMedium -->
        <test-method is-config="true" signature="refreshPageAfterEachTest()[pri:0, instance:tests.ScribeDashboardTest@463b4ac8]" started-at="2025-07-25T22:00:39 IST" name="refreshPageAfterEachTest" finished-at="2025-07-25T22:00:42 IST" duration-ms="3057" status="PASS">
          <reporter-output>
          </reporter-output>
        </test-method> <!-- refreshPageAfterEachTest -->
        <test-method signature="verifyViewTaskHidesRow()[pri:12, instance:tests.ScribeDashboardTest@463b4ac8]" started-at="2025-07-25T22:00:42 IST" name="verifyViewTaskHidesRow" finished-at="2025-07-25T22:00:43 IST" duration-ms="676" status="PASS">
          <reporter-output>
          </reporter-output>
        </test-method> <!-- verifyViewTaskHidesRow -->
        <test-method is-config="true" signature="refreshPageAfterEachTest()[pri:0, instance:tests.ScribeDashboardTest@463b4ac8]" started-at="2025-07-25T22:00:43 IST" name="refreshPageAfterEachTest" finished-at="2025-07-25T22:00:47 IST" duration-ms="4096" status="PASS">
          <reporter-output>
          </reporter-output>
        </test-method> <!-- refreshPageAfterEachTest -->
        <test-method is-config="true" signature="tearDown()[pri:0, instance:tests.ScribeDashboardTest@463b4ac8]" started-at="2025-07-25T22:00:47 IST" name="tearDown" finished-at="2025-07-25T22:00:47 IST" duration-ms="532" status="PASS">
          <reporter-output>
          </reporter-output>
        </test-method> <!-- tearDown -->
      </class> <!-- tests.ScribeDashboardTest -->
      <class name="tests.LoginTests">
        <test-method is-config="true" signature="setupClass()[pri:0, instance:tests.LoginTests@1951b871]" started-at="2025-07-25T21:56:11 IST" name="setupClass" finished-at="2025-07-25T21:56:11 IST" duration-ms="340" status="PASS">
          <reporter-output>
          </reporter-output>
        </test-method> <!-- setupClass -->
        <test-method is-config="true" signature="setup()[pri:0, instance:tests.LoginTests@1951b871]" started-at="2025-07-25T21:56:12 IST" name="setup" finished-at="2025-07-25T21:56:16 IST" duration-ms="4024" status="PASS">
          <reporter-output>
          </reporter-output>
        </test-method> <!-- setup -->
        <test-method signature="loginTest(java.lang.String,java.lang.String,java.lang.String,java.lang.String)[pri:1, instance:tests.LoginTests@1951b871]" started-at="2025-07-25T21:56:16 IST" name="loginTest" description="TC01-TC24 - Login test for various valid/invalid credentials" data-provider="loginData" finished-at="2025-07-25T21:56:19 IST" duration-ms="3036" status="PASS">
          <params>
            <param index="0">
              <value>
                <![CDATA[TC01]]>
              </value>
            </param>
            <param index="1">
              <value>
                <![CDATA[testprovider@gmail.com]]>
              </value>
            </param>
            <param index="2">
              <value>
                <![CDATA[12345678]]>
              </value>
            </param>
            <param index="3">
              <value>
                <![CDATA[success_doctor]]>
              </value>
            </param>
          </params>
          <reporter-output>
          </reporter-output>
        </test-method> <!-- loginTest -->
        <test-method is-config="true" signature="tearDown()[pri:0, instance:tests.LoginTests@1951b871]" started-at="2025-07-25T21:56:19 IST" name="tearDown" finished-at="2025-07-25T21:56:19 IST" duration-ms="182" status="PASS">
          <reporter-output>
          </reporter-output>
        </test-method> <!-- tearDown -->
        <test-method is-config="true" signature="setup()[pri:0, instance:tests.LoginTests@1951b871]" started-at="2025-07-25T21:56:19 IST" name="setup" finished-at="2025-07-25T21:56:22 IST" duration-ms="3227" status="PASS">
          <reporter-output>
          </reporter-output>
        </test-method> <!-- setup -->
        <test-method signature="loginTest(java.lang.String,java.lang.String,java.lang.String,java.lang.String)[pri:1, instance:tests.LoginTests@1951b871]" started-at="2025-07-25T21:56:22 IST" name="loginTest" description="TC01-TC24 - Login test for various valid/invalid credentials" data-provider="loginData" finished-at="2025-07-25T21:56:24 IST" duration-ms="1568" status="PASS">
          <params>
            <param index="0">
              <value>
                <![CDATA[TC02]]>
              </value>
            </param>
            <param index="1">
              <value>
                <![CDATA[wrongemail@example.com]]>
              </value>
            </param>
            <param index="2">
              <value>
                <![CDATA[DocPass123]]>
              </value>
            </param>
            <param index="3">
              <value>
                <![CDATA[error]]>
              </value>
            </param>
          </params>
          <reporter-output>
          </reporter-output>
        </test-method> <!-- loginTest -->
        <test-method is-config="true" signature="tearDown()[pri:0, instance:tests.LoginTests@1951b871]" started-at="2025-07-25T21:56:24 IST" name="tearDown" finished-at="2025-07-25T21:56:24 IST" duration-ms="147" status="PASS">
          <reporter-output>
          </reporter-output>
        </test-method> <!-- tearDown -->
        <test-method is-config="true" signature="setup()[pri:0, instance:tests.LoginTests@1951b871]" started-at="2025-07-25T21:56:24 IST" name="setup" finished-at="2025-07-25T21:56:28 IST" duration-ms="3543" status="PASS">
          <reporter-output>
          </reporter-output>
        </test-method> <!-- setup -->
        <test-method signature="loginTest(java.lang.String,java.lang.String,java.lang.String,java.lang.String)[pri:1, instance:tests.LoginTests@1951b871]" started-at="2025-07-25T21:56:28 IST" name="loginTest" description="TC01-TC24 - Login test for various valid/invalid credentials" data-provider="loginData" finished-at="2025-07-25T21:56:29 IST" duration-ms="1627" status="PASS">
          <params>
            <param index="0">
              <value>
                <![CDATA[TC03]]>
              </value>
            </param>
            <param index="1">
              <value>
                <![CDATA[doctor@example.com]]>
              </value>
            </param>
            <param index="2">
              <value>
                <![CDATA[wrongpass]]>
              </value>
            </param>
            <param index="3">
              <value>
                <![CDATA[error]]>
              </value>
            </param>
          </params>
          <reporter-output>
          </reporter-output>
        </test-method> <!-- loginTest -->
        <test-method is-config="true" signature="tearDown()[pri:0, instance:tests.LoginTests@1951b871]" started-at="2025-07-25T21:56:29 IST" name="tearDown" finished-at="2025-07-25T21:56:29 IST" duration-ms="166" status="PASS">
          <reporter-output>
          </reporter-output>
        </test-method> <!-- tearDown -->
        <test-method is-config="true" signature="setup()[pri:0, instance:tests.LoginTests@1951b871]" started-at="2025-07-25T21:56:29 IST" name="setup" finished-at="2025-07-25T21:56:33 IST" duration-ms="3341" status="PASS">
          <reporter-output>
          </reporter-output>
        </test-method> <!-- setup -->
        <test-method signature="loginTest(java.lang.String,java.lang.String,java.lang.String,java.lang.String)[pri:1, instance:tests.LoginTests@1951b871]" started-at="2025-07-25T21:56:33 IST" name="loginTest" description="TC01-TC24 - Login test for various valid/invalid credentials" data-provider="loginData" finished-at="2025-07-25T21:56:34 IST" duration-ms="1591" status="PASS">
          <params>
            <param index="0">
              <value>
                <![CDATA[TC04]]>
              </value>
            </param>
            <param index="1">
              <value>
                <![CDATA[]]>
              </value>
            </param>
            <param index="2">
              <value>
                <![CDATA[DocPass123]]>
              </value>
            </param>
            <param index="3">
              <value>
                <![CDATA[error]]>
              </value>
            </param>
          </params>
          <reporter-output>
          </reporter-output>
        </test-method> <!-- loginTest -->
        <test-method is-config="true" signature="tearDown()[pri:0, instance:tests.LoginTests@1951b871]" started-at="2025-07-25T21:56:34 IST" name="tearDown" finished-at="2025-07-25T21:56:35 IST" duration-ms="138" status="PASS">
          <reporter-output>
          </reporter-output>
        </test-method> <!-- tearDown -->
        <test-method is-config="true" signature="setup()[pri:0, instance:tests.LoginTests@1951b871]" started-at="2025-07-25T21:56:35 IST" name="setup" finished-at="2025-07-25T21:56:38 IST" duration-ms="3430" status="PASS">
          <reporter-output>
          </reporter-output>
        </test-method> <!-- setup -->
        <test-method signature="loginTest(java.lang.String,java.lang.String,java.lang.String,java.lang.String)[pri:1, instance:tests.LoginTests@1951b871]" started-at="2025-07-25T21:56:38 IST" name="loginTest" description="TC01-TC24 - Login test for various valid/invalid credentials" data-provider="loginData" finished-at="2025-07-25T21:56:40 IST" duration-ms="1594" status="PASS">
          <params>
            <param index="0">
              <value>
                <![CDATA[TC05]]>
              </value>
            </param>
            <param index="1">
              <value>
                <![CDATA[doctor@example.com]]>
              </value>
            </param>
            <param index="2">
              <value>
                <![CDATA[]]>
              </value>
            </param>
            <param index="3">
              <value>
                <![CDATA[error]]>
              </value>
            </param>
          </params>
          <reporter-output>
          </reporter-output>
        </test-method> <!-- loginTest -->
        <test-method is-config="true" signature="tearDown()[pri:0, instance:tests.LoginTests@1951b871]" started-at="2025-07-25T21:56:40 IST" name="tearDown" finished-at="2025-07-25T21:56:40 IST" duration-ms="158" status="PASS">
          <reporter-output>
          </reporter-output>
        </test-method> <!-- tearDown -->
        <test-method is-config="true" signature="setup()[pri:0, instance:tests.LoginTests@1951b871]" started-at="2025-07-25T21:56:40 IST" name="setup" finished-at="2025-07-25T21:56:43 IST" duration-ms="3497" status="PASS">
          <reporter-output>
          </reporter-output>
        </test-method> <!-- setup -->
        <test-method signature="loginTest(java.lang.String,java.lang.String,java.lang.String,java.lang.String)[pri:1, instance:tests.LoginTests@1951b871]" started-at="2025-07-25T21:56:43 IST" name="loginTest" description="TC01-TC24 - Login test for various valid/invalid credentials" data-provider="loginData" finished-at="2025-07-25T21:56:45 IST" duration-ms="1555" status="PASS">
          <params>
            <param index="0">
              <value>
                <![CDATA[TC06]]>
              </value>
            </param>
            <param index="1">
              <value>
                <![CDATA[]]>
              </value>
            </param>
            <param index="2">
              <value>
                <![CDATA[]]>
              </value>
            </param>
            <param index="3">
              <value>
                <![CDATA[error]]>
              </value>
            </param>
          </params>
          <reporter-output>
          </reporter-output>
        </test-method> <!-- loginTest -->
        <test-method is-config="true" signature="tearDown()[pri:0, instance:tests.LoginTests@1951b871]" started-at="2025-07-25T21:56:45 IST" name="tearDown" finished-at="2025-07-25T21:56:45 IST" duration-ms="143" status="PASS">
          <reporter-output>
          </reporter-output>
        </test-method> <!-- tearDown -->
        <test-method is-config="true" signature="setup()[pri:0, instance:tests.LoginTests@1951b871]" started-at="2025-07-25T21:56:45 IST" name="setup" finished-at="2025-07-25T21:56:48 IST" duration-ms="3459" status="PASS">
          <reporter-output>
          </reporter-output>
        </test-method> <!-- setup -->
        <test-method signature="loginTest(java.lang.String,java.lang.String,java.lang.String,java.lang.String)[pri:1, instance:tests.LoginTests@1951b871]" started-at="2025-07-25T21:56:48 IST" name="loginTest" description="TC01-TC24 - Login test for various valid/invalid credentials" data-provider="loginData" finished-at="2025-07-25T21:56:50 IST" duration-ms="1640" status="PASS">
          <params>
            <param index="0">
              <value>
                <![CDATA[TC07]]>
              </value>
            </param>
            <param index="1">
              <value>
                <![CDATA[doctor@@example]]>
              </value>
            </param>
            <param index="2">
              <value>
                <![CDATA[DocPass123]]>
              </value>
            </param>
            <param index="3">
              <value>
                <![CDATA[error]]>
              </value>
            </param>
          </params>
          <reporter-output>
          </reporter-output>
        </test-method> <!-- loginTest -->
        <test-method is-config="true" signature="tearDown()[pri:0, instance:tests.LoginTests@1951b871]" started-at="2025-07-25T21:56:50 IST" name="tearDown" finished-at="2025-07-25T21:56:50 IST" duration-ms="146" status="PASS">
          <reporter-output>
          </reporter-output>
        </test-method> <!-- tearDown -->
        <test-method is-config="true" signature="setup()[pri:0, instance:tests.LoginTests@1951b871]" started-at="2025-07-25T21:56:50 IST" name="setup" finished-at="2025-07-25T21:56:54 IST" duration-ms="3417" status="PASS">
          <reporter-output>
          </reporter-output>
        </test-method> <!-- setup -->
        <test-method signature="loginTest(java.lang.String,java.lang.String,java.lang.String,java.lang.String)[pri:1, instance:tests.LoginTests@1951b871]" started-at="2025-07-25T21:56:54 IST" name="loginTest" description="TC01-TC24 - Login test for various valid/invalid credentials" data-provider="loginData" finished-at="2025-07-25T21:56:55 IST" duration-ms="1657" status="PASS">
          <params>
            <param index="0">
              <value>
                <![CDATA[TC10]]>
              </value>
            </param>
            <param index="1">
              <value>
                <![CDATA[special@!#$.com]]>
              </value>
            </param>
            <param index="2">
              <value>
                <![CDATA[special123]]>
              </value>
            </param>
            <param index="3">
              <value>
                <![CDATA[error]]>
              </value>
            </param>
          </params>
          <reporter-output>
          </reporter-output>
        </test-method> <!-- loginTest -->
        <test-method is-config="true" signature="tearDown()[pri:0, instance:tests.LoginTests@1951b871]" started-at="2025-07-25T21:56:55 IST" name="tearDown" finished-at="2025-07-25T21:56:55 IST" duration-ms="143" status="PASS">
          <reporter-output>
          </reporter-output>
        </test-method> <!-- tearDown -->
        <test-method is-config="true" signature="setup()[pri:0, instance:tests.LoginTests@1951b871]" started-at="2025-07-25T21:56:55 IST" name="setup" finished-at="2025-07-25T21:56:59 IST" duration-ms="3233" status="PASS">
          <reporter-output>
          </reporter-output>
        </test-method> <!-- setup -->
        <test-method signature="loginTest(java.lang.String,java.lang.String,java.lang.String,java.lang.String)[pri:1, instance:tests.LoginTests@1951b871]" started-at="2025-07-25T21:56:59 IST" name="loginTest" description="TC01-TC24 - Login test for various valid/invalid credentials" data-provider="loginData" finished-at="2025-07-25T21:57:00 IST" duration-ms="1471" status="PASS">
          <params>
            <param index="0">
              <value>
                <![CDATA[TC11]]>
              </value>
            </param>
            <param index="1">
              <value>
                <![CDATA[verylongemail@exampletoolonglonglongdomain.com]]>
              </value>
            </param>
            <param index="2">
              <value>
                <![CDATA[DocPass123]]>
              </value>
            </param>
            <param index="3">
              <value>
                <![CDATA[error]]>
              </value>
            </param>
          </params>
          <reporter-output>
          </reporter-output>
        </test-method> <!-- loginTest -->
        <test-method is-config="true" signature="tearDown()[pri:0, instance:tests.LoginTests@1951b871]" started-at="2025-07-25T21:57:00 IST" name="tearDown" finished-at="2025-07-25T21:57:00 IST" duration-ms="144" status="PASS">
          <reporter-output>
          </reporter-output>
        </test-method> <!-- tearDown -->
        <test-method is-config="true" signature="setup()[pri:0, instance:tests.LoginTests@1951b871]" started-at="2025-07-25T21:57:00 IST" name="setup" finished-at="2025-07-25T21:57:04 IST" duration-ms="3588" status="PASS">
          <reporter-output>
          </reporter-output>
        </test-method> <!-- setup -->
        <test-method signature="loginTest(java.lang.String,java.lang.String,java.lang.String,java.lang.String)[pri:1, instance:tests.LoginTests@1951b871]" started-at="2025-07-25T21:57:04 IST" name="loginTest" description="TC01-TC24 - Login test for various valid/invalid credentials" data-provider="loginData" finished-at="2025-07-25T21:57:05 IST" duration-ms="1590" status="PASS">
          <params>
            <param index="0">
              <value>
                <![CDATA[TC12]]>
              </value>
            </param>
            <param index="1">
              <value>
                <![CDATA[doctor@example.com]]>
              </value>
            </param>
            <param index="2">
              <value>
                <![CDATA[passwordWithVeryLongText1234567890!@#]]>
              </value>
            </param>
            <param index="3">
              <value>
                <![CDATA[error]]>
              </value>
            </param>
          </params>
          <reporter-output>
          </reporter-output>
        </test-method> <!-- loginTest -->
        <test-method is-config="true" signature="tearDown()[pri:0, instance:tests.LoginTests@1951b871]" started-at="2025-07-25T21:57:05 IST" name="tearDown" finished-at="2025-07-25T21:57:06 IST" duration-ms="145" status="PASS">
          <reporter-output>
          </reporter-output>
        </test-method> <!-- tearDown -->
        <test-method is-config="true" signature="setup()[pri:0, instance:tests.LoginTests@1951b871]" started-at="2025-07-25T21:57:06 IST" name="setup" finished-at="2025-07-25T21:57:09 IST" duration-ms="3199" status="PASS">
          <reporter-output>
          </reporter-output>
        </test-method> <!-- setup -->
        <test-method signature="loginTest(java.lang.String,java.lang.String,java.lang.String,java.lang.String)[pri:1, instance:tests.LoginTests@1951b871]" started-at="2025-07-25T21:57:09 IST" name="loginTest" description="TC01-TC24 - Login test for various valid/invalid credentials" data-provider="loginData" finished-at="2025-07-25T21:57:16 IST" duration-ms="7677" status="PASS">
          <params>
            <param index="0">
              <value>
                <![CDATA[TC15]]>
              </value>
            </param>
            <param index="1">
              <value>
                <![CDATA[testprovider@gmail.com]]>
              </value>
            </param>
            <param index="2">
              <value>
                <![CDATA[12345678]]>
              </value>
            </param>
            <param index="3">
              <value>
                <![CDATA[success_doctor]]>
              </value>
            </param>
          </params>
          <reporter-output>
          </reporter-output>
        </test-method> <!-- loginTest -->
        <test-method is-config="true" signature="tearDown()[pri:0, instance:tests.LoginTests@1951b871]" started-at="2025-07-25T21:57:16 IST" name="tearDown" finished-at="2025-07-25T21:57:17 IST" duration-ms="155" status="PASS">
          <reporter-output>
          </reporter-output>
        </test-method> <!-- tearDown -->
        <test-method is-config="true" signature="setup()[pri:0, instance:tests.LoginTests@1951b871]" started-at="2025-07-25T21:57:17 IST" name="setup" finished-at="2025-07-25T21:57:20 IST" duration-ms="3255" status="PASS">
          <reporter-output>
          </reporter-output>
        </test-method> <!-- setup -->
        <test-method signature="loginTest(java.lang.String,java.lang.String,java.lang.String,java.lang.String)[pri:1, instance:tests.LoginTests@1951b871]" started-at="2025-07-25T21:57:20 IST" name="loginTest" description="TC01-TC24 - Login test for various valid/invalid credentials" data-provider="loginData" finished-at="2025-07-25T21:57:22 IST" duration-ms="2249" status="PASS">
          <params>
            <param index="0">
              <value>
                <![CDATA[TC19]]>
              </value>
            </param>
            <param index="1">
              <value>
                <![CDATA[Testprovider@gmail.com]]>
              </value>
            </param>
            <param index="2">
              <value>
                <![CDATA[12345678]]>
              </value>
            </param>
            <param index="3">
              <value>
                <![CDATA[success_doctor]]>
              </value>
            </param>
          </params>
          <reporter-output>
          </reporter-output>
        </test-method> <!-- loginTest -->
        <test-method is-config="true" signature="tearDown()[pri:0, instance:tests.LoginTests@1951b871]" started-at="2025-07-25T21:57:22 IST" name="tearDown" finished-at="2025-07-25T21:57:22 IST" duration-ms="142" status="PASS">
          <reporter-output>
          </reporter-output>
        </test-method> <!-- tearDown -->
        <test-method is-config="true" signature="setup()[pri:0, instance:tests.LoginTests@1951b871]" started-at="2025-07-25T21:57:22 IST" name="setup" finished-at="2025-07-25T21:57:26 IST" duration-ms="3266" status="PASS">
          <reporter-output>
          </reporter-output>
        </test-method> <!-- setup -->
        <test-method signature="loginTest(java.lang.String,java.lang.String,java.lang.String,java.lang.String)[pri:1, instance:tests.LoginTests@1951b871]" started-at="2025-07-25T21:57:26 IST" name="loginTest" description="TC01-TC24 - Login test for various valid/invalid credentials" data-provider="loginData" finished-at="2025-07-25T21:57:27 IST" duration-ms="1653" status="PASS">
          <params>
            <param index="0">
              <value>
                <![CDATA[TC20]]>
              </value>
            </param>
            <param index="1">
              <value>
                <![CDATA[doctor@example.com]]>
              </value>
            </param>
            <param index="2">
              <value>
                <![CDATA[DOCPASS123]]>
              </value>
            </param>
            <param index="3">
              <value>
                <![CDATA[error]]>
              </value>
            </param>
          </params>
          <reporter-output>
          </reporter-output>
        </test-method> <!-- loginTest -->
        <test-method is-config="true" signature="tearDown()[pri:0, instance:tests.LoginTests@1951b871]" started-at="2025-07-25T21:57:27 IST" name="tearDown" finished-at="2025-07-25T21:57:27 IST" duration-ms="149" status="PASS">
          <reporter-output>
          </reporter-output>
        </test-method> <!-- tearDown -->
        <test-method is-config="true" signature="setup()[pri:0, instance:tests.LoginTests@1951b871]" started-at="2025-07-25T21:57:27 IST" name="setup" finished-at="2025-07-25T21:57:31 IST" duration-ms="3256" status="PASS">
          <reporter-output>
          </reporter-output>
        </test-method> <!-- setup -->
        <test-method signature="loginTest(java.lang.String,java.lang.String,java.lang.String,java.lang.String)[pri:1, instance:tests.LoginTests@1951b871]" started-at="2025-07-25T21:57:31 IST" name="loginTest" description="TC01-TC24 - Login test for various valid/invalid credentials" data-provider="loginData" finished-at="2025-07-25T21:57:38 IST" duration-ms="7219" status="PASS">
          <params>
            <param index="0">
              <value>
                <![CDATA[TC23]]>
              </value>
            </param>
            <param index="1">
              <value>
                <![CDATA[testprovider@gmail.com]]>
              </value>
            </param>
            <param index="2">
              <value>
                <![CDATA[12345678]]>
              </value>
            </param>
            <param index="3">
              <value>
                <![CDATA[success_doctor]]>
              </value>
            </param>
          </params>
          <reporter-output>
          </reporter-output>
        </test-method> <!-- loginTest -->
        <test-method is-config="true" signature="tearDown()[pri:0, instance:tests.LoginTests@1951b871]" started-at="2025-07-25T21:57:38 IST" name="tearDown" finished-at="2025-07-25T21:57:38 IST" duration-ms="197" status="PASS">
          <reporter-output>
          </reporter-output>
        </test-method> <!-- tearDown -->
        <test-method is-config="true" signature="setup()[pri:0, instance:tests.LoginTests@1951b871]" started-at="2025-07-25T21:57:38 IST" name="setup" finished-at="2025-07-25T21:57:42 IST" duration-ms="3783" status="PASS">
          <reporter-output>
          </reporter-output>
        </test-method> <!-- setup -->
        <test-method signature="loginTest(java.lang.String,java.lang.String,java.lang.String,java.lang.String)[pri:1, instance:tests.LoginTests@1951b871]" started-at="2025-07-25T21:57:42 IST" name="loginTest" description="TC01-TC24 - Login test for various valid/invalid credentials" data-provider="loginData" finished-at="2025-07-25T21:57:44 IST" duration-ms="1982" status="PASS">
          <params>
            <param index="0">
              <value>
                <![CDATA[TC24]]>
              </value>
            </param>
            <param index="1">
              <value>
                <![CDATA[testscribe@gmail.com]]>
              </value>
            </param>
            <param index="2">
              <value>
                <![CDATA[12345678]]>
              </value>
            </param>
            <param index="3">
              <value>
                <![CDATA[success_scribe]]>
              </value>
            </param>
          </params>
          <reporter-output>
          </reporter-output>
        </test-method> <!-- loginTest -->
        <test-method is-config="true" signature="tearDown()[pri:0, instance:tests.LoginTests@1951b871]" started-at="2025-07-25T21:57:44 IST" name="tearDown" finished-at="2025-07-25T21:57:44 IST" duration-ms="143" status="PASS">
          <reporter-output>
          </reporter-output>
        </test-method> <!-- tearDown -->
        <test-method is-config="true" signature="setup()[pri:0, instance:tests.LoginTests@1951b871]" started-at="2025-07-25T21:57:44 IST" name="setup" finished-at="2025-07-25T21:57:47 IST" duration-ms="3513" status="PASS">
          <reporter-output>
          </reporter-output>
        </test-method> <!-- setup -->
        <test-method signature="forgotPasswordTest_TC09()[pri:2, instance:tests.LoginTests@1951b871]" started-at="2025-07-25T21:57:47 IST" name="forgotPasswordTest_TC09" description="TC09 - Verify &#039;Forgot Password&#039; triggers email alert" finished-at="2025-07-25T21:57:49 IST" duration-ms="1568" status="PASS">
          <reporter-output>
          </reporter-output>
        </test-method> <!-- forgotPasswordTest_TC09 -->
        <test-method is-config="true" signature="tearDown()[pri:0, instance:tests.LoginTests@1951b871]" started-at="2025-07-25T21:57:49 IST" name="tearDown" finished-at="2025-07-25T21:57:49 IST" duration-ms="160" status="PASS">
          <reporter-output>
          </reporter-output>
        </test-method> <!-- tearDown -->
        <test-method is-config="true" signature="setup()[pri:0, instance:tests.LoginTests@1951b871]" started-at="2025-07-25T21:57:49 IST" name="setup" finished-at="2025-07-25T21:57:52 IST" duration-ms="3318" status="PASS">
          <reporter-output>
          </reporter-output>
        </test-method> <!-- setup -->
        <test-method signature="epicLoginRedirectTest()[pri:3, instance:tests.LoginTests@1951b871]" started-at="2025-07-25T21:57:52 IST" name="epicLoginRedirectTest" description="TC25 - Verify Epic Login Redirect" finished-at="2025-07-25T21:58:11 IST" duration-ms="18382" status="PASS">
          <reporter-output>
          </reporter-output>
        </test-method> <!-- epicLoginRedirectTest -->
        <test-method is-config="true" signature="tearDown()[pri:0, instance:tests.LoginTests@1951b871]" started-at="2025-07-25T21:58:11 IST" name="tearDown" finished-at="2025-07-25T21:58:11 IST" duration-ms="231" status="PASS">
          <reporter-output>
          </reporter-output>
        </test-method> <!-- tearDown -->
      </class> <!-- tests.LoginTests -->
      <class name="tests.DoctorDashboardTest">
        <test-method is-config="true" signature="setup()[pri:0, instance:tests.DoctorDashboardTest@18cebaa5]" started-at="2025-07-25T21:58:11 IST" name="setup" finished-at="2025-07-25T21:58:16 IST" duration-ms="4875" status="PASS">
          <reporter-output>
          </reporter-output>
        </test-method> <!-- setup -->
        <test-method signature="verifyLanguageToggle()[pri:1, instance:tests.DoctorDashboardTest@18cebaa5]" started-at="2025-07-25T21:58:16 IST" name="verifyLanguageToggle" finished-at="2025-07-25T21:58:18 IST" duration-ms="2434" status="PASS">
          <reporter-output>
          </reporter-output>
        </test-method> <!-- verifyLanguageToggle -->
        <test-method is-config="true" signature="refreshPageAfterEachTest()[pri:0, instance:tests.DoctorDashboardTest@18cebaa5]" started-at="2025-07-25T21:58:18 IST" name="refreshPageAfterEachTest" finished-at="2025-07-25T21:58:20 IST" duration-ms="1622" status="PASS">
          <reporter-output>
          </reporter-output>
        </test-method> <!-- refreshPageAfterEachTest -->
        <test-method signature="verifyDarkLightSystemModeSwitch()[pri:2, instance:tests.DoctorDashboardTest@18cebaa5]" started-at="2025-07-25T21:58:20 IST" name="verifyDarkLightSystemModeSwitch" finished-at="2025-07-25T21:58:23 IST" duration-ms="2790" status="PASS">
          <reporter-output>
          </reporter-output>
        </test-method> <!-- verifyDarkLightSystemModeSwitch -->
        <test-method is-config="true" signature="refreshPageAfterEachTest()[pri:0, instance:tests.DoctorDashboardTest@18cebaa5]" started-at="2025-07-25T21:58:23 IST" name="refreshPageAfterEachTest" finished-at="2025-07-25T21:58:24 IST" duration-ms="953" status="PASS">
          <reporter-output>
          </reporter-output>
        </test-method> <!-- refreshPageAfterEachTest -->
        <test-method signature="verifyFilterByTaskId()[pri:3, instance:tests.DoctorDashboardTest@18cebaa5]" started-at="2025-07-25T21:58:24 IST" name="verifyFilterByTaskId" finished-at="2025-07-25T21:58:37 IST" duration-ms="13012" status="FAIL">
          <exception class="java.lang.AssertionError">
            <message>
              <![CDATA[Filtered task not present expected [true] but found [false]]]>
            </message>
            <full-stacktrace>
              <![CDATA[java.lang.AssertionError: Filtered task not present expected [true] but found [false]
at org.testng.Assert.fail(Assert.java:111)
at org.testng.Assert.failNotEquals(Assert.java:1590)
at org.testng.Assert.assertTrue(Assert.java:57)
at tests.DoctorDashboardTest.verifyFilterByTaskId(DoctorDashboardTest.java:97)
at java.base/jdk.internal.reflect.DirectMethodHandleAccessor.invoke(DirectMethodHandleAccessor.java:103)
at java.base/java.lang.reflect.Method.invoke(Method.java:580)
at org.testng.internal.invokers.MethodInvocationHelper.invokeMethod(MethodInvocationHelper.java:141)
at org.testng.internal.invokers.TestInvoker.invokeMethod(TestInvoker.java:687)
at org.testng.internal.invokers.TestInvoker.invokeTestMethod(TestInvoker.java:230)
at org.testng.internal.invokers.MethodRunner.runInSequence(MethodRunner.java:63)
at org.testng.internal.invokers.TestInvoker$MethodInvocationAgent.invoke(TestInvoker.java:995)
at org.testng.internal.invokers.TestInvoker.invokeTestMethods(TestInvoker.java:203)
at org.testng.internal.invokers.TestMethodWorker.invokeTestMethods(TestMethodWorker.java:154)
at org.testng.internal.invokers.TestMethodWorker.run(TestMethodWorker.java:134)
at java.base/java.util.ArrayList.forEach(ArrayList.java:1596)
at org.testng.TestRunner.privateRun(TestRunner.java:741)
at org.testng.TestRunner.run(TestRunner.java:616)
at org.testng.SuiteRunner.runTest(SuiteRunner.java:421)
at org.testng.SuiteRunner.runSequentially(SuiteRunner.java:413)
at org.testng.SuiteRunner.privateRun(SuiteRunner.java:373)
at org.testng.SuiteRunner.run(SuiteRunner.java:312)
at org.testng.SuiteRunnerWorker.runSuite(SuiteRunnerWorker.java:52)
at org.testng.SuiteRunnerWorker.run(SuiteRunnerWorker.java:95)
at org.testng.TestNG.runSuitesSequentially(TestNG.java:1274)
at org.testng.TestNG.runSuitesLocally(TestNG.java:1208)
at org.testng.TestNG.runSuites(TestNG.java:1112)
at org.testng.TestNG.run(TestNG.java:1079)
at org.testng.remote.AbstractRemoteTestNG.run(AbstractRemoteTestNG.java:115)
at org.testng.remote.RemoteTestNG.initAndRun(RemoteTestNG.java:293)
at org.testng.remote.RemoteTestNG.main(RemoteTestNG.java:91)
]]>
            </full-stacktrace>
          </exception> <!-- java.lang.AssertionError -->
          <reporter-output>
          </reporter-output>
        </test-method> <!-- verifyFilterByTaskId -->
        <test-method is-config="true" signature="refreshPageAfterEachTest()[pri:0, instance:tests.DoctorDashboardTest@18cebaa5]" started-at="2025-07-25T21:58:37 IST" name="refreshPageAfterEachTest" finished-at="2025-07-25T21:58:38 IST" duration-ms="956" status="PASS">
          <reporter-output>
          </reporter-output>
        </test-method> <!-- refreshPageAfterEachTest -->
        <test-method signature="verifySortByTaskIdActuallySorts()[pri:4, instance:tests.DoctorDashboardTest@18cebaa5]" started-at="2025-07-25T21:58:38 IST" name="verifySortByTaskIdActuallySorts" finished-at="2025-07-25T21:58:41 IST" duration-ms="3124" status="PASS">
          <reporter-output>
          </reporter-output>
        </test-method> <!-- verifySortByTaskIdActuallySorts -->
        <test-method is-config="true" signature="refreshPageAfterEachTest()[pri:0, instance:tests.DoctorDashboardTest@18cebaa5]" started-at="2025-07-25T21:58:41 IST" name="refreshPageAfterEachTest" finished-at="2025-07-25T21:58:42 IST" duration-ms="1018" status="PASS">
          <reporter-output>
          </reporter-output>
        </test-method> <!-- refreshPageAfterEachTest -->
        <test-method signature="verifySortByPatientInitialsActuallySorts()[pri:5, instance:tests.DoctorDashboardTest@18cebaa5]" started-at="2025-07-25T21:58:42 IST" name="verifySortByPatientInitialsActuallySorts" finished-at="2025-07-25T21:58:45 IST" duration-ms="3008" status="PASS">
          <reporter-output>
          </reporter-output>
        </test-method> <!-- verifySortByPatientInitialsActuallySorts -->
        <test-method is-config="true" signature="refreshPageAfterEachTest()[pri:0, instance:tests.DoctorDashboardTest@18cebaa5]" started-at="2025-07-25T21:58:45 IST" name="refreshPageAfterEachTest" finished-at="2025-07-25T21:58:46 IST" duration-ms="974" status="PASS">
          <reporter-output>
          </reporter-output>
        </test-method> <!-- refreshPageAfterEachTest -->
        <test-method signature="verifySortByStatusActuallySorts()[pri:6, instance:tests.DoctorDashboardTest@18cebaa5]" started-at="2025-07-25T21:58:46 IST" name="verifySortByStatusActuallySorts" finished-at="2025-07-25T21:58:48 IST" duration-ms="2590" status="PASS">
          <reporter-output>
          </reporter-output>
        </test-method> <!-- verifySortByStatusActuallySorts -->
        <test-method is-config="true" signature="refreshPageAfterEachTest()[pri:0, instance:tests.DoctorDashboardTest@18cebaa5]" started-at="2025-07-25T21:58:48 IST" name="refreshPageAfterEachTest" finished-at="2025-07-25T21:58:50 IST" duration-ms="1042" status="PASS">
          <reporter-output>
          </reporter-output>
        </test-method> <!-- refreshPageAfterEachTest -->
        <test-method signature="verifySortByPriorityActuallySorts()[pri:7, instance:tests.DoctorDashboardTest@18cebaa5]" started-at="2025-07-25T21:58:50 IST" name="verifySortByPriorityActuallySorts" finished-at="2025-07-25T21:58:52 IST" duration-ms="2599" status="PASS">
          <reporter-output>
          </reporter-output>
        </test-method> <!-- verifySortByPriorityActuallySorts -->
        <test-method is-config="true" signature="refreshPageAfterEachTest()[pri:0, instance:tests.DoctorDashboardTest@18cebaa5]" started-at="2025-07-25T21:58:52 IST" name="refreshPageAfterEachTest" finished-at="2025-07-25T21:58:53 IST" duration-ms="1014" status="PASS">
          <reporter-output>
          </reporter-output>
        </test-method> <!-- refreshPageAfterEachTest -->
        <test-method signature="verifySortByUploadDateActuallySorts()[pri:8, instance:tests.DoctorDashboardTest@18cebaa5]" started-at="2025-07-25T21:58:53 IST" name="verifySortByUploadDateActuallySorts" finished-at="2025-07-25T21:58:56 IST" duration-ms="2639" status="PASS">
          <reporter-output>
          </reporter-output>
        </test-method> <!-- verifySortByUploadDateActuallySorts -->
        <test-method is-config="true" signature="refreshPageAfterEachTest()[pri:0, instance:tests.DoctorDashboardTest@18cebaa5]" started-at="2025-07-25T21:58:56 IST" name="refreshPageAfterEachTest" finished-at="2025-07-25T21:58:57 IST" duration-ms="1032" status="PASS">
          <reporter-output>
          </reporter-output>
        </test-method> <!-- refreshPageAfterEachTest -->
        <test-method signature="verifySortByUploadTimeActuallySorts()[pri:9, instance:tests.DoctorDashboardTest@18cebaa5]" started-at="2025-07-25T21:58:57 IST" name="verifySortByUploadTimeActuallySorts" finished-at="2025-07-25T21:58:59 IST" duration-ms="2552" status="FAIL">
          <exception class="java.lang.AssertionError">
            <message>
              <![CDATA[Upload Time column is not sorted.: Lists differ at element [0]: 02:38 PM != 04:53 PM expected [02:38 PM] but found [04:53 PM]]]>
            </message>
            <full-stacktrace>
              <![CDATA[java.lang.AssertionError: Upload Time column is not sorted.: Lists differ at element [0]: 02:38 PM != 04:53 PM expected [02:38 PM] but found [04:53 PM]
at org.testng.Assert.fail(Assert.java:111)
at org.testng.Assert.failNotEquals(Assert.java:1590)
at org.testng.Assert.assertEqualsImpl(Assert.java:150)
at org.testng.Assert.assertEquals(Assert.java:1656)
at tests.DoctorDashboardTest.verifySortByUploadTimeActuallySorts(DoctorDashboardTest.java:157)
at java.base/jdk.internal.reflect.DirectMethodHandleAccessor.invoke(DirectMethodHandleAccessor.java:103)
at java.base/java.lang.reflect.Method.invoke(Method.java:580)
at org.testng.internal.invokers.MethodInvocationHelper.invokeMethod(MethodInvocationHelper.java:141)
at org.testng.internal.invokers.TestInvoker.invokeMethod(TestInvoker.java:687)
at org.testng.internal.invokers.TestInvoker.invokeTestMethod(TestInvoker.java:230)
at org.testng.internal.invokers.MethodRunner.runInSequence(MethodRunner.java:63)
at org.testng.internal.invokers.TestInvoker$MethodInvocationAgent.invoke(TestInvoker.java:995)
at org.testng.internal.invokers.TestInvoker.invokeTestMethods(TestInvoker.java:203)
at org.testng.internal.invokers.TestMethodWorker.invokeTestMethods(TestMethodWorker.java:154)
at org.testng.internal.invokers.TestMethodWorker.run(TestMethodWorker.java:134)
at java.base/java.util.ArrayList.forEach(ArrayList.java:1596)
at org.testng.TestRunner.privateRun(TestRunner.java:741)
at org.testng.TestRunner.run(TestRunner.java:616)
at org.testng.SuiteRunner.runTest(SuiteRunner.java:421)
at org.testng.SuiteRunner.runSequentially(SuiteRunner.java:413)
at org.testng.SuiteRunner.privateRun(SuiteRunner.java:373)
at org.testng.SuiteRunner.run(SuiteRunner.java:312)
at org.testng.SuiteRunnerWorker.runSuite(SuiteRunnerWorker.java:52)
at org.testng.SuiteRunnerWorker.run(SuiteRunnerWorker.java:95)
at org.testng.TestNG.runSuitesSequentially(TestNG.java:1274)
at org.testng.TestNG.runSuitesLocally(TestNG.java:1208)
at org.testng.TestNG.runSuites(TestNG.java:1112)
at org.testng.TestNG.run(TestNG.java:1079)
at org.testng.remote.AbstractRemoteTestNG.run(AbstractRemoteTestNG.java:115)
at org.testng.remote.RemoteTestNG.initAndRun(RemoteTestNG.java:293)
at org.testng.remote.RemoteTestNG.main(RemoteTestNG.java:91)
]]>
            </full-stacktrace>
          </exception> <!-- java.lang.AssertionError -->
          <reporter-output>
          </reporter-output>
        </test-method> <!-- verifySortByUploadTimeActuallySorts -->
        <test-method is-config="true" signature="refreshPageAfterEachTest()[pri:0, instance:tests.DoctorDashboardTest@18cebaa5]" started-at="2025-07-25T21:58:59 IST" name="refreshPageAfterEachTest" finished-at="2025-07-25T21:59:00 IST" duration-ms="1035" status="PASS">
          <reporter-output>
          </reporter-output>
        </test-method> <!-- refreshPageAfterEachTest -->
        <test-method signature="verifySortByAudioDurationActuallySorts()[pri:10, instance:tests.DoctorDashboardTest@18cebaa5]" started-at="2025-07-25T21:59:00 IST" name="verifySortByAudioDurationActuallySorts" finished-at="2025-07-25T21:59:03 IST" duration-ms="2587" status="PASS">
          <reporter-output>
          </reporter-output>
        </test-method> <!-- verifySortByAudioDurationActuallySorts -->
        <test-method is-config="true" signature="refreshPageAfterEachTest()[pri:0, instance:tests.DoctorDashboardTest@18cebaa5]" started-at="2025-07-25T21:59:03 IST" name="refreshPageAfterEachTest" finished-at="2025-07-25T21:59:04 IST" duration-ms="935" status="PASS">
          <reporter-output>
          </reporter-output>
        </test-method> <!-- refreshPageAfterEachTest -->
        <test-method signature="verifyFilterByStatusInProgress()[pri:11, instance:tests.DoctorDashboardTest@18cebaa5]" started-at="2025-07-25T21:59:04 IST" name="verifyFilterByStatusInProgress" finished-at="2025-07-25T21:59:12 IST" duration-ms="8033" status="FAIL">
          <exception class="java.lang.AssertionError">
            <message>
              <![CDATA[Neither rows nor 'No data' message appeared after filtering.]]>
            </message>
            <full-stacktrace>
              <![CDATA[java.lang.AssertionError: Neither rows nor 'No data' message appeared after filtering.
at pages.DoctorDashboardPage.filterStatusInProgress(DoctorDashboardPage.java:127)
at tests.DoctorDashboardTest.verifyFilterByStatusInProgress(DoctorDashboardTest.java:173)
at java.base/jdk.internal.reflect.DirectMethodHandleAccessor.invoke(DirectMethodHandleAccessor.java:103)
at java.base/java.lang.reflect.Method.invoke(Method.java:580)
at org.testng.internal.invokers.MethodInvocationHelper.invokeMethod(MethodInvocationHelper.java:141)
at org.testng.internal.invokers.TestInvoker.invokeMethod(TestInvoker.java:687)
at org.testng.internal.invokers.TestInvoker.invokeTestMethod(TestInvoker.java:230)
at org.testng.internal.invokers.MethodRunner.runInSequence(MethodRunner.java:63)
at org.testng.internal.invokers.TestInvoker$MethodInvocationAgent.invoke(TestInvoker.java:995)
at org.testng.internal.invokers.TestInvoker.invokeTestMethods(TestInvoker.java:203)
at org.testng.internal.invokers.TestMethodWorker.invokeTestMethods(TestMethodWorker.java:154)
at org.testng.internal.invokers.TestMethodWorker.run(TestMethodWorker.java:134)
at java.base/java.util.ArrayList.forEach(ArrayList.java:1596)
at org.testng.TestRunner.privateRun(TestRunner.java:741)
at org.testng.TestRunner.run(TestRunner.java:616)
at org.testng.SuiteRunner.runTest(SuiteRunner.java:421)
at org.testng.SuiteRunner.runSequentially(SuiteRunner.java:413)
at org.testng.SuiteRunner.privateRun(SuiteRunner.java:373)
at org.testng.SuiteRunner.run(SuiteRunner.java:312)
at org.testng.SuiteRunnerWorker.runSuite(SuiteRunnerWorker.java:52)
at org.testng.SuiteRunnerWorker.run(SuiteRunnerWorker.java:95)
at org.testng.TestNG.runSuitesSequentially(TestNG.java:1274)
at org.testng.TestNG.runSuitesLocally(TestNG.java:1208)
at org.testng.TestNG.runSuites(TestNG.java:1112)
at org.testng.TestNG.run(TestNG.java:1079)
at org.testng.remote.AbstractRemoteTestNG.run(AbstractRemoteTestNG.java:115)
at org.testng.remote.RemoteTestNG.initAndRun(RemoteTestNG.java:293)
at org.testng.remote.RemoteTestNG.main(RemoteTestNG.java:91)
]]>
            </full-stacktrace>
          </exception> <!-- java.lang.AssertionError -->
          <reporter-output>
          </reporter-output>
        </test-method> <!-- verifyFilterByStatusInProgress -->
        <test-method is-config="true" signature="refreshPageAfterEachTest()[pri:0, instance:tests.DoctorDashboardTest@18cebaa5]" started-at="2025-07-25T21:59:12 IST" name="refreshPageAfterEachTest" finished-at="2025-07-25T21:59:13 IST" duration-ms="962" status="PASS">
          <reporter-output>
          </reporter-output>
        </test-method> <!-- refreshPageAfterEachTest -->
        <test-method signature="verifyFilterByPriorityMedium()[pri:12, instance:tests.DoctorDashboardTest@18cebaa5]" started-at="2025-07-25T21:59:13 IST" name="verifyFilterByPriorityMedium" finished-at="2025-07-25T21:59:21 IST" duration-ms="8034" status="FAIL">
          <exception class="java.lang.AssertionError">
            <message>
              <![CDATA[Neither rows nor 'No data' message appeared after filtering by Medium priority.]]>
            </message>
            <full-stacktrace>
              <![CDATA[java.lang.AssertionError: Neither rows nor 'No data' message appeared after filtering by Medium priority.
at pages.DoctorDashboardPage.filterPriorityMedium(DoctorDashboardPage.java:166)
at tests.DoctorDashboardTest.verifyFilterByPriorityMedium(DoctorDashboardTest.java:181)
at java.base/jdk.internal.reflect.DirectMethodHandleAccessor.invoke(DirectMethodHandleAccessor.java:103)
at java.base/java.lang.reflect.Method.invoke(Method.java:580)
at org.testng.internal.invokers.MethodInvocationHelper.invokeMethod(MethodInvocationHelper.java:141)
at org.testng.internal.invokers.TestInvoker.invokeMethod(TestInvoker.java:687)
at org.testng.internal.invokers.TestInvoker.invokeTestMethod(TestInvoker.java:230)
at org.testng.internal.invokers.MethodRunner.runInSequence(MethodRunner.java:63)
at org.testng.internal.invokers.TestInvoker$MethodInvocationAgent.invoke(TestInvoker.java:995)
at org.testng.internal.invokers.TestInvoker.invokeTestMethods(TestInvoker.java:203)
at org.testng.internal.invokers.TestMethodWorker.invokeTestMethods(TestMethodWorker.java:154)
at org.testng.internal.invokers.TestMethodWorker.run(TestMethodWorker.java:134)
at java.base/java.util.ArrayList.forEach(ArrayList.java:1596)
at org.testng.TestRunner.privateRun(TestRunner.java:741)
at org.testng.TestRunner.run(TestRunner.java:616)
at org.testng.SuiteRunner.runTest(SuiteRunner.java:421)
at org.testng.SuiteRunner.runSequentially(SuiteRunner.java:413)
at org.testng.SuiteRunner.privateRun(SuiteRunner.java:373)
at org.testng.SuiteRunner.run(SuiteRunner.java:312)
at org.testng.SuiteRunnerWorker.runSuite(SuiteRunnerWorker.java:52)
at org.testng.SuiteRunnerWorker.run(SuiteRunnerWorker.java:95)
at org.testng.TestNG.runSuitesSequentially(TestNG.java:1274)
at org.testng.TestNG.runSuitesLocally(TestNG.java:1208)
at org.testng.TestNG.runSuites(TestNG.java:1112)
at org.testng.TestNG.run(TestNG.java:1079)
at org.testng.remote.AbstractRemoteTestNG.run(AbstractRemoteTestNG.java:115)
at org.testng.remote.RemoteTestNG.initAndRun(RemoteTestNG.java:293)
at org.testng.remote.RemoteTestNG.main(RemoteTestNG.java:91)
]]>
            </full-stacktrace>
          </exception> <!-- java.lang.AssertionError -->
          <reporter-output>
          </reporter-output>
        </test-method> <!-- verifyFilterByPriorityMedium -->
        <test-method is-config="true" signature="refreshPageAfterEachTest()[pri:0, instance:tests.DoctorDashboardTest@18cebaa5]" started-at="2025-07-25T21:59:21 IST" name="refreshPageAfterEachTest" finished-at="2025-07-25T21:59:22 IST" duration-ms="936" status="PASS">
          <reporter-output>
          </reporter-output>
        </test-method> <!-- refreshPageAfterEachTest -->
        <test-method signature="verifyViewTaskHidesRow()[pri:13, instance:tests.DoctorDashboardTest@18cebaa5]" started-at="2025-07-25T21:59:22 IST" name="verifyViewTaskHidesRow" finished-at="2025-07-25T21:59:25 IST" duration-ms="3266" status="PASS">
          <reporter-output>
          </reporter-output>
        </test-method> <!-- verifyViewTaskHidesRow -->
        <test-method is-config="true" signature="refreshPageAfterEachTest()[pri:0, instance:tests.DoctorDashboardTest@18cebaa5]" started-at="2025-07-25T21:59:25 IST" name="refreshPageAfterEachTest" finished-at="2025-07-25T21:59:26 IST" duration-ms="934" status="PASS">
          <reporter-output>
          </reporter-output>
        </test-method> <!-- refreshPageAfterEachTest -->
        <test-method is-config="true" signature="tearDown()[pri:0, instance:tests.DoctorDashboardTest@18cebaa5]" started-at="2025-07-25T21:59:26 IST" name="tearDown" finished-at="2025-07-25T21:59:27 IST" duration-ms="570" status="PASS">
          <reporter-output>
          </reporter-output>
        </test-method> <!-- tearDown -->
      </class> <!-- tests.DoctorDashboardTest -->
    </test> <!-- LoginTests -->
  </suite> <!-- EzyScribe Login Suite -->
</testng-results>
