<?xml version="1.0" encoding="UTF-8"?>
<testng-results ignored="0" total="43" passed="34" failed="9" skipped="0">
  <reporter-output>
  </reporter-output>
  <suite started-at="2025-07-30T16:29:36 IST" name="EzyScribe Login Suite" finished-at="2025-07-30T16:34:01 IST" duration-ms="264941">
    <groups>
    </groups>
    <test started-at="2025-07-30T16:29:36 IST" name="LoginTests" finished-at="2025-07-30T16:34:01 IST" duration-ms="264941">
      <class name="tests.ScribeDashboardTest">
        <test-method is-config="true" signature="setup()[pri:0, instance:tests.ScribeDashboardTest@765f05af]" started-at="2025-07-30T16:32:52 IST" name="setup" finished-at="2025-07-30T16:32:57 IST" duration-ms="4461" status="PASS">
          <reporter-output>
          </reporter-output>
        </test-method> <!-- setup -->
        <test-method signature="verifyDarkLightSystemModeSwitch()[pri:1, instance:tests.ScribeDashboardTest@765f05af]" started-at="2025-07-30T16:32:57 IST" name="verifyDarkLightSystemModeSwitch" finished-at="2025-07-30T16:33:03 IST" duration-ms="6376" status="PASS">
          <reporter-output>
          </reporter-output>
        </test-method> <!-- verifyDarkLightSystemModeSwitch -->
        <test-method is-config="true" signature="refreshPageAfterEachTest()[pri:0, instance:tests.ScribeDashboardTest@765f05af]" started-at="2025-07-30T16:33:03 IST" name="refreshPageAfterEachTest" finished-at="2025-07-30T16:33:06 IST" duration-ms="3240" status="PASS">
          <reporter-output>
          </reporter-output>
        </test-method> <!-- refreshPageAfterEachTest -->
        <test-method signature="verifyFilterByTaskId()[pri:2, instance:tests.ScribeDashboardTest@765f05af]" started-at="2025-07-30T16:33:06 IST" name="verifyFilterByTaskId" finished-at="2025-07-30T16:33:17 IST" duration-ms="10419" status="FAIL">
          <exception class="java.lang.AssertionError">
            <message>
              <![CDATA[Filtered task not present expected [true] but found [false]]]>
            </message>
            <full-stacktrace>
              <![CDATA[java.lang.AssertionError: Filtered task not present expected [true] but found [false]
at org.testng.Assert.fail(Assert.java:111)
at org.testng.Assert.failNotEquals(Assert.java:1590)
at org.testng.Assert.assertTrue(Assert.java:57)
at tests.ScribeDashboardTest.verifyFilterByTaskId(ScribeDashboardTest.java:94)
at java.base/jdk.internal.reflect.DirectMethodHandleAccessor.invoke(DirectMethodHandleAccessor.java:103)
at java.base/java.lang.reflect.Method.invoke(Method.java:580)
at org.testng.internal.invokers.MethodInvocationHelper.invokeMethod(MethodInvocationHelper.java:141)
at org.testng.internal.invokers.TestInvoker.invokeMethod(TestInvoker.java:687)
at org.testng.internal.invokers.TestInvoker.invokeTestMethod(TestInvoker.java:230)
at org.testng.internal.invokers.MethodRunner.runInSequence(MethodRunner.java:63)
at org.testng.internal.invokers.TestInvoker$MethodInvocationAgent.invoke(TestInvoker.java:995)
at org.testng.internal.invokers.TestInvoker.invokeTestMethods(TestInvoker.java:203)
at org.testng.internal.invokers.TestMethodWorker.invokeTestMethods(TestMethodWorker.java:154)
at org.testng.internal.invokers.TestMethodWorker.run(TestMethodWorker.java:134)
at java.base/java.util.ArrayList.forEach(ArrayList.java:1596)
at org.testng.TestRunner.privateRun(TestRunner.java:741)
at org.testng.TestRunner.run(TestRunner.java:616)
at org.testng.SuiteRunner.runTest(SuiteRunner.java:421)
at org.testng.SuiteRunner.runSequentially(SuiteRunner.java:413)
at org.testng.SuiteRunner.privateRun(SuiteRunner.java:373)
at org.testng.SuiteRunner.run(SuiteRunner.java:312)
at org.testng.SuiteRunnerWorker.runSuite(SuiteRunnerWorker.java:52)
at org.testng.SuiteRunnerWorker.run(SuiteRunnerWorker.java:95)
at org.testng.TestNG.runSuitesSequentially(TestNG.java:1274)
at org.testng.TestNG.runSuitesLocally(TestNG.java:1208)
at org.testng.TestNG.runSuites(TestNG.java:1112)
at org.testng.TestNG.run(TestNG.java:1079)
at org.testng.remote.AbstractRemoteTestNG.run(AbstractRemoteTestNG.java:115)
at org.testng.remote.RemoteTestNG.initAndRun(RemoteTestNG.java:293)
at org.testng.remote.RemoteTestNG.main(RemoteTestNG.java:91)
]]>
            </full-stacktrace>
          </exception> <!-- java.lang.AssertionError -->
          <reporter-output>
          </reporter-output>
        </test-method> <!-- verifyFilterByTaskId -->
        <test-method is-config="true" signature="refreshPageAfterEachTest()[pri:0, instance:tests.ScribeDashboardTest@765f05af]" started-at="2025-07-30T16:33:17 IST" name="refreshPageAfterEachTest" finished-at="2025-07-30T16:33:19 IST" duration-ms="2500" status="PASS">
          <reporter-output>
          </reporter-output>
        </test-method> <!-- refreshPageAfterEachTest -->
        <test-method signature="verifySortByTaskIdActuallySorts()[pri:3, instance:tests.ScribeDashboardTest@765f05af]" started-at="2025-07-30T16:33:19 IST" name="verifySortByTaskIdActuallySorts" finished-at="2025-07-30T16:33:20 IST" duration-ms="367" status="PASS">
          <reporter-output>
          </reporter-output>
        </test-method> <!-- verifySortByTaskIdActuallySorts -->
        <test-method is-config="true" signature="refreshPageAfterEachTest()[pri:0, instance:tests.ScribeDashboardTest@765f05af]" started-at="2025-07-30T16:33:20 IST" name="refreshPageAfterEachTest" finished-at="2025-07-30T16:33:23 IST" duration-ms="3179" status="PASS">
          <reporter-output>
          </reporter-output>
        </test-method> <!-- refreshPageAfterEachTest -->
        <test-method signature="verifySortByPatientInitialsActuallySorts()[pri:4, instance:tests.ScribeDashboardTest@765f05af]" started-at="2025-07-30T16:33:23 IST" name="verifySortByPatientInitialsActuallySorts" finished-at="2025-07-30T16:33:23 IST" duration-ms="347" status="PASS">
          <reporter-output>
          </reporter-output>
        </test-method> <!-- verifySortByPatientInitialsActuallySorts -->
        <test-method is-config="true" signature="refreshPageAfterEachTest()[pri:0, instance:tests.ScribeDashboardTest@765f05af]" started-at="2025-07-30T16:33:23 IST" name="refreshPageAfterEachTest" finished-at="2025-07-30T16:33:26 IST" duration-ms="2485" status="PASS">
          <reporter-output>
          </reporter-output>
        </test-method> <!-- refreshPageAfterEachTest -->
        <test-method signature="verifySortByStatusActuallySorts()[pri:5, instance:tests.ScribeDashboardTest@765f05af]" started-at="2025-07-30T16:33:26 IST" name="verifySortByStatusActuallySorts" finished-at="2025-07-30T16:33:26 IST" duration-ms="340" status="PASS">
          <reporter-output>
          </reporter-output>
        </test-method> <!-- verifySortByStatusActuallySorts -->
        <test-method is-config="true" signature="refreshPageAfterEachTest()[pri:0, instance:tests.ScribeDashboardTest@765f05af]" started-at="2025-07-30T16:33:26 IST" name="refreshPageAfterEachTest" finished-at="2025-07-30T16:33:29 IST" duration-ms="2658" status="PASS">
          <reporter-output>
          </reporter-output>
        </test-method> <!-- refreshPageAfterEachTest -->
        <test-method signature="verifySortByPriorityActuallySorts()[pri:6, instance:tests.ScribeDashboardTest@765f05af]" started-at="2025-07-30T16:33:29 IST" name="verifySortByPriorityActuallySorts" finished-at="2025-07-30T16:33:29 IST" duration-ms="369" status="PASS">
          <reporter-output>
          </reporter-output>
        </test-method> <!-- verifySortByPriorityActuallySorts -->
        <test-method is-config="true" signature="refreshPageAfterEachTest()[pri:0, instance:tests.ScribeDashboardTest@765f05af]" started-at="2025-07-30T16:33:29 IST" name="refreshPageAfterEachTest" finished-at="2025-07-30T16:33:32 IST" duration-ms="2590" status="PASS">
          <reporter-output>
          </reporter-output>
        </test-method> <!-- refreshPageAfterEachTest -->
        <test-method signature="verifySortByUploadDateActuallySorts()[pri:7, instance:tests.ScribeDashboardTest@765f05af]" started-at="2025-07-30T16:33:32 IST" name="verifySortByUploadDateActuallySorts" finished-at="2025-07-30T16:33:32 IST" duration-ms="382" status="PASS">
          <reporter-output>
          </reporter-output>
        </test-method> <!-- verifySortByUploadDateActuallySorts -->
        <test-method is-config="true" signature="refreshPageAfterEachTest()[pri:0, instance:tests.ScribeDashboardTest@765f05af]" started-at="2025-07-30T16:33:32 IST" name="refreshPageAfterEachTest" finished-at="2025-07-30T16:33:35 IST" duration-ms="3253" status="PASS">
          <reporter-output>
          </reporter-output>
        </test-method> <!-- refreshPageAfterEachTest -->
        <test-method signature="verifySortByUploadTimeActuallySorts()[pri:8, instance:tests.ScribeDashboardTest@765f05af]" started-at="2025-07-30T16:33:35 IST" name="verifySortByUploadTimeActuallySorts" finished-at="2025-07-30T16:33:36 IST" duration-ms="334" status="FAIL">
          <exception class="java.lang.AssertionError">
            <message>
              <![CDATA[Upload Time column is not sorted.: Lists differ at element [1]: 08:19 PM != 09:22 PM expected [08:19 PM] but found [09:22 PM]]]>
            </message>
            <full-stacktrace>
              <![CDATA[java.lang.AssertionError: Upload Time column is not sorted.: Lists differ at element [1]: 08:19 PM != 09:22 PM expected [08:19 PM] but found [09:22 PM]
at org.testng.Assert.fail(Assert.java:111)
at org.testng.Assert.failNotEquals(Assert.java:1590)
at org.testng.Assert.assertEqualsImpl(Assert.java:150)
at org.testng.Assert.assertEquals(Assert.java:1656)
at tests.ScribeDashboardTest.verifySortByUploadTimeActuallySorts(ScribeDashboardTest.java:155)
at java.base/jdk.internal.reflect.DirectMethodHandleAccessor.invoke(DirectMethodHandleAccessor.java:103)
at java.base/java.lang.reflect.Method.invoke(Method.java:580)
at org.testng.internal.invokers.MethodInvocationHelper.invokeMethod(MethodInvocationHelper.java:141)
at org.testng.internal.invokers.TestInvoker.invokeMethod(TestInvoker.java:687)
at org.testng.internal.invokers.TestInvoker.invokeTestMethod(TestInvoker.java:230)
at org.testng.internal.invokers.MethodRunner.runInSequence(MethodRunner.java:63)
at org.testng.internal.invokers.TestInvoker$MethodInvocationAgent.invoke(TestInvoker.java:995)
at org.testng.internal.invokers.TestInvoker.invokeTestMethods(TestInvoker.java:203)
at org.testng.internal.invokers.TestMethodWorker.invokeTestMethods(TestMethodWorker.java:154)
at org.testng.internal.invokers.TestMethodWorker.run(TestMethodWorker.java:134)
at java.base/java.util.ArrayList.forEach(ArrayList.java:1596)
at org.testng.TestRunner.privateRun(TestRunner.java:741)
at org.testng.TestRunner.run(TestRunner.java:616)
at org.testng.SuiteRunner.runTest(SuiteRunner.java:421)
at org.testng.SuiteRunner.runSequentially(SuiteRunner.java:413)
at org.testng.SuiteRunner.privateRun(SuiteRunner.java:373)
at org.testng.SuiteRunner.run(SuiteRunner.java:312)
at org.testng.SuiteRunnerWorker.runSuite(SuiteRunnerWorker.java:52)
at org.testng.SuiteRunnerWorker.run(SuiteRunnerWorker.java:95)
at org.testng.TestNG.runSuitesSequentially(TestNG.java:1274)
at org.testng.TestNG.runSuitesLocally(TestNG.java:1208)
at org.testng.TestNG.runSuites(TestNG.java:1112)
at org.testng.TestNG.run(TestNG.java:1079)
at org.testng.remote.AbstractRemoteTestNG.run(AbstractRemoteTestNG.java:115)
at org.testng.remote.RemoteTestNG.initAndRun(RemoteTestNG.java:293)
at org.testng.remote.RemoteTestNG.main(RemoteTestNG.java:91)
]]>
            </full-stacktrace>
          </exception> <!-- java.lang.AssertionError -->
          <reporter-output>
          </reporter-output>
        </test-method> <!-- verifySortByUploadTimeActuallySorts -->
        <test-method is-config="true" signature="refreshPageAfterEachTest()[pri:0, instance:tests.ScribeDashboardTest@765f05af]" started-at="2025-07-30T16:33:36 IST" name="refreshPageAfterEachTest" finished-at="2025-07-30T16:33:38 IST" duration-ms="2510" status="PASS">
          <reporter-output>
          </reporter-output>
        </test-method> <!-- refreshPageAfterEachTest -->
        <test-method signature="verifySortByAudioDurationActuallySorts()[pri:9, instance:tests.ScribeDashboardTest@765f05af]" started-at="2025-07-30T16:33:38 IST" name="verifySortByAudioDurationActuallySorts" finished-at="2025-07-30T16:33:38 IST" duration-ms="357" status="PASS">
          <reporter-output>
          </reporter-output>
        </test-method> <!-- verifySortByAudioDurationActuallySorts -->
        <test-method is-config="true" signature="refreshPageAfterEachTest()[pri:0, instance:tests.ScribeDashboardTest@765f05af]" started-at="2025-07-30T16:33:38 IST" name="refreshPageAfterEachTest" finished-at="2025-07-30T16:33:41 IST" duration-ms="2686" status="PASS">
          <reporter-output>
          </reporter-output>
        </test-method> <!-- refreshPageAfterEachTest -->
        <test-method signature="verifyFilterByStatusInProgress()[pri:10, instance:tests.ScribeDashboardTest@765f05af]" started-at="2025-07-30T16:33:41 IST" name="verifyFilterByStatusInProgress" finished-at="2025-07-30T16:33:47 IST" duration-ms="5832" status="FAIL">
          <exception class="java.lang.AssertionError">
            <message>
              <![CDATA[Neither rows nor 'No data' message appeared after filtering.]]>
            </message>
            <full-stacktrace>
              <![CDATA[java.lang.AssertionError: Neither rows nor 'No data' message appeared after filtering.
at pages.ScribeDashboardPage.filterStatusInProgress(ScribeDashboardPage.java:119)
at tests.ScribeDashboardTest.verifyFilterByStatusInProgress(ScribeDashboardTest.java:171)
at java.base/jdk.internal.reflect.DirectMethodHandleAccessor.invoke(DirectMethodHandleAccessor.java:103)
at java.base/java.lang.reflect.Method.invoke(Method.java:580)
at org.testng.internal.invokers.MethodInvocationHelper.invokeMethod(MethodInvocationHelper.java:141)
at org.testng.internal.invokers.TestInvoker.invokeMethod(TestInvoker.java:687)
at org.testng.internal.invokers.TestInvoker.invokeTestMethod(TestInvoker.java:230)
at org.testng.internal.invokers.MethodRunner.runInSequence(MethodRunner.java:63)
at org.testng.internal.invokers.TestInvoker$MethodInvocationAgent.invoke(TestInvoker.java:995)
at org.testng.internal.invokers.TestInvoker.invokeTestMethods(TestInvoker.java:203)
at org.testng.internal.invokers.TestMethodWorker.invokeTestMethods(TestMethodWorker.java:154)
at org.testng.internal.invokers.TestMethodWorker.run(TestMethodWorker.java:134)
at java.base/java.util.ArrayList.forEach(ArrayList.java:1596)
at org.testng.TestRunner.privateRun(TestRunner.java:741)
at org.testng.TestRunner.run(TestRunner.java:616)
at org.testng.SuiteRunner.runTest(SuiteRunner.java:421)
at org.testng.SuiteRunner.runSequentially(SuiteRunner.java:413)
at org.testng.SuiteRunner.privateRun(SuiteRunner.java:373)
at org.testng.SuiteRunner.run(SuiteRunner.java:312)
at org.testng.SuiteRunnerWorker.runSuite(SuiteRunnerWorker.java:52)
at org.testng.SuiteRunnerWorker.run(SuiteRunnerWorker.java:95)
at org.testng.TestNG.runSuitesSequentially(TestNG.java:1274)
at org.testng.TestNG.runSuitesLocally(TestNG.java:1208)
at org.testng.TestNG.runSuites(TestNG.java:1112)
at org.testng.TestNG.run(TestNG.java:1079)
at org.testng.remote.AbstractRemoteTestNG.run(AbstractRemoteTestNG.java:115)
at org.testng.remote.RemoteTestNG.initAndRun(RemoteTestNG.java:293)
at org.testng.remote.RemoteTestNG.main(RemoteTestNG.java:91)
]]>
            </full-stacktrace>
          </exception> <!-- java.lang.AssertionError -->
          <reporter-output>
          </reporter-output>
        </test-method> <!-- verifyFilterByStatusInProgress -->
        <test-method is-config="true" signature="refreshPageAfterEachTest()[pri:0, instance:tests.ScribeDashboardTest@765f05af]" started-at="2025-07-30T16:33:47 IST" name="refreshPageAfterEachTest" finished-at="2025-07-30T16:33:50 IST" duration-ms="2517" status="PASS">
          <reporter-output>
          </reporter-output>
        </test-method> <!-- refreshPageAfterEachTest -->
        <test-method signature="verifyFilterByPriorityMedium()[pri:11, instance:tests.ScribeDashboardTest@765f05af]" started-at="2025-07-30T16:33:50 IST" name="verifyFilterByPriorityMedium" finished-at="2025-07-30T16:33:55 IST" duration-ms="5662" status="FAIL">
          <exception class="java.lang.AssertionError">
            <message>
              <![CDATA[Neither rows nor 'No data' message appeared after filtering by Medium priority.]]>
            </message>
            <full-stacktrace>
              <![CDATA[java.lang.AssertionError: Neither rows nor 'No data' message appeared after filtering by Medium priority.
at pages.ScribeDashboardPage.filterPriorityMedium(ScribeDashboardPage.java:158)
at tests.ScribeDashboardTest.verifyFilterByPriorityMedium(ScribeDashboardTest.java:179)
at java.base/jdk.internal.reflect.DirectMethodHandleAccessor.invoke(DirectMethodHandleAccessor.java:103)
at java.base/java.lang.reflect.Method.invoke(Method.java:580)
at org.testng.internal.invokers.MethodInvocationHelper.invokeMethod(MethodInvocationHelper.java:141)
at org.testng.internal.invokers.TestInvoker.invokeMethod(TestInvoker.java:687)
at org.testng.internal.invokers.TestInvoker.invokeTestMethod(TestInvoker.java:230)
at org.testng.internal.invokers.MethodRunner.runInSequence(MethodRunner.java:63)
at org.testng.internal.invokers.TestInvoker$MethodInvocationAgent.invoke(TestInvoker.java:995)
at org.testng.internal.invokers.TestInvoker.invokeTestMethods(TestInvoker.java:203)
at org.testng.internal.invokers.TestMethodWorker.invokeTestMethods(TestMethodWorker.java:154)
at org.testng.internal.invokers.TestMethodWorker.run(TestMethodWorker.java:134)
at java.base/java.util.ArrayList.forEach(ArrayList.java:1596)
at org.testng.TestRunner.privateRun(TestRunner.java:741)
at org.testng.TestRunner.run(TestRunner.java:616)
at org.testng.SuiteRunner.runTest(SuiteRunner.java:421)
at org.testng.SuiteRunner.runSequentially(SuiteRunner.java:413)
at org.testng.SuiteRunner.privateRun(SuiteRunner.java:373)
at org.testng.SuiteRunner.run(SuiteRunner.java:312)
at org.testng.SuiteRunnerWorker.runSuite(SuiteRunnerWorker.java:52)
at org.testng.SuiteRunnerWorker.run(SuiteRunnerWorker.java:95)
at org.testng.TestNG.runSuitesSequentially(TestNG.java:1274)
at org.testng.TestNG.runSuitesLocally(TestNG.java:1208)
at org.testng.TestNG.runSuites(TestNG.java:1112)
at org.testng.TestNG.run(TestNG.java:1079)
at org.testng.remote.AbstractRemoteTestNG.run(AbstractRemoteTestNG.java:115)
at org.testng.remote.RemoteTestNG.initAndRun(RemoteTestNG.java:293)
at org.testng.remote.RemoteTestNG.main(RemoteTestNG.java:91)
]]>
            </full-stacktrace>
          </exception> <!-- java.lang.AssertionError -->
          <reporter-output>
          </reporter-output>
        </test-method> <!-- verifyFilterByPriorityMedium -->
        <test-method is-config="true" signature="refreshPageAfterEachTest()[pri:0, instance:tests.ScribeDashboardTest@765f05af]" started-at="2025-07-30T16:33:55 IST" name="refreshPageAfterEachTest" finished-at="2025-07-30T16:33:58 IST" duration-ms="2522" status="PASS">
          <reporter-output>
          </reporter-output>
        </test-method> <!-- refreshPageAfterEachTest -->
        <test-method signature="verifyViewTaskHidesRow()[pri:12, instance:tests.ScribeDashboardTest@765f05af]" started-at="2025-07-30T16:33:58 IST" name="verifyViewTaskHidesRow" finished-at="2025-07-30T16:33:58 IST" duration-ms="611" status="PASS">
          <reporter-output>
          </reporter-output>
        </test-method> <!-- verifyViewTaskHidesRow -->
        <test-method is-config="true" signature="refreshPageAfterEachTest()[pri:0, instance:tests.ScribeDashboardTest@765f05af]" started-at="2025-07-30T16:33:58 IST" name="refreshPageAfterEachTest" finished-at="2025-07-30T16:34:01 IST" duration-ms="2499" status="PASS">
          <reporter-output>
          </reporter-output>
        </test-method> <!-- refreshPageAfterEachTest -->
        <test-method is-config="true" signature="tearDown()[pri:0, instance:tests.ScribeDashboardTest@765f05af]" started-at="2025-07-30T16:34:01 IST" name="tearDown" finished-at="2025-07-30T16:34:01 IST" duration-ms="555" status="PASS">
          <reporter-output>
          </reporter-output>
        </test-method> <!-- tearDown -->
      </class> <!-- tests.ScribeDashboardTest -->
      <class name="tests.LoginTests">
        <test-method is-config="true" signature="setupClass()[pri:0, instance:tests.LoginTests@5c18016b]" started-at="2025-07-30T16:29:36 IST" name="setupClass" finished-at="2025-07-30T16:29:38 IST" duration-ms="1064" status="PASS">
          <reporter-output>
          </reporter-output>
        </test-method> <!-- setupClass -->
        <test-method is-config="true" signature="setup()[pri:0, instance:tests.LoginTests@5c18016b]" started-at="2025-07-30T16:29:38 IST" name="setup" finished-at="2025-07-30T16:29:42 IST" duration-ms="4057" status="PASS">
          <reporter-output>
          </reporter-output>
        </test-method> <!-- setup -->
        <test-method signature="loginTest(java.lang.String,java.lang.String,java.lang.String,java.lang.String)[pri:1, instance:tests.LoginTests@5c18016b]" started-at="2025-07-30T16:29:42 IST" name="loginTest" description="TC01-TC24 - Login test for various valid/invalid credentials" data-provider="loginData" finished-at="2025-07-30T16:29:45 IST" duration-ms="2964" status="PASS">
          <params>
            <param index="0">
              <value>
                <![CDATA[TC01]]>
              </value>
            </param>
            <param index="1">
              <value>
                <![CDATA[testprovider@gmail.com]]>
              </value>
            </param>
            <param index="2">
              <value>
                <![CDATA[12345678]]>
              </value>
            </param>
            <param index="3">
              <value>
                <![CDATA[success_doctor]]>
              </value>
            </param>
          </params>
          <reporter-output>
          </reporter-output>
        </test-method> <!-- loginTest -->
        <test-method is-config="true" signature="tearDown()[pri:0, instance:tests.LoginTests@5c18016b]" started-at="2025-07-30T16:29:45 IST" name="tearDown" finished-at="2025-07-30T16:29:45 IST" duration-ms="173" status="PASS">
          <reporter-output>
          </reporter-output>
        </test-method> <!-- tearDown -->
        <test-method is-config="true" signature="setup()[pri:0, instance:tests.LoginTests@5c18016b]" started-at="2025-07-30T16:29:45 IST" name="setup" finished-at="2025-07-30T16:29:49 IST" duration-ms="3413" status="PASS">
          <reporter-output>
          </reporter-output>
        </test-method> <!-- setup -->
        <test-method signature="loginTest(java.lang.String,java.lang.String,java.lang.String,java.lang.String)[pri:1, instance:tests.LoginTests@5c18016b]" started-at="2025-07-30T16:29:49 IST" name="loginTest" description="TC01-TC24 - Login test for various valid/invalid credentials" data-provider="loginData" finished-at="2025-07-30T16:29:50 IST" duration-ms="1451" status="PASS">
          <params>
            <param index="0">
              <value>
                <![CDATA[TC02]]>
              </value>
            </param>
            <param index="1">
              <value>
                <![CDATA[wrongemail@example.com]]>
              </value>
            </param>
            <param index="2">
              <value>
                <![CDATA[DocPass123]]>
              </value>
            </param>
            <param index="3">
              <value>
                <![CDATA[error]]>
              </value>
            </param>
          </params>
          <reporter-output>
          </reporter-output>
        </test-method> <!-- loginTest -->
        <test-method is-config="true" signature="tearDown()[pri:0, instance:tests.LoginTests@5c18016b]" started-at="2025-07-30T16:29:50 IST" name="tearDown" finished-at="2025-07-30T16:29:50 IST" duration-ms="144" status="PASS">
          <reporter-output>
          </reporter-output>
        </test-method> <!-- tearDown -->
        <test-method is-config="true" signature="setup()[pri:0, instance:tests.LoginTests@5c18016b]" started-at="2025-07-30T16:29:50 IST" name="setup" finished-at="2025-07-30T16:29:54 IST" duration-ms="3461" status="PASS">
          <reporter-output>
          </reporter-output>
        </test-method> <!-- setup -->
        <test-method signature="loginTest(java.lang.String,java.lang.String,java.lang.String,java.lang.String)[pri:1, instance:tests.LoginTests@5c18016b]" started-at="2025-07-30T16:29:54 IST" name="loginTest" description="TC01-TC24 - Login test for various valid/invalid credentials" data-provider="loginData" finished-at="2025-07-30T16:29:55 IST" duration-ms="1429" status="PASS">
          <params>
            <param index="0">
              <value>
                <![CDATA[TC03]]>
              </value>
            </param>
            <param index="1">
              <value>
                <![CDATA[doctor@example.com]]>
              </value>
            </param>
            <param index="2">
              <value>
                <![CDATA[wrongpass]]>
              </value>
            </param>
            <param index="3">
              <value>
                <![CDATA[error]]>
              </value>
            </param>
          </params>
          <reporter-output>
          </reporter-output>
        </test-method> <!-- loginTest -->
        <test-method is-config="true" signature="tearDown()[pri:0, instance:tests.LoginTests@5c18016b]" started-at="2025-07-30T16:29:55 IST" name="tearDown" finished-at="2025-07-30T16:29:55 IST" duration-ms="151" status="PASS">
          <reporter-output>
          </reporter-output>
        </test-method> <!-- tearDown -->
        <test-method is-config="true" signature="setup()[pri:0, instance:tests.LoginTests@5c18016b]" started-at="2025-07-30T16:29:55 IST" name="setup" finished-at="2025-07-30T16:29:59 IST" duration-ms="3221" status="PASS">
          <reporter-output>
          </reporter-output>
        </test-method> <!-- setup -->
        <test-method signature="loginTest(java.lang.String,java.lang.String,java.lang.String,java.lang.String)[pri:1, instance:tests.LoginTests@5c18016b]" started-at="2025-07-30T16:29:59 IST" name="loginTest" description="TC01-TC24 - Login test for various valid/invalid credentials" data-provider="loginData" finished-at="2025-07-30T16:30:00 IST" duration-ms="1550" status="PASS">
          <params>
            <param index="0">
              <value>
                <![CDATA[TC04]]>
              </value>
            </param>
            <param index="1">
              <value>
                <![CDATA[]]>
              </value>
            </param>
            <param index="2">
              <value>
                <![CDATA[DocPass123]]>
              </value>
            </param>
            <param index="3">
              <value>
                <![CDATA[error]]>
              </value>
            </param>
          </params>
          <reporter-output>
          </reporter-output>
        </test-method> <!-- loginTest -->
        <test-method is-config="true" signature="tearDown()[pri:0, instance:tests.LoginTests@5c18016b]" started-at="2025-07-30T16:30:00 IST" name="tearDown" finished-at="2025-07-30T16:30:00 IST" duration-ms="138" status="PASS">
          <reporter-output>
          </reporter-output>
        </test-method> <!-- tearDown -->
        <test-method is-config="true" signature="setup()[pri:0, instance:tests.LoginTests@5c18016b]" started-at="2025-07-30T16:30:00 IST" name="setup" finished-at="2025-07-30T16:30:04 IST" duration-ms="3775" status="PASS">
          <reporter-output>
          </reporter-output>
        </test-method> <!-- setup -->
        <test-method signature="loginTest(java.lang.String,java.lang.String,java.lang.String,java.lang.String)[pri:1, instance:tests.LoginTests@5c18016b]" started-at="2025-07-30T16:30:04 IST" name="loginTest" description="TC01-TC24 - Login test for various valid/invalid credentials" data-provider="loginData" finished-at="2025-07-30T16:30:06 IST" duration-ms="1543" status="PASS">
          <params>
            <param index="0">
              <value>
                <![CDATA[TC05]]>
              </value>
            </param>
            <param index="1">
              <value>
                <![CDATA[doctor@example.com]]>
              </value>
            </param>
            <param index="2">
              <value>
                <![CDATA[]]>
              </value>
            </param>
            <param index="3">
              <value>
                <![CDATA[error]]>
              </value>
            </param>
          </params>
          <reporter-output>
          </reporter-output>
        </test-method> <!-- loginTest -->
        <test-method is-config="true" signature="tearDown()[pri:0, instance:tests.LoginTests@5c18016b]" started-at="2025-07-30T16:30:06 IST" name="tearDown" finished-at="2025-07-30T16:30:06 IST" duration-ms="145" status="PASS">
          <reporter-output>
          </reporter-output>
        </test-method> <!-- tearDown -->
        <test-method is-config="true" signature="setup()[pri:0, instance:tests.LoginTests@5c18016b]" started-at="2025-07-30T16:30:06 IST" name="setup" finished-at="2025-07-30T16:30:09 IST" duration-ms="3159" status="PASS">
          <reporter-output>
          </reporter-output>
        </test-method> <!-- setup -->
        <test-method signature="loginTest(java.lang.String,java.lang.String,java.lang.String,java.lang.String)[pri:1, instance:tests.LoginTests@5c18016b]" started-at="2025-07-30T16:30:09 IST" name="loginTest" description="TC01-TC24 - Login test for various valid/invalid credentials" data-provider="loginData" finished-at="2025-07-30T16:30:10 IST" duration-ms="1488" status="PASS">
          <params>
            <param index="0">
              <value>
                <![CDATA[TC06]]>
              </value>
            </param>
            <param index="1">
              <value>
                <![CDATA[]]>
              </value>
            </param>
            <param index="2">
              <value>
                <![CDATA[]]>
              </value>
            </param>
            <param index="3">
              <value>
                <![CDATA[error]]>
              </value>
            </param>
          </params>
          <reporter-output>
          </reporter-output>
        </test-method> <!-- loginTest -->
        <test-method is-config="true" signature="tearDown()[pri:0, instance:tests.LoginTests@5c18016b]" started-at="2025-07-30T16:30:10 IST" name="tearDown" finished-at="2025-07-30T16:30:11 IST" duration-ms="143" status="PASS">
          <reporter-output>
          </reporter-output>
        </test-method> <!-- tearDown -->
        <test-method is-config="true" signature="setup()[pri:0, instance:tests.LoginTests@5c18016b]" started-at="2025-07-30T16:30:11 IST" name="setup" finished-at="2025-07-30T16:30:14 IST" duration-ms="3195" status="PASS">
          <reporter-output>
          </reporter-output>
        </test-method> <!-- setup -->
        <test-method signature="loginTest(java.lang.String,java.lang.String,java.lang.String,java.lang.String)[pri:1, instance:tests.LoginTests@5c18016b]" started-at="2025-07-30T16:30:14 IST" name="loginTest" description="TC01-TC24 - Login test for various valid/invalid credentials" data-provider="loginData" finished-at="2025-07-30T16:30:15 IST" duration-ms="1606" status="PASS">
          <params>
            <param index="0">
              <value>
                <![CDATA[TC07]]>
              </value>
            </param>
            <param index="1">
              <value>
                <![CDATA[doctor@@example]]>
              </value>
            </param>
            <param index="2">
              <value>
                <![CDATA[DocPass123]]>
              </value>
            </param>
            <param index="3">
              <value>
                <![CDATA[error]]>
              </value>
            </param>
          </params>
          <reporter-output>
          </reporter-output>
        </test-method> <!-- loginTest -->
        <test-method is-config="true" signature="tearDown()[pri:0, instance:tests.LoginTests@5c18016b]" started-at="2025-07-30T16:30:15 IST" name="tearDown" finished-at="2025-07-30T16:30:15 IST" duration-ms="151" status="PASS">
          <reporter-output>
          </reporter-output>
        </test-method> <!-- tearDown -->
        <test-method is-config="true" signature="setup()[pri:0, instance:tests.LoginTests@5c18016b]" started-at="2025-07-30T16:30:15 IST" name="setup" finished-at="2025-07-30T16:30:19 IST" duration-ms="3324" status="PASS">
          <reporter-output>
          </reporter-output>
        </test-method> <!-- setup -->
        <test-method signature="loginTest(java.lang.String,java.lang.String,java.lang.String,java.lang.String)[pri:1, instance:tests.LoginTests@5c18016b]" started-at="2025-07-30T16:30:19 IST" name="loginTest" description="TC01-TC24 - Login test for various valid/invalid credentials" data-provider="loginData" finished-at="2025-07-30T16:30:20 IST" duration-ms="1581" status="PASS">
          <params>
            <param index="0">
              <value>
                <![CDATA[TC10]]>
              </value>
            </param>
            <param index="1">
              <value>
                <![CDATA[special@!#$.com]]>
              </value>
            </param>
            <param index="2">
              <value>
                <![CDATA[special123]]>
              </value>
            </param>
            <param index="3">
              <value>
                <![CDATA[error]]>
              </value>
            </param>
          </params>
          <reporter-output>
          </reporter-output>
        </test-method> <!-- loginTest -->
        <test-method is-config="true" signature="tearDown()[pri:0, instance:tests.LoginTests@5c18016b]" started-at="2025-07-30T16:30:20 IST" name="tearDown" finished-at="2025-07-30T16:30:20 IST" duration-ms="130" status="PASS">
          <reporter-output>
          </reporter-output>
        </test-method> <!-- tearDown -->
        <test-method is-config="true" signature="setup()[pri:0, instance:tests.LoginTests@5c18016b]" started-at="2025-07-30T16:30:20 IST" name="setup" finished-at="2025-07-30T16:30:24 IST" duration-ms="3157" status="PASS">
          <reporter-output>
          </reporter-output>
        </test-method> <!-- setup -->
        <test-method signature="loginTest(java.lang.String,java.lang.String,java.lang.String,java.lang.String)[pri:1, instance:tests.LoginTests@5c18016b]" started-at="2025-07-30T16:30:24 IST" name="loginTest" description="TC01-TC24 - Login test for various valid/invalid credentials" data-provider="loginData" finished-at="2025-07-30T16:30:25 IST" duration-ms="1616" status="PASS">
          <params>
            <param index="0">
              <value>
                <![CDATA[TC11]]>
              </value>
            </param>
            <param index="1">
              <value>
                <![CDATA[verylongemail@exampletoolonglonglongdomain.com]]>
              </value>
            </param>
            <param index="2">
              <value>
                <![CDATA[DocPass123]]>
              </value>
            </param>
            <param index="3">
              <value>
                <![CDATA[error]]>
              </value>
            </param>
          </params>
          <reporter-output>
          </reporter-output>
        </test-method> <!-- loginTest -->
        <test-method is-config="true" signature="tearDown()[pri:0, instance:tests.LoginTests@5c18016b]" started-at="2025-07-30T16:30:25 IST" name="tearDown" finished-at="2025-07-30T16:30:25 IST" duration-ms="170" status="PASS">
          <reporter-output>
          </reporter-output>
        </test-method> <!-- tearDown -->
        <test-method is-config="true" signature="setup()[pri:0, instance:tests.LoginTests@5c18016b]" started-at="2025-07-30T16:30:25 IST" name="setup" finished-at="2025-07-30T16:30:29 IST" duration-ms="3309" status="PASS">
          <reporter-output>
          </reporter-output>
        </test-method> <!-- setup -->
        <test-method signature="loginTest(java.lang.String,java.lang.String,java.lang.String,java.lang.String)[pri:1, instance:tests.LoginTests@5c18016b]" started-at="2025-07-30T16:30:29 IST" name="loginTest" description="TC01-TC24 - Login test for various valid/invalid credentials" data-provider="loginData" finished-at="2025-07-30T16:30:30 IST" duration-ms="1551" status="PASS">
          <params>
            <param index="0">
              <value>
                <![CDATA[TC12]]>
              </value>
            </param>
            <param index="1">
              <value>
                <![CDATA[doctor@example.com]]>
              </value>
            </param>
            <param index="2">
              <value>
                <![CDATA[passwordWithVeryLongText1234567890!@#]]>
              </value>
            </param>
            <param index="3">
              <value>
                <![CDATA[error]]>
              </value>
            </param>
          </params>
          <reporter-output>
          </reporter-output>
        </test-method> <!-- loginTest -->
        <test-method is-config="true" signature="tearDown()[pri:0, instance:tests.LoginTests@5c18016b]" started-at="2025-07-30T16:30:30 IST" name="tearDown" finished-at="2025-07-30T16:30:30 IST" duration-ms="150" status="PASS">
          <reporter-output>
          </reporter-output>
        </test-method> <!-- tearDown -->
        <test-method is-config="true" signature="setup()[pri:0, instance:tests.LoginTests@5c18016b]" started-at="2025-07-30T16:30:30 IST" name="setup" finished-at="2025-07-30T16:30:34 IST" duration-ms="3369" status="PASS">
          <reporter-output>
          </reporter-output>
        </test-method> <!-- setup -->
        <test-method signature="loginTest(java.lang.String,java.lang.String,java.lang.String,java.lang.String)[pri:1, instance:tests.LoginTests@5c18016b]" started-at="2025-07-30T16:30:34 IST" name="loginTest" description="TC01-TC24 - Login test for various valid/invalid credentials" data-provider="loginData" finished-at="2025-07-30T16:30:41 IST" duration-ms="7142" status="PASS">
          <params>
            <param index="0">
              <value>
                <![CDATA[TC15]]>
              </value>
            </param>
            <param index="1">
              <value>
                <![CDATA[testprovider@gmail.com]]>
              </value>
            </param>
            <param index="2">
              <value>
                <![CDATA[12345678]]>
              </value>
            </param>
            <param index="3">
              <value>
                <![CDATA[success_doctor]]>
              </value>
            </param>
          </params>
          <reporter-output>
          </reporter-output>
        </test-method> <!-- loginTest -->
        <test-method is-config="true" signature="tearDown()[pri:0, instance:tests.LoginTests@5c18016b]" started-at="2025-07-30T16:30:41 IST" name="tearDown" finished-at="2025-07-30T16:30:41 IST" duration-ms="168" status="PASS">
          <reporter-output>
          </reporter-output>
        </test-method> <!-- tearDown -->
        <test-method is-config="true" signature="setup()[pri:0, instance:tests.LoginTests@5c18016b]" started-at="2025-07-30T16:30:41 IST" name="setup" finished-at="2025-07-30T16:30:44 IST" duration-ms="3213" status="PASS">
          <reporter-output>
          </reporter-output>
        </test-method> <!-- setup -->
        <test-method signature="loginTest(java.lang.String,java.lang.String,java.lang.String,java.lang.String)[pri:1, instance:tests.LoginTests@5c18016b]" started-at="2025-07-30T16:30:44 IST" name="loginTest" description="TC01-TC24 - Login test for various valid/invalid credentials" data-provider="loginData" finished-at="2025-07-30T16:30:47 IST" duration-ms="2193" status="PASS">
          <params>
            <param index="0">
              <value>
                <![CDATA[TC19]]>
              </value>
            </param>
            <param index="1">
              <value>
                <![CDATA[Testprovider@gmail.com]]>
              </value>
            </param>
            <param index="2">
              <value>
                <![CDATA[12345678]]>
              </value>
            </param>
            <param index="3">
              <value>
                <![CDATA[success_doctor]]>
              </value>
            </param>
          </params>
          <reporter-output>
          </reporter-output>
        </test-method> <!-- loginTest -->
        <test-method is-config="true" signature="tearDown()[pri:0, instance:tests.LoginTests@5c18016b]" started-at="2025-07-30T16:30:47 IST" name="tearDown" finished-at="2025-07-30T16:30:47 IST" duration-ms="140" status="PASS">
          <reporter-output>
          </reporter-output>
        </test-method> <!-- tearDown -->
        <test-method is-config="true" signature="setup()[pri:0, instance:tests.LoginTests@5c18016b]" started-at="2025-07-30T16:30:47 IST" name="setup" finished-at="2025-07-30T16:30:50 IST" duration-ms="3398" status="PASS">
          <reporter-output>
          </reporter-output>
        </test-method> <!-- setup -->
        <test-method signature="loginTest(java.lang.String,java.lang.String,java.lang.String,java.lang.String)[pri:1, instance:tests.LoginTests@5c18016b]" started-at="2025-07-30T16:30:50 IST" name="loginTest" description="TC01-TC24 - Login test for various valid/invalid credentials" data-provider="loginData" finished-at="2025-07-30T16:30:52 IST" duration-ms="1586" status="PASS">
          <params>
            <param index="0">
              <value>
                <![CDATA[TC20]]>
              </value>
            </param>
            <param index="1">
              <value>
                <![CDATA[doctor@example.com]]>
              </value>
            </param>
            <param index="2">
              <value>
                <![CDATA[DOCPASS123]]>
              </value>
            </param>
            <param index="3">
              <value>
                <![CDATA[error]]>
              </value>
            </param>
          </params>
          <reporter-output>
          </reporter-output>
        </test-method> <!-- loginTest -->
        <test-method is-config="true" signature="tearDown()[pri:0, instance:tests.LoginTests@5c18016b]" started-at="2025-07-30T16:30:52 IST" name="tearDown" finished-at="2025-07-30T16:30:52 IST" duration-ms="147" status="PASS">
          <reporter-output>
          </reporter-output>
        </test-method> <!-- tearDown -->
        <test-method is-config="true" signature="setup()[pri:0, instance:tests.LoginTests@5c18016b]" started-at="2025-07-30T16:30:52 IST" name="setup" finished-at="2025-07-30T16:30:55 IST" duration-ms="3519" status="PASS">
          <reporter-output>
          </reporter-output>
        </test-method> <!-- setup -->
        <test-method signature="loginTest(java.lang.String,java.lang.String,java.lang.String,java.lang.String)[pri:1, instance:tests.LoginTests@5c18016b]" started-at="2025-07-30T16:30:55 IST" name="loginTest" description="TC01-TC24 - Login test for various valid/invalid credentials" data-provider="loginData" finished-at="2025-07-30T16:31:02 IST" duration-ms="6947" status="PASS">
          <params>
            <param index="0">
              <value>
                <![CDATA[TC23]]>
              </value>
            </param>
            <param index="1">
              <value>
                <![CDATA[testprovider@gmail.com]]>
              </value>
            </param>
            <param index="2">
              <value>
                <![CDATA[12345678]]>
              </value>
            </param>
            <param index="3">
              <value>
                <![CDATA[success_doctor]]>
              </value>
            </param>
          </params>
          <reporter-output>
          </reporter-output>
        </test-method> <!-- loginTest -->
        <test-method is-config="true" signature="tearDown()[pri:0, instance:tests.LoginTests@5c18016b]" started-at="2025-07-30T16:31:02 IST" name="tearDown" finished-at="2025-07-30T16:31:02 IST" duration-ms="167" status="PASS">
          <reporter-output>
          </reporter-output>
        </test-method> <!-- tearDown -->
        <test-method is-config="true" signature="setup()[pri:0, instance:tests.LoginTests@5c18016b]" started-at="2025-07-30T16:31:02 IST" name="setup" finished-at="2025-07-30T16:31:06 IST" duration-ms="3281" status="PASS">
          <reporter-output>
          </reporter-output>
        </test-method> <!-- setup -->
        <test-method signature="loginTest(java.lang.String,java.lang.String,java.lang.String,java.lang.String)[pri:1, instance:tests.LoginTests@5c18016b]" started-at="2025-07-30T16:31:06 IST" name="loginTest" description="TC01-TC24 - Login test for various valid/invalid credentials" data-provider="loginData" finished-at="2025-07-30T16:31:08 IST" duration-ms="2002" status="PASS">
          <params>
            <param index="0">
              <value>
                <![CDATA[TC24]]>
              </value>
            </param>
            <param index="1">
              <value>
                <![CDATA[testscribe@gmail.com]]>
              </value>
            </param>
            <param index="2">
              <value>
                <![CDATA[12345678]]>
              </value>
            </param>
            <param index="3">
              <value>
                <![CDATA[success_scribe]]>
              </value>
            </param>
          </params>
          <reporter-output>
          </reporter-output>
        </test-method> <!-- loginTest -->
        <test-method is-config="true" signature="tearDown()[pri:0, instance:tests.LoginTests@5c18016b]" started-at="2025-07-30T16:31:08 IST" name="tearDown" finished-at="2025-07-30T16:31:08 IST" duration-ms="128" status="PASS">
          <reporter-output>
          </reporter-output>
        </test-method> <!-- tearDown -->
        <test-method is-config="true" signature="setup()[pri:0, instance:tests.LoginTests@5c18016b]" started-at="2025-07-30T16:31:08 IST" name="setup" finished-at="2025-07-30T16:31:11 IST" duration-ms="3364" status="PASS">
          <reporter-output>
          </reporter-output>
        </test-method> <!-- setup -->
        <test-method signature="forgotPasswordTest_TC09()[pri:2, instance:tests.LoginTests@5c18016b]" started-at="2025-07-30T16:31:11 IST" name="forgotPasswordTest_TC09" description="TC09 - Verify &#039;Forgot Password&#039; triggers email alert" finished-at="2025-07-30T16:31:13 IST" duration-ms="2031" status="PASS">
          <reporter-output>
          </reporter-output>
        </test-method> <!-- forgotPasswordTest_TC09 -->
        <test-method is-config="true" signature="tearDown()[pri:0, instance:tests.LoginTests@5c18016b]" started-at="2025-07-30T16:31:13 IST" name="tearDown" finished-at="2025-07-30T16:31:13 IST" duration-ms="148" status="PASS">
          <reporter-output>
          </reporter-output>
        </test-method> <!-- tearDown -->
        <test-method is-config="true" signature="setup()[pri:0, instance:tests.LoginTests@5c18016b]" started-at="2025-07-30T16:31:13 IST" name="setup" finished-at="2025-07-30T16:31:17 IST" duration-ms="3417" status="PASS">
          <reporter-output>
          </reporter-output>
        </test-method> <!-- setup -->
        <test-method signature="epicLoginRedirectTest()[pri:3, instance:tests.LoginTests@5c18016b]" started-at="2025-07-30T16:31:17 IST" name="epicLoginRedirectTest" description="TC25 - Verify Epic Login Redirect" finished-at="2025-07-30T16:31:31 IST" duration-ms="14054" status="PASS">
          <reporter-output>
          </reporter-output>
        </test-method> <!-- epicLoginRedirectTest -->
        <test-method is-config="true" signature="tearDown()[pri:0, instance:tests.LoginTests@5c18016b]" started-at="2025-07-30T16:31:31 IST" name="tearDown" finished-at="2025-07-30T16:31:31 IST" duration-ms="169" status="PASS">
          <reporter-output>
          </reporter-output>
        </test-method> <!-- tearDown -->
      </class> <!-- tests.LoginTests -->
      <class name="tests.DoctorDashboardTest">
        <test-method is-config="true" signature="setup()[pri:0, instance:tests.DoctorDashboardTest@463b4ac8]" started-at="2025-07-30T16:31:31 IST" name="setup" finished-at="2025-07-30T16:31:34 IST" duration-ms="2980" status="PASS">
          <reporter-output>
          </reporter-output>
        </test-method> <!-- setup -->
        <test-method signature="verifyLanguageToggle()[pri:1, instance:tests.DoctorDashboardTest@463b4ac8]" started-at="2025-07-30T16:31:34 IST" name="verifyLanguageToggle" finished-at="2025-07-30T16:31:35 IST" duration-ms="1218" status="PASS">
          <reporter-output>
          </reporter-output>
        </test-method> <!-- verifyLanguageToggle -->
        <test-method is-config="true" signature="refreshPageAfterEachTest()[pri:0, instance:tests.DoctorDashboardTest@463b4ac8]" started-at="2025-07-30T16:31:35 IST" name="refreshPageAfterEachTest" finished-at="2025-07-30T16:31:36 IST" duration-ms="937" status="PASS">
          <reporter-output>
          </reporter-output>
        </test-method> <!-- refreshPageAfterEachTest -->
        <test-method signature="verifyDarkLightSystemModeSwitch()[pri:2, instance:tests.DoctorDashboardTest@463b4ac8]" started-at="2025-07-30T16:31:36 IST" name="verifyDarkLightSystemModeSwitch" finished-at="2025-07-30T16:31:39 IST" duration-ms="3157" status="PASS">
          <reporter-output>
          </reporter-output>
        </test-method> <!-- verifyDarkLightSystemModeSwitch -->
        <test-method is-config="true" signature="refreshPageAfterEachTest()[pri:0, instance:tests.DoctorDashboardTest@463b4ac8]" started-at="2025-07-30T16:31:39 IST" name="refreshPageAfterEachTest" finished-at="2025-07-30T16:31:41 IST" duration-ms="1907" status="PASS">
          <reporter-output>
          </reporter-output>
        </test-method> <!-- refreshPageAfterEachTest -->
        <test-method signature="verifyFilterByTaskId()[pri:3, instance:tests.DoctorDashboardTest@463b4ac8]" started-at="2025-07-30T16:31:41 IST" name="verifyFilterByTaskId" finished-at="2025-07-30T16:31:53 IST" duration-ms="12024" status="FAIL">
          <exception class="java.lang.AssertionError">
            <message>
              <![CDATA[Filtered task not present expected [true] but found [false]]]>
            </message>
            <full-stacktrace>
              <![CDATA[java.lang.AssertionError: Filtered task not present expected [true] but found [false]
at org.testng.Assert.fail(Assert.java:111)
at org.testng.Assert.failNotEquals(Assert.java:1590)
at org.testng.Assert.assertTrue(Assert.java:57)
at tests.DoctorDashboardTest.verifyFilterByTaskId(DoctorDashboardTest.java:115)
at java.base/jdk.internal.reflect.DirectMethodHandleAccessor.invoke(DirectMethodHandleAccessor.java:103)
at java.base/java.lang.reflect.Method.invoke(Method.java:580)
at org.testng.internal.invokers.MethodInvocationHelper.invokeMethod(MethodInvocationHelper.java:141)
at org.testng.internal.invokers.TestInvoker.invokeMethod(TestInvoker.java:687)
at org.testng.internal.invokers.TestInvoker.invokeTestMethod(TestInvoker.java:230)
at org.testng.internal.invokers.MethodRunner.runInSequence(MethodRunner.java:63)
at org.testng.internal.invokers.TestInvoker$MethodInvocationAgent.invoke(TestInvoker.java:995)
at org.testng.internal.invokers.TestInvoker.invokeTestMethods(TestInvoker.java:203)
at org.testng.internal.invokers.TestMethodWorker.invokeTestMethods(TestMethodWorker.java:154)
at org.testng.internal.invokers.TestMethodWorker.run(TestMethodWorker.java:134)
at java.base/java.util.ArrayList.forEach(ArrayList.java:1596)
at org.testng.TestRunner.privateRun(TestRunner.java:741)
at org.testng.TestRunner.run(TestRunner.java:616)
at org.testng.SuiteRunner.runTest(SuiteRunner.java:421)
at org.testng.SuiteRunner.runSequentially(SuiteRunner.java:413)
at org.testng.SuiteRunner.privateRun(SuiteRunner.java:373)
at org.testng.SuiteRunner.run(SuiteRunner.java:312)
at org.testng.SuiteRunnerWorker.runSuite(SuiteRunnerWorker.java:52)
at org.testng.SuiteRunnerWorker.run(SuiteRunnerWorker.java:95)
at org.testng.TestNG.runSuitesSequentially(TestNG.java:1274)
at org.testng.TestNG.runSuitesLocally(TestNG.java:1208)
at org.testng.TestNG.runSuites(TestNG.java:1112)
at org.testng.TestNG.run(TestNG.java:1079)
at org.testng.remote.AbstractRemoteTestNG.run(AbstractRemoteTestNG.java:115)
at org.testng.remote.RemoteTestNG.initAndRun(RemoteTestNG.java:293)
at org.testng.remote.RemoteTestNG.main(RemoteTestNG.java:91)
]]>
            </full-stacktrace>
          </exception> <!-- java.lang.AssertionError -->
          <reporter-output>
          </reporter-output>
        </test-method> <!-- verifyFilterByTaskId -->
        <test-method is-config="true" signature="refreshPageAfterEachTest()[pri:0, instance:tests.DoctorDashboardTest@463b4ac8]" started-at="2025-07-30T16:31:53 IST" name="refreshPageAfterEachTest" finished-at="2025-07-30T16:31:54 IST" duration-ms="929" status="PASS">
          <reporter-output>
          </reporter-output>
        </test-method> <!-- refreshPageAfterEachTest -->
        <test-method signature="verifySortByTaskIdActuallySorts()[pri:4, instance:tests.DoctorDashboardTest@463b4ac8]" started-at="2025-07-30T16:31:54 IST" name="verifySortByTaskIdActuallySorts" finished-at="2025-07-30T16:31:56 IST" duration-ms="1891" status="PASS">
          <reporter-output>
          </reporter-output>
        </test-method> <!-- verifySortByTaskIdActuallySorts -->
        <test-method is-config="true" signature="refreshPageAfterEachTest()[pri:0, instance:tests.DoctorDashboardTest@463b4ac8]" started-at="2025-07-30T16:31:56 IST" name="refreshPageAfterEachTest" finished-at="2025-07-30T16:31:57 IST" duration-ms="955" status="PASS">
          <reporter-output>
          </reporter-output>
        </test-method> <!-- refreshPageAfterEachTest -->
        <test-method signature="verifySortByPatientInitialsActuallySorts()[pri:5, instance:tests.DoctorDashboardTest@463b4ac8]" started-at="2025-07-30T16:31:57 IST" name="verifySortByPatientInitialsActuallySorts" finished-at="2025-07-30T16:31:59 IST" duration-ms="1936" status="PASS">
          <reporter-output>
          </reporter-output>
        </test-method> <!-- verifySortByPatientInitialsActuallySorts -->
        <test-method is-config="true" signature="refreshPageAfterEachTest()[pri:0, instance:tests.DoctorDashboardTest@463b4ac8]" started-at="2025-07-30T16:31:59 IST" name="refreshPageAfterEachTest" finished-at="2025-07-30T16:32:00 IST" duration-ms="926" status="PASS">
          <reporter-output>
          </reporter-output>
        </test-method> <!-- refreshPageAfterEachTest -->
        <test-method signature="verifySortByStatusActuallySorts()[pri:6, instance:tests.DoctorDashboardTest@463b4ac8]" started-at="2025-07-30T16:32:00 IST" name="verifySortByStatusActuallySorts" finished-at="2025-07-30T16:32:02 IST" duration-ms="1917" status="PASS">
          <reporter-output>
          </reporter-output>
        </test-method> <!-- verifySortByStatusActuallySorts -->
        <test-method is-config="true" signature="refreshPageAfterEachTest()[pri:0, instance:tests.DoctorDashboardTest@463b4ac8]" started-at="2025-07-30T16:32:02 IST" name="refreshPageAfterEachTest" finished-at="2025-07-30T16:32:03 IST" duration-ms="908" status="PASS">
          <reporter-output>
          </reporter-output>
        </test-method> <!-- refreshPageAfterEachTest -->
        <test-method signature="verifySortByPriorityActuallySorts()[pri:7, instance:tests.DoctorDashboardTest@463b4ac8]" started-at="2025-07-30T16:32:03 IST" name="verifySortByPriorityActuallySorts" finished-at="2025-07-30T16:32:05 IST" duration-ms="1908" status="PASS">
          <reporter-output>
          </reporter-output>
        </test-method> <!-- verifySortByPriorityActuallySorts -->
        <test-method is-config="true" signature="refreshPageAfterEachTest()[pri:0, instance:tests.DoctorDashboardTest@463b4ac8]" started-at="2025-07-30T16:32:05 IST" name="refreshPageAfterEachTest" finished-at="2025-07-30T16:32:06 IST" duration-ms="924" status="PASS">
          <reporter-output>
          </reporter-output>
        </test-method> <!-- refreshPageAfterEachTest -->
        <test-method signature="verifySortByUploadDateActuallySorts()[pri:8, instance:tests.DoctorDashboardTest@463b4ac8]" started-at="2025-07-30T16:32:06 IST" name="verifySortByUploadDateActuallySorts" finished-at="2025-07-30T16:32:07 IST" duration-ms="1876" status="PASS">
          <reporter-output>
          </reporter-output>
        </test-method> <!-- verifySortByUploadDateActuallySorts -->
        <test-method is-config="true" signature="refreshPageAfterEachTest()[pri:0, instance:tests.DoctorDashboardTest@463b4ac8]" started-at="2025-07-30T16:32:07 IST" name="refreshPageAfterEachTest" finished-at="2025-07-30T16:32:09 IST" duration-ms="1084" status="PASS">
          <reporter-output>
          </reporter-output>
        </test-method> <!-- refreshPageAfterEachTest -->
        <test-method signature="verifySortByUploadTimeActuallySorts()[pri:9, instance:tests.DoctorDashboardTest@463b4ac8]" started-at="2025-07-30T16:32:09 IST" name="verifySortByUploadTimeActuallySorts" finished-at="2025-07-30T16:32:10 IST" duration-ms="1881" status="FAIL">
          <exception class="java.lang.AssertionError">
            <message>
              <![CDATA[Upload Time column is not sorted.: Lists differ at element [0]: 08:16 PM != 09:22 PM expected [08:16 PM] but found [09:22 PM]]]>
            </message>
            <full-stacktrace>
              <![CDATA[java.lang.AssertionError: Upload Time column is not sorted.: Lists differ at element [0]: 08:16 PM != 09:22 PM expected [08:16 PM] but found [09:22 PM]
at org.testng.Assert.fail(Assert.java:111)
at org.testng.Assert.failNotEquals(Assert.java:1590)
at org.testng.Assert.assertEqualsImpl(Assert.java:150)
at org.testng.Assert.assertEquals(Assert.java:1656)
at tests.DoctorDashboardTest.verifySortByUploadTimeActuallySorts(DoctorDashboardTest.java:176)
at java.base/jdk.internal.reflect.DirectMethodHandleAccessor.invoke(DirectMethodHandleAccessor.java:103)
at java.base/java.lang.reflect.Method.invoke(Method.java:580)
at org.testng.internal.invokers.MethodInvocationHelper.invokeMethod(MethodInvocationHelper.java:141)
at org.testng.internal.invokers.TestInvoker.invokeMethod(TestInvoker.java:687)
at org.testng.internal.invokers.TestInvoker.invokeTestMethod(TestInvoker.java:230)
at org.testng.internal.invokers.MethodRunner.runInSequence(MethodRunner.java:63)
at org.testng.internal.invokers.TestInvoker$MethodInvocationAgent.invoke(TestInvoker.java:995)
at org.testng.internal.invokers.TestInvoker.invokeTestMethods(TestInvoker.java:203)
at org.testng.internal.invokers.TestMethodWorker.invokeTestMethods(TestMethodWorker.java:154)
at org.testng.internal.invokers.TestMethodWorker.run(TestMethodWorker.java:134)
at java.base/java.util.ArrayList.forEach(ArrayList.java:1596)
at org.testng.TestRunner.privateRun(TestRunner.java:741)
at org.testng.TestRunner.run(TestRunner.java:616)
at org.testng.SuiteRunner.runTest(SuiteRunner.java:421)
at org.testng.SuiteRunner.runSequentially(SuiteRunner.java:413)
at org.testng.SuiteRunner.privateRun(SuiteRunner.java:373)
at org.testng.SuiteRunner.run(SuiteRunner.java:312)
at org.testng.SuiteRunnerWorker.runSuite(SuiteRunnerWorker.java:52)
at org.testng.SuiteRunnerWorker.run(SuiteRunnerWorker.java:95)
at org.testng.TestNG.runSuitesSequentially(TestNG.java:1274)
at org.testng.TestNG.runSuitesLocally(TestNG.java:1208)
at org.testng.TestNG.runSuites(TestNG.java:1112)
at org.testng.TestNG.run(TestNG.java:1079)
at org.testng.remote.AbstractRemoteTestNG.run(AbstractRemoteTestNG.java:115)
at org.testng.remote.RemoteTestNG.initAndRun(RemoteTestNG.java:293)
at org.testng.remote.RemoteTestNG.main(RemoteTestNG.java:91)
]]>
            </full-stacktrace>
          </exception> <!-- java.lang.AssertionError -->
          <reporter-output>
          </reporter-output>
        </test-method> <!-- verifySortByUploadTimeActuallySorts -->
        <test-method is-config="true" signature="refreshPageAfterEachTest()[pri:0, instance:tests.DoctorDashboardTest@463b4ac8]" started-at="2025-07-30T16:32:10 IST" name="refreshPageAfterEachTest" finished-at="2025-07-30T16:32:11 IST" duration-ms="933" status="PASS">
          <reporter-output>
          </reporter-output>
        </test-method> <!-- refreshPageAfterEachTest -->
        <test-method signature="verifySortByAudioDurationActuallySorts()[pri:10, instance:tests.DoctorDashboardTest@463b4ac8]" started-at="2025-07-30T16:32:11 IST" name="verifySortByAudioDurationActuallySorts" finished-at="2025-07-30T16:32:13 IST" duration-ms="1850" status="PASS">
          <reporter-output>
          </reporter-output>
        </test-method> <!-- verifySortByAudioDurationActuallySorts -->
        <test-method is-config="true" signature="refreshPageAfterEachTest()[pri:0, instance:tests.DoctorDashboardTest@463b4ac8]" started-at="2025-07-30T16:32:13 IST" name="refreshPageAfterEachTest" finished-at="2025-07-30T16:32:14 IST" duration-ms="929" status="PASS">
          <reporter-output>
          </reporter-output>
        </test-method> <!-- refreshPageAfterEachTest -->
        <test-method signature="verifyFilterByStatusInProgress()[pri:11, instance:tests.DoctorDashboardTest@463b4ac8]" started-at="2025-07-30T16:32:14 IST" name="verifyFilterByStatusInProgress" finished-at="2025-07-30T16:32:21 IST" duration-ms="7318" status="FAIL">
          <exception class="java.lang.AssertionError">
            <message>
              <![CDATA[Neither rows nor 'No data' message appeared after filtering.]]>
            </message>
            <full-stacktrace>
              <![CDATA[java.lang.AssertionError: Neither rows nor 'No data' message appeared after filtering.
at pages.DoctorDashboardPage.filterStatusInProgress(DoctorDashboardPage.java:127)
at tests.DoctorDashboardTest.verifyFilterByStatusInProgress(DoctorDashboardTest.java:192)
at java.base/jdk.internal.reflect.DirectMethodHandleAccessor.invoke(DirectMethodHandleAccessor.java:103)
at java.base/java.lang.reflect.Method.invoke(Method.java:580)
at org.testng.internal.invokers.MethodInvocationHelper.invokeMethod(MethodInvocationHelper.java:141)
at org.testng.internal.invokers.TestInvoker.invokeMethod(TestInvoker.java:687)
at org.testng.internal.invokers.TestInvoker.invokeTestMethod(TestInvoker.java:230)
at org.testng.internal.invokers.MethodRunner.runInSequence(MethodRunner.java:63)
at org.testng.internal.invokers.TestInvoker$MethodInvocationAgent.invoke(TestInvoker.java:995)
at org.testng.internal.invokers.TestInvoker.invokeTestMethods(TestInvoker.java:203)
at org.testng.internal.invokers.TestMethodWorker.invokeTestMethods(TestMethodWorker.java:154)
at org.testng.internal.invokers.TestMethodWorker.run(TestMethodWorker.java:134)
at java.base/java.util.ArrayList.forEach(ArrayList.java:1596)
at org.testng.TestRunner.privateRun(TestRunner.java:741)
at org.testng.TestRunner.run(TestRunner.java:616)
at org.testng.SuiteRunner.runTest(SuiteRunner.java:421)
at org.testng.SuiteRunner.runSequentially(SuiteRunner.java:413)
at org.testng.SuiteRunner.privateRun(SuiteRunner.java:373)
at org.testng.SuiteRunner.run(SuiteRunner.java:312)
at org.testng.SuiteRunnerWorker.runSuite(SuiteRunnerWorker.java:52)
at org.testng.SuiteRunnerWorker.run(SuiteRunnerWorker.java:95)
at org.testng.TestNG.runSuitesSequentially(TestNG.java:1274)
at org.testng.TestNG.runSuitesLocally(TestNG.java:1208)
at org.testng.TestNG.runSuites(TestNG.java:1112)
at org.testng.TestNG.run(TestNG.java:1079)
at org.testng.remote.AbstractRemoteTestNG.run(AbstractRemoteTestNG.java:115)
at org.testng.remote.RemoteTestNG.initAndRun(RemoteTestNG.java:293)
at org.testng.remote.RemoteTestNG.main(RemoteTestNG.java:91)
]]>
            </full-stacktrace>
          </exception> <!-- java.lang.AssertionError -->
          <reporter-output>
          </reporter-output>
        </test-method> <!-- verifyFilterByStatusInProgress -->
        <test-method is-config="true" signature="refreshPageAfterEachTest()[pri:0, instance:tests.DoctorDashboardTest@463b4ac8]" started-at="2025-07-30T16:32:21 IST" name="refreshPageAfterEachTest" finished-at="2025-07-30T16:32:23 IST" duration-ms="1432" status="PASS">
          <reporter-output>
          </reporter-output>
        </test-method> <!-- refreshPageAfterEachTest -->
        <test-method signature="verifyFilterByPriorityMedium()[pri:12, instance:tests.DoctorDashboardTest@463b4ac8]" started-at="2025-07-30T16:32:23 IST" name="verifyFilterByPriorityMedium" finished-at="2025-07-30T16:32:30 IST" duration-ms="7336" status="FAIL">
          <exception class="java.lang.AssertionError">
            <message>
              <![CDATA[Neither rows nor 'No data' message appeared after filtering by Medium priority.]]>
            </message>
            <full-stacktrace>
              <![CDATA[java.lang.AssertionError: Neither rows nor 'No data' message appeared after filtering by Medium priority.
at pages.DoctorDashboardPage.filterPriorityMedium(DoctorDashboardPage.java:166)
at tests.DoctorDashboardTest.verifyFilterByPriorityMedium(DoctorDashboardTest.java:200)
at java.base/jdk.internal.reflect.DirectMethodHandleAccessor.invoke(DirectMethodHandleAccessor.java:103)
at java.base/java.lang.reflect.Method.invoke(Method.java:580)
at org.testng.internal.invokers.MethodInvocationHelper.invokeMethod(MethodInvocationHelper.java:141)
at org.testng.internal.invokers.TestInvoker.invokeMethod(TestInvoker.java:687)
at org.testng.internal.invokers.TestInvoker.invokeTestMethod(TestInvoker.java:230)
at org.testng.internal.invokers.MethodRunner.runInSequence(MethodRunner.java:63)
at org.testng.internal.invokers.TestInvoker$MethodInvocationAgent.invoke(TestInvoker.java:995)
at org.testng.internal.invokers.TestInvoker.invokeTestMethods(TestInvoker.java:203)
at org.testng.internal.invokers.TestMethodWorker.invokeTestMethods(TestMethodWorker.java:154)
at org.testng.internal.invokers.TestMethodWorker.run(TestMethodWorker.java:134)
at java.base/java.util.ArrayList.forEach(ArrayList.java:1596)
at org.testng.TestRunner.privateRun(TestRunner.java:741)
at org.testng.TestRunner.run(TestRunner.java:616)
at org.testng.SuiteRunner.runTest(SuiteRunner.java:421)
at org.testng.SuiteRunner.runSequentially(SuiteRunner.java:413)
at org.testng.SuiteRunner.privateRun(SuiteRunner.java:373)
at org.testng.SuiteRunner.run(SuiteRunner.java:312)
at org.testng.SuiteRunnerWorker.runSuite(SuiteRunnerWorker.java:52)
at org.testng.SuiteRunnerWorker.run(SuiteRunnerWorker.java:95)
at org.testng.TestNG.runSuitesSequentially(TestNG.java:1274)
at org.testng.TestNG.runSuitesLocally(TestNG.java:1208)
at org.testng.TestNG.runSuites(TestNG.java:1112)
at org.testng.TestNG.run(TestNG.java:1079)
at org.testng.remote.AbstractRemoteTestNG.run(AbstractRemoteTestNG.java:115)
at org.testng.remote.RemoteTestNG.initAndRun(RemoteTestNG.java:293)
at org.testng.remote.RemoteTestNG.main(RemoteTestNG.java:91)
]]>
            </full-stacktrace>
          </exception> <!-- java.lang.AssertionError -->
          <reporter-output>
          </reporter-output>
        </test-method> <!-- verifyFilterByPriorityMedium -->
        <test-method is-config="true" signature="refreshPageAfterEachTest()[pri:0, instance:tests.DoctorDashboardTest@463b4ac8]" started-at="2025-07-30T16:32:30 IST" name="refreshPageAfterEachTest" finished-at="2025-07-30T16:32:32 IST" duration-ms="1383" status="PASS">
          <reporter-output>
          </reporter-output>
        </test-method> <!-- refreshPageAfterEachTest -->
        <test-method signature="verifyViewTaskHidesRow()[pri:13, instance:tests.DoctorDashboardTest@463b4ac8]" started-at="2025-07-30T16:32:32 IST" name="verifyViewTaskHidesRow" finished-at="2025-07-30T16:32:34 IST" duration-ms="2130" status="PASS">
          <reporter-output>
          </reporter-output>
        </test-method> <!-- verifyViewTaskHidesRow -->
        <test-method is-config="true" signature="refreshPageAfterEachTest()[pri:0, instance:tests.DoctorDashboardTest@463b4ac8]" started-at="2025-07-30T16:32:34 IST" name="refreshPageAfterEachTest" finished-at="2025-07-30T16:32:35 IST" duration-ms="894" status="PASS">
          <reporter-output>
          </reporter-output>
        </test-method> <!-- refreshPageAfterEachTest -->
        <test-method signature="verifyRecordingWorkflow_ReviewAfterRecordAgain()[pri:14, instance:tests.DoctorDashboardTest@463b4ac8]" started-at="2025-07-30T16:32:35 IST" name="verifyRecordingWorkflow_ReviewAfterRecordAgain" finished-at="2025-07-30T16:32:50 IST" duration-ms="15839" status="FAIL">
          <exception class="org.openqa.selenium.TimeoutException">
            <message>
              <![CDATA[Expected condition failed: waiting for invisibility of [[ChromeDriver: chrome on windows (45139903c7748a12f3595297e79a5166)] -> xpath: //div[@role='dialog' and contains(., 'Review Recordings')]] (tried for 10 second(s) with 500 milliseconds interval)
Build info: version: '4.21.0', revision: '79ed462ef4'
System info: os.name: 'Windows 10', os.arch: 'amd64', os.version: '10.0', java.version: '21.0.7'
Driver info: org.openqa.selenium.chrome.ChromeDriver
Capabilities {acceptInsecureCerts: false, browserName: chrome, browserVersion: 138.0.7204.168, chrome: {chromedriverVersion: 138.0.7204.168 (3e8d82e86e9..., userDataDir: C:\Temp\BraveProfile}, fedcm:accounts: true, goog:chromeOptions: {debuggerAddress: localhost:53471}, networkConnectionEnabled: false, pageLoadStrategy: normal, platformName: windows, proxy: Proxy(), se:cdp: ws://localhost:53471/devtoo..., se:cdpVersion: 138.0.7204.168, setWindowRect: true, strictFileInteractability: false, timeouts: {implicit: 0, pageLoad: 300000, script: 30000}, unhandledPromptBehavior: dismiss and notify, webauthn:extension:credBlob: true, webauthn:extension:largeBlob: true, webauthn:extension:minPinLength: true, webauthn:extension:prf: true, webauthn:virtualAuthenticators: true}
Session ID: 45139903c7748a12f3595297e79a5166]]>
            </message>
            <full-stacktrace>
              <![CDATA[org.openqa.selenium.TimeoutException: Expected condition failed: waiting for invisibility of [[ChromeDriver: chrome on windows (45139903c7748a12f3595297e79a5166)] -> xpath: //div[@role='dialog' and contains(., 'Review Recordings')]] (tried for 10 second(s) with 500 milliseconds interval)
Build info: version: '4.21.0', revision: '79ed462ef4'
System info: os.name: 'Windows 10', os.arch: 'amd64', os.version: '10.0', java.version: '21.0.7'
Driver info: org.openqa.selenium.chrome.ChromeDriver
Capabilities {acceptInsecureCerts: false, browserName: chrome, browserVersion: 138.0.7204.168, chrome: {chromedriverVersion: 138.0.7204.168 (3e8d82e86e9..., userDataDir: C:\Temp\BraveProfile}, fedcm:accounts: true, goog:chromeOptions: {debuggerAddress: localhost:53471}, networkConnectionEnabled: false, pageLoadStrategy: normal, platformName: windows, proxy: Proxy(), se:cdp: ws://localhost:53471/devtoo..., se:cdpVersion: 138.0.7204.168, setWindowRect: true, strictFileInteractability: false, timeouts: {implicit: 0, pageLoad: 300000, script: 30000}, unhandledPromptBehavior: dismiss and notify, webauthn:extension:credBlob: true, webauthn:extension:largeBlob: true, webauthn:extension:minPinLength: true, webauthn:extension:prf: true, webauthn:virtualAuthenticators: true}
Session ID: 45139903c7748a12f3595297e79a5166
at org.openqa.selenium.support.ui.WebDriverWait.timeoutException(WebDriverWait.java:84)
at org.openqa.selenium.support.ui.FluentWait.until(FluentWait.java:228)
at pages.DoctorDashboardPage.uploadRecordings(DoctorDashboardPage.java:290)
at tests.DoctorDashboardTest.verifyRecordingWorkflow_ReviewAfterRecordAgain(DoctorDashboardTest.java:254)
at java.base/jdk.internal.reflect.DirectMethodHandleAccessor.invoke(DirectMethodHandleAccessor.java:103)
at java.base/java.lang.reflect.Method.invoke(Method.java:580)
at org.testng.internal.invokers.MethodInvocationHelper.invokeMethod(MethodInvocationHelper.java:141)
at org.testng.internal.invokers.TestInvoker.invokeMethod(TestInvoker.java:687)
at org.testng.internal.invokers.TestInvoker.invokeTestMethod(TestInvoker.java:230)
at org.testng.internal.invokers.MethodRunner.runInSequence(MethodRunner.java:63)
at org.testng.internal.invokers.TestInvoker$MethodInvocationAgent.invoke(TestInvoker.java:995)
at org.testng.internal.invokers.TestInvoker.invokeTestMethods(TestInvoker.java:203)
at org.testng.internal.invokers.TestMethodWorker.invokeTestMethods(TestMethodWorker.java:154)
at org.testng.internal.invokers.TestMethodWorker.run(TestMethodWorker.java:134)
at java.base/java.util.ArrayList.forEach(ArrayList.java:1596)
at org.testng.TestRunner.privateRun(TestRunner.java:741)
at org.testng.TestRunner.run(TestRunner.java:616)
at org.testng.SuiteRunner.runTest(SuiteRunner.java:421)
at org.testng.SuiteRunner.runSequentially(SuiteRunner.java:413)
at org.testng.SuiteRunner.privateRun(SuiteRunner.java:373)
at org.testng.SuiteRunner.run(SuiteRunner.java:312)
at org.testng.SuiteRunnerWorker.runSuite(SuiteRunnerWorker.java:52)
at org.testng.SuiteRunnerWorker.run(SuiteRunnerWorker.java:95)
at org.testng.TestNG.runSuitesSequentially(TestNG.java:1274)
at org.testng.TestNG.runSuitesLocally(TestNG.java:1208)
at org.testng.TestNG.runSuites(TestNG.java:1112)
at org.testng.TestNG.run(TestNG.java:1079)
at org.testng.remote.AbstractRemoteTestNG.run(AbstractRemoteTestNG.java:115)
at org.testng.remote.RemoteTestNG.initAndRun(RemoteTestNG.java:293)
at org.testng.remote.RemoteTestNG.main(RemoteTestNG.java:91)
]]>
            </full-stacktrace>
          </exception> <!-- org.openqa.selenium.TimeoutException -->
          <reporter-output>
          </reporter-output>
        </test-method> <!-- verifyRecordingWorkflow_ReviewAfterRecordAgain -->
        <test-method is-config="true" signature="refreshPageAfterEachTest()[pri:0, instance:tests.DoctorDashboardTest@463b4ac8]" started-at="2025-07-30T16:32:50 IST" name="refreshPageAfterEachTest" finished-at="2025-07-30T16:32:52 IST" duration-ms="1465" status="PASS">
          <reporter-output>
          </reporter-output>
        </test-method> <!-- refreshPageAfterEachTest -->
        <test-method is-config="true" signature="tearDown()[pri:0, instance:tests.DoctorDashboardTest@463b4ac8]" started-at="2025-07-30T16:32:52 IST" name="tearDown" finished-at="2025-07-30T16:32:52 IST" duration-ms="325" status="PASS">
          <reporter-output>
          </reporter-output>
        </test-method> <!-- tearDown -->
      </class> <!-- tests.DoctorDashboardTest -->
    </test> <!-- LoginTests -->
  </suite> <!-- EzyScribe Login Suite -->
</testng-results>
