<?xml version="1.0" encoding="UTF-8"?>
<testng-results ignored="0" total="43" passed="33" failed="10" skipped="0">
  <reporter-output>
  </reporter-output>
  <suite started-at="2025-07-29T18:24:32 IST" name="EzyScribe Login Suite" finished-at="2025-07-29T18:28:48 IST" duration-ms="255990">
    <groups>
    </groups>
    <test started-at="2025-07-29T18:24:32 IST" name="LoginTests" finished-at="2025-07-29T18:28:48 IST" duration-ms="255990">
      <class name="tests.ScribeDashboardTest">
        <test-method is-config="true" signature="setup()[pri:0, instance:tests.ScribeDashboardTest@463b4ac8]" started-at="2025-07-29T18:26:28 IST" name="setup" finished-at="2025-07-29T18:26:32 IST" duration-ms="3922" status="PASS">
          <reporter-output>
          </reporter-output>
        </test-method> <!-- setup -->
        <test-method signature="verifyDarkLightSystemModeSwitch()[pri:1, instance:tests.ScribeDashboardTest@463b4ac8]" started-at="2025-07-29T18:26:32 IST" name="verifyDarkLightSystemModeSwitch" finished-at="2025-07-29T18:26:38 IST" duration-ms="6178" status="PASS">
          <reporter-output>
          </reporter-output>
        </test-method> <!-- verifyDarkLightSystemModeSwitch -->
        <test-method is-config="true" signature="refreshPageAfterEachTest()[pri:0, instance:tests.ScribeDashboardTest@463b4ac8]" started-at="2025-07-29T18:26:38 IST" name="refreshPageAfterEachTest" finished-at="2025-07-29T18:26:41 IST" duration-ms="3195" status="PASS">
          <reporter-output>
          </reporter-output>
        </test-method> <!-- refreshPageAfterEachTest -->
        <test-method signature="verifyFilterByTaskId()[pri:2, instance:tests.ScribeDashboardTest@463b4ac8]" started-at="2025-07-29T18:26:41 IST" name="verifyFilterByTaskId" finished-at="2025-07-29T18:26:52 IST" duration-ms="10191" status="FAIL">
          <exception class="java.lang.AssertionError">
            <message>
              <![CDATA[Filtered task not present expected [true] but found [false]]]>
            </message>
            <full-stacktrace>
              <![CDATA[java.lang.AssertionError: Filtered task not present expected [true] but found [false]
at org.testng.Assert.fail(Assert.java:111)
at org.testng.Assert.failNotEquals(Assert.java:1590)
at org.testng.Assert.assertTrue(Assert.java:57)
at tests.ScribeDashboardTest.verifyFilterByTaskId(ScribeDashboardTest.java:87)
at java.base/jdk.internal.reflect.DirectMethodHandleAccessor.invoke(DirectMethodHandleAccessor.java:103)
at java.base/java.lang.reflect.Method.invoke(Method.java:580)
at org.testng.internal.invokers.MethodInvocationHelper.invokeMethod(MethodInvocationHelper.java:141)
at org.testng.internal.invokers.TestInvoker.invokeMethod(TestInvoker.java:687)
at org.testng.internal.invokers.TestInvoker.invokeTestMethod(TestInvoker.java:230)
at org.testng.internal.invokers.MethodRunner.runInSequence(MethodRunner.java:63)
at org.testng.internal.invokers.TestInvoker$MethodInvocationAgent.invoke(TestInvoker.java:995)
at org.testng.internal.invokers.TestInvoker.invokeTestMethods(TestInvoker.java:203)
at org.testng.internal.invokers.TestMethodWorker.invokeTestMethods(TestMethodWorker.java:154)
at org.testng.internal.invokers.TestMethodWorker.run(TestMethodWorker.java:134)
at java.base/java.util.ArrayList.forEach(ArrayList.java:1596)
at org.testng.TestRunner.privateRun(TestRunner.java:741)
at org.testng.TestRunner.run(TestRunner.java:616)
at org.testng.SuiteRunner.runTest(SuiteRunner.java:421)
at org.testng.SuiteRunner.runSequentially(SuiteRunner.java:413)
at org.testng.SuiteRunner.privateRun(SuiteRunner.java:373)
at org.testng.SuiteRunner.run(SuiteRunner.java:312)
at org.testng.SuiteRunnerWorker.runSuite(SuiteRunnerWorker.java:52)
at org.testng.SuiteRunnerWorker.run(SuiteRunnerWorker.java:95)
at org.testng.TestNG.runSuitesSequentially(TestNG.java:1274)
at org.testng.TestNG.runSuitesLocally(TestNG.java:1208)
at org.testng.TestNG.runSuites(TestNG.java:1112)
at org.testng.TestNG.run(TestNG.java:1079)
at org.testng.remote.AbstractRemoteTestNG.run(AbstractRemoteTestNG.java:115)
at org.testng.remote.RemoteTestNG.initAndRun(RemoteTestNG.java:293)
at org.testng.remote.RemoteTestNG.main(RemoteTestNG.java:91)
]]>
            </full-stacktrace>
          </exception> <!-- java.lang.AssertionError -->
          <reporter-output>
          </reporter-output>
        </test-method> <!-- verifyFilterByTaskId -->
        <test-method is-config="true" signature="refreshPageAfterEachTest()[pri:0, instance:tests.ScribeDashboardTest@463b4ac8]" started-at="2025-07-29T18:26:52 IST" name="refreshPageAfterEachTest" finished-at="2025-07-29T18:26:54 IST" duration-ms="2450" status="PASS">
          <reporter-output>
          </reporter-output>
        </test-method> <!-- refreshPageAfterEachTest -->
        <test-method signature="verifySortByTaskIdActuallySorts()[pri:3, instance:tests.ScribeDashboardTest@463b4ac8]" started-at="2025-07-29T18:26:54 IST" name="verifySortByTaskIdActuallySorts" finished-at="2025-07-29T18:26:54 IST" duration-ms="148" status="PASS">
          <reporter-output>
          </reporter-output>
        </test-method> <!-- verifySortByTaskIdActuallySorts -->
        <test-method is-config="true" signature="refreshPageAfterEachTest()[pri:0, instance:tests.ScribeDashboardTest@463b4ac8]" started-at="2025-07-29T18:26:54 IST" name="refreshPageAfterEachTest" finished-at="2025-07-29T18:26:57 IST" duration-ms="2968" status="PASS">
          <reporter-output>
          </reporter-output>
        </test-method> <!-- refreshPageAfterEachTest -->
        <test-method signature="verifySortByPatientInitialsActuallySorts()[pri:4, instance:tests.ScribeDashboardTest@463b4ac8]" started-at="2025-07-29T18:26:57 IST" name="verifySortByPatientInitialsActuallySorts" finished-at="2025-07-29T18:26:57 IST" duration-ms="144" status="PASS">
          <reporter-output>
          </reporter-output>
        </test-method> <!-- verifySortByPatientInitialsActuallySorts -->
        <test-method is-config="true" signature="refreshPageAfterEachTest()[pri:0, instance:tests.ScribeDashboardTest@463b4ac8]" started-at="2025-07-29T18:26:57 IST" name="refreshPageAfterEachTest" finished-at="2025-07-29T18:27:00 IST" duration-ms="2548" status="PASS">
          <reporter-output>
          </reporter-output>
        </test-method> <!-- refreshPageAfterEachTest -->
        <test-method signature="verifySortByStatusActuallySorts()[pri:5, instance:tests.ScribeDashboardTest@463b4ac8]" started-at="2025-07-29T18:27:00 IST" name="verifySortByStatusActuallySorts" finished-at="2025-07-29T18:27:00 IST" duration-ms="132" status="PASS">
          <reporter-output>
          </reporter-output>
        </test-method> <!-- verifySortByStatusActuallySorts -->
        <test-method is-config="true" signature="refreshPageAfterEachTest()[pri:0, instance:tests.ScribeDashboardTest@463b4ac8]" started-at="2025-07-29T18:27:00 IST" name="refreshPageAfterEachTest" finished-at="2025-07-29T18:27:02 IST" duration-ms="2527" status="PASS">
          <reporter-output>
          </reporter-output>
        </test-method> <!-- refreshPageAfterEachTest -->
        <test-method signature="verifySortByPriorityActuallySorts()[pri:6, instance:tests.ScribeDashboardTest@463b4ac8]" started-at="2025-07-29T18:27:02 IST" name="verifySortByPriorityActuallySorts" finished-at="2025-07-29T18:27:03 IST" duration-ms="167" status="PASS">
          <reporter-output>
          </reporter-output>
        </test-method> <!-- verifySortByPriorityActuallySorts -->
        <test-method is-config="true" signature="refreshPageAfterEachTest()[pri:0, instance:tests.ScribeDashboardTest@463b4ac8]" started-at="2025-07-29T18:27:03 IST" name="refreshPageAfterEachTest" finished-at="2025-07-29T18:27:06 IST" duration-ms="3198" status="PASS">
          <reporter-output>
          </reporter-output>
        </test-method> <!-- refreshPageAfterEachTest -->
        <test-method signature="verifySortByUploadDateActuallySorts()[pri:7, instance:tests.ScribeDashboardTest@463b4ac8]" started-at="2025-07-29T18:27:06 IST" name="verifySortByUploadDateActuallySorts" finished-at="2025-07-29T18:27:06 IST" duration-ms="154" status="PASS">
          <reporter-output>
          </reporter-output>
        </test-method> <!-- verifySortByUploadDateActuallySorts -->
        <test-method is-config="true" signature="refreshPageAfterEachTest()[pri:0, instance:tests.ScribeDashboardTest@463b4ac8]" started-at="2025-07-29T18:27:06 IST" name="refreshPageAfterEachTest" finished-at="2025-07-29T18:27:09 IST" duration-ms="3199" status="PASS">
          <reporter-output>
          </reporter-output>
        </test-method> <!-- refreshPageAfterEachTest -->
        <test-method signature="verifySortByUploadTimeActuallySorts()[pri:8, instance:tests.ScribeDashboardTest@463b4ac8]" started-at="2025-07-29T18:27:09 IST" name="verifySortByUploadTimeActuallySorts" finished-at="2025-07-29T18:27:09 IST" duration-ms="146" status="FAIL">
          <exception class="java.lang.AssertionError">
            <message>
              <![CDATA[Upload Time column is not sorted.: Lists differ at element [0]: 05:01 PM != 06:23 PM expected [05:01 PM] but found [06:23 PM]]]>
            </message>
            <full-stacktrace>
              <![CDATA[java.lang.AssertionError: Upload Time column is not sorted.: Lists differ at element [0]: 05:01 PM != 06:23 PM expected [05:01 PM] but found [06:23 PM]
at org.testng.Assert.fail(Assert.java:111)
at org.testng.Assert.failNotEquals(Assert.java:1590)
at org.testng.Assert.assertEqualsImpl(Assert.java:150)
at org.testng.Assert.assertEquals(Assert.java:1656)
at tests.ScribeDashboardTest.verifySortByUploadTimeActuallySorts(ScribeDashboardTest.java:147)
at java.base/jdk.internal.reflect.DirectMethodHandleAccessor.invoke(DirectMethodHandleAccessor.java:103)
at java.base/java.lang.reflect.Method.invoke(Method.java:580)
at org.testng.internal.invokers.MethodInvocationHelper.invokeMethod(MethodInvocationHelper.java:141)
at org.testng.internal.invokers.TestInvoker.invokeMethod(TestInvoker.java:687)
at org.testng.internal.invokers.TestInvoker.invokeTestMethod(TestInvoker.java:230)
at org.testng.internal.invokers.MethodRunner.runInSequence(MethodRunner.java:63)
at org.testng.internal.invokers.TestInvoker$MethodInvocationAgent.invoke(TestInvoker.java:995)
at org.testng.internal.invokers.TestInvoker.invokeTestMethods(TestInvoker.java:203)
at org.testng.internal.invokers.TestMethodWorker.invokeTestMethods(TestMethodWorker.java:154)
at org.testng.internal.invokers.TestMethodWorker.run(TestMethodWorker.java:134)
at java.base/java.util.ArrayList.forEach(ArrayList.java:1596)
at org.testng.TestRunner.privateRun(TestRunner.java:741)
at org.testng.TestRunner.run(TestRunner.java:616)
at org.testng.SuiteRunner.runTest(SuiteRunner.java:421)
at org.testng.SuiteRunner.runSequentially(SuiteRunner.java:413)
at org.testng.SuiteRunner.privateRun(SuiteRunner.java:373)
at org.testng.SuiteRunner.run(SuiteRunner.java:312)
at org.testng.SuiteRunnerWorker.runSuite(SuiteRunnerWorker.java:52)
at org.testng.SuiteRunnerWorker.run(SuiteRunnerWorker.java:95)
at org.testng.TestNG.runSuitesSequentially(TestNG.java:1274)
at org.testng.TestNG.runSuitesLocally(TestNG.java:1208)
at org.testng.TestNG.runSuites(TestNG.java:1112)
at org.testng.TestNG.run(TestNG.java:1079)
at org.testng.remote.AbstractRemoteTestNG.run(AbstractRemoteTestNG.java:115)
at org.testng.remote.RemoteTestNG.initAndRun(RemoteTestNG.java:293)
at org.testng.remote.RemoteTestNG.main(RemoteTestNG.java:91)
]]>
            </full-stacktrace>
          </exception> <!-- java.lang.AssertionError -->
          <reporter-output>
          </reporter-output>
        </test-method> <!-- verifySortByUploadTimeActuallySorts -->
        <test-method is-config="true" signature="refreshPageAfterEachTest()[pri:0, instance:tests.ScribeDashboardTest@463b4ac8]" started-at="2025-07-29T18:27:09 IST" name="refreshPageAfterEachTest" finished-at="2025-07-29T18:27:12 IST" duration-ms="2483" status="PASS">
          <reporter-output>
          </reporter-output>
        </test-method> <!-- refreshPageAfterEachTest -->
        <test-method signature="verifySortByAudioDurationActuallySorts()[pri:9, instance:tests.ScribeDashboardTest@463b4ac8]" started-at="2025-07-29T18:27:12 IST" name="verifySortByAudioDurationActuallySorts" finished-at="2025-07-29T18:27:12 IST" duration-ms="141" status="PASS">
          <reporter-output>
          </reporter-output>
        </test-method> <!-- verifySortByAudioDurationActuallySorts -->
        <test-method is-config="true" signature="refreshPageAfterEachTest()[pri:0, instance:tests.ScribeDashboardTest@463b4ac8]" started-at="2025-07-29T18:27:12 IST" name="refreshPageAfterEachTest" finished-at="2025-07-29T18:27:15 IST" duration-ms="2650" status="PASS">
          <reporter-output>
          </reporter-output>
        </test-method> <!-- refreshPageAfterEachTest -->
        <test-method signature="verifyFilterByStatusInProgress()[pri:10, instance:tests.ScribeDashboardTest@463b4ac8]" started-at="2025-07-29T18:27:15 IST" name="verifyFilterByStatusInProgress" finished-at="2025-07-29T18:27:20 IST" duration-ms="5595" status="FAIL">
          <exception class="java.lang.AssertionError">
            <message>
              <![CDATA[Neither rows nor 'No data' message appeared after filtering.]]>
            </message>
            <full-stacktrace>
              <![CDATA[java.lang.AssertionError: Neither rows nor 'No data' message appeared after filtering.
at pages.ScribeDashboardPage.filterStatusInProgress(ScribeDashboardPage.java:119)
at tests.ScribeDashboardTest.verifyFilterByStatusInProgress(ScribeDashboardTest.java:163)
at java.base/jdk.internal.reflect.DirectMethodHandleAccessor.invoke(DirectMethodHandleAccessor.java:103)
at java.base/java.lang.reflect.Method.invoke(Method.java:580)
at org.testng.internal.invokers.MethodInvocationHelper.invokeMethod(MethodInvocationHelper.java:141)
at org.testng.internal.invokers.TestInvoker.invokeMethod(TestInvoker.java:687)
at org.testng.internal.invokers.TestInvoker.invokeTestMethod(TestInvoker.java:230)
at org.testng.internal.invokers.MethodRunner.runInSequence(MethodRunner.java:63)
at org.testng.internal.invokers.TestInvoker$MethodInvocationAgent.invoke(TestInvoker.java:995)
at org.testng.internal.invokers.TestInvoker.invokeTestMethods(TestInvoker.java:203)
at org.testng.internal.invokers.TestMethodWorker.invokeTestMethods(TestMethodWorker.java:154)
at org.testng.internal.invokers.TestMethodWorker.run(TestMethodWorker.java:134)
at java.base/java.util.ArrayList.forEach(ArrayList.java:1596)
at org.testng.TestRunner.privateRun(TestRunner.java:741)
at org.testng.TestRunner.run(TestRunner.java:616)
at org.testng.SuiteRunner.runTest(SuiteRunner.java:421)
at org.testng.SuiteRunner.runSequentially(SuiteRunner.java:413)
at org.testng.SuiteRunner.privateRun(SuiteRunner.java:373)
at org.testng.SuiteRunner.run(SuiteRunner.java:312)
at org.testng.SuiteRunnerWorker.runSuite(SuiteRunnerWorker.java:52)
at org.testng.SuiteRunnerWorker.run(SuiteRunnerWorker.java:95)
at org.testng.TestNG.runSuitesSequentially(TestNG.java:1274)
at org.testng.TestNG.runSuitesLocally(TestNG.java:1208)
at org.testng.TestNG.runSuites(TestNG.java:1112)
at org.testng.TestNG.run(TestNG.java:1079)
at org.testng.remote.AbstractRemoteTestNG.run(AbstractRemoteTestNG.java:115)
at org.testng.remote.RemoteTestNG.initAndRun(RemoteTestNG.java:293)
at org.testng.remote.RemoteTestNG.main(RemoteTestNG.java:91)
]]>
            </full-stacktrace>
          </exception> <!-- java.lang.AssertionError -->
          <reporter-output>
          </reporter-output>
        </test-method> <!-- verifyFilterByStatusInProgress -->
        <test-method is-config="true" signature="refreshPageAfterEachTest()[pri:0, instance:tests.ScribeDashboardTest@463b4ac8]" started-at="2025-07-29T18:27:20 IST" name="refreshPageAfterEachTest" finished-at="2025-07-29T18:27:23 IST" duration-ms="2462" status="PASS">
          <reporter-output>
          </reporter-output>
        </test-method> <!-- refreshPageAfterEachTest -->
        <test-method signature="verifyFilterByPriorityMedium()[pri:11, instance:tests.ScribeDashboardTest@463b4ac8]" started-at="2025-07-29T18:27:23 IST" name="verifyFilterByPriorityMedium" finished-at="2025-07-29T18:27:28 IST" duration-ms="5571" status="FAIL">
          <exception class="java.lang.AssertionError">
            <message>
              <![CDATA[Neither rows nor 'No data' message appeared after filtering by Medium priority.]]>
            </message>
            <full-stacktrace>
              <![CDATA[java.lang.AssertionError: Neither rows nor 'No data' message appeared after filtering by Medium priority.
at pages.ScribeDashboardPage.filterPriorityMedium(ScribeDashboardPage.java:158)
at tests.ScribeDashboardTest.verifyFilterByPriorityMedium(ScribeDashboardTest.java:171)
at java.base/jdk.internal.reflect.DirectMethodHandleAccessor.invoke(DirectMethodHandleAccessor.java:103)
at java.base/java.lang.reflect.Method.invoke(Method.java:580)
at org.testng.internal.invokers.MethodInvocationHelper.invokeMethod(MethodInvocationHelper.java:141)
at org.testng.internal.invokers.TestInvoker.invokeMethod(TestInvoker.java:687)
at org.testng.internal.invokers.TestInvoker.invokeTestMethod(TestInvoker.java:230)
at org.testng.internal.invokers.MethodRunner.runInSequence(MethodRunner.java:63)
at org.testng.internal.invokers.TestInvoker$MethodInvocationAgent.invoke(TestInvoker.java:995)
at org.testng.internal.invokers.TestInvoker.invokeTestMethods(TestInvoker.java:203)
at org.testng.internal.invokers.TestMethodWorker.invokeTestMethods(TestMethodWorker.java:154)
at org.testng.internal.invokers.TestMethodWorker.run(TestMethodWorker.java:134)
at java.base/java.util.ArrayList.forEach(ArrayList.java:1596)
at org.testng.TestRunner.privateRun(TestRunner.java:741)
at org.testng.TestRunner.run(TestRunner.java:616)
at org.testng.SuiteRunner.runTest(SuiteRunner.java:421)
at org.testng.SuiteRunner.runSequentially(SuiteRunner.java:413)
at org.testng.SuiteRunner.privateRun(SuiteRunner.java:373)
at org.testng.SuiteRunner.run(SuiteRunner.java:312)
at org.testng.SuiteRunnerWorker.runSuite(SuiteRunnerWorker.java:52)
at org.testng.SuiteRunnerWorker.run(SuiteRunnerWorker.java:95)
at org.testng.TestNG.runSuitesSequentially(TestNG.java:1274)
at org.testng.TestNG.runSuitesLocally(TestNG.java:1208)
at org.testng.TestNG.runSuites(TestNG.java:1112)
at org.testng.TestNG.run(TestNG.java:1079)
at org.testng.remote.AbstractRemoteTestNG.run(AbstractRemoteTestNG.java:115)
at org.testng.remote.RemoteTestNG.initAndRun(RemoteTestNG.java:293)
at org.testng.remote.RemoteTestNG.main(RemoteTestNG.java:91)
]]>
            </full-stacktrace>
          </exception> <!-- java.lang.AssertionError -->
          <reporter-output>
          </reporter-output>
        </test-method> <!-- verifyFilterByPriorityMedium -->
        <test-method is-config="true" signature="refreshPageAfterEachTest()[pri:0, instance:tests.ScribeDashboardTest@463b4ac8]" started-at="2025-07-29T18:27:28 IST" name="refreshPageAfterEachTest" finished-at="2025-07-29T18:27:31 IST" duration-ms="2489" status="PASS">
          <reporter-output>
          </reporter-output>
        </test-method> <!-- refreshPageAfterEachTest -->
        <test-method signature="verifyViewTaskHidesRow()[pri:12, instance:tests.ScribeDashboardTest@463b4ac8]" started-at="2025-07-29T18:27:31 IST" name="verifyViewTaskHidesRow" finished-at="2025-07-29T18:27:31 IST" duration-ms="242" status="PASS">
          <reporter-output>
          </reporter-output>
        </test-method> <!-- verifyViewTaskHidesRow -->
        <test-method is-config="true" signature="refreshPageAfterEachTest()[pri:0, instance:tests.ScribeDashboardTest@463b4ac8]" started-at="2025-07-29T18:27:31 IST" name="refreshPageAfterEachTest" finished-at="2025-07-29T18:27:33 IST" duration-ms="2520" status="PASS">
          <reporter-output>
          </reporter-output>
        </test-method> <!-- refreshPageAfterEachTest -->
        <test-method is-config="true" signature="tearDown()[pri:0, instance:tests.ScribeDashboardTest@463b4ac8]" started-at="2025-07-29T18:27:33 IST" name="tearDown" finished-at="2025-07-29T18:27:34 IST" duration-ms="359" status="PASS">
          <reporter-output>
          </reporter-output>
        </test-method> <!-- tearDown -->
      </class> <!-- tests.ScribeDashboardTest -->
      <class name="tests.LoginTests">
        <test-method is-config="true" signature="setupClass()[pri:0, instance:tests.LoginTests@5c18016b]" started-at="2025-07-29T18:24:32 IST" name="setupClass" finished-at="2025-07-29T18:24:32 IST" duration-ms="342" status="PASS">
          <reporter-output>
          </reporter-output>
        </test-method> <!-- setupClass -->
        <test-method is-config="true" signature="setup()[pri:0, instance:tests.LoginTests@5c18016b]" started-at="2025-07-29T18:24:32 IST" name="setup" finished-at="2025-07-29T18:24:36 IST" duration-ms="3619" status="PASS">
          <reporter-output>
          </reporter-output>
        </test-method> <!-- setup -->
        <test-method signature="loginTest(java.lang.String,java.lang.String,java.lang.String,java.lang.String)[pri:1, instance:tests.LoginTests@5c18016b]" started-at="2025-07-29T18:24:36 IST" name="loginTest" description="TC01-TC24 - Login test for various valid/invalid credentials" data-provider="loginData" finished-at="2025-07-29T18:24:38 IST" duration-ms="1989" status="PASS">
          <params>
            <param index="0">
              <value>
                <![CDATA[TC01]]>
              </value>
            </param>
            <param index="1">
              <value>
                <![CDATA[testprovider@gmail.com]]>
              </value>
            </param>
            <param index="2">
              <value>
                <![CDATA[12345678]]>
              </value>
            </param>
            <param index="3">
              <value>
                <![CDATA[success_doctor]]>
              </value>
            </param>
          </params>
          <reporter-output>
          </reporter-output>
        </test-method> <!-- loginTest -->
        <test-method is-config="true" signature="tearDown()[pri:0, instance:tests.LoginTests@5c18016b]" started-at="2025-07-29T18:24:38 IST" name="tearDown" finished-at="2025-07-29T18:24:38 IST" duration-ms="144" status="PASS">
          <reporter-output>
          </reporter-output>
        </test-method> <!-- tearDown -->
        <test-method is-config="true" signature="setup()[pri:0, instance:tests.LoginTests@5c18016b]" started-at="2025-07-29T18:24:38 IST" name="setup" finished-at="2025-07-29T18:24:41 IST" duration-ms="3308" status="PASS">
          <reporter-output>
          </reporter-output>
        </test-method> <!-- setup -->
        <test-method signature="loginTest(java.lang.String,java.lang.String,java.lang.String,java.lang.String)[pri:1, instance:tests.LoginTests@5c18016b]" started-at="2025-07-29T18:24:41 IST" name="loginTest" description="TC01-TC24 - Login test for various valid/invalid credentials" data-provider="loginData" finished-at="2025-07-29T18:24:43 IST" duration-ms="1285" status="PASS">
          <params>
            <param index="0">
              <value>
                <![CDATA[TC02]]>
              </value>
            </param>
            <param index="1">
              <value>
                <![CDATA[wrongemail@example.com]]>
              </value>
            </param>
            <param index="2">
              <value>
                <![CDATA[DocPass123]]>
              </value>
            </param>
            <param index="3">
              <value>
                <![CDATA[error]]>
              </value>
            </param>
          </params>
          <reporter-output>
          </reporter-output>
        </test-method> <!-- loginTest -->
        <test-method is-config="true" signature="tearDown()[pri:0, instance:tests.LoginTests@5c18016b]" started-at="2025-07-29T18:24:43 IST" name="tearDown" finished-at="2025-07-29T18:24:43 IST" duration-ms="111" status="PASS">
          <reporter-output>
          </reporter-output>
        </test-method> <!-- tearDown -->
        <test-method is-config="true" signature="setup()[pri:0, instance:tests.LoginTests@5c18016b]" started-at="2025-07-29T18:24:43 IST" name="setup" finished-at="2025-07-29T18:24:46 IST" duration-ms="3251" status="PASS">
          <reporter-output>
          </reporter-output>
        </test-method> <!-- setup -->
        <test-method signature="loginTest(java.lang.String,java.lang.String,java.lang.String,java.lang.String)[pri:1, instance:tests.LoginTests@5c18016b]" started-at="2025-07-29T18:24:46 IST" name="loginTest" description="TC01-TC24 - Login test for various valid/invalid credentials" data-provider="loginData" finished-at="2025-07-29T18:24:47 IST" duration-ms="1266" status="PASS">
          <params>
            <param index="0">
              <value>
                <![CDATA[TC03]]>
              </value>
            </param>
            <param index="1">
              <value>
                <![CDATA[doctor@example.com]]>
              </value>
            </param>
            <param index="2">
              <value>
                <![CDATA[wrongpass]]>
              </value>
            </param>
            <param index="3">
              <value>
                <![CDATA[error]]>
              </value>
            </param>
          </params>
          <reporter-output>
          </reporter-output>
        </test-method> <!-- loginTest -->
        <test-method is-config="true" signature="tearDown()[pri:0, instance:tests.LoginTests@5c18016b]" started-at="2025-07-29T18:24:47 IST" name="tearDown" finished-at="2025-07-29T18:24:48 IST" duration-ms="122" status="PASS">
          <reporter-output>
          </reporter-output>
        </test-method> <!-- tearDown -->
        <test-method is-config="true" signature="setup()[pri:0, instance:tests.LoginTests@5c18016b]" started-at="2025-07-29T18:24:48 IST" name="setup" finished-at="2025-07-29T18:24:51 IST" duration-ms="3089" status="PASS">
          <reporter-output>
          </reporter-output>
        </test-method> <!-- setup -->
        <test-method signature="loginTest(java.lang.String,java.lang.String,java.lang.String,java.lang.String)[pri:1, instance:tests.LoginTests@5c18016b]" started-at="2025-07-29T18:24:51 IST" name="loginTest" description="TC01-TC24 - Login test for various valid/invalid credentials" data-provider="loginData" finished-at="2025-07-29T18:24:52 IST" duration-ms="1229" status="PASS">
          <params>
            <param index="0">
              <value>
                <![CDATA[TC04]]>
              </value>
            </param>
            <param index="1">
              <value>
                <![CDATA[]]>
              </value>
            </param>
            <param index="2">
              <value>
                <![CDATA[DocPass123]]>
              </value>
            </param>
            <param index="3">
              <value>
                <![CDATA[error]]>
              </value>
            </param>
          </params>
          <reporter-output>
          </reporter-output>
        </test-method> <!-- loginTest -->
        <test-method is-config="true" signature="tearDown()[pri:0, instance:tests.LoginTests@5c18016b]" started-at="2025-07-29T18:24:52 IST" name="tearDown" finished-at="2025-07-29T18:24:52 IST" duration-ms="118" status="PASS">
          <reporter-output>
          </reporter-output>
        </test-method> <!-- tearDown -->
        <test-method is-config="true" signature="setup()[pri:0, instance:tests.LoginTests@5c18016b]" started-at="2025-07-29T18:24:52 IST" name="setup" finished-at="2025-07-29T18:24:55 IST" duration-ms="3265" status="PASS">
          <reporter-output>
          </reporter-output>
        </test-method> <!-- setup -->
        <test-method signature="loginTest(java.lang.String,java.lang.String,java.lang.String,java.lang.String)[pri:1, instance:tests.LoginTests@5c18016b]" started-at="2025-07-29T18:24:55 IST" name="loginTest" description="TC01-TC24 - Login test for various valid/invalid credentials" data-provider="loginData" finished-at="2025-07-29T18:24:56 IST" duration-ms="1260" status="PASS">
          <params>
            <param index="0">
              <value>
                <![CDATA[TC05]]>
              </value>
            </param>
            <param index="1">
              <value>
                <![CDATA[doctor@example.com]]>
              </value>
            </param>
            <param index="2">
              <value>
                <![CDATA[]]>
              </value>
            </param>
            <param index="3">
              <value>
                <![CDATA[error]]>
              </value>
            </param>
          </params>
          <reporter-output>
          </reporter-output>
        </test-method> <!-- loginTest -->
        <test-method is-config="true" signature="tearDown()[pri:0, instance:tests.LoginTests@5c18016b]" started-at="2025-07-29T18:24:56 IST" name="tearDown" finished-at="2025-07-29T18:24:57 IST" duration-ms="117" status="PASS">
          <reporter-output>
          </reporter-output>
        </test-method> <!-- tearDown -->
        <test-method is-config="true" signature="setup()[pri:0, instance:tests.LoginTests@5c18016b]" started-at="2025-07-29T18:24:57 IST" name="setup" finished-at="2025-07-29T18:25:00 IST" duration-ms="3042" status="PASS">
          <reporter-output>
          </reporter-output>
        </test-method> <!-- setup -->
        <test-method signature="loginTest(java.lang.String,java.lang.String,java.lang.String,java.lang.String)[pri:1, instance:tests.LoginTests@5c18016b]" started-at="2025-07-29T18:25:00 IST" name="loginTest" description="TC01-TC24 - Login test for various valid/invalid credentials" data-provider="loginData" finished-at="2025-07-29T18:25:01 IST" duration-ms="1214" status="PASS">
          <params>
            <param index="0">
              <value>
                <![CDATA[TC06]]>
              </value>
            </param>
            <param index="1">
              <value>
                <![CDATA[]]>
              </value>
            </param>
            <param index="2">
              <value>
                <![CDATA[]]>
              </value>
            </param>
            <param index="3">
              <value>
                <![CDATA[error]]>
              </value>
            </param>
          </params>
          <reporter-output>
          </reporter-output>
        </test-method> <!-- loginTest -->
        <test-method is-config="true" signature="tearDown()[pri:0, instance:tests.LoginTests@5c18016b]" started-at="2025-07-29T18:25:01 IST" name="tearDown" finished-at="2025-07-29T18:25:01 IST" duration-ms="118" status="PASS">
          <reporter-output>
          </reporter-output>
        </test-method> <!-- tearDown -->
        <test-method is-config="true" signature="setup()[pri:0, instance:tests.LoginTests@5c18016b]" started-at="2025-07-29T18:25:01 IST" name="setup" finished-at="2025-07-29T18:25:04 IST" duration-ms="3013" status="PASS">
          <reporter-output>
          </reporter-output>
        </test-method> <!-- setup -->
        <test-method signature="loginTest(java.lang.String,java.lang.String,java.lang.String,java.lang.String)[pri:1, instance:tests.LoginTests@5c18016b]" started-at="2025-07-29T18:25:04 IST" name="loginTest" description="TC01-TC24 - Login test for various valid/invalid credentials" data-provider="loginData" finished-at="2025-07-29T18:25:05 IST" duration-ms="1279" status="PASS">
          <params>
            <param index="0">
              <value>
                <![CDATA[TC07]]>
              </value>
            </param>
            <param index="1">
              <value>
                <![CDATA[doctor@@example]]>
              </value>
            </param>
            <param index="2">
              <value>
                <![CDATA[DocPass123]]>
              </value>
            </param>
            <param index="3">
              <value>
                <![CDATA[error]]>
              </value>
            </param>
          </params>
          <reporter-output>
          </reporter-output>
        </test-method> <!-- loginTest -->
        <test-method is-config="true" signature="tearDown()[pri:0, instance:tests.LoginTests@5c18016b]" started-at="2025-07-29T18:25:05 IST" name="tearDown" finished-at="2025-07-29T18:25:05 IST" duration-ms="101" status="PASS">
          <reporter-output>
          </reporter-output>
        </test-method> <!-- tearDown -->
        <test-method is-config="true" signature="setup()[pri:0, instance:tests.LoginTests@5c18016b]" started-at="2025-07-29T18:25:05 IST" name="setup" finished-at="2025-07-29T18:25:09 IST" duration-ms="3280" status="PASS">
          <reporter-output>
          </reporter-output>
        </test-method> <!-- setup -->
        <test-method signature="loginTest(java.lang.String,java.lang.String,java.lang.String,java.lang.String)[pri:1, instance:tests.LoginTests@5c18016b]" started-at="2025-07-29T18:25:09 IST" name="loginTest" description="TC01-TC24 - Login test for various valid/invalid credentials" data-provider="loginData" finished-at="2025-07-29T18:25:10 IST" duration-ms="1271" status="PASS">
          <params>
            <param index="0">
              <value>
                <![CDATA[TC10]]>
              </value>
            </param>
            <param index="1">
              <value>
                <![CDATA[special@!#$.com]]>
              </value>
            </param>
            <param index="2">
              <value>
                <![CDATA[special123]]>
              </value>
            </param>
            <param index="3">
              <value>
                <![CDATA[error]]>
              </value>
            </param>
          </params>
          <reporter-output>
          </reporter-output>
        </test-method> <!-- loginTest -->
        <test-method is-config="true" signature="tearDown()[pri:0, instance:tests.LoginTests@5c18016b]" started-at="2025-07-29T18:25:10 IST" name="tearDown" finished-at="2025-07-29T18:25:10 IST" duration-ms="138" status="PASS">
          <reporter-output>
          </reporter-output>
        </test-method> <!-- tearDown -->
        <test-method is-config="true" signature="setup()[pri:0, instance:tests.LoginTests@5c18016b]" started-at="2025-07-29T18:25:10 IST" name="setup" finished-at="2025-07-29T18:25:13 IST" duration-ms="3289" status="PASS">
          <reporter-output>
          </reporter-output>
        </test-method> <!-- setup -->
        <test-method signature="loginTest(java.lang.String,java.lang.String,java.lang.String,java.lang.String)[pri:1, instance:tests.LoginTests@5c18016b]" started-at="2025-07-29T18:25:13 IST" name="loginTest" description="TC01-TC24 - Login test for various valid/invalid credentials" data-provider="loginData" finished-at="2025-07-29T18:25:15 IST" duration-ms="1321" status="PASS">
          <params>
            <param index="0">
              <value>
                <![CDATA[TC11]]>
              </value>
            </param>
            <param index="1">
              <value>
                <![CDATA[verylongemail@exampletoolonglonglongdomain.com]]>
              </value>
            </param>
            <param index="2">
              <value>
                <![CDATA[DocPass123]]>
              </value>
            </param>
            <param index="3">
              <value>
                <![CDATA[error]]>
              </value>
            </param>
          </params>
          <reporter-output>
          </reporter-output>
        </test-method> <!-- loginTest -->
        <test-method is-config="true" signature="tearDown()[pri:0, instance:tests.LoginTests@5c18016b]" started-at="2025-07-29T18:25:15 IST" name="tearDown" finished-at="2025-07-29T18:25:15 IST" duration-ms="116" status="PASS">
          <reporter-output>
          </reporter-output>
        </test-method> <!-- tearDown -->
        <test-method is-config="true" signature="setup()[pri:0, instance:tests.LoginTests@5c18016b]" started-at="2025-07-29T18:25:15 IST" name="setup" finished-at="2025-07-29T18:25:19 IST" duration-ms="3797" status="PASS">
          <reporter-output>
          </reporter-output>
        </test-method> <!-- setup -->
        <test-method signature="loginTest(java.lang.String,java.lang.String,java.lang.String,java.lang.String)[pri:1, instance:tests.LoginTests@5c18016b]" started-at="2025-07-29T18:25:19 IST" name="loginTest" description="TC01-TC24 - Login test for various valid/invalid credentials" data-provider="loginData" finished-at="2025-07-29T18:25:20 IST" duration-ms="1286" status="PASS">
          <params>
            <param index="0">
              <value>
                <![CDATA[TC12]]>
              </value>
            </param>
            <param index="1">
              <value>
                <![CDATA[doctor@example.com]]>
              </value>
            </param>
            <param index="2">
              <value>
                <![CDATA[passwordWithVeryLongText1234567890!@#]]>
              </value>
            </param>
            <param index="3">
              <value>
                <![CDATA[error]]>
              </value>
            </param>
          </params>
          <reporter-output>
          </reporter-output>
        </test-method> <!-- loginTest -->
        <test-method is-config="true" signature="tearDown()[pri:0, instance:tests.LoginTests@5c18016b]" started-at="2025-07-29T18:25:20 IST" name="tearDown" finished-at="2025-07-29T18:25:20 IST" duration-ms="136" status="PASS">
          <reporter-output>
          </reporter-output>
        </test-method> <!-- tearDown -->
        <test-method is-config="true" signature="setup()[pri:0, instance:tests.LoginTests@5c18016b]" started-at="2025-07-29T18:25:20 IST" name="setup" finished-at="2025-07-29T18:25:23 IST" duration-ms="3030" status="PASS">
          <reporter-output>
          </reporter-output>
        </test-method> <!-- setup -->
        <test-method signature="loginTest(java.lang.String,java.lang.String,java.lang.String,java.lang.String)[pri:1, instance:tests.LoginTests@5c18016b]" started-at="2025-07-29T18:25:23 IST" name="loginTest" description="TC01-TC24 - Login test for various valid/invalid credentials" data-provider="loginData" finished-at="2025-07-29T18:25:30 IST" duration-ms="6814" status="PASS">
          <params>
            <param index="0">
              <value>
                <![CDATA[TC15]]>
              </value>
            </param>
            <param index="1">
              <value>
                <![CDATA[testprovider@gmail.com]]>
              </value>
            </param>
            <param index="2">
              <value>
                <![CDATA[12345678]]>
              </value>
            </param>
            <param index="3">
              <value>
                <![CDATA[success_doctor]]>
              </value>
            </param>
          </params>
          <reporter-output>
          </reporter-output>
        </test-method> <!-- loginTest -->
        <test-method is-config="true" signature="tearDown()[pri:0, instance:tests.LoginTests@5c18016b]" started-at="2025-07-29T18:25:30 IST" name="tearDown" finished-at="2025-07-29T18:25:30 IST" duration-ms="136" status="PASS">
          <reporter-output>
          </reporter-output>
        </test-method> <!-- tearDown -->
        <test-method is-config="true" signature="setup()[pri:0, instance:tests.LoginTests@5c18016b]" started-at="2025-07-29T18:25:30 IST" name="setup" finished-at="2025-07-29T18:25:33 IST" duration-ms="3295" status="PASS">
          <reporter-output>
          </reporter-output>
        </test-method> <!-- setup -->
        <test-method signature="loginTest(java.lang.String,java.lang.String,java.lang.String,java.lang.String)[pri:1, instance:tests.LoginTests@5c18016b]" started-at="2025-07-29T18:25:33 IST" name="loginTest" description="TC01-TC24 - Login test for various valid/invalid credentials" data-provider="loginData" finished-at="2025-07-29T18:25:35 IST" duration-ms="1821" status="PASS">
          <params>
            <param index="0">
              <value>
                <![CDATA[TC19]]>
              </value>
            </param>
            <param index="1">
              <value>
                <![CDATA[Testprovider@gmail.com]]>
              </value>
            </param>
            <param index="2">
              <value>
                <![CDATA[12345678]]>
              </value>
            </param>
            <param index="3">
              <value>
                <![CDATA[success_doctor]]>
              </value>
            </param>
          </params>
          <reporter-output>
          </reporter-output>
        </test-method> <!-- loginTest -->
        <test-method is-config="true" signature="tearDown()[pri:0, instance:tests.LoginTests@5c18016b]" started-at="2025-07-29T18:25:35 IST" name="tearDown" finished-at="2025-07-29T18:25:35 IST" duration-ms="137" status="PASS">
          <reporter-output>
          </reporter-output>
        </test-method> <!-- tearDown -->
        <test-method is-config="true" signature="setup()[pri:0, instance:tests.LoginTests@5c18016b]" started-at="2025-07-29T18:25:35 IST" name="setup" finished-at="2025-07-29T18:25:39 IST" duration-ms="3294" status="PASS">
          <reporter-output>
          </reporter-output>
        </test-method> <!-- setup -->
        <test-method signature="loginTest(java.lang.String,java.lang.String,java.lang.String,java.lang.String)[pri:1, instance:tests.LoginTests@5c18016b]" started-at="2025-07-29T18:25:39 IST" name="loginTest" description="TC01-TC24 - Login test for various valid/invalid credentials" data-provider="loginData" finished-at="2025-07-29T18:25:40 IST" duration-ms="1263" status="PASS">
          <params>
            <param index="0">
              <value>
                <![CDATA[TC20]]>
              </value>
            </param>
            <param index="1">
              <value>
                <![CDATA[doctor@example.com]]>
              </value>
            </param>
            <param index="2">
              <value>
                <![CDATA[DOCPASS123]]>
              </value>
            </param>
            <param index="3">
              <value>
                <![CDATA[error]]>
              </value>
            </param>
          </params>
          <reporter-output>
          </reporter-output>
        </test-method> <!-- loginTest -->
        <test-method is-config="true" signature="tearDown()[pri:0, instance:tests.LoginTests@5c18016b]" started-at="2025-07-29T18:25:40 IST" name="tearDown" finished-at="2025-07-29T18:25:40 IST" duration-ms="117" status="PASS">
          <reporter-output>
          </reporter-output>
        </test-method> <!-- tearDown -->
        <test-method is-config="true" signature="setup()[pri:0, instance:tests.LoginTests@5c18016b]" started-at="2025-07-29T18:25:40 IST" name="setup" finished-at="2025-07-29T18:25:44 IST" duration-ms="4121" status="PASS">
          <reporter-output>
          </reporter-output>
        </test-method> <!-- setup -->
        <test-method signature="loginTest(java.lang.String,java.lang.String,java.lang.String,java.lang.String)[pri:1, instance:tests.LoginTests@5c18016b]" started-at="2025-07-29T18:25:44 IST" name="loginTest" description="TC01-TC24 - Login test for various valid/invalid credentials" data-provider="loginData" finished-at="2025-07-29T18:25:51 IST" duration-ms="6819" status="PASS">
          <params>
            <param index="0">
              <value>
                <![CDATA[TC23]]>
              </value>
            </param>
            <param index="1">
              <value>
                <![CDATA[testprovider@gmail.com]]>
              </value>
            </param>
            <param index="2">
              <value>
                <![CDATA[12345678]]>
              </value>
            </param>
            <param index="3">
              <value>
                <![CDATA[success_doctor]]>
              </value>
            </param>
          </params>
          <reporter-output>
          </reporter-output>
        </test-method> <!-- loginTest -->
        <test-method is-config="true" signature="tearDown()[pri:0, instance:tests.LoginTests@5c18016b]" started-at="2025-07-29T18:25:51 IST" name="tearDown" finished-at="2025-07-29T18:25:51 IST" duration-ms="139" status="PASS">
          <reporter-output>
          </reporter-output>
        </test-method> <!-- tearDown -->
        <test-method is-config="true" signature="setup()[pri:0, instance:tests.LoginTests@5c18016b]" started-at="2025-07-29T18:25:51 IST" name="setup" finished-at="2025-07-29T18:25:54 IST" duration-ms="3342" status="PASS">
          <reporter-output>
          </reporter-output>
        </test-method> <!-- setup -->
        <test-method signature="loginTest(java.lang.String,java.lang.String,java.lang.String,java.lang.String)[pri:1, instance:tests.LoginTests@5c18016b]" started-at="2025-07-29T18:25:54 IST" name="loginTest" description="TC01-TC24 - Login test for various valid/invalid credentials" data-provider="loginData" finished-at="2025-07-29T18:25:56 IST" duration-ms="1812" status="PASS">
          <params>
            <param index="0">
              <value>
                <![CDATA[TC24]]>
              </value>
            </param>
            <param index="1">
              <value>
                <![CDATA[testscribe@gmail.com]]>
              </value>
            </param>
            <param index="2">
              <value>
                <![CDATA[12345678]]>
              </value>
            </param>
            <param index="3">
              <value>
                <![CDATA[success_scribe]]>
              </value>
            </param>
          </params>
          <reporter-output>
          </reporter-output>
        </test-method> <!-- loginTest -->
        <test-method is-config="true" signature="tearDown()[pri:0, instance:tests.LoginTests@5c18016b]" started-at="2025-07-29T18:25:56 IST" name="tearDown" finished-at="2025-07-29T18:25:56 IST" duration-ms="110" status="PASS">
          <reporter-output>
          </reporter-output>
        </test-method> <!-- tearDown -->
        <test-method is-config="true" signature="setup()[pri:0, instance:tests.LoginTests@5c18016b]" started-at="2025-07-29T18:25:56 IST" name="setup" finished-at="2025-07-29T18:25:59 IST" duration-ms="3034" status="PASS">
          <reporter-output>
          </reporter-output>
        </test-method> <!-- setup -->
        <test-method signature="forgotPasswordTest_TC09()[pri:2, instance:tests.LoginTests@5c18016b]" started-at="2025-07-29T18:25:59 IST" name="forgotPasswordTest_TC09" description="TC09 - Verify &#039;Forgot Password&#039; triggers email alert" finished-at="2025-07-29T18:26:01 IST" duration-ms="1243" status="PASS">
          <reporter-output>
          </reporter-output>
        </test-method> <!-- forgotPasswordTest_TC09 -->
        <test-method is-config="true" signature="tearDown()[pri:0, instance:tests.LoginTests@5c18016b]" started-at="2025-07-29T18:26:01 IST" name="tearDown" finished-at="2025-07-29T18:26:01 IST" duration-ms="110" status="PASS">
          <reporter-output>
          </reporter-output>
        </test-method> <!-- tearDown -->
        <test-method is-config="true" signature="setup()[pri:0, instance:tests.LoginTests@5c18016b]" started-at="2025-07-29T18:26:01 IST" name="setup" finished-at="2025-07-29T18:26:05 IST" duration-ms="3832" status="PASS">
          <reporter-output>
          </reporter-output>
        </test-method> <!-- setup -->
        <test-method signature="epicLoginRedirectTest()[pri:3, instance:tests.LoginTests@5c18016b]" started-at="2025-07-29T18:26:05 IST" name="epicLoginRedirectTest" description="TC25 - Verify Epic Login Redirect" finished-at="2025-07-29T18:26:28 IST" duration-ms="23386" status="PASS">
          <reporter-output>
          </reporter-output>
        </test-method> <!-- epicLoginRedirectTest -->
        <test-method is-config="true" signature="tearDown()[pri:0, instance:tests.LoginTests@5c18016b]" started-at="2025-07-29T18:26:28 IST" name="tearDown" finished-at="2025-07-29T18:26:28 IST" duration-ms="129" status="PASS">
          <reporter-output>
          </reporter-output>
        </test-method> <!-- tearDown -->
      </class> <!-- tests.LoginTests -->
      <class name="tests.DoctorDashboardTest">
        <test-method is-config="true" signature="setup()[pri:0, instance:tests.DoctorDashboardTest@765f05af]" started-at="2025-07-29T18:27:34 IST" name="setup" finished-at="2025-07-29T18:27:36 IST" duration-ms="2034" status="PASS">
          <reporter-output>
          </reporter-output>
        </test-method> <!-- setup -->
        <test-method signature="verifyLanguageToggle()[pri:1, instance:tests.DoctorDashboardTest@765f05af]" started-at="2025-07-29T18:27:36 IST" name="verifyLanguageToggle" finished-at="2025-07-29T18:27:36 IST" duration-ms="594" status="PASS">
          <reporter-output>
          </reporter-output>
        </test-method> <!-- verifyLanguageToggle -->
        <test-method is-config="true" signature="refreshPageAfterEachTest()[pri:0, instance:tests.DoctorDashboardTest@765f05af]" started-at="2025-07-29T18:27:36 IST" name="refreshPageAfterEachTest" finished-at="2025-07-29T18:27:37 IST" duration-ms="868" status="PASS">
          <reporter-output>
          </reporter-output>
        </test-method> <!-- refreshPageAfterEachTest -->
        <test-method signature="verifyDarkLightSystemModeSwitch()[pri:2, instance:tests.DoctorDashboardTest@765f05af]" started-at="2025-07-29T18:27:37 IST" name="verifyDarkLightSystemModeSwitch" finished-at="2025-07-29T18:27:40 IST" duration-ms="2667" status="PASS">
          <reporter-output>
          </reporter-output>
        </test-method> <!-- verifyDarkLightSystemModeSwitch -->
        <test-method is-config="true" signature="refreshPageAfterEachTest()[pri:0, instance:tests.DoctorDashboardTest@765f05af]" started-at="2025-07-29T18:27:40 IST" name="refreshPageAfterEachTest" finished-at="2025-07-29T18:27:41 IST" duration-ms="1114" status="PASS">
          <reporter-output>
          </reporter-output>
        </test-method> <!-- refreshPageAfterEachTest -->
        <test-method signature="verifyFilterByTaskId()[pri:3, instance:tests.DoctorDashboardTest@765f05af]" started-at="2025-07-29T18:27:41 IST" name="verifyFilterByTaskId" finished-at="2025-07-29T18:27:53 IST" duration-ms="12230" status="FAIL">
          <exception class="java.lang.AssertionError">
            <message>
              <![CDATA[Filtered task not present expected [true] but found [false]]]>
            </message>
            <full-stacktrace>
              <![CDATA[java.lang.AssertionError: Filtered task not present expected [true] but found [false]
at org.testng.Assert.fail(Assert.java:111)
at org.testng.Assert.failNotEquals(Assert.java:1590)
at org.testng.Assert.assertTrue(Assert.java:57)
at tests.DoctorDashboardTest.verifyFilterByTaskId(DoctorDashboardTest.java:109)
at java.base/jdk.internal.reflect.DirectMethodHandleAccessor.invoke(DirectMethodHandleAccessor.java:103)
at java.base/java.lang.reflect.Method.invoke(Method.java:580)
at org.testng.internal.invokers.MethodInvocationHelper.invokeMethod(MethodInvocationHelper.java:141)
at org.testng.internal.invokers.TestInvoker.invokeMethod(TestInvoker.java:687)
at org.testng.internal.invokers.TestInvoker.invokeTestMethod(TestInvoker.java:230)
at org.testng.internal.invokers.MethodRunner.runInSequence(MethodRunner.java:63)
at org.testng.internal.invokers.TestInvoker$MethodInvocationAgent.invoke(TestInvoker.java:995)
at org.testng.internal.invokers.TestInvoker.invokeTestMethods(TestInvoker.java:203)
at org.testng.internal.invokers.TestMethodWorker.invokeTestMethods(TestMethodWorker.java:154)
at org.testng.internal.invokers.TestMethodWorker.run(TestMethodWorker.java:134)
at java.base/java.util.ArrayList.forEach(ArrayList.java:1596)
at org.testng.TestRunner.privateRun(TestRunner.java:741)
at org.testng.TestRunner.run(TestRunner.java:616)
at org.testng.SuiteRunner.runTest(SuiteRunner.java:421)
at org.testng.SuiteRunner.runSequentially(SuiteRunner.java:413)
at org.testng.SuiteRunner.privateRun(SuiteRunner.java:373)
at org.testng.SuiteRunner.run(SuiteRunner.java:312)
at org.testng.SuiteRunnerWorker.runSuite(SuiteRunnerWorker.java:52)
at org.testng.SuiteRunnerWorker.run(SuiteRunnerWorker.java:95)
at org.testng.TestNG.runSuitesSequentially(TestNG.java:1274)
at org.testng.TestNG.runSuitesLocally(TestNG.java:1208)
at org.testng.TestNG.runSuites(TestNG.java:1112)
at org.testng.TestNG.run(TestNG.java:1079)
at org.testng.remote.AbstractRemoteTestNG.run(AbstractRemoteTestNG.java:115)
at org.testng.remote.RemoteTestNG.initAndRun(RemoteTestNG.java:293)
at org.testng.remote.RemoteTestNG.main(RemoteTestNG.java:91)
]]>
            </full-stacktrace>
          </exception> <!-- java.lang.AssertionError -->
          <reporter-output>
          </reporter-output>
        </test-method> <!-- verifyFilterByTaskId -->
        <test-method is-config="true" signature="refreshPageAfterEachTest()[pri:0, instance:tests.DoctorDashboardTest@765f05af]" started-at="2025-07-29T18:27:53 IST" name="refreshPageAfterEachTest" finished-at="2025-07-29T18:27:54 IST" duration-ms="868" status="PASS">
          <reporter-output>
          </reporter-output>
        </test-method> <!-- refreshPageAfterEachTest -->
        <test-method signature="verifySortByTaskIdActuallySorts()[pri:4, instance:tests.DoctorDashboardTest@765f05af]" started-at="2025-07-29T18:27:54 IST" name="verifySortByTaskIdActuallySorts" finished-at="2025-07-29T18:27:56 IST" duration-ms="1751" status="PASS">
          <reporter-output>
          </reporter-output>
        </test-method> <!-- verifySortByTaskIdActuallySorts -->
        <test-method is-config="true" signature="refreshPageAfterEachTest()[pri:0, instance:tests.DoctorDashboardTest@765f05af]" started-at="2025-07-29T18:27:56 IST" name="refreshPageAfterEachTest" finished-at="2025-07-29T18:27:57 IST" duration-ms="857" status="PASS">
          <reporter-output>
          </reporter-output>
        </test-method> <!-- refreshPageAfterEachTest -->
        <test-method signature="verifySortByPatientInitialsActuallySorts()[pri:5, instance:tests.DoctorDashboardTest@765f05af]" started-at="2025-07-29T18:27:57 IST" name="verifySortByPatientInitialsActuallySorts" finished-at="2025-07-29T18:27:59 IST" duration-ms="1717" status="PASS">
          <reporter-output>
          </reporter-output>
        </test-method> <!-- verifySortByPatientInitialsActuallySorts -->
        <test-method is-config="true" signature="refreshPageAfterEachTest()[pri:0, instance:tests.DoctorDashboardTest@765f05af]" started-at="2025-07-29T18:27:59 IST" name="refreshPageAfterEachTest" finished-at="2025-07-29T18:27:59 IST" duration-ms="946" status="PASS">
          <reporter-output>
          </reporter-output>
        </test-method> <!-- refreshPageAfterEachTest -->
        <test-method signature="verifySortByStatusActuallySorts()[pri:6, instance:tests.DoctorDashboardTest@765f05af]" started-at="2025-07-29T18:27:59 IST" name="verifySortByStatusActuallySorts" finished-at="2025-07-29T18:28:01 IST" duration-ms="1705" status="PASS">
          <reporter-output>
          </reporter-output>
        </test-method> <!-- verifySortByStatusActuallySorts -->
        <test-method is-config="true" signature="refreshPageAfterEachTest()[pri:0, instance:tests.DoctorDashboardTest@765f05af]" started-at="2025-07-29T18:28:01 IST" name="refreshPageAfterEachTest" finished-at="2025-07-29T18:28:02 IST" duration-ms="1093" status="PASS">
          <reporter-output>
          </reporter-output>
        </test-method> <!-- refreshPageAfterEachTest -->
        <test-method signature="verifySortByPriorityActuallySorts()[pri:7, instance:tests.DoctorDashboardTest@765f05af]" started-at="2025-07-29T18:28:02 IST" name="verifySortByPriorityActuallySorts" finished-at="2025-07-29T18:28:04 IST" duration-ms="1737" status="FAIL">
          <exception class="java.lang.AssertionError">
            <message>
              <![CDATA[Priority column is not sorted.: Lists differ at element [0]:  != High expected [] but found [High]]]>
            </message>
            <full-stacktrace>
              <![CDATA[java.lang.AssertionError: Priority column is not sorted.: Lists differ at element [0]:  != High expected [] but found [High]
at org.testng.Assert.fail(Assert.java:111)
at org.testng.Assert.failNotEquals(Assert.java:1590)
at org.testng.Assert.assertEqualsImpl(Assert.java:150)
at org.testng.Assert.assertEquals(Assert.java:1656)
at tests.DoctorDashboardTest.verifySortByPriorityActuallySorts(DoctorDashboardTest.java:149)
at java.base/jdk.internal.reflect.DirectMethodHandleAccessor.invoke(DirectMethodHandleAccessor.java:103)
at java.base/java.lang.reflect.Method.invoke(Method.java:580)
at org.testng.internal.invokers.MethodInvocationHelper.invokeMethod(MethodInvocationHelper.java:141)
at org.testng.internal.invokers.TestInvoker.invokeMethod(TestInvoker.java:687)
at org.testng.internal.invokers.TestInvoker.invokeTestMethod(TestInvoker.java:230)
at org.testng.internal.invokers.MethodRunner.runInSequence(MethodRunner.java:63)
at org.testng.internal.invokers.TestInvoker$MethodInvocationAgent.invoke(TestInvoker.java:995)
at org.testng.internal.invokers.TestInvoker.invokeTestMethods(TestInvoker.java:203)
at org.testng.internal.invokers.TestMethodWorker.invokeTestMethods(TestMethodWorker.java:154)
at org.testng.internal.invokers.TestMethodWorker.run(TestMethodWorker.java:134)
at java.base/java.util.ArrayList.forEach(ArrayList.java:1596)
at org.testng.TestRunner.privateRun(TestRunner.java:741)
at org.testng.TestRunner.run(TestRunner.java:616)
at org.testng.SuiteRunner.runTest(SuiteRunner.java:421)
at org.testng.SuiteRunner.runSequentially(SuiteRunner.java:413)
at org.testng.SuiteRunner.privateRun(SuiteRunner.java:373)
at org.testng.SuiteRunner.run(SuiteRunner.java:312)
at org.testng.SuiteRunnerWorker.runSuite(SuiteRunnerWorker.java:52)
at org.testng.SuiteRunnerWorker.run(SuiteRunnerWorker.java:95)
at org.testng.TestNG.runSuitesSequentially(TestNG.java:1274)
at org.testng.TestNG.runSuitesLocally(TestNG.java:1208)
at org.testng.TestNG.runSuites(TestNG.java:1112)
at org.testng.TestNG.run(TestNG.java:1079)
at org.testng.remote.AbstractRemoteTestNG.run(AbstractRemoteTestNG.java:115)
at org.testng.remote.RemoteTestNG.initAndRun(RemoteTestNG.java:293)
at org.testng.remote.RemoteTestNG.main(RemoteTestNG.java:91)
]]>
            </full-stacktrace>
          </exception> <!-- java.lang.AssertionError -->
          <reporter-output>
          </reporter-output>
        </test-method> <!-- verifySortByPriorityActuallySorts -->
        <test-method is-config="true" signature="refreshPageAfterEachTest()[pri:0, instance:tests.DoctorDashboardTest@765f05af]" started-at="2025-07-29T18:28:04 IST" name="refreshPageAfterEachTest" finished-at="2025-07-29T18:28:05 IST" duration-ms="849" status="PASS">
          <reporter-output>
          </reporter-output>
        </test-method> <!-- refreshPageAfterEachTest -->
        <test-method signature="verifySortByUploadDateActuallySorts()[pri:8, instance:tests.DoctorDashboardTest@765f05af]" started-at="2025-07-29T18:28:05 IST" name="verifySortByUploadDateActuallySorts" finished-at="2025-07-29T18:28:07 IST" duration-ms="1740" status="PASS">
          <reporter-output>
          </reporter-output>
        </test-method> <!-- verifySortByUploadDateActuallySorts -->
        <test-method is-config="true" signature="refreshPageAfterEachTest()[pri:0, instance:tests.DoctorDashboardTest@765f05af]" started-at="2025-07-29T18:28:07 IST" name="refreshPageAfterEachTest" finished-at="2025-07-29T18:28:08 IST" duration-ms="979" status="PASS">
          <reporter-output>
          </reporter-output>
        </test-method> <!-- refreshPageAfterEachTest -->
        <test-method signature="verifySortByUploadTimeActuallySorts()[pri:9, instance:tests.DoctorDashboardTest@765f05af]" started-at="2025-07-29T18:28:08 IST" name="verifySortByUploadTimeActuallySorts" finished-at="2025-07-29T18:28:09 IST" duration-ms="1717" status="FAIL">
          <exception class="java.lang.AssertionError">
            <message>
              <![CDATA[Upload Time column is not sorted.: Lists differ at element [0]: 05:01 PM != 06:23 PM expected [05:01 PM] but found [06:23 PM]]]>
            </message>
            <full-stacktrace>
              <![CDATA[java.lang.AssertionError: Upload Time column is not sorted.: Lists differ at element [0]: 05:01 PM != 06:23 PM expected [05:01 PM] but found [06:23 PM]
at org.testng.Assert.fail(Assert.java:111)
at org.testng.Assert.failNotEquals(Assert.java:1590)
at org.testng.Assert.assertEqualsImpl(Assert.java:150)
at org.testng.Assert.assertEquals(Assert.java:1656)
at tests.DoctorDashboardTest.verifySortByUploadTimeActuallySorts(DoctorDashboardTest.java:169)
at java.base/jdk.internal.reflect.DirectMethodHandleAccessor.invoke(DirectMethodHandleAccessor.java:103)
at java.base/java.lang.reflect.Method.invoke(Method.java:580)
at org.testng.internal.invokers.MethodInvocationHelper.invokeMethod(MethodInvocationHelper.java:141)
at org.testng.internal.invokers.TestInvoker.invokeMethod(TestInvoker.java:687)
at org.testng.internal.invokers.TestInvoker.invokeTestMethod(TestInvoker.java:230)
at org.testng.internal.invokers.MethodRunner.runInSequence(MethodRunner.java:63)
at org.testng.internal.invokers.TestInvoker$MethodInvocationAgent.invoke(TestInvoker.java:995)
at org.testng.internal.invokers.TestInvoker.invokeTestMethods(TestInvoker.java:203)
at org.testng.internal.invokers.TestMethodWorker.invokeTestMethods(TestMethodWorker.java:154)
at org.testng.internal.invokers.TestMethodWorker.run(TestMethodWorker.java:134)
at java.base/java.util.ArrayList.forEach(ArrayList.java:1596)
at org.testng.TestRunner.privateRun(TestRunner.java:741)
at org.testng.TestRunner.run(TestRunner.java:616)
at org.testng.SuiteRunner.runTest(SuiteRunner.java:421)
at org.testng.SuiteRunner.runSequentially(SuiteRunner.java:413)
at org.testng.SuiteRunner.privateRun(SuiteRunner.java:373)
at org.testng.SuiteRunner.run(SuiteRunner.java:312)
at org.testng.SuiteRunnerWorker.runSuite(SuiteRunnerWorker.java:52)
at org.testng.SuiteRunnerWorker.run(SuiteRunnerWorker.java:95)
at org.testng.TestNG.runSuitesSequentially(TestNG.java:1274)
at org.testng.TestNG.runSuitesLocally(TestNG.java:1208)
at org.testng.TestNG.runSuites(TestNG.java:1112)
at org.testng.TestNG.run(TestNG.java:1079)
at org.testng.remote.AbstractRemoteTestNG.run(AbstractRemoteTestNG.java:115)
at org.testng.remote.RemoteTestNG.initAndRun(RemoteTestNG.java:293)
at org.testng.remote.RemoteTestNG.main(RemoteTestNG.java:91)
]]>
            </full-stacktrace>
          </exception> <!-- java.lang.AssertionError -->
          <reporter-output>
          </reporter-output>
        </test-method> <!-- verifySortByUploadTimeActuallySorts -->
        <test-method is-config="true" signature="refreshPageAfterEachTest()[pri:0, instance:tests.DoctorDashboardTest@765f05af]" started-at="2025-07-29T18:28:09 IST" name="refreshPageAfterEachTest" finished-at="2025-07-29T18:28:10 IST" duration-ms="1056" status="PASS">
          <reporter-output>
          </reporter-output>
        </test-method> <!-- refreshPageAfterEachTest -->
        <test-method signature="verifySortByAudioDurationActuallySorts()[pri:10, instance:tests.DoctorDashboardTest@765f05af]" started-at="2025-07-29T18:28:10 IST" name="verifySortByAudioDurationActuallySorts" finished-at="2025-07-29T18:28:12 IST" duration-ms="1700" status="PASS">
          <reporter-output>
          </reporter-output>
        </test-method> <!-- verifySortByAudioDurationActuallySorts -->
        <test-method is-config="true" signature="refreshPageAfterEachTest()[pri:0, instance:tests.DoctorDashboardTest@765f05af]" started-at="2025-07-29T18:28:12 IST" name="refreshPageAfterEachTest" finished-at="2025-07-29T18:28:13 IST" duration-ms="878" status="PASS">
          <reporter-output>
          </reporter-output>
        </test-method> <!-- refreshPageAfterEachTest -->
        <test-method signature="verifyFilterByStatusInProgress()[pri:11, instance:tests.DoctorDashboardTest@765f05af]" started-at="2025-07-29T18:28:13 IST" name="verifyFilterByStatusInProgress" finished-at="2025-07-29T18:28:20 IST" duration-ms="7108" status="FAIL">
          <exception class="java.lang.AssertionError">
            <message>
              <![CDATA[Neither rows nor 'No data' message appeared after filtering.]]>
            </message>
            <full-stacktrace>
              <![CDATA[java.lang.AssertionError: Neither rows nor 'No data' message appeared after filtering.
at pages.DoctorDashboardPage.filterStatusInProgress(DoctorDashboardPage.java:127)
at tests.DoctorDashboardTest.verifyFilterByStatusInProgress(DoctorDashboardTest.java:185)
at java.base/jdk.internal.reflect.DirectMethodHandleAccessor.invoke(DirectMethodHandleAccessor.java:103)
at java.base/java.lang.reflect.Method.invoke(Method.java:580)
at org.testng.internal.invokers.MethodInvocationHelper.invokeMethod(MethodInvocationHelper.java:141)
at org.testng.internal.invokers.TestInvoker.invokeMethod(TestInvoker.java:687)
at org.testng.internal.invokers.TestInvoker.invokeTestMethod(TestInvoker.java:230)
at org.testng.internal.invokers.MethodRunner.runInSequence(MethodRunner.java:63)
at org.testng.internal.invokers.TestInvoker$MethodInvocationAgent.invoke(TestInvoker.java:995)
at org.testng.internal.invokers.TestInvoker.invokeTestMethods(TestInvoker.java:203)
at org.testng.internal.invokers.TestMethodWorker.invokeTestMethods(TestMethodWorker.java:154)
at org.testng.internal.invokers.TestMethodWorker.run(TestMethodWorker.java:134)
at java.base/java.util.ArrayList.forEach(ArrayList.java:1596)
at org.testng.TestRunner.privateRun(TestRunner.java:741)
at org.testng.TestRunner.run(TestRunner.java:616)
at org.testng.SuiteRunner.runTest(SuiteRunner.java:421)
at org.testng.SuiteRunner.runSequentially(SuiteRunner.java:413)
at org.testng.SuiteRunner.privateRun(SuiteRunner.java:373)
at org.testng.SuiteRunner.run(SuiteRunner.java:312)
at org.testng.SuiteRunnerWorker.runSuite(SuiteRunnerWorker.java:52)
at org.testng.SuiteRunnerWorker.run(SuiteRunnerWorker.java:95)
at org.testng.TestNG.runSuitesSequentially(TestNG.java:1274)
at org.testng.TestNG.runSuitesLocally(TestNG.java:1208)
at org.testng.TestNG.runSuites(TestNG.java:1112)
at org.testng.TestNG.run(TestNG.java:1079)
at org.testng.remote.AbstractRemoteTestNG.run(AbstractRemoteTestNG.java:115)
at org.testng.remote.RemoteTestNG.initAndRun(RemoteTestNG.java:293)
at org.testng.remote.RemoteTestNG.main(RemoteTestNG.java:91)
]]>
            </full-stacktrace>
          </exception> <!-- java.lang.AssertionError -->
          <reporter-output>
          </reporter-output>
        </test-method> <!-- verifyFilterByStatusInProgress -->
        <test-method is-config="true" signature="refreshPageAfterEachTest()[pri:0, instance:tests.DoctorDashboardTest@765f05af]" started-at="2025-07-29T18:28:20 IST" name="refreshPageAfterEachTest" finished-at="2025-07-29T18:28:21 IST" duration-ms="867" status="PASS">
          <reporter-output>
          </reporter-output>
        </test-method> <!-- refreshPageAfterEachTest -->
        <test-method signature="verifyFilterByPriorityMedium()[pri:12, instance:tests.DoctorDashboardTest@765f05af]" started-at="2025-07-29T18:28:21 IST" name="verifyFilterByPriorityMedium" finished-at="2025-07-29T18:28:28 IST" duration-ms="7100" status="FAIL">
          <exception class="java.lang.AssertionError">
            <message>
              <![CDATA[Neither rows nor 'No data' message appeared after filtering by Medium priority.]]>
            </message>
            <full-stacktrace>
              <![CDATA[java.lang.AssertionError: Neither rows nor 'No data' message appeared after filtering by Medium priority.
at pages.DoctorDashboardPage.filterPriorityMedium(DoctorDashboardPage.java:166)
at tests.DoctorDashboardTest.verifyFilterByPriorityMedium(DoctorDashboardTest.java:193)
at java.base/jdk.internal.reflect.DirectMethodHandleAccessor.invoke(DirectMethodHandleAccessor.java:103)
at java.base/java.lang.reflect.Method.invoke(Method.java:580)
at org.testng.internal.invokers.MethodInvocationHelper.invokeMethod(MethodInvocationHelper.java:141)
at org.testng.internal.invokers.TestInvoker.invokeMethod(TestInvoker.java:687)
at org.testng.internal.invokers.TestInvoker.invokeTestMethod(TestInvoker.java:230)
at org.testng.internal.invokers.MethodRunner.runInSequence(MethodRunner.java:63)
at org.testng.internal.invokers.TestInvoker$MethodInvocationAgent.invoke(TestInvoker.java:995)
at org.testng.internal.invokers.TestInvoker.invokeTestMethods(TestInvoker.java:203)
at org.testng.internal.invokers.TestMethodWorker.invokeTestMethods(TestMethodWorker.java:154)
at org.testng.internal.invokers.TestMethodWorker.run(TestMethodWorker.java:134)
at java.base/java.util.ArrayList.forEach(ArrayList.java:1596)
at org.testng.TestRunner.privateRun(TestRunner.java:741)
at org.testng.TestRunner.run(TestRunner.java:616)
at org.testng.SuiteRunner.runTest(SuiteRunner.java:421)
at org.testng.SuiteRunner.runSequentially(SuiteRunner.java:413)
at org.testng.SuiteRunner.privateRun(SuiteRunner.java:373)
at org.testng.SuiteRunner.run(SuiteRunner.java:312)
at org.testng.SuiteRunnerWorker.runSuite(SuiteRunnerWorker.java:52)
at org.testng.SuiteRunnerWorker.run(SuiteRunnerWorker.java:95)
at org.testng.TestNG.runSuitesSequentially(TestNG.java:1274)
at org.testng.TestNG.runSuitesLocally(TestNG.java:1208)
at org.testng.TestNG.runSuites(TestNG.java:1112)
at org.testng.TestNG.run(TestNG.java:1079)
at org.testng.remote.AbstractRemoteTestNG.run(AbstractRemoteTestNG.java:115)
at org.testng.remote.RemoteTestNG.initAndRun(RemoteTestNG.java:293)
at org.testng.remote.RemoteTestNG.main(RemoteTestNG.java:91)
]]>
            </full-stacktrace>
          </exception> <!-- java.lang.AssertionError -->
          <reporter-output>
          </reporter-output>
        </test-method> <!-- verifyFilterByPriorityMedium -->
        <test-method is-config="true" signature="refreshPageAfterEachTest()[pri:0, instance:tests.DoctorDashboardTest@765f05af]" started-at="2025-07-29T18:28:28 IST" name="refreshPageAfterEachTest" finished-at="2025-07-29T18:28:29 IST" duration-ms="927" status="PASS">
          <reporter-output>
          </reporter-output>
        </test-method> <!-- refreshPageAfterEachTest -->
        <test-method signature="verifyViewTaskHidesRow()[pri:13, instance:tests.DoctorDashboardTest@765f05af]" started-at="2025-07-29T18:28:29 IST" name="verifyViewTaskHidesRow" finished-at="2025-07-29T18:28:31 IST" duration-ms="1845" status="PASS">
          <reporter-output>
          </reporter-output>
        </test-method> <!-- verifyViewTaskHidesRow -->
        <test-method is-config="true" signature="refreshPageAfterEachTest()[pri:0, instance:tests.DoctorDashboardTest@765f05af]" started-at="2025-07-29T18:28:31 IST" name="refreshPageAfterEachTest" finished-at="2025-07-29T18:28:32 IST" duration-ms="875" status="PASS">
          <reporter-output>
          </reporter-output>
        </test-method> <!-- refreshPageAfterEachTest -->
        <test-method signature="verifyRecordingWorkflow_ReviewAfterRecordAgain()[pri:14, instance:tests.DoctorDashboardTest@765f05af]" started-at="2025-07-29T18:28:32 IST" name="verifyRecordingWorkflow_ReviewAfterRecordAgain" finished-at="2025-07-29T18:28:46 IST" duration-ms="14719" status="FAIL">
          <exception class="org.openqa.selenium.TimeoutException">
            <message>
              <![CDATA[Expected condition failed: waiting for invisibility of [[ChromeDriver: chrome on windows (045971ad104f8d084a5af92b899433af)] -> xpath: //div[@role='dialog' and contains(., 'Review Recordings')]] (tried for 10 second(s) with 500 milliseconds interval)
Build info: version: '4.21.0', revision: '79ed462ef4'
System info: os.name: 'Windows 10', os.arch: 'amd64', os.version: '10.0', java.version: '21.0.7'
Driver info: org.openqa.selenium.chrome.ChromeDriver
Capabilities {acceptInsecureCerts: false, browserName: chrome, browserVersion: 138.0.7204.168, chrome: {chromedriverVersion: 138.0.7204.168 (3e8d82e86e9..., userDataDir: C:\Temp\BraveProfile}, fedcm:accounts: true, goog:chromeOptions: {debuggerAddress: localhost:65334}, networkConnectionEnabled: false, pageLoadStrategy: normal, platformName: windows, proxy: Proxy(), se:cdp: ws://localhost:65334/devtoo..., se:cdpVersion: 138.0.7204.168, setWindowRect: true, strictFileInteractability: false, timeouts: {implicit: 0, pageLoad: 300000, script: 30000}, unhandledPromptBehavior: dismiss and notify, webauthn:extension:credBlob: true, webauthn:extension:largeBlob: true, webauthn:extension:minPinLength: true, webauthn:extension:prf: true, webauthn:virtualAuthenticators: true}
Session ID: 045971ad104f8d084a5af92b899433af]]>
            </message>
            <full-stacktrace>
              <![CDATA[org.openqa.selenium.TimeoutException: Expected condition failed: waiting for invisibility of [[ChromeDriver: chrome on windows (045971ad104f8d084a5af92b899433af)] -> xpath: //div[@role='dialog' and contains(., 'Review Recordings')]] (tried for 10 second(s) with 500 milliseconds interval)
Build info: version: '4.21.0', revision: '79ed462ef4'
System info: os.name: 'Windows 10', os.arch: 'amd64', os.version: '10.0', java.version: '21.0.7'
Driver info: org.openqa.selenium.chrome.ChromeDriver
Capabilities {acceptInsecureCerts: false, browserName: chrome, browserVersion: 138.0.7204.168, chrome: {chromedriverVersion: 138.0.7204.168 (3e8d82e86e9..., userDataDir: C:\Temp\BraveProfile}, fedcm:accounts: true, goog:chromeOptions: {debuggerAddress: localhost:65334}, networkConnectionEnabled: false, pageLoadStrategy: normal, platformName: windows, proxy: Proxy(), se:cdp: ws://localhost:65334/devtoo..., se:cdpVersion: 138.0.7204.168, setWindowRect: true, strictFileInteractability: false, timeouts: {implicit: 0, pageLoad: 300000, script: 30000}, unhandledPromptBehavior: dismiss and notify, webauthn:extension:credBlob: true, webauthn:extension:largeBlob: true, webauthn:extension:minPinLength: true, webauthn:extension:prf: true, webauthn:virtualAuthenticators: true}
Session ID: 045971ad104f8d084a5af92b899433af
at org.openqa.selenium.support.ui.WebDriverWait.timeoutException(WebDriverWait.java:84)
at org.openqa.selenium.support.ui.FluentWait.until(FluentWait.java:228)
at pages.DoctorDashboardPage.uploadRecordings(DoctorDashboardPage.java:290)
at tests.DoctorDashboardTest.verifyRecordingWorkflow_ReviewAfterRecordAgain(DoctorDashboardTest.java:247)
at java.base/jdk.internal.reflect.DirectMethodHandleAccessor.invoke(DirectMethodHandleAccessor.java:103)
at java.base/java.lang.reflect.Method.invoke(Method.java:580)
at org.testng.internal.invokers.MethodInvocationHelper.invokeMethod(MethodInvocationHelper.java:141)
at org.testng.internal.invokers.TestInvoker.invokeMethod(TestInvoker.java:687)
at org.testng.internal.invokers.TestInvoker.invokeTestMethod(TestInvoker.java:230)
at org.testng.internal.invokers.MethodRunner.runInSequence(MethodRunner.java:63)
at org.testng.internal.invokers.TestInvoker$MethodInvocationAgent.invoke(TestInvoker.java:995)
at org.testng.internal.invokers.TestInvoker.invokeTestMethods(TestInvoker.java:203)
at org.testng.internal.invokers.TestMethodWorker.invokeTestMethods(TestMethodWorker.java:154)
at org.testng.internal.invokers.TestMethodWorker.run(TestMethodWorker.java:134)
at java.base/java.util.ArrayList.forEach(ArrayList.java:1596)
at org.testng.TestRunner.privateRun(TestRunner.java:741)
at org.testng.TestRunner.run(TestRunner.java:616)
at org.testng.SuiteRunner.runTest(SuiteRunner.java:421)
at org.testng.SuiteRunner.runSequentially(SuiteRunner.java:413)
at org.testng.SuiteRunner.privateRun(SuiteRunner.java:373)
at org.testng.SuiteRunner.run(SuiteRunner.java:312)
at org.testng.SuiteRunnerWorker.runSuite(SuiteRunnerWorker.java:52)
at org.testng.SuiteRunnerWorker.run(SuiteRunnerWorker.java:95)
at org.testng.TestNG.runSuitesSequentially(TestNG.java:1274)
at org.testng.TestNG.runSuitesLocally(TestNG.java:1208)
at org.testng.TestNG.runSuites(TestNG.java:1112)
at org.testng.TestNG.run(TestNG.java:1079)
at org.testng.remote.AbstractRemoteTestNG.run(AbstractRemoteTestNG.java:115)
at org.testng.remote.RemoteTestNG.initAndRun(RemoteTestNG.java:293)
at org.testng.remote.RemoteTestNG.main(RemoteTestNG.java:91)
]]>
            </full-stacktrace>
          </exception> <!-- org.openqa.selenium.TimeoutException -->
          <reporter-output>
          </reporter-output>
        </test-method> <!-- verifyRecordingWorkflow_ReviewAfterRecordAgain -->
        <test-method is-config="true" signature="refreshPageAfterEachTest()[pri:0, instance:tests.DoctorDashboardTest@765f05af]" started-at="2025-07-29T18:28:46 IST" name="refreshPageAfterEachTest" finished-at="2025-07-29T18:28:47 IST" duration-ms="890" status="PASS">
          <reporter-output>
          </reporter-output>
        </test-method> <!-- refreshPageAfterEachTest -->
        <test-method is-config="true" signature="tearDown()[pri:0, instance:tests.DoctorDashboardTest@765f05af]" started-at="2025-07-29T18:28:47 IST" name="tearDown" finished-at="2025-07-29T18:28:48 IST" duration-ms="239" status="PASS">
          <reporter-output>
          </reporter-output>
        </test-method> <!-- tearDown -->
      </class> <!-- tests.DoctorDashboardTest -->
    </test> <!-- LoginTests -->
  </suite> <!-- EzyScribe Login Suite -->
</testng-results>
