<?xml version="1.0" encoding="UTF-8"?>
<testng-results ignored="0" total="43" passed="34" failed="9" skipped="0">
  <reporter-output>
  </reporter-output>
  <suite started-at="2025-07-30T21:31:06 IST" name="EzyScribe Login Suite" finished-at="2025-07-30T21:35:21 IST" duration-ms="255053">
    <groups>
    </groups>
    <test started-at="2025-07-30T21:31:06 IST" name="LoginTests" finished-at="2025-07-30T21:35:21 IST" duration-ms="255053">
      <class name="tests.ScribeDashboardTest">
        <test-method is-config="true" signature="setup()[pri:0, instance:tests.ScribeDashboardTest@765f05af]" started-at="2025-07-30T21:34:14 IST" name="setup" finished-at="2025-07-30T21:34:18 IST" duration-ms="4038" status="PASS">
          <reporter-output>
          </reporter-output>
        </test-method> <!-- setup -->
        <test-method signature="verifyDarkLightSystemModeSwitch()[pri:1, instance:tests.ScribeDashboardTest@765f05af]" started-at="2025-07-30T21:34:18 IST" name="verifyDarkLightSystemModeSwitch" finished-at="2025-07-30T21:34:25 IST" duration-ms="6558" status="PASS">
          <reporter-output>
          </reporter-output>
        </test-method> <!-- verifyDarkLightSystemModeSwitch -->
        <test-method is-config="true" signature="refreshPageAfterEachTest()[pri:0, instance:tests.ScribeDashboardTest@765f05af]" started-at="2025-07-30T21:34:25 IST" name="refreshPageAfterEachTest" finished-at="2025-07-30T21:34:28 IST" duration-ms="2963" status="PASS">
          <reporter-output>
          </reporter-output>
        </test-method> <!-- refreshPageAfterEachTest -->
        <test-method signature="verifyFilterByTaskId()[pri:2, instance:tests.ScribeDashboardTest@765f05af]" started-at="2025-07-30T21:34:28 IST" name="verifyFilterByTaskId" finished-at="2025-07-30T21:34:38 IST" duration-ms="10177" status="FAIL">
          <exception class="java.lang.AssertionError">
            <message>
              <![CDATA[Filtered task not present expected [true] but found [false]]]>
            </message>
            <full-stacktrace>
              <![CDATA[java.lang.AssertionError: Filtered task not present expected [true] but found [false]
at org.testng.Assert.fail(Assert.java:111)
at org.testng.Assert.failNotEquals(Assert.java:1590)
at org.testng.Assert.assertTrue(Assert.java:57)
at tests.ScribeDashboardTest.verifyFilterByTaskId(ScribeDashboardTest.java:94)
at java.base/jdk.internal.reflect.DirectMethodHandleAccessor.invoke(DirectMethodHandleAccessor.java:103)
at java.base/java.lang.reflect.Method.invoke(Method.java:580)
at org.testng.internal.invokers.MethodInvocationHelper.invokeMethod(MethodInvocationHelper.java:141)
at org.testng.internal.invokers.TestInvoker.invokeMethod(TestInvoker.java:687)
at org.testng.internal.invokers.TestInvoker.invokeTestMethod(TestInvoker.java:230)
at org.testng.internal.invokers.MethodRunner.runInSequence(MethodRunner.java:63)
at org.testng.internal.invokers.TestInvoker$MethodInvocationAgent.invoke(TestInvoker.java:995)
at org.testng.internal.invokers.TestInvoker.invokeTestMethods(TestInvoker.java:203)
at org.testng.internal.invokers.TestMethodWorker.invokeTestMethods(TestMethodWorker.java:154)
at org.testng.internal.invokers.TestMethodWorker.run(TestMethodWorker.java:134)
at java.base/java.util.ArrayList.forEach(ArrayList.java:1596)
at org.testng.TestRunner.privateRun(TestRunner.java:741)
at org.testng.TestRunner.run(TestRunner.java:616)
at org.testng.SuiteRunner.runTest(SuiteRunner.java:421)
at org.testng.SuiteRunner.runSequentially(SuiteRunner.java:413)
at org.testng.SuiteRunner.privateRun(SuiteRunner.java:373)
at org.testng.SuiteRunner.run(SuiteRunner.java:312)
at org.testng.SuiteRunnerWorker.runSuite(SuiteRunnerWorker.java:52)
at org.testng.SuiteRunnerWorker.run(SuiteRunnerWorker.java:95)
at org.testng.TestNG.runSuitesSequentially(TestNG.java:1274)
at org.testng.TestNG.runSuitesLocally(TestNG.java:1208)
at org.testng.TestNG.runSuites(TestNG.java:1112)
at org.testng.TestNG.run(TestNG.java:1079)
at org.testng.remote.AbstractRemoteTestNG.run(AbstractRemoteTestNG.java:115)
at org.testng.remote.RemoteTestNG.initAndRun(RemoteTestNG.java:293)
at org.testng.remote.RemoteTestNG.main(RemoteTestNG.java:91)
]]>
            </full-stacktrace>
          </exception> <!-- java.lang.AssertionError -->
          <reporter-output>
          </reporter-output>
        </test-method> <!-- verifyFilterByTaskId -->
        <test-method is-config="true" signature="refreshPageAfterEachTest()[pri:0, instance:tests.ScribeDashboardTest@765f05af]" started-at="2025-07-30T21:34:38 IST" name="refreshPageAfterEachTest" finished-at="2025-07-30T21:34:40 IST" duration-ms="2453" status="PASS">
          <reporter-output>
          </reporter-output>
        </test-method> <!-- refreshPageAfterEachTest -->
        <test-method signature="verifySortByTaskIdActuallySorts()[pri:3, instance:tests.ScribeDashboardTest@765f05af]" started-at="2025-07-30T21:34:40 IST" name="verifySortByTaskIdActuallySorts" finished-at="2025-07-30T21:34:41 IST" duration-ms="127" status="PASS">
          <reporter-output>
          </reporter-output>
        </test-method> <!-- verifySortByTaskIdActuallySorts -->
        <test-method is-config="true" signature="refreshPageAfterEachTest()[pri:0, instance:tests.ScribeDashboardTest@765f05af]" started-at="2025-07-30T21:34:41 IST" name="refreshPageAfterEachTest" finished-at="2025-07-30T21:34:44 IST" duration-ms="2965" status="PASS">
          <reporter-output>
          </reporter-output>
        </test-method> <!-- refreshPageAfterEachTest -->
        <test-method signature="verifySortByPatientInitialsActuallySorts()[pri:4, instance:tests.ScribeDashboardTest@765f05af]" started-at="2025-07-30T21:34:44 IST" name="verifySortByPatientInitialsActuallySorts" finished-at="2025-07-30T21:34:44 IST" duration-ms="155" status="PASS">
          <reporter-output>
          </reporter-output>
        </test-method> <!-- verifySortByPatientInitialsActuallySorts -->
        <test-method is-config="true" signature="refreshPageAfterEachTest()[pri:0, instance:tests.ScribeDashboardTest@765f05af]" started-at="2025-07-30T21:34:44 IST" name="refreshPageAfterEachTest" finished-at="2025-07-30T21:34:47 IST" duration-ms="3008" status="PASS">
          <reporter-output>
          </reporter-output>
        </test-method> <!-- refreshPageAfterEachTest -->
        <test-method signature="verifySortByStatusActuallySorts()[pri:5, instance:tests.ScribeDashboardTest@765f05af]" started-at="2025-07-30T21:34:47 IST" name="verifySortByStatusActuallySorts" finished-at="2025-07-30T21:34:47 IST" duration-ms="154" status="PASS">
          <reporter-output>
          </reporter-output>
        </test-method> <!-- verifySortByStatusActuallySorts -->
        <test-method is-config="true" signature="refreshPageAfterEachTest()[pri:0, instance:tests.ScribeDashboardTest@765f05af]" started-at="2025-07-30T21:34:47 IST" name="refreshPageAfterEachTest" finished-at="2025-07-30T21:34:50 IST" duration-ms="2981" status="PASS">
          <reporter-output>
          </reporter-output>
        </test-method> <!-- refreshPageAfterEachTest -->
        <test-method signature="verifySortByPriorityActuallySorts()[pri:6, instance:tests.ScribeDashboardTest@765f05af]" started-at="2025-07-30T21:34:50 IST" name="verifySortByPriorityActuallySorts" finished-at="2025-07-30T21:34:50 IST" duration-ms="151" status="PASS">
          <reporter-output>
          </reporter-output>
        </test-method> <!-- verifySortByPriorityActuallySorts -->
        <test-method is-config="true" signature="refreshPageAfterEachTest()[pri:0, instance:tests.ScribeDashboardTest@765f05af]" started-at="2025-07-30T21:34:50 IST" name="refreshPageAfterEachTest" finished-at="2025-07-30T21:34:53 IST" duration-ms="2581" status="PASS">
          <reporter-output>
          </reporter-output>
        </test-method> <!-- refreshPageAfterEachTest -->
        <test-method signature="verifySortByUploadDateActuallySorts()[pri:7, instance:tests.ScribeDashboardTest@765f05af]" started-at="2025-07-30T21:34:53 IST" name="verifySortByUploadDateActuallySorts" finished-at="2025-07-30T21:34:53 IST" duration-ms="129" status="PASS">
          <reporter-output>
          </reporter-output>
        </test-method> <!-- verifySortByUploadDateActuallySorts -->
        <test-method is-config="true" signature="refreshPageAfterEachTest()[pri:0, instance:tests.ScribeDashboardTest@765f05af]" started-at="2025-07-30T21:34:53 IST" name="refreshPageAfterEachTest" finished-at="2025-07-30T21:34:56 IST" duration-ms="3103" status="PASS">
          <reporter-output>
          </reporter-output>
        </test-method> <!-- refreshPageAfterEachTest -->
        <test-method signature="verifySortByUploadTimeActuallySorts()[pri:8, instance:tests.ScribeDashboardTest@765f05af]" started-at="2025-07-30T21:34:56 IST" name="verifySortByUploadTimeActuallySorts" finished-at="2025-07-30T21:34:56 IST" duration-ms="122" status="FAIL">
          <exception class="java.lang.AssertionError">
            <message>
              <![CDATA[Upload Time column is not sorted.: Lists differ at element [0]: 04:32 PM != 09:34 PM expected [04:32 PM] but found [09:34 PM]]]>
            </message>
            <full-stacktrace>
              <![CDATA[java.lang.AssertionError: Upload Time column is not sorted.: Lists differ at element [0]: 04:32 PM != 09:34 PM expected [04:32 PM] but found [09:34 PM]
at org.testng.Assert.fail(Assert.java:111)
at org.testng.Assert.failNotEquals(Assert.java:1590)
at org.testng.Assert.assertEqualsImpl(Assert.java:150)
at org.testng.Assert.assertEquals(Assert.java:1656)
at tests.ScribeDashboardTest.verifySortByUploadTimeActuallySorts(ScribeDashboardTest.java:155)
at java.base/jdk.internal.reflect.DirectMethodHandleAccessor.invoke(DirectMethodHandleAccessor.java:103)
at java.base/java.lang.reflect.Method.invoke(Method.java:580)
at org.testng.internal.invokers.MethodInvocationHelper.invokeMethod(MethodInvocationHelper.java:141)
at org.testng.internal.invokers.TestInvoker.invokeMethod(TestInvoker.java:687)
at org.testng.internal.invokers.TestInvoker.invokeTestMethod(TestInvoker.java:230)
at org.testng.internal.invokers.MethodRunner.runInSequence(MethodRunner.java:63)
at org.testng.internal.invokers.TestInvoker$MethodInvocationAgent.invoke(TestInvoker.java:995)
at org.testng.internal.invokers.TestInvoker.invokeTestMethods(TestInvoker.java:203)
at org.testng.internal.invokers.TestMethodWorker.invokeTestMethods(TestMethodWorker.java:154)
at org.testng.internal.invokers.TestMethodWorker.run(TestMethodWorker.java:134)
at java.base/java.util.ArrayList.forEach(ArrayList.java:1596)
at org.testng.TestRunner.privateRun(TestRunner.java:741)
at org.testng.TestRunner.run(TestRunner.java:616)
at org.testng.SuiteRunner.runTest(SuiteRunner.java:421)
at org.testng.SuiteRunner.runSequentially(SuiteRunner.java:413)
at org.testng.SuiteRunner.privateRun(SuiteRunner.java:373)
at org.testng.SuiteRunner.run(SuiteRunner.java:312)
at org.testng.SuiteRunnerWorker.runSuite(SuiteRunnerWorker.java:52)
at org.testng.SuiteRunnerWorker.run(SuiteRunnerWorker.java:95)
at org.testng.TestNG.runSuitesSequentially(TestNG.java:1274)
at org.testng.TestNG.runSuitesLocally(TestNG.java:1208)
at org.testng.TestNG.runSuites(TestNG.java:1112)
at org.testng.TestNG.run(TestNG.java:1079)
at org.testng.remote.AbstractRemoteTestNG.run(AbstractRemoteTestNG.java:115)
at org.testng.remote.RemoteTestNG.initAndRun(RemoteTestNG.java:293)
at org.testng.remote.RemoteTestNG.main(RemoteTestNG.java:91)
]]>
            </full-stacktrace>
          </exception> <!-- java.lang.AssertionError -->
          <reporter-output>
          </reporter-output>
        </test-method> <!-- verifySortByUploadTimeActuallySorts -->
        <test-method is-config="true" signature="refreshPageAfterEachTest()[pri:0, instance:tests.ScribeDashboardTest@765f05af]" started-at="2025-07-30T21:34:56 IST" name="refreshPageAfterEachTest" finished-at="2025-07-30T21:34:59 IST" duration-ms="2572" status="PASS">
          <reporter-output>
          </reporter-output>
        </test-method> <!-- refreshPageAfterEachTest -->
        <test-method signature="verifySortByAudioDurationActuallySorts()[pri:9, instance:tests.ScribeDashboardTest@765f05af]" started-at="2025-07-30T21:34:59 IST" name="verifySortByAudioDurationActuallySorts" finished-at="2025-07-30T21:34:59 IST" duration-ms="139" status="PASS">
          <reporter-output>
          </reporter-output>
        </test-method> <!-- verifySortByAudioDurationActuallySorts -->
        <test-method is-config="true" signature="refreshPageAfterEachTest()[pri:0, instance:tests.ScribeDashboardTest@765f05af]" started-at="2025-07-30T21:34:59 IST" name="refreshPageAfterEachTest" finished-at="2025-07-30T21:35:02 IST" duration-ms="2926" status="PASS">
          <reporter-output>
          </reporter-output>
        </test-method> <!-- refreshPageAfterEachTest -->
        <test-method signature="verifyFilterByStatusInProgress()[pri:10, instance:tests.ScribeDashboardTest@765f05af]" started-at="2025-07-30T21:35:02 IST" name="verifyFilterByStatusInProgress" finished-at="2025-07-30T21:35:07 IST" duration-ms="5569" status="FAIL">
          <exception class="java.lang.AssertionError">
            <message>
              <![CDATA[Neither rows nor 'No data' message appeared after filtering.]]>
            </message>
            <full-stacktrace>
              <![CDATA[java.lang.AssertionError: Neither rows nor 'No data' message appeared after filtering.
at pages.ScribeDashboardPage.filterStatusInProgress(ScribeDashboardPage.java:119)
at tests.ScribeDashboardTest.verifyFilterByStatusInProgress(ScribeDashboardTest.java:171)
at java.base/jdk.internal.reflect.DirectMethodHandleAccessor.invoke(DirectMethodHandleAccessor.java:103)
at java.base/java.lang.reflect.Method.invoke(Method.java:580)
at org.testng.internal.invokers.MethodInvocationHelper.invokeMethod(MethodInvocationHelper.java:141)
at org.testng.internal.invokers.TestInvoker.invokeMethod(TestInvoker.java:687)
at org.testng.internal.invokers.TestInvoker.invokeTestMethod(TestInvoker.java:230)
at org.testng.internal.invokers.MethodRunner.runInSequence(MethodRunner.java:63)
at org.testng.internal.invokers.TestInvoker$MethodInvocationAgent.invoke(TestInvoker.java:995)
at org.testng.internal.invokers.TestInvoker.invokeTestMethods(TestInvoker.java:203)
at org.testng.internal.invokers.TestMethodWorker.invokeTestMethods(TestMethodWorker.java:154)
at org.testng.internal.invokers.TestMethodWorker.run(TestMethodWorker.java:134)
at java.base/java.util.ArrayList.forEach(ArrayList.java:1596)
at org.testng.TestRunner.privateRun(TestRunner.java:741)
at org.testng.TestRunner.run(TestRunner.java:616)
at org.testng.SuiteRunner.runTest(SuiteRunner.java:421)
at org.testng.SuiteRunner.runSequentially(SuiteRunner.java:413)
at org.testng.SuiteRunner.privateRun(SuiteRunner.java:373)
at org.testng.SuiteRunner.run(SuiteRunner.java:312)
at org.testng.SuiteRunnerWorker.runSuite(SuiteRunnerWorker.java:52)
at org.testng.SuiteRunnerWorker.run(SuiteRunnerWorker.java:95)
at org.testng.TestNG.runSuitesSequentially(TestNG.java:1274)
at org.testng.TestNG.runSuitesLocally(TestNG.java:1208)
at org.testng.TestNG.runSuites(TestNG.java:1112)
at org.testng.TestNG.run(TestNG.java:1079)
at org.testng.remote.AbstractRemoteTestNG.run(AbstractRemoteTestNG.java:115)
at org.testng.remote.RemoteTestNG.initAndRun(RemoteTestNG.java:293)
at org.testng.remote.RemoteTestNG.main(RemoteTestNG.java:91)
]]>
            </full-stacktrace>
          </exception> <!-- java.lang.AssertionError -->
          <reporter-output>
          </reporter-output>
        </test-method> <!-- verifyFilterByStatusInProgress -->
        <test-method is-config="true" signature="refreshPageAfterEachTest()[pri:0, instance:tests.ScribeDashboardTest@765f05af]" started-at="2025-07-30T21:35:07 IST" name="refreshPageAfterEachTest" finished-at="2025-07-30T21:35:10 IST" duration-ms="2429" status="PASS">
          <reporter-output>
          </reporter-output>
        </test-method> <!-- refreshPageAfterEachTest -->
        <test-method signature="verifyFilterByPriorityMedium()[pri:11, instance:tests.ScribeDashboardTest@765f05af]" started-at="2025-07-30T21:35:10 IST" name="verifyFilterByPriorityMedium" finished-at="2025-07-30T21:35:15 IST" duration-ms="5563" status="FAIL">
          <exception class="java.lang.AssertionError">
            <message>
              <![CDATA[Neither rows nor 'No data' message appeared after filtering by Medium priority.]]>
            </message>
            <full-stacktrace>
              <![CDATA[java.lang.AssertionError: Neither rows nor 'No data' message appeared after filtering by Medium priority.
at pages.ScribeDashboardPage.filterPriorityMedium(ScribeDashboardPage.java:158)
at tests.ScribeDashboardTest.verifyFilterByPriorityMedium(ScribeDashboardTest.java:179)
at java.base/jdk.internal.reflect.DirectMethodHandleAccessor.invoke(DirectMethodHandleAccessor.java:103)
at java.base/java.lang.reflect.Method.invoke(Method.java:580)
at org.testng.internal.invokers.MethodInvocationHelper.invokeMethod(MethodInvocationHelper.java:141)
at org.testng.internal.invokers.TestInvoker.invokeMethod(TestInvoker.java:687)
at org.testng.internal.invokers.TestInvoker.invokeTestMethod(TestInvoker.java:230)
at org.testng.internal.invokers.MethodRunner.runInSequence(MethodRunner.java:63)
at org.testng.internal.invokers.TestInvoker$MethodInvocationAgent.invoke(TestInvoker.java:995)
at org.testng.internal.invokers.TestInvoker.invokeTestMethods(TestInvoker.java:203)
at org.testng.internal.invokers.TestMethodWorker.invokeTestMethods(TestMethodWorker.java:154)
at org.testng.internal.invokers.TestMethodWorker.run(TestMethodWorker.java:134)
at java.base/java.util.ArrayList.forEach(ArrayList.java:1596)
at org.testng.TestRunner.privateRun(TestRunner.java:741)
at org.testng.TestRunner.run(TestRunner.java:616)
at org.testng.SuiteRunner.runTest(SuiteRunner.java:421)
at org.testng.SuiteRunner.runSequentially(SuiteRunner.java:413)
at org.testng.SuiteRunner.privateRun(SuiteRunner.java:373)
at org.testng.SuiteRunner.run(SuiteRunner.java:312)
at org.testng.SuiteRunnerWorker.runSuite(SuiteRunnerWorker.java:52)
at org.testng.SuiteRunnerWorker.run(SuiteRunnerWorker.java:95)
at org.testng.TestNG.runSuitesSequentially(TestNG.java:1274)
at org.testng.TestNG.runSuitesLocally(TestNG.java:1208)
at org.testng.TestNG.runSuites(TestNG.java:1112)
at org.testng.TestNG.run(TestNG.java:1079)
at org.testng.remote.AbstractRemoteTestNG.run(AbstractRemoteTestNG.java:115)
at org.testng.remote.RemoteTestNG.initAndRun(RemoteTestNG.java:293)
at org.testng.remote.RemoteTestNG.main(RemoteTestNG.java:91)
]]>
            </full-stacktrace>
          </exception> <!-- java.lang.AssertionError -->
          <reporter-output>
          </reporter-output>
        </test-method> <!-- verifyFilterByPriorityMedium -->
        <test-method is-config="true" signature="refreshPageAfterEachTest()[pri:0, instance:tests.ScribeDashboardTest@765f05af]" started-at="2025-07-30T21:35:15 IST" name="refreshPageAfterEachTest" finished-at="2025-07-30T21:35:18 IST" duration-ms="2468" status="PASS">
          <reporter-output>
          </reporter-output>
        </test-method> <!-- refreshPageAfterEachTest -->
        <test-method signature="verifyViewTaskHidesRow()[pri:12, instance:tests.ScribeDashboardTest@765f05af]" started-at="2025-07-30T21:35:18 IST" name="verifyViewTaskHidesRow" finished-at="2025-07-30T21:35:18 IST" duration-ms="241" status="PASS">
          <reporter-output>
          </reporter-output>
        </test-method> <!-- verifyViewTaskHidesRow -->
        <test-method is-config="true" signature="refreshPageAfterEachTest()[pri:0, instance:tests.ScribeDashboardTest@765f05af]" started-at="2025-07-30T21:35:18 IST" name="refreshPageAfterEachTest" finished-at="2025-07-30T21:35:20 IST" duration-ms="2450" status="PASS">
          <reporter-output>
          </reporter-output>
        </test-method> <!-- refreshPageAfterEachTest -->
        <test-method is-config="true" signature="tearDown()[pri:0, instance:tests.ScribeDashboardTest@765f05af]" started-at="2025-07-30T21:35:20 IST" name="tearDown" finished-at="2025-07-30T21:35:21 IST" duration-ms="359" status="PASS">
          <reporter-output>
          </reporter-output>
        </test-method> <!-- tearDown -->
      </class> <!-- tests.ScribeDashboardTest -->
      <class name="tests.LoginTests">
        <test-method is-config="true" signature="setupClass()[pri:0, instance:tests.LoginTests@5c18016b]" started-at="2025-07-30T21:31:06 IST" name="setupClass" finished-at="2025-07-30T21:31:09 IST" duration-ms="2995" status="PASS">
          <reporter-output>
          </reporter-output>
        </test-method> <!-- setupClass -->
        <test-method is-config="true" signature="setup()[pri:0, instance:tests.LoginTests@5c18016b]" started-at="2025-07-30T21:31:09 IST" name="setup" finished-at="2025-07-30T21:31:13 IST" duration-ms="3724" status="PASS">
          <reporter-output>
          </reporter-output>
        </test-method> <!-- setup -->
        <test-method signature="loginTest(java.lang.String,java.lang.String,java.lang.String,java.lang.String)[pri:1, instance:tests.LoginTests@5c18016b]" started-at="2025-07-30T21:31:13 IST" name="loginTest" description="TC01-TC24 - Login test for various valid/invalid credentials" data-provider="loginData" finished-at="2025-07-30T21:31:15 IST" duration-ms="2047" status="PASS">
          <params>
            <param index="0">
              <value>
                <![CDATA[TC01]]>
              </value>
            </param>
            <param index="1">
              <value>
                <![CDATA[testprovider@gmail.com]]>
              </value>
            </param>
            <param index="2">
              <value>
                <![CDATA[12345678]]>
              </value>
            </param>
            <param index="3">
              <value>
                <![CDATA[success_doctor]]>
              </value>
            </param>
          </params>
          <reporter-output>
          </reporter-output>
        </test-method> <!-- loginTest -->
        <test-method is-config="true" signature="tearDown()[pri:0, instance:tests.LoginTests@5c18016b]" started-at="2025-07-30T21:31:15 IST" name="tearDown" finished-at="2025-07-30T21:31:15 IST" duration-ms="149" status="PASS">
          <reporter-output>
          </reporter-output>
        </test-method> <!-- tearDown -->
        <test-method is-config="true" signature="setup()[pri:0, instance:tests.LoginTests@5c18016b]" started-at="2025-07-30T21:31:15 IST" name="setup" finished-at="2025-07-30T21:31:18 IST" duration-ms="3245" status="PASS">
          <reporter-output>
          </reporter-output>
        </test-method> <!-- setup -->
        <test-method signature="loginTest(java.lang.String,java.lang.String,java.lang.String,java.lang.String)[pri:1, instance:tests.LoginTests@5c18016b]" started-at="2025-07-30T21:31:18 IST" name="loginTest" description="TC01-TC24 - Login test for various valid/invalid credentials" data-provider="loginData" finished-at="2025-07-30T21:31:20 IST" duration-ms="1316" status="PASS">
          <params>
            <param index="0">
              <value>
                <![CDATA[TC02]]>
              </value>
            </param>
            <param index="1">
              <value>
                <![CDATA[wrongemail@example.com]]>
              </value>
            </param>
            <param index="2">
              <value>
                <![CDATA[DocPass123]]>
              </value>
            </param>
            <param index="3">
              <value>
                <![CDATA[error]]>
              </value>
            </param>
          </params>
          <reporter-output>
          </reporter-output>
        </test-method> <!-- loginTest -->
        <test-method is-config="true" signature="tearDown()[pri:0, instance:tests.LoginTests@5c18016b]" started-at="2025-07-30T21:31:20 IST" name="tearDown" finished-at="2025-07-30T21:31:20 IST" duration-ms="120" status="PASS">
          <reporter-output>
          </reporter-output>
        </test-method> <!-- tearDown -->
        <test-method is-config="true" signature="setup()[pri:0, instance:tests.LoginTests@5c18016b]" started-at="2025-07-30T21:31:20 IST" name="setup" finished-at="2025-07-30T21:31:23 IST" duration-ms="3051" status="PASS">
          <reporter-output>
          </reporter-output>
        </test-method> <!-- setup -->
        <test-method signature="loginTest(java.lang.String,java.lang.String,java.lang.String,java.lang.String)[pri:1, instance:tests.LoginTests@5c18016b]" started-at="2025-07-30T21:31:23 IST" name="loginTest" description="TC01-TC24 - Login test for various valid/invalid credentials" data-provider="loginData" finished-at="2025-07-30T21:31:24 IST" duration-ms="1264" status="PASS">
          <params>
            <param index="0">
              <value>
                <![CDATA[TC03]]>
              </value>
            </param>
            <param index="1">
              <value>
                <![CDATA[doctor@example.com]]>
              </value>
            </param>
            <param index="2">
              <value>
                <![CDATA[wrongpass]]>
              </value>
            </param>
            <param index="3">
              <value>
                <![CDATA[error]]>
              </value>
            </param>
          </params>
          <reporter-output>
          </reporter-output>
        </test-method> <!-- loginTest -->
        <test-method is-config="true" signature="tearDown()[pri:0, instance:tests.LoginTests@5c18016b]" started-at="2025-07-30T21:31:24 IST" name="tearDown" finished-at="2025-07-30T21:31:24 IST" duration-ms="103" status="PASS">
          <reporter-output>
          </reporter-output>
        </test-method> <!-- tearDown -->
        <test-method is-config="true" signature="setup()[pri:0, instance:tests.LoginTests@5c18016b]" started-at="2025-07-30T21:31:24 IST" name="setup" finished-at="2025-07-30T21:31:27 IST" duration-ms="3265" status="PASS">
          <reporter-output>
          </reporter-output>
        </test-method> <!-- setup -->
        <test-method signature="loginTest(java.lang.String,java.lang.String,java.lang.String,java.lang.String)[pri:1, instance:tests.LoginTests@5c18016b]" started-at="2025-07-30T21:31:27 IST" name="loginTest" description="TC01-TC24 - Login test for various valid/invalid credentials" data-provider="loginData" finished-at="2025-07-30T21:31:29 IST" duration-ms="1227" status="PASS">
          <params>
            <param index="0">
              <value>
                <![CDATA[TC04]]>
              </value>
            </param>
            <param index="1">
              <value>
                <![CDATA[]]>
              </value>
            </param>
            <param index="2">
              <value>
                <![CDATA[DocPass123]]>
              </value>
            </param>
            <param index="3">
              <value>
                <![CDATA[error]]>
              </value>
            </param>
          </params>
          <reporter-output>
          </reporter-output>
        </test-method> <!-- loginTest -->
        <test-method is-config="true" signature="tearDown()[pri:0, instance:tests.LoginTests@5c18016b]" started-at="2025-07-30T21:31:29 IST" name="tearDown" finished-at="2025-07-30T21:31:29 IST" duration-ms="133" status="PASS">
          <reporter-output>
          </reporter-output>
        </test-method> <!-- tearDown -->
        <test-method is-config="true" signature="setup()[pri:0, instance:tests.LoginTests@5c18016b]" started-at="2025-07-30T21:31:29 IST" name="setup" finished-at="2025-07-30T21:31:32 IST" duration-ms="3281" status="PASS">
          <reporter-output>
          </reporter-output>
        </test-method> <!-- setup -->
        <test-method signature="loginTest(java.lang.String,java.lang.String,java.lang.String,java.lang.String)[pri:1, instance:tests.LoginTests@5c18016b]" started-at="2025-07-30T21:31:32 IST" name="loginTest" description="TC01-TC24 - Login test for various valid/invalid credentials" data-provider="loginData" finished-at="2025-07-30T21:31:33 IST" duration-ms="1249" status="PASS">
          <params>
            <param index="0">
              <value>
                <![CDATA[TC05]]>
              </value>
            </param>
            <param index="1">
              <value>
                <![CDATA[doctor@example.com]]>
              </value>
            </param>
            <param index="2">
              <value>
                <![CDATA[]]>
              </value>
            </param>
            <param index="3">
              <value>
                <![CDATA[error]]>
              </value>
            </param>
          </params>
          <reporter-output>
          </reporter-output>
        </test-method> <!-- loginTest -->
        <test-method is-config="true" signature="tearDown()[pri:0, instance:tests.LoginTests@5c18016b]" started-at="2025-07-30T21:31:33 IST" name="tearDown" finished-at="2025-07-30T21:31:33 IST" duration-ms="124" status="PASS">
          <reporter-output>
          </reporter-output>
        </test-method> <!-- tearDown -->
        <test-method is-config="true" signature="setup()[pri:0, instance:tests.LoginTests@5c18016b]" started-at="2025-07-30T21:31:33 IST" name="setup" finished-at="2025-07-30T21:31:37 IST" duration-ms="3232" status="PASS">
          <reporter-output>
          </reporter-output>
        </test-method> <!-- setup -->
        <test-method signature="loginTest(java.lang.String,java.lang.String,java.lang.String,java.lang.String)[pri:1, instance:tests.LoginTests@5c18016b]" started-at="2025-07-30T21:31:37 IST" name="loginTest" description="TC01-TC24 - Login test for various valid/invalid credentials" data-provider="loginData" finished-at="2025-07-30T21:31:38 IST" duration-ms="1231" status="PASS">
          <params>
            <param index="0">
              <value>
                <![CDATA[TC06]]>
              </value>
            </param>
            <param index="1">
              <value>
                <![CDATA[]]>
              </value>
            </param>
            <param index="2">
              <value>
                <![CDATA[]]>
              </value>
            </param>
            <param index="3">
              <value>
                <![CDATA[error]]>
              </value>
            </param>
          </params>
          <reporter-output>
          </reporter-output>
        </test-method> <!-- loginTest -->
        <test-method is-config="true" signature="tearDown()[pri:0, instance:tests.LoginTests@5c18016b]" started-at="2025-07-30T21:31:38 IST" name="tearDown" finished-at="2025-07-30T21:31:38 IST" duration-ms="128" status="PASS">
          <reporter-output>
          </reporter-output>
        </test-method> <!-- tearDown -->
        <test-method is-config="true" signature="setup()[pri:0, instance:tests.LoginTests@5c18016b]" started-at="2025-07-30T21:31:38 IST" name="setup" finished-at="2025-07-30T21:31:41 IST" duration-ms="3216" status="PASS">
          <reporter-output>
          </reporter-output>
        </test-method> <!-- setup -->
        <test-method signature="loginTest(java.lang.String,java.lang.String,java.lang.String,java.lang.String)[pri:1, instance:tests.LoginTests@5c18016b]" started-at="2025-07-30T21:31:41 IST" name="loginTest" description="TC01-TC24 - Login test for various valid/invalid credentials" data-provider="loginData" finished-at="2025-07-30T21:31:43 IST" duration-ms="1263" status="PASS">
          <params>
            <param index="0">
              <value>
                <![CDATA[TC07]]>
              </value>
            </param>
            <param index="1">
              <value>
                <![CDATA[doctor@@example]]>
              </value>
            </param>
            <param index="2">
              <value>
                <![CDATA[DocPass123]]>
              </value>
            </param>
            <param index="3">
              <value>
                <![CDATA[error]]>
              </value>
            </param>
          </params>
          <reporter-output>
          </reporter-output>
        </test-method> <!-- loginTest -->
        <test-method is-config="true" signature="tearDown()[pri:0, instance:tests.LoginTests@5c18016b]" started-at="2025-07-30T21:31:43 IST" name="tearDown" finished-at="2025-07-30T21:31:43 IST" duration-ms="109" status="PASS">
          <reporter-output>
          </reporter-output>
        </test-method> <!-- tearDown -->
        <test-method is-config="true" signature="setup()[pri:0, instance:tests.LoginTests@5c18016b]" started-at="2025-07-30T21:31:43 IST" name="setup" finished-at="2025-07-30T21:31:46 IST" duration-ms="3061" status="PASS">
          <reporter-output>
          </reporter-output>
        </test-method> <!-- setup -->
        <test-method signature="loginTest(java.lang.String,java.lang.String,java.lang.String,java.lang.String)[pri:1, instance:tests.LoginTests@5c18016b]" started-at="2025-07-30T21:31:46 IST" name="loginTest" description="TC01-TC24 - Login test for various valid/invalid credentials" data-provider="loginData" finished-at="2025-07-30T21:31:47 IST" duration-ms="1268" status="PASS">
          <params>
            <param index="0">
              <value>
                <![CDATA[TC10]]>
              </value>
            </param>
            <param index="1">
              <value>
                <![CDATA[special@!#$.com]]>
              </value>
            </param>
            <param index="2">
              <value>
                <![CDATA[special123]]>
              </value>
            </param>
            <param index="3">
              <value>
                <![CDATA[error]]>
              </value>
            </param>
          </params>
          <reporter-output>
          </reporter-output>
        </test-method> <!-- loginTest -->
        <test-method is-config="true" signature="tearDown()[pri:0, instance:tests.LoginTests@5c18016b]" started-at="2025-07-30T21:31:47 IST" name="tearDown" finished-at="2025-07-30T21:31:47 IST" duration-ms="137" status="PASS">
          <reporter-output>
          </reporter-output>
        </test-method> <!-- tearDown -->
        <test-method is-config="true" signature="setup()[pri:0, instance:tests.LoginTests@5c18016b]" started-at="2025-07-30T21:31:47 IST" name="setup" finished-at="2025-07-30T21:31:50 IST" duration-ms="3239" status="PASS">
          <reporter-output>
          </reporter-output>
        </test-method> <!-- setup -->
        <test-method signature="loginTest(java.lang.String,java.lang.String,java.lang.String,java.lang.String)[pri:1, instance:tests.LoginTests@5c18016b]" started-at="2025-07-30T21:31:50 IST" name="loginTest" description="TC01-TC24 - Login test for various valid/invalid credentials" data-provider="loginData" finished-at="2025-07-30T21:31:52 IST" duration-ms="1285" status="PASS">
          <params>
            <param index="0">
              <value>
                <![CDATA[TC11]]>
              </value>
            </param>
            <param index="1">
              <value>
                <![CDATA[verylongemail@exampletoolonglonglongdomain.com]]>
              </value>
            </param>
            <param index="2">
              <value>
                <![CDATA[DocPass123]]>
              </value>
            </param>
            <param index="3">
              <value>
                <![CDATA[error]]>
              </value>
            </param>
          </params>
          <reporter-output>
          </reporter-output>
        </test-method> <!-- loginTest -->
        <test-method is-config="true" signature="tearDown()[pri:0, instance:tests.LoginTests@5c18016b]" started-at="2025-07-30T21:31:52 IST" name="tearDown" finished-at="2025-07-30T21:31:52 IST" duration-ms="110" status="PASS">
          <reporter-output>
          </reporter-output>
        </test-method> <!-- tearDown -->
        <test-method is-config="true" signature="setup()[pri:0, instance:tests.LoginTests@5c18016b]" started-at="2025-07-30T21:31:52 IST" name="setup" finished-at="2025-07-30T21:31:55 IST" duration-ms="3286" status="PASS">
          <reporter-output>
          </reporter-output>
        </test-method> <!-- setup -->
        <test-method signature="loginTest(java.lang.String,java.lang.String,java.lang.String,java.lang.String)[pri:1, instance:tests.LoginTests@5c18016b]" started-at="2025-07-30T21:31:55 IST" name="loginTest" description="TC01-TC24 - Login test for various valid/invalid credentials" data-provider="loginData" finished-at="2025-07-30T21:31:56 IST" duration-ms="1284" status="PASS">
          <params>
            <param index="0">
              <value>
                <![CDATA[TC12]]>
              </value>
            </param>
            <param index="1">
              <value>
                <![CDATA[doctor@example.com]]>
              </value>
            </param>
            <param index="2">
              <value>
                <![CDATA[passwordWithVeryLongText1234567890!@#]]>
              </value>
            </param>
            <param index="3">
              <value>
                <![CDATA[error]]>
              </value>
            </param>
          </params>
          <reporter-output>
          </reporter-output>
        </test-method> <!-- loginTest -->
        <test-method is-config="true" signature="tearDown()[pri:0, instance:tests.LoginTests@5c18016b]" started-at="2025-07-30T21:31:56 IST" name="tearDown" finished-at="2025-07-30T21:31:56 IST" duration-ms="124" status="PASS">
          <reporter-output>
          </reporter-output>
        </test-method> <!-- tearDown -->
        <test-method is-config="true" signature="setup()[pri:0, instance:tests.LoginTests@5c18016b]" started-at="2025-07-30T21:31:56 IST" name="setup" finished-at="2025-07-30T21:32:00 IST" duration-ms="3137" status="PASS">
          <reporter-output>
          </reporter-output>
        </test-method> <!-- setup -->
        <test-method signature="loginTest(java.lang.String,java.lang.String,java.lang.String,java.lang.String)[pri:1, instance:tests.LoginTests@5c18016b]" started-at="2025-07-30T21:32:00 IST" name="loginTest" description="TC01-TC24 - Login test for various valid/invalid credentials" data-provider="loginData" finished-at="2025-07-30T21:32:07 IST" duration-ms="7279" status="PASS">
          <params>
            <param index="0">
              <value>
                <![CDATA[TC15]]>
              </value>
            </param>
            <param index="1">
              <value>
                <![CDATA[testprovider@gmail.com]]>
              </value>
            </param>
            <param index="2">
              <value>
                <![CDATA[12345678]]>
              </value>
            </param>
            <param index="3">
              <value>
                <![CDATA[success_doctor]]>
              </value>
            </param>
          </params>
          <reporter-output>
          </reporter-output>
        </test-method> <!-- loginTest -->
        <test-method is-config="true" signature="tearDown()[pri:0, instance:tests.LoginTests@5c18016b]" started-at="2025-07-30T21:32:07 IST" name="tearDown" finished-at="2025-07-30T21:32:07 IST" duration-ms="135" status="PASS">
          <reporter-output>
          </reporter-output>
        </test-method> <!-- tearDown -->
        <test-method is-config="true" signature="setup()[pri:0, instance:tests.LoginTests@5c18016b]" started-at="2025-07-30T21:32:07 IST" name="setup" finished-at="2025-07-30T21:32:10 IST" duration-ms="3069" status="PASS">
          <reporter-output>
          </reporter-output>
        </test-method> <!-- setup -->
        <test-method signature="loginTest(java.lang.String,java.lang.String,java.lang.String,java.lang.String)[pri:1, instance:tests.LoginTests@5c18016b]" started-at="2025-07-30T21:32:10 IST" name="loginTest" description="TC01-TC24 - Login test for various valid/invalid credentials" data-provider="loginData" finished-at="2025-07-30T21:32:12 IST" duration-ms="1802" status="PASS">
          <params>
            <param index="0">
              <value>
                <![CDATA[TC19]]>
              </value>
            </param>
            <param index="1">
              <value>
                <![CDATA[Testprovider@gmail.com]]>
              </value>
            </param>
            <param index="2">
              <value>
                <![CDATA[12345678]]>
              </value>
            </param>
            <param index="3">
              <value>
                <![CDATA[success_doctor]]>
              </value>
            </param>
          </params>
          <reporter-output>
          </reporter-output>
        </test-method> <!-- loginTest -->
        <test-method is-config="true" signature="tearDown()[pri:0, instance:tests.LoginTests@5c18016b]" started-at="2025-07-30T21:32:12 IST" name="tearDown" finished-at="2025-07-30T21:32:12 IST" duration-ms="135" status="PASS">
          <reporter-output>
          </reporter-output>
        </test-method> <!-- tearDown -->
        <test-method is-config="true" signature="setup()[pri:0, instance:tests.LoginTests@5c18016b]" started-at="2025-07-30T21:32:12 IST" name="setup" finished-at="2025-07-30T21:32:15 IST" duration-ms="3269" status="PASS">
          <reporter-output>
          </reporter-output>
        </test-method> <!-- setup -->
        <test-method signature="loginTest(java.lang.String,java.lang.String,java.lang.String,java.lang.String)[pri:1, instance:tests.LoginTests@5c18016b]" started-at="2025-07-30T21:32:15 IST" name="loginTest" description="TC01-TC24 - Login test for various valid/invalid credentials" data-provider="loginData" finished-at="2025-07-30T21:32:17 IST" duration-ms="1245" status="PASS">
          <params>
            <param index="0">
              <value>
                <![CDATA[TC20]]>
              </value>
            </param>
            <param index="1">
              <value>
                <![CDATA[doctor@example.com]]>
              </value>
            </param>
            <param index="2">
              <value>
                <![CDATA[DOCPASS123]]>
              </value>
            </param>
            <param index="3">
              <value>
                <![CDATA[error]]>
              </value>
            </param>
          </params>
          <reporter-output>
          </reporter-output>
        </test-method> <!-- loginTest -->
        <test-method is-config="true" signature="tearDown()[pri:0, instance:tests.LoginTests@5c18016b]" started-at="2025-07-30T21:32:17 IST" name="tearDown" finished-at="2025-07-30T21:32:17 IST" duration-ms="112" status="PASS">
          <reporter-output>
          </reporter-output>
        </test-method> <!-- tearDown -->
        <test-method is-config="true" signature="setup()[pri:0, instance:tests.LoginTests@5c18016b]" started-at="2025-07-30T21:32:17 IST" name="setup" finished-at="2025-07-30T21:32:20 IST" duration-ms="3217" status="PASS">
          <reporter-output>
          </reporter-output>
        </test-method> <!-- setup -->
        <test-method signature="loginTest(java.lang.String,java.lang.String,java.lang.String,java.lang.String)[pri:1, instance:tests.LoginTests@5c18016b]" started-at="2025-07-30T21:32:20 IST" name="loginTest" description="TC01-TC24 - Login test for various valid/invalid credentials" data-provider="loginData" finished-at="2025-07-30T21:32:27 IST" duration-ms="6797" status="PASS">
          <params>
            <param index="0">
              <value>
                <![CDATA[TC23]]>
              </value>
            </param>
            <param index="1">
              <value>
                <![CDATA[testprovider@gmail.com]]>
              </value>
            </param>
            <param index="2">
              <value>
                <![CDATA[12345678]]>
              </value>
            </param>
            <param index="3">
              <value>
                <![CDATA[success_doctor]]>
              </value>
            </param>
          </params>
          <reporter-output>
          </reporter-output>
        </test-method> <!-- loginTest -->
        <test-method is-config="true" signature="tearDown()[pri:0, instance:tests.LoginTests@5c18016b]" started-at="2025-07-30T21:32:27 IST" name="tearDown" finished-at="2025-07-30T21:32:27 IST" duration-ms="136" status="PASS">
          <reporter-output>
          </reporter-output>
        </test-method> <!-- tearDown -->
        <test-method is-config="true" signature="setup()[pri:0, instance:tests.LoginTests@5c18016b]" started-at="2025-07-30T21:32:27 IST" name="setup" finished-at="2025-07-30T21:32:30 IST" duration-ms="3201" status="PASS">
          <reporter-output>
          </reporter-output>
        </test-method> <!-- setup -->
        <test-method signature="loginTest(java.lang.String,java.lang.String,java.lang.String,java.lang.String)[pri:1, instance:tests.LoginTests@5c18016b]" started-at="2025-07-30T21:32:30 IST" name="loginTest" description="TC01-TC24 - Login test for various valid/invalid credentials" data-provider="loginData" finished-at="2025-07-30T21:32:32 IST" duration-ms="1767" status="PASS">
          <params>
            <param index="0">
              <value>
                <![CDATA[TC24]]>
              </value>
            </param>
            <param index="1">
              <value>
                <![CDATA[testscribe@gmail.com]]>
              </value>
            </param>
            <param index="2">
              <value>
                <![CDATA[12345678]]>
              </value>
            </param>
            <param index="3">
              <value>
                <![CDATA[success_scribe]]>
              </value>
            </param>
          </params>
          <reporter-output>
          </reporter-output>
        </test-method> <!-- loginTest -->
        <test-method is-config="true" signature="tearDown()[pri:0, instance:tests.LoginTests@5c18016b]" started-at="2025-07-30T21:32:32 IST" name="tearDown" finished-at="2025-07-30T21:32:32 IST" duration-ms="127" status="PASS">
          <reporter-output>
          </reporter-output>
        </test-method> <!-- tearDown -->
        <test-method is-config="true" signature="setup()[pri:0, instance:tests.LoginTests@5c18016b]" started-at="2025-07-30T21:32:32 IST" name="setup" finished-at="2025-07-30T21:32:35 IST" duration-ms="3228" status="PASS">
          <reporter-output>
          </reporter-output>
        </test-method> <!-- setup -->
        <test-method signature="forgotPasswordTest_TC09()[pri:2, instance:tests.LoginTests@5c18016b]" started-at="2025-07-30T21:32:35 IST" name="forgotPasswordTest_TC09" description="TC09 - Verify &#039;Forgot Password&#039; triggers email alert" finished-at="2025-07-30T21:32:38 IST" duration-ms="2791" status="PASS">
          <reporter-output>
          </reporter-output>
        </test-method> <!-- forgotPasswordTest_TC09 -->
        <test-method is-config="true" signature="tearDown()[pri:0, instance:tests.LoginTests@5c18016b]" started-at="2025-07-30T21:32:38 IST" name="tearDown" finished-at="2025-07-30T21:32:38 IST" duration-ms="120" status="PASS">
          <reporter-output>
          </reporter-output>
        </test-method> <!-- tearDown -->
        <test-method is-config="true" signature="setup()[pri:0, instance:tests.LoginTests@5c18016b]" started-at="2025-07-30T21:32:38 IST" name="setup" finished-at="2025-07-30T21:32:41 IST" duration-ms="3194" status="PASS">
          <reporter-output>
          </reporter-output>
        </test-method> <!-- setup -->
        <test-method signature="epicLoginRedirectTest()[pri:3, instance:tests.LoginTests@5c18016b]" started-at="2025-07-30T21:32:41 IST" name="epicLoginRedirectTest" description="TC25 - Verify Epic Login Redirect" finished-at="2025-07-30T21:33:00 IST" duration-ms="18738" status="PASS">
          <reporter-output>
          </reporter-output>
        </test-method> <!-- epicLoginRedirectTest -->
        <test-method is-config="true" signature="tearDown()[pri:0, instance:tests.LoginTests@5c18016b]" started-at="2025-07-30T21:33:00 IST" name="tearDown" finished-at="2025-07-30T21:33:00 IST" duration-ms="210" status="PASS">
          <reporter-output>
          </reporter-output>
        </test-method> <!-- tearDown -->
      </class> <!-- tests.LoginTests -->
      <class name="tests.DoctorDashboardTest">
        <test-method is-config="true" signature="setup()[pri:0, instance:tests.DoctorDashboardTest@463b4ac8]" started-at="2025-07-30T21:33:00 IST" name="setup" finished-at="2025-07-30T21:33:03 IST" duration-ms="2717" status="PASS">
          <reporter-output>
          </reporter-output>
        </test-method> <!-- setup -->
        <test-method signature="verifyLanguageToggle()[pri:1, instance:tests.DoctorDashboardTest@463b4ac8]" started-at="2025-07-30T21:33:03 IST" name="verifyLanguageToggle" finished-at="2025-07-30T21:33:04 IST" duration-ms="611" status="PASS">
          <reporter-output>
          </reporter-output>
        </test-method> <!-- verifyLanguageToggle -->
        <test-method is-config="true" signature="refreshPageAfterEachTest()[pri:0, instance:tests.DoctorDashboardTest@463b4ac8]" started-at="2025-07-30T21:33:04 IST" name="refreshPageAfterEachTest" finished-at="2025-07-30T21:33:04 IST" duration-ms="862" status="PASS">
          <reporter-output>
          </reporter-output>
        </test-method> <!-- refreshPageAfterEachTest -->
        <test-method signature="verifyDarkLightSystemModeSwitch()[pri:2, instance:tests.DoctorDashboardTest@463b4ac8]" started-at="2025-07-30T21:33:04 IST" name="verifyDarkLightSystemModeSwitch" finished-at="2025-07-30T21:33:07 IST" duration-ms="2147" status="PASS">
          <reporter-output>
          </reporter-output>
        </test-method> <!-- verifyDarkLightSystemModeSwitch -->
        <test-method is-config="true" signature="refreshPageAfterEachTest()[pri:0, instance:tests.DoctorDashboardTest@463b4ac8]" started-at="2025-07-30T21:33:07 IST" name="refreshPageAfterEachTest" finished-at="2025-07-30T21:33:08 IST" duration-ms="1407" status="PASS">
          <reporter-output>
          </reporter-output>
        </test-method> <!-- refreshPageAfterEachTest -->
        <test-method signature="verifyFilterByTaskId()[pri:3, instance:tests.DoctorDashboardTest@463b4ac8]" started-at="2025-07-30T21:33:08 IST" name="verifyFilterByTaskId" finished-at="2025-07-30T21:33:20 IST" duration-ms="11810" status="FAIL">
          <exception class="java.lang.AssertionError">
            <message>
              <![CDATA[Filtered task not present expected [true] but found [false]]]>
            </message>
            <full-stacktrace>
              <![CDATA[java.lang.AssertionError: Filtered task not present expected [true] but found [false]
at org.testng.Assert.fail(Assert.java:111)
at org.testng.Assert.failNotEquals(Assert.java:1590)
at org.testng.Assert.assertTrue(Assert.java:57)
at tests.DoctorDashboardTest.verifyFilterByTaskId(DoctorDashboardTest.java:115)
at java.base/jdk.internal.reflect.DirectMethodHandleAccessor.invoke(DirectMethodHandleAccessor.java:103)
at java.base/java.lang.reflect.Method.invoke(Method.java:580)
at org.testng.internal.invokers.MethodInvocationHelper.invokeMethod(MethodInvocationHelper.java:141)
at org.testng.internal.invokers.TestInvoker.invokeMethod(TestInvoker.java:687)
at org.testng.internal.invokers.TestInvoker.invokeTestMethod(TestInvoker.java:230)
at org.testng.internal.invokers.MethodRunner.runInSequence(MethodRunner.java:63)
at org.testng.internal.invokers.TestInvoker$MethodInvocationAgent.invoke(TestInvoker.java:995)
at org.testng.internal.invokers.TestInvoker.invokeTestMethods(TestInvoker.java:203)
at org.testng.internal.invokers.TestMethodWorker.invokeTestMethods(TestMethodWorker.java:154)
at org.testng.internal.invokers.TestMethodWorker.run(TestMethodWorker.java:134)
at java.base/java.util.ArrayList.forEach(ArrayList.java:1596)
at org.testng.TestRunner.privateRun(TestRunner.java:741)
at org.testng.TestRunner.run(TestRunner.java:616)
at org.testng.SuiteRunner.runTest(SuiteRunner.java:421)
at org.testng.SuiteRunner.runSequentially(SuiteRunner.java:413)
at org.testng.SuiteRunner.privateRun(SuiteRunner.java:373)
at org.testng.SuiteRunner.run(SuiteRunner.java:312)
at org.testng.SuiteRunnerWorker.runSuite(SuiteRunnerWorker.java:52)
at org.testng.SuiteRunnerWorker.run(SuiteRunnerWorker.java:95)
at org.testng.TestNG.runSuitesSequentially(TestNG.java:1274)
at org.testng.TestNG.runSuitesLocally(TestNG.java:1208)
at org.testng.TestNG.runSuites(TestNG.java:1112)
at org.testng.TestNG.run(TestNG.java:1079)
at org.testng.remote.AbstractRemoteTestNG.run(AbstractRemoteTestNG.java:115)
at org.testng.remote.RemoteTestNG.initAndRun(RemoteTestNG.java:293)
at org.testng.remote.RemoteTestNG.main(RemoteTestNG.java:91)
]]>
            </full-stacktrace>
          </exception> <!-- java.lang.AssertionError -->
          <reporter-output>
          </reporter-output>
        </test-method> <!-- verifyFilterByTaskId -->
        <test-method is-config="true" signature="refreshPageAfterEachTest()[pri:0, instance:tests.DoctorDashboardTest@463b4ac8]" started-at="2025-07-30T21:33:20 IST" name="refreshPageAfterEachTest" finished-at="2025-07-30T21:33:21 IST" duration-ms="893" status="PASS">
          <reporter-output>
          </reporter-output>
        </test-method> <!-- refreshPageAfterEachTest -->
        <test-method signature="verifySortByTaskIdActuallySorts()[pri:4, instance:tests.DoctorDashboardTest@463b4ac8]" started-at="2025-07-30T21:33:21 IST" name="verifySortByTaskIdActuallySorts" finished-at="2025-07-30T21:33:22 IST" duration-ms="1747" status="PASS">
          <reporter-output>
          </reporter-output>
        </test-method> <!-- verifySortByTaskIdActuallySorts -->
        <test-method is-config="true" signature="refreshPageAfterEachTest()[pri:0, instance:tests.DoctorDashboardTest@463b4ac8]" started-at="2025-07-30T21:33:22 IST" name="refreshPageAfterEachTest" finished-at="2025-07-30T21:33:23 IST" duration-ms="879" status="PASS">
          <reporter-output>
          </reporter-output>
        </test-method> <!-- refreshPageAfterEachTest -->
        <test-method signature="verifySortByPatientInitialsActuallySorts()[pri:5, instance:tests.DoctorDashboardTest@463b4ac8]" started-at="2025-07-30T21:33:23 IST" name="verifySortByPatientInitialsActuallySorts" finished-at="2025-07-30T21:33:25 IST" duration-ms="1741" status="PASS">
          <reporter-output>
          </reporter-output>
        </test-method> <!-- verifySortByPatientInitialsActuallySorts -->
        <test-method is-config="true" signature="refreshPageAfterEachTest()[pri:0, instance:tests.DoctorDashboardTest@463b4ac8]" started-at="2025-07-30T21:33:25 IST" name="refreshPageAfterEachTest" finished-at="2025-07-30T21:33:26 IST" duration-ms="915" status="PASS">
          <reporter-output>
          </reporter-output>
        </test-method> <!-- refreshPageAfterEachTest -->
        <test-method signature="verifySortByStatusActuallySorts()[pri:6, instance:tests.DoctorDashboardTest@463b4ac8]" started-at="2025-07-30T21:33:26 IST" name="verifySortByStatusActuallySorts" finished-at="2025-07-30T21:33:28 IST" duration-ms="1742" status="PASS">
          <reporter-output>
          </reporter-output>
        </test-method> <!-- verifySortByStatusActuallySorts -->
        <test-method is-config="true" signature="refreshPageAfterEachTest()[pri:0, instance:tests.DoctorDashboardTest@463b4ac8]" started-at="2025-07-30T21:33:28 IST" name="refreshPageAfterEachTest" finished-at="2025-07-30T21:33:29 IST" duration-ms="959" status="PASS">
          <reporter-output>
          </reporter-output>
        </test-method> <!-- refreshPageAfterEachTest -->
        <test-method signature="verifySortByPriorityActuallySorts()[pri:7, instance:tests.DoctorDashboardTest@463b4ac8]" started-at="2025-07-30T21:33:29 IST" name="verifySortByPriorityActuallySorts" finished-at="2025-07-30T21:33:30 IST" duration-ms="1746" status="PASS">
          <reporter-output>
          </reporter-output>
        </test-method> <!-- verifySortByPriorityActuallySorts -->
        <test-method is-config="true" signature="refreshPageAfterEachTest()[pri:0, instance:tests.DoctorDashboardTest@463b4ac8]" started-at="2025-07-30T21:33:30 IST" name="refreshPageAfterEachTest" finished-at="2025-07-30T21:33:31 IST" duration-ms="965" status="PASS">
          <reporter-output>
          </reporter-output>
        </test-method> <!-- refreshPageAfterEachTest -->
        <test-method signature="verifySortByUploadDateActuallySorts()[pri:8, instance:tests.DoctorDashboardTest@463b4ac8]" started-at="2025-07-30T21:33:31 IST" name="verifySortByUploadDateActuallySorts" finished-at="2025-07-30T21:33:33 IST" duration-ms="1716" status="PASS">
          <reporter-output>
          </reporter-output>
        </test-method> <!-- verifySortByUploadDateActuallySorts -->
        <test-method is-config="true" signature="refreshPageAfterEachTest()[pri:0, instance:tests.DoctorDashboardTest@463b4ac8]" started-at="2025-07-30T21:33:33 IST" name="refreshPageAfterEachTest" finished-at="2025-07-30T21:33:34 IST" duration-ms="891" status="PASS">
          <reporter-output>
          </reporter-output>
        </test-method> <!-- refreshPageAfterEachTest -->
        <test-method signature="verifySortByUploadTimeActuallySorts()[pri:9, instance:tests.DoctorDashboardTest@463b4ac8]" started-at="2025-07-30T21:33:34 IST" name="verifySortByUploadTimeActuallySorts" finished-at="2025-07-30T21:33:36 IST" duration-ms="1732" status="FAIL">
          <exception class="java.lang.AssertionError">
            <message>
              <![CDATA[Upload Time column is not sorted.: Lists differ at element [0]: 04:32 PM != 08:21 PM expected [04:32 PM] but found [08:21 PM]]]>
            </message>
            <full-stacktrace>
              <![CDATA[java.lang.AssertionError: Upload Time column is not sorted.: Lists differ at element [0]: 04:32 PM != 08:21 PM expected [04:32 PM] but found [08:21 PM]
at org.testng.Assert.fail(Assert.java:111)
at org.testng.Assert.failNotEquals(Assert.java:1590)
at org.testng.Assert.assertEqualsImpl(Assert.java:150)
at org.testng.Assert.assertEquals(Assert.java:1656)
at tests.DoctorDashboardTest.verifySortByUploadTimeActuallySorts(DoctorDashboardTest.java:176)
at java.base/jdk.internal.reflect.DirectMethodHandleAccessor.invoke(DirectMethodHandleAccessor.java:103)
at java.base/java.lang.reflect.Method.invoke(Method.java:580)
at org.testng.internal.invokers.MethodInvocationHelper.invokeMethod(MethodInvocationHelper.java:141)
at org.testng.internal.invokers.TestInvoker.invokeMethod(TestInvoker.java:687)
at org.testng.internal.invokers.TestInvoker.invokeTestMethod(TestInvoker.java:230)
at org.testng.internal.invokers.MethodRunner.runInSequence(MethodRunner.java:63)
at org.testng.internal.invokers.TestInvoker$MethodInvocationAgent.invoke(TestInvoker.java:995)
at org.testng.internal.invokers.TestInvoker.invokeTestMethods(TestInvoker.java:203)
at org.testng.internal.invokers.TestMethodWorker.invokeTestMethods(TestMethodWorker.java:154)
at org.testng.internal.invokers.TestMethodWorker.run(TestMethodWorker.java:134)
at java.base/java.util.ArrayList.forEach(ArrayList.java:1596)
at org.testng.TestRunner.privateRun(TestRunner.java:741)
at org.testng.TestRunner.run(TestRunner.java:616)
at org.testng.SuiteRunner.runTest(SuiteRunner.java:421)
at org.testng.SuiteRunner.runSequentially(SuiteRunner.java:413)
at org.testng.SuiteRunner.privateRun(SuiteRunner.java:373)
at org.testng.SuiteRunner.run(SuiteRunner.java:312)
at org.testng.SuiteRunnerWorker.runSuite(SuiteRunnerWorker.java:52)
at org.testng.SuiteRunnerWorker.run(SuiteRunnerWorker.java:95)
at org.testng.TestNG.runSuitesSequentially(TestNG.java:1274)
at org.testng.TestNG.runSuitesLocally(TestNG.java:1208)
at org.testng.TestNG.runSuites(TestNG.java:1112)
at org.testng.TestNG.run(TestNG.java:1079)
at org.testng.remote.AbstractRemoteTestNG.run(AbstractRemoteTestNG.java:115)
at org.testng.remote.RemoteTestNG.initAndRun(RemoteTestNG.java:293)
at org.testng.remote.RemoteTestNG.main(RemoteTestNG.java:91)
]]>
            </full-stacktrace>
          </exception> <!-- java.lang.AssertionError -->
          <reporter-output>
          </reporter-output>
        </test-method> <!-- verifySortByUploadTimeActuallySorts -->
        <test-method is-config="true" signature="refreshPageAfterEachTest()[pri:0, instance:tests.DoctorDashboardTest@463b4ac8]" started-at="2025-07-30T21:33:36 IST" name="refreshPageAfterEachTest" finished-at="2025-07-30T21:33:37 IST" duration-ms="987" status="PASS">
          <reporter-output>
          </reporter-output>
        </test-method> <!-- refreshPageAfterEachTest -->
        <test-method signature="verifySortByAudioDurationActuallySorts()[pri:10, instance:tests.DoctorDashboardTest@463b4ac8]" started-at="2025-07-30T21:33:37 IST" name="verifySortByAudioDurationActuallySorts" finished-at="2025-07-30T21:33:38 IST" duration-ms="1777" status="PASS">
          <reporter-output>
          </reporter-output>
        </test-method> <!-- verifySortByAudioDurationActuallySorts -->
        <test-method is-config="true" signature="refreshPageAfterEachTest()[pri:0, instance:tests.DoctorDashboardTest@463b4ac8]" started-at="2025-07-30T21:33:38 IST" name="refreshPageAfterEachTest" finished-at="2025-07-30T21:33:39 IST" duration-ms="861" status="PASS">
          <reporter-output>
          </reporter-output>
        </test-method> <!-- refreshPageAfterEachTest -->
        <test-method signature="verifyFilterByStatusInProgress()[pri:11, instance:tests.DoctorDashboardTest@463b4ac8]" started-at="2025-07-30T21:33:39 IST" name="verifyFilterByStatusInProgress" finished-at="2025-07-30T21:33:47 IST" duration-ms="7724" status="FAIL">
          <exception class="java.lang.AssertionError">
            <message>
              <![CDATA[Neither rows nor 'No data' message appeared after filtering.]]>
            </message>
            <full-stacktrace>
              <![CDATA[java.lang.AssertionError: Neither rows nor 'No data' message appeared after filtering.
at pages.DoctorDashboardPage.filterStatusInProgress(DoctorDashboardPage.java:127)
at tests.DoctorDashboardTest.verifyFilterByStatusInProgress(DoctorDashboardTest.java:192)
at java.base/jdk.internal.reflect.DirectMethodHandleAccessor.invoke(DirectMethodHandleAccessor.java:103)
at java.base/java.lang.reflect.Method.invoke(Method.java:580)
at org.testng.internal.invokers.MethodInvocationHelper.invokeMethod(MethodInvocationHelper.java:141)
at org.testng.internal.invokers.TestInvoker.invokeMethod(TestInvoker.java:687)
at org.testng.internal.invokers.TestInvoker.invokeTestMethod(TestInvoker.java:230)
at org.testng.internal.invokers.MethodRunner.runInSequence(MethodRunner.java:63)
at org.testng.internal.invokers.TestInvoker$MethodInvocationAgent.invoke(TestInvoker.java:995)
at org.testng.internal.invokers.TestInvoker.invokeTestMethods(TestInvoker.java:203)
at org.testng.internal.invokers.TestMethodWorker.invokeTestMethods(TestMethodWorker.java:154)
at org.testng.internal.invokers.TestMethodWorker.run(TestMethodWorker.java:134)
at java.base/java.util.ArrayList.forEach(ArrayList.java:1596)
at org.testng.TestRunner.privateRun(TestRunner.java:741)
at org.testng.TestRunner.run(TestRunner.java:616)
at org.testng.SuiteRunner.runTest(SuiteRunner.java:421)
at org.testng.SuiteRunner.runSequentially(SuiteRunner.java:413)
at org.testng.SuiteRunner.privateRun(SuiteRunner.java:373)
at org.testng.SuiteRunner.run(SuiteRunner.java:312)
at org.testng.SuiteRunnerWorker.runSuite(SuiteRunnerWorker.java:52)
at org.testng.SuiteRunnerWorker.run(SuiteRunnerWorker.java:95)
at org.testng.TestNG.runSuitesSequentially(TestNG.java:1274)
at org.testng.TestNG.runSuitesLocally(TestNG.java:1208)
at org.testng.TestNG.runSuites(TestNG.java:1112)
at org.testng.TestNG.run(TestNG.java:1079)
at org.testng.remote.AbstractRemoteTestNG.run(AbstractRemoteTestNG.java:115)
at org.testng.remote.RemoteTestNG.initAndRun(RemoteTestNG.java:293)
at org.testng.remote.RemoteTestNG.main(RemoteTestNG.java:91)
]]>
            </full-stacktrace>
          </exception> <!-- java.lang.AssertionError -->
          <reporter-output>
          </reporter-output>
        </test-method> <!-- verifyFilterByStatusInProgress -->
        <test-method is-config="true" signature="refreshPageAfterEachTest()[pri:0, instance:tests.DoctorDashboardTest@463b4ac8]" started-at="2025-07-30T21:33:47 IST" name="refreshPageAfterEachTest" finished-at="2025-07-30T21:33:48 IST" duration-ms="876" status="PASS">
          <reporter-output>
          </reporter-output>
        </test-method> <!-- refreshPageAfterEachTest -->
        <test-method signature="verifyFilterByPriorityMedium()[pri:12, instance:tests.DoctorDashboardTest@463b4ac8]" started-at="2025-07-30T21:33:48 IST" name="verifyFilterByPriorityMedium" finished-at="2025-07-30T21:33:55 IST" duration-ms="7181" status="FAIL">
          <exception class="java.lang.AssertionError">
            <message>
              <![CDATA[Neither rows nor 'No data' message appeared after filtering by Medium priority.]]>
            </message>
            <full-stacktrace>
              <![CDATA[java.lang.AssertionError: Neither rows nor 'No data' message appeared after filtering by Medium priority.
at pages.DoctorDashboardPage.filterPriorityMedium(DoctorDashboardPage.java:166)
at tests.DoctorDashboardTest.verifyFilterByPriorityMedium(DoctorDashboardTest.java:200)
at java.base/jdk.internal.reflect.DirectMethodHandleAccessor.invoke(DirectMethodHandleAccessor.java:103)
at java.base/java.lang.reflect.Method.invoke(Method.java:580)
at org.testng.internal.invokers.MethodInvocationHelper.invokeMethod(MethodInvocationHelper.java:141)
at org.testng.internal.invokers.TestInvoker.invokeMethod(TestInvoker.java:687)
at org.testng.internal.invokers.TestInvoker.invokeTestMethod(TestInvoker.java:230)
at org.testng.internal.invokers.MethodRunner.runInSequence(MethodRunner.java:63)
at org.testng.internal.invokers.TestInvoker$MethodInvocationAgent.invoke(TestInvoker.java:995)
at org.testng.internal.invokers.TestInvoker.invokeTestMethods(TestInvoker.java:203)
at org.testng.internal.invokers.TestMethodWorker.invokeTestMethods(TestMethodWorker.java:154)
at org.testng.internal.invokers.TestMethodWorker.run(TestMethodWorker.java:134)
at java.base/java.util.ArrayList.forEach(ArrayList.java:1596)
at org.testng.TestRunner.privateRun(TestRunner.java:741)
at org.testng.TestRunner.run(TestRunner.java:616)
at org.testng.SuiteRunner.runTest(SuiteRunner.java:421)
at org.testng.SuiteRunner.runSequentially(SuiteRunner.java:413)
at org.testng.SuiteRunner.privateRun(SuiteRunner.java:373)
at org.testng.SuiteRunner.run(SuiteRunner.java:312)
at org.testng.SuiteRunnerWorker.runSuite(SuiteRunnerWorker.java:52)
at org.testng.SuiteRunnerWorker.run(SuiteRunnerWorker.java:95)
at org.testng.TestNG.runSuitesSequentially(TestNG.java:1274)
at org.testng.TestNG.runSuitesLocally(TestNG.java:1208)
at org.testng.TestNG.runSuites(TestNG.java:1112)
at org.testng.TestNG.run(TestNG.java:1079)
at org.testng.remote.AbstractRemoteTestNG.run(AbstractRemoteTestNG.java:115)
at org.testng.remote.RemoteTestNG.initAndRun(RemoteTestNG.java:293)
at org.testng.remote.RemoteTestNG.main(RemoteTestNG.java:91)
]]>
            </full-stacktrace>
          </exception> <!-- java.lang.AssertionError -->
          <reporter-output>
          </reporter-output>
        </test-method> <!-- verifyFilterByPriorityMedium -->
        <test-method is-config="true" signature="refreshPageAfterEachTest()[pri:0, instance:tests.DoctorDashboardTest@463b4ac8]" started-at="2025-07-30T21:33:55 IST" name="refreshPageAfterEachTest" finished-at="2025-07-30T21:33:56 IST" duration-ms="881" status="PASS">
          <reporter-output>
          </reporter-output>
        </test-method> <!-- refreshPageAfterEachTest -->
        <test-method signature="verifyViewTaskHidesRow()[pri:13, instance:tests.DoctorDashboardTest@463b4ac8]" started-at="2025-07-30T21:33:56 IST" name="verifyViewTaskHidesRow" finished-at="2025-07-30T21:33:58 IST" duration-ms="1855" status="PASS">
          <reporter-output>
          </reporter-output>
        </test-method> <!-- verifyViewTaskHidesRow -->
        <test-method is-config="true" signature="refreshPageAfterEachTest()[pri:0, instance:tests.DoctorDashboardTest@463b4ac8]" started-at="2025-07-30T21:33:58 IST" name="refreshPageAfterEachTest" finished-at="2025-07-30T21:33:59 IST" duration-ms="869" status="PASS">
          <reporter-output>
          </reporter-output>
        </test-method> <!-- refreshPageAfterEachTest -->
        <test-method signature="verifyRecordingWorkflow_ReviewAfterRecordAgain()[pri:14, instance:tests.DoctorDashboardTest@463b4ac8]" started-at="2025-07-30T21:33:59 IST" name="verifyRecordingWorkflow_ReviewAfterRecordAgain" finished-at="2025-07-30T21:34:13 IST" duration-ms="14444" status="FAIL">
          <exception class="org.openqa.selenium.TimeoutException">
            <message>
              <![CDATA[Expected condition failed: waiting for invisibility of [[ChromeDriver: chrome on windows (d4f1183ee6605f7238579ce3e87182ee)] -> xpath: //div[@role='dialog' and contains(., 'Review Recordings')]] (tried for 10 second(s) with 500 milliseconds interval)
Build info: version: '4.21.0', revision: '79ed462ef4'
System info: os.name: 'Windows 10', os.arch: 'amd64', os.version: '10.0', java.version: '21.0.7'
Driver info: org.openqa.selenium.chrome.ChromeDriver
Capabilities {acceptInsecureCerts: false, browserName: chrome, browserVersion: 138.0.7204.168, chrome: {chromedriverVersion: 138.0.7204.183 (e90faf484dd..., userDataDir: C:\Temp\BraveProfile}, fedcm:accounts: true, goog:chromeOptions: {debuggerAddress: localhost:62888}, networkConnectionEnabled: false, pageLoadStrategy: normal, platformName: windows, proxy: Proxy(), se:cdp: ws://localhost:62888/devtoo..., se:cdpVersion: 138.0.7204.168, setWindowRect: true, strictFileInteractability: false, timeouts: {implicit: 0, pageLoad: 300000, script: 30000}, unhandledPromptBehavior: dismiss and notify, webauthn:extension:credBlob: true, webauthn:extension:largeBlob: true, webauthn:extension:minPinLength: true, webauthn:extension:prf: true, webauthn:virtualAuthenticators: true}
Session ID: d4f1183ee6605f7238579ce3e87182ee]]>
            </message>
            <full-stacktrace>
              <![CDATA[org.openqa.selenium.TimeoutException: Expected condition failed: waiting for invisibility of [[ChromeDriver: chrome on windows (d4f1183ee6605f7238579ce3e87182ee)] -> xpath: //div[@role='dialog' and contains(., 'Review Recordings')]] (tried for 10 second(s) with 500 milliseconds interval)
Build info: version: '4.21.0', revision: '79ed462ef4'
System info: os.name: 'Windows 10', os.arch: 'amd64', os.version: '10.0', java.version: '21.0.7'
Driver info: org.openqa.selenium.chrome.ChromeDriver
Capabilities {acceptInsecureCerts: false, browserName: chrome, browserVersion: 138.0.7204.168, chrome: {chromedriverVersion: 138.0.7204.183 (e90faf484dd..., userDataDir: C:\Temp\BraveProfile}, fedcm:accounts: true, goog:chromeOptions: {debuggerAddress: localhost:62888}, networkConnectionEnabled: false, pageLoadStrategy: normal, platformName: windows, proxy: Proxy(), se:cdp: ws://localhost:62888/devtoo..., se:cdpVersion: 138.0.7204.168, setWindowRect: true, strictFileInteractability: false, timeouts: {implicit: 0, pageLoad: 300000, script: 30000}, unhandledPromptBehavior: dismiss and notify, webauthn:extension:credBlob: true, webauthn:extension:largeBlob: true, webauthn:extension:minPinLength: true, webauthn:extension:prf: true, webauthn:virtualAuthenticators: true}
Session ID: d4f1183ee6605f7238579ce3e87182ee
at org.openqa.selenium.support.ui.WebDriverWait.timeoutException(WebDriverWait.java:84)
at org.openqa.selenium.support.ui.FluentWait.until(FluentWait.java:228)
at pages.DoctorDashboardPage.uploadRecordings(DoctorDashboardPage.java:290)
at tests.DoctorDashboardTest.verifyRecordingWorkflow_ReviewAfterRecordAgain(DoctorDashboardTest.java:253)
at java.base/jdk.internal.reflect.DirectMethodHandleAccessor.invoke(DirectMethodHandleAccessor.java:103)
at java.base/java.lang.reflect.Method.invoke(Method.java:580)
at org.testng.internal.invokers.MethodInvocationHelper.invokeMethod(MethodInvocationHelper.java:141)
at org.testng.internal.invokers.TestInvoker.invokeMethod(TestInvoker.java:687)
at org.testng.internal.invokers.TestInvoker.invokeTestMethod(TestInvoker.java:230)
at org.testng.internal.invokers.MethodRunner.runInSequence(MethodRunner.java:63)
at org.testng.internal.invokers.TestInvoker$MethodInvocationAgent.invoke(TestInvoker.java:995)
at org.testng.internal.invokers.TestInvoker.invokeTestMethods(TestInvoker.java:203)
at org.testng.internal.invokers.TestMethodWorker.invokeTestMethods(TestMethodWorker.java:154)
at org.testng.internal.invokers.TestMethodWorker.run(TestMethodWorker.java:134)
at java.base/java.util.ArrayList.forEach(ArrayList.java:1596)
at org.testng.TestRunner.privateRun(TestRunner.java:741)
at org.testng.TestRunner.run(TestRunner.java:616)
at org.testng.SuiteRunner.runTest(SuiteRunner.java:421)
at org.testng.SuiteRunner.runSequentially(SuiteRunner.java:413)
at org.testng.SuiteRunner.privateRun(SuiteRunner.java:373)
at org.testng.SuiteRunner.run(SuiteRunner.java:312)
at org.testng.SuiteRunnerWorker.runSuite(SuiteRunnerWorker.java:52)
at org.testng.SuiteRunnerWorker.run(SuiteRunnerWorker.java:95)
at org.testng.TestNG.runSuitesSequentially(TestNG.java:1274)
at org.testng.TestNG.runSuitesLocally(TestNG.java:1208)
at org.testng.TestNG.runSuites(TestNG.java:1112)
at org.testng.TestNG.run(TestNG.java:1079)
at org.testng.remote.AbstractRemoteTestNG.run(AbstractRemoteTestNG.java:115)
at org.testng.remote.RemoteTestNG.initAndRun(RemoteTestNG.java:293)
at org.testng.remote.RemoteTestNG.main(RemoteTestNG.java:91)
]]>
            </full-stacktrace>
          </exception> <!-- org.openqa.selenium.TimeoutException -->
          <reporter-output>
          </reporter-output>
        </test-method> <!-- verifyRecordingWorkflow_ReviewAfterRecordAgain -->
        <test-method is-config="true" signature="refreshPageAfterEachTest()[pri:0, instance:tests.DoctorDashboardTest@463b4ac8]" started-at="2025-07-30T21:34:13 IST" name="refreshPageAfterEachTest" finished-at="2025-07-30T21:34:14 IST" duration-ms="879" status="PASS">
          <reporter-output>
          </reporter-output>
        </test-method> <!-- refreshPageAfterEachTest -->
        <test-method is-config="true" signature="tearDown()[pri:0, instance:tests.DoctorDashboardTest@463b4ac8]" started-at="2025-07-30T21:34:14 IST" name="tearDown" finished-at="2025-07-30T21:34:14 IST" duration-ms="250" status="PASS">
          <reporter-output>
          </reporter-output>
        </test-method> <!-- tearDown -->
      </class> <!-- tests.DoctorDashboardTest -->
    </test> <!-- LoginTests -->
  </suite> <!-- EzyScribe Login Suite -->
</testng-results>
