<?xml version="1.0" encoding="UTF-8"?>
<testng-results ignored="0" total="6" passed="5" failed="1" skipped="0">
  <reporter-output>
  </reporter-output>
  <suite started-at="2025-08-06T20:28:45 IST" name="EzyScribe Login Suite" finished-at="2025-08-06T20:29:59 IST" duration-ms="73640">
    <groups>
    </groups>
    <test started-at="2025-08-06T20:28:45 IST" name="LoginTests" finished-at="2025-08-06T20:29:59 IST" duration-ms="73640">
      <class name="tests.ScribeDashboardTest">
        <test-method is-config="true" signature="setup()[pri:0, instance:tests.ScribeDashboardTest@7770f470]" started-at="2025-08-06T20:28:45 IST" name="setup" finished-at="2025-08-06T20:28:47 IST" duration-ms="1643" status="PASS">
          <reporter-output>
          </reporter-output>
        </test-method> <!-- setup -->
        <test-method is-config="true" signature="ensureLoggedInAndRefresh()[pri:0, instance:tests.ScribeDashboardTest@7770f470]" started-at="2025-08-06T20:28:47 IST" name="ensureLoggedInAndRefresh" finished-at="2025-08-06T20:28:50 IST" duration-ms="3170" status="PASS">
          <reporter-output>
          </reporter-output>
        </test-method> <!-- ensureLoggedInAndRefresh -->
        <test-method signature="themeSwitch()[pri:1, instance:tests.ScribeDashboardTest@7770f470]" started-at="2025-08-06T20:28:50 IST" name="themeSwitch" finished-at="2025-08-06T20:28:55 IST" duration-ms="4582" status="PASS">
          <reporter-output>
          </reporter-output>
        </test-method> <!-- themeSwitch -->
        <test-method is-config="true" signature="ensureLoggedInAndRefresh()[pri:0, instance:tests.ScribeDashboardTest@7770f470]" started-at="2025-08-06T20:28:55 IST" name="ensureLoggedInAndRefresh" finished-at="2025-08-06T20:28:56 IST" duration-ms="836" status="PASS">
          <reporter-output>
          </reporter-output>
        </test-method> <!-- ensureLoggedInAndRefresh -->
        <test-method signature="searchByFirstTaskId()[pri:2, instance:tests.ScribeDashboardTest@7770f470]" started-at="2025-08-06T20:28:56 IST" name="searchByFirstTaskId" finished-at="2025-08-06T20:29:31 IST" duration-ms="35216" status="FAIL">
          <exception class="java.lang.AssertionError">
            <message>
              <![CDATA[❌ First row does not match expected Task ID after retries. Expected: 120131]]>
            </message>
            <full-stacktrace>
              <![CDATA[java.lang.AssertionError: ❌ First row does not match expected Task ID after retries. Expected: 120131
at pages.ScribeDashboardPage.assertFirstRowHasTaskId(ScribeDashboardPage.java:178)
at tests.ScribeDashboardTest.searchByFirstTaskId(ScribeDashboardTest.java:84)
at java.base/jdk.internal.reflect.DirectMethodHandleAccessor.invoke(DirectMethodHandleAccessor.java:103)
at java.base/java.lang.reflect.Method.invoke(Method.java:580)
at org.testng.internal.invokers.MethodInvocationHelper.invokeMethod(MethodInvocationHelper.java:141)
at org.testng.internal.invokers.TestInvoker.invokeMethod(TestInvoker.java:687)
at org.testng.internal.invokers.TestInvoker.invokeTestMethod(TestInvoker.java:230)
at org.testng.internal.invokers.MethodRunner.runInSequence(MethodRunner.java:63)
at org.testng.internal.invokers.TestInvoker$MethodInvocationAgent.invoke(TestInvoker.java:995)
at org.testng.internal.invokers.TestInvoker.invokeTestMethods(TestInvoker.java:203)
at org.testng.internal.invokers.TestMethodWorker.invokeTestMethods(TestMethodWorker.java:154)
at org.testng.internal.invokers.TestMethodWorker.run(TestMethodWorker.java:134)
at java.base/java.util.ArrayList.forEach(ArrayList.java:1596)
at org.testng.TestRunner.privateRun(TestRunner.java:741)
at org.testng.TestRunner.run(TestRunner.java:616)
at org.testng.SuiteRunner.runTest(SuiteRunner.java:421)
at org.testng.SuiteRunner.runSequentially(SuiteRunner.java:413)
at org.testng.SuiteRunner.privateRun(SuiteRunner.java:373)
at org.testng.SuiteRunner.run(SuiteRunner.java:312)
at org.testng.SuiteRunnerWorker.runSuite(SuiteRunnerWorker.java:52)
at org.testng.SuiteRunnerWorker.run(SuiteRunnerWorker.java:95)
at org.testng.TestNG.runSuitesSequentially(TestNG.java:1274)
at org.testng.TestNG.runSuitesLocally(TestNG.java:1208)
at org.testng.TestNG.runSuites(TestNG.java:1112)
at org.testng.TestNG.run(TestNG.java:1079)
at org.testng.remote.AbstractRemoteTestNG.run(AbstractRemoteTestNG.java:115)
at org.testng.remote.RemoteTestNG.initAndRun(RemoteTestNG.java:293)
at org.testng.remote.RemoteTestNG.main(RemoteTestNG.java:91)
]]>
            </full-stacktrace>
          </exception> <!-- java.lang.AssertionError -->
          <reporter-output>
          </reporter-output>
        </test-method> <!-- searchByFirstTaskId -->
        <test-method is-config="true" signature="ensureLoggedInAndRefresh()[pri:0, instance:tests.ScribeDashboardTest@7770f470]" started-at="2025-08-06T20:29:31 IST" name="ensureLoggedInAndRefresh" finished-at="2025-08-06T20:29:32 IST" duration-ms="1280" status="PASS">
          <reporter-output>
          </reporter-output>
        </test-method> <!-- ensureLoggedInAndRefresh -->
        <test-method signature="testStatusFilter()[pri:3, instance:tests.ScribeDashboardTest@7770f470]" started-at="2025-08-06T20:29:32 IST" name="testStatusFilter" finished-at="2025-08-06T20:29:35 IST" duration-ms="2991" status="PASS">
          <reporter-output>
          </reporter-output>
        </test-method> <!-- testStatusFilter -->
        <test-method is-config="true" signature="ensureLoggedInAndRefresh()[pri:0, instance:tests.ScribeDashboardTest@7770f470]" started-at="2025-08-06T20:29:35 IST" name="ensureLoggedInAndRefresh" finished-at="2025-08-06T20:29:36 IST" duration-ms="698" status="PASS">
          <reporter-output>
          </reporter-output>
        </test-method> <!-- ensureLoggedInAndRefresh -->
        <test-method signature="testPriorityFilter()[pri:4, instance:tests.ScribeDashboardTest@7770f470]" started-at="2025-08-06T20:29:36 IST" name="testPriorityFilter" finished-at="2025-08-06T20:29:39 IST" duration-ms="3527" status="PASS">
          <reporter-output>
          </reporter-output>
        </test-method> <!-- testPriorityFilter -->
        <test-method is-config="true" signature="ensureLoggedInAndRefresh()[pri:0, instance:tests.ScribeDashboardTest@7770f470]" started-at="2025-08-06T20:29:39 IST" name="ensureLoggedInAndRefresh" finished-at="2025-08-06T20:29:40 IST" duration-ms="710" status="PASS">
          <reporter-output>
          </reporter-output>
        </test-method> <!-- ensureLoggedInAndRefresh -->
        <test-method signature="testToggleTaskIdColumnView()[pri:5, instance:tests.ScribeDashboardTest@7770f470]" started-at="2025-08-06T20:29:40 IST" name="testToggleTaskIdColumnView" finished-at="2025-08-06T20:29:41 IST" duration-ms="529" status="PASS">
          <reporter-output>
          </reporter-output>
        </test-method> <!-- testToggleTaskIdColumnView -->
        <test-method is-config="true" signature="ensureLoggedInAndRefresh()[pri:0, instance:tests.ScribeDashboardTest@7770f470]" started-at="2025-08-06T20:29:41 IST" name="ensureLoggedInAndRefresh" finished-at="2025-08-06T20:29:41 IST" duration-ms="482" status="PASS">
          <reporter-output>
          </reporter-output>
        </test-method> <!-- ensureLoggedInAndRefresh -->
        <test-method signature="testTaskIdAscendingSort()[pri:6, instance:tests.ScribeDashboardTest@7770f470]" started-at="2025-08-06T20:29:41 IST" name="testTaskIdAscendingSort" finished-at="2025-08-06T20:29:59 IST" duration-ms="17696" status="PASS">
          <reporter-output>
          </reporter-output>
        </test-method> <!-- testTaskIdAscendingSort -->
        <test-method is-config="true" signature="teardown()[pri:0, instance:tests.ScribeDashboardTest@7770f470]" started-at="2025-08-06T20:29:59 IST" name="teardown" finished-at="2025-08-06T20:29:59 IST" duration-ms="199" status="PASS">
          <reporter-output>
          </reporter-output>
        </test-method> <!-- teardown -->
      </class> <!-- tests.ScribeDashboardTest -->
    </test> <!-- LoginTests -->
  </suite> <!-- EzyScribe Login Suite -->
</testng-results>
