<?xml version="1.0" encoding="UTF-8"?>
<testng-results ignored="0" total="43" passed="33" failed="10" skipped="0">
  <reporter-output>
  </reporter-output>
  <suite started-at="2025-07-29T21:19:18 IST" name="EzyScribe Login Suite" finished-at="2025-07-29T21:23:41 IST" duration-ms="262831">
    <groups>
    </groups>
    <test started-at="2025-07-29T21:19:18 IST" name="LoginTests" finished-at="2025-07-29T21:23:41 IST" duration-ms="262831">
      <class name="tests.ScribeDashboardTest">
        <test-method is-config="true" signature="setup()[pri:0, instance:tests.ScribeDashboardTest@765f05af]" started-at="2025-07-29T21:22:33 IST" name="setup" finished-at="2025-07-29T21:22:38 IST" duration-ms="4685" status="PASS">
          <reporter-output>
          </reporter-output>
        </test-method> <!-- setup -->
        <test-method signature="verifyDarkLightSystemModeSwitch()[pri:1, instance:tests.ScribeDashboardTest@765f05af]" started-at="2025-07-29T21:22:38 IST" name="verifyDarkLightSystemModeSwitch" finished-at="2025-07-29T21:22:43 IST" duration-ms="5629" status="PASS">
          <reporter-output>
          </reporter-output>
        </test-method> <!-- verifyDarkLightSystemModeSwitch -->
        <test-method is-config="true" signature="refreshPageAfterEachTest()[pri:0, instance:tests.ScribeDashboardTest@765f05af]" started-at="2025-07-29T21:22:43 IST" name="refreshPageAfterEachTest" finished-at="2025-07-29T21:22:46 IST" duration-ms="2535" status="PASS">
          <reporter-output>
          </reporter-output>
        </test-method> <!-- refreshPageAfterEachTest -->
        <test-method signature="verifyFilterByTaskId()[pri:2, instance:tests.ScribeDashboardTest@765f05af]" started-at="2025-07-29T21:22:46 IST" name="verifyFilterByTaskId" finished-at="2025-07-29T21:22:56 IST" duration-ms="10425" status="FAIL">
          <exception class="java.lang.AssertionError">
            <message>
              <![CDATA[Filtered task not present expected [true] but found [false]]]>
            </message>
            <full-stacktrace>
              <![CDATA[java.lang.AssertionError: Filtered task not present expected [true] but found [false]
at org.testng.Assert.fail(Assert.java:111)
at org.testng.Assert.failNotEquals(Assert.java:1590)
at org.testng.Assert.assertTrue(Assert.java:57)
at tests.ScribeDashboardTest.verifyFilterByTaskId(ScribeDashboardTest.java:94)
at java.base/jdk.internal.reflect.DirectMethodHandleAccessor.invoke(DirectMethodHandleAccessor.java:103)
at java.base/java.lang.reflect.Method.invoke(Method.java:580)
at org.testng.internal.invokers.MethodInvocationHelper.invokeMethod(MethodInvocationHelper.java:141)
at org.testng.internal.invokers.TestInvoker.invokeMethod(TestInvoker.java:687)
at org.testng.internal.invokers.TestInvoker.invokeTestMethod(TestInvoker.java:230)
at org.testng.internal.invokers.MethodRunner.runInSequence(MethodRunner.java:63)
at org.testng.internal.invokers.TestInvoker$MethodInvocationAgent.invoke(TestInvoker.java:995)
at org.testng.internal.invokers.TestInvoker.invokeTestMethods(TestInvoker.java:203)
at org.testng.internal.invokers.TestMethodWorker.invokeTestMethods(TestMethodWorker.java:154)
at org.testng.internal.invokers.TestMethodWorker.run(TestMethodWorker.java:134)
at java.base/java.util.ArrayList.forEach(ArrayList.java:1596)
at org.testng.TestRunner.privateRun(TestRunner.java:741)
at org.testng.TestRunner.run(TestRunner.java:616)
at org.testng.SuiteRunner.runTest(SuiteRunner.java:421)
at org.testng.SuiteRunner.runSequentially(SuiteRunner.java:413)
at org.testng.SuiteRunner.privateRun(SuiteRunner.java:373)
at org.testng.SuiteRunner.run(SuiteRunner.java:312)
at org.testng.SuiteRunnerWorker.runSuite(SuiteRunnerWorker.java:52)
at org.testng.SuiteRunnerWorker.run(SuiteRunnerWorker.java:95)
at org.testng.TestNG.runSuitesSequentially(TestNG.java:1274)
at org.testng.TestNG.runSuitesLocally(TestNG.java:1208)
at org.testng.TestNG.runSuites(TestNG.java:1112)
at org.testng.TestNG.run(TestNG.java:1079)
at org.testng.remote.AbstractRemoteTestNG.run(AbstractRemoteTestNG.java:115)
at org.testng.remote.RemoteTestNG.initAndRun(RemoteTestNG.java:293)
at org.testng.remote.RemoteTestNG.main(RemoteTestNG.java:91)
]]>
            </full-stacktrace>
          </exception> <!-- java.lang.AssertionError -->
          <reporter-output>
          </reporter-output>
        </test-method> <!-- verifyFilterByTaskId -->
        <test-method is-config="true" signature="refreshPageAfterEachTest()[pri:0, instance:tests.ScribeDashboardTest@765f05af]" started-at="2025-07-29T21:22:56 IST" name="refreshPageAfterEachTest" finished-at="2025-07-29T21:22:59 IST" duration-ms="3040" status="PASS">
          <reporter-output>
          </reporter-output>
        </test-method> <!-- refreshPageAfterEachTest -->
        <test-method signature="verifySortByTaskIdActuallySorts()[pri:3, instance:tests.ScribeDashboardTest@765f05af]" started-at="2025-07-29T21:22:59 IST" name="verifySortByTaskIdActuallySorts" finished-at="2025-07-29T21:23:00 IST" duration-ms="375" status="PASS">
          <reporter-output>
          </reporter-output>
        </test-method> <!-- verifySortByTaskIdActuallySorts -->
        <test-method is-config="true" signature="refreshPageAfterEachTest()[pri:0, instance:tests.ScribeDashboardTest@765f05af]" started-at="2025-07-29T21:23:00 IST" name="refreshPageAfterEachTest" finished-at="2025-07-29T21:23:03 IST" duration-ms="3118" status="PASS">
          <reporter-output>
          </reporter-output>
        </test-method> <!-- refreshPageAfterEachTest -->
        <test-method signature="verifySortByPatientInitialsActuallySorts()[pri:4, instance:tests.ScribeDashboardTest@765f05af]" started-at="2025-07-29T21:23:03 IST" name="verifySortByPatientInitialsActuallySorts" finished-at="2025-07-29T21:23:03 IST" duration-ms="353" status="PASS">
          <reporter-output>
          </reporter-output>
        </test-method> <!-- verifySortByPatientInitialsActuallySorts -->
        <test-method is-config="true" signature="refreshPageAfterEachTest()[pri:0, instance:tests.ScribeDashboardTest@765f05af]" started-at="2025-07-29T21:23:03 IST" name="refreshPageAfterEachTest" finished-at="2025-07-29T21:23:06 IST" duration-ms="2534" status="PASS">
          <reporter-output>
          </reporter-output>
        </test-method> <!-- refreshPageAfterEachTest -->
        <test-method signature="verifySortByStatusActuallySorts()[pri:5, instance:tests.ScribeDashboardTest@765f05af]" started-at="2025-07-29T21:23:06 IST" name="verifySortByStatusActuallySorts" finished-at="2025-07-29T21:23:06 IST" duration-ms="341" status="PASS">
          <reporter-output>
          </reporter-output>
        </test-method> <!-- verifySortByStatusActuallySorts -->
        <test-method is-config="true" signature="refreshPageAfterEachTest()[pri:0, instance:tests.ScribeDashboardTest@765f05af]" started-at="2025-07-29T21:23:06 IST" name="refreshPageAfterEachTest" finished-at="2025-07-29T21:23:09 IST" duration-ms="2515" status="PASS">
          <reporter-output>
          </reporter-output>
        </test-method> <!-- refreshPageAfterEachTest -->
        <test-method signature="verifySortByPriorityActuallySorts()[pri:6, instance:tests.ScribeDashboardTest@765f05af]" started-at="2025-07-29T21:23:09 IST" name="verifySortByPriorityActuallySorts" finished-at="2025-07-29T21:23:09 IST" duration-ms="358" status="PASS">
          <reporter-output>
          </reporter-output>
        </test-method> <!-- verifySortByPriorityActuallySorts -->
        <test-method is-config="true" signature="refreshPageAfterEachTest()[pri:0, instance:tests.ScribeDashboardTest@765f05af]" started-at="2025-07-29T21:23:09 IST" name="refreshPageAfterEachTest" finished-at="2025-07-29T21:23:11 IST" duration-ms="2480" status="PASS">
          <reporter-output>
          </reporter-output>
        </test-method> <!-- refreshPageAfterEachTest -->
        <test-method signature="verifySortByUploadDateActuallySorts()[pri:7, instance:tests.ScribeDashboardTest@765f05af]" started-at="2025-07-29T21:23:11 IST" name="verifySortByUploadDateActuallySorts" finished-at="2025-07-29T21:23:12 IST" duration-ms="351" status="PASS">
          <reporter-output>
          </reporter-output>
        </test-method> <!-- verifySortByUploadDateActuallySorts -->
        <test-method is-config="true" signature="refreshPageAfterEachTest()[pri:0, instance:tests.ScribeDashboardTest@765f05af]" started-at="2025-07-29T21:23:12 IST" name="refreshPageAfterEachTest" finished-at="2025-07-29T21:23:15 IST" duration-ms="3058" status="PASS">
          <reporter-output>
          </reporter-output>
        </test-method> <!-- refreshPageAfterEachTest -->
        <test-method signature="verifySortByUploadTimeActuallySorts()[pri:8, instance:tests.ScribeDashboardTest@765f05af]" started-at="2025-07-29T21:23:15 IST" name="verifySortByUploadTimeActuallySorts" finished-at="2025-07-29T21:23:15 IST" duration-ms="356" status="FAIL">
          <exception class="java.lang.AssertionError">
            <message>
              <![CDATA[Upload Time column is not sorted.: Lists differ at element [0]: 08:16 PM != 09:22 PM expected [08:16 PM] but found [09:22 PM]]]>
            </message>
            <full-stacktrace>
              <![CDATA[java.lang.AssertionError: Upload Time column is not sorted.: Lists differ at element [0]: 08:16 PM != 09:22 PM expected [08:16 PM] but found [09:22 PM]
at org.testng.Assert.fail(Assert.java:111)
at org.testng.Assert.failNotEquals(Assert.java:1590)
at org.testng.Assert.assertEqualsImpl(Assert.java:150)
at org.testng.Assert.assertEquals(Assert.java:1656)
at tests.ScribeDashboardTest.verifySortByUploadTimeActuallySorts(ScribeDashboardTest.java:155)
at java.base/jdk.internal.reflect.DirectMethodHandleAccessor.invoke(DirectMethodHandleAccessor.java:103)
at java.base/java.lang.reflect.Method.invoke(Method.java:580)
at org.testng.internal.invokers.MethodInvocationHelper.invokeMethod(MethodInvocationHelper.java:141)
at org.testng.internal.invokers.TestInvoker.invokeMethod(TestInvoker.java:687)
at org.testng.internal.invokers.TestInvoker.invokeTestMethod(TestInvoker.java:230)
at org.testng.internal.invokers.MethodRunner.runInSequence(MethodRunner.java:63)
at org.testng.internal.invokers.TestInvoker$MethodInvocationAgent.invoke(TestInvoker.java:995)
at org.testng.internal.invokers.TestInvoker.invokeTestMethods(TestInvoker.java:203)
at org.testng.internal.invokers.TestMethodWorker.invokeTestMethods(TestMethodWorker.java:154)
at org.testng.internal.invokers.TestMethodWorker.run(TestMethodWorker.java:134)
at java.base/java.util.ArrayList.forEach(ArrayList.java:1596)
at org.testng.TestRunner.privateRun(TestRunner.java:741)
at org.testng.TestRunner.run(TestRunner.java:616)
at org.testng.SuiteRunner.runTest(SuiteRunner.java:421)
at org.testng.SuiteRunner.runSequentially(SuiteRunner.java:413)
at org.testng.SuiteRunner.privateRun(SuiteRunner.java:373)
at org.testng.SuiteRunner.run(SuiteRunner.java:312)
at org.testng.SuiteRunnerWorker.runSuite(SuiteRunnerWorker.java:52)
at org.testng.SuiteRunnerWorker.run(SuiteRunnerWorker.java:95)
at org.testng.TestNG.runSuitesSequentially(TestNG.java:1274)
at org.testng.TestNG.runSuitesLocally(TestNG.java:1208)
at org.testng.TestNG.runSuites(TestNG.java:1112)
at org.testng.TestNG.run(TestNG.java:1079)
at org.testng.remote.AbstractRemoteTestNG.run(AbstractRemoteTestNG.java:115)
at org.testng.remote.RemoteTestNG.initAndRun(RemoteTestNG.java:293)
at org.testng.remote.RemoteTestNG.main(RemoteTestNG.java:91)
]]>
            </full-stacktrace>
          </exception> <!-- java.lang.AssertionError -->
          <reporter-output>
          </reporter-output>
        </test-method> <!-- verifySortByUploadTimeActuallySorts -->
        <test-method is-config="true" signature="refreshPageAfterEachTest()[pri:0, instance:tests.ScribeDashboardTest@765f05af]" started-at="2025-07-29T21:23:15 IST" name="refreshPageAfterEachTest" finished-at="2025-07-29T21:23:18 IST" duration-ms="2500" status="PASS">
          <reporter-output>
          </reporter-output>
        </test-method> <!-- refreshPageAfterEachTest -->
        <test-method signature="verifySortByAudioDurationActuallySorts()[pri:9, instance:tests.ScribeDashboardTest@765f05af]" started-at="2025-07-29T21:23:18 IST" name="verifySortByAudioDurationActuallySorts" finished-at="2025-07-29T21:23:18 IST" duration-ms="384" status="PASS">
          <reporter-output>
          </reporter-output>
        </test-method> <!-- verifySortByAudioDurationActuallySorts -->
        <test-method is-config="true" signature="refreshPageAfterEachTest()[pri:0, instance:tests.ScribeDashboardTest@765f05af]" started-at="2025-07-29T21:23:18 IST" name="refreshPageAfterEachTest" finished-at="2025-07-29T21:23:21 IST" duration-ms="2573" status="PASS">
          <reporter-output>
          </reporter-output>
        </test-method> <!-- refreshPageAfterEachTest -->
        <test-method signature="verifyFilterByStatusInProgress()[pri:10, instance:tests.ScribeDashboardTest@765f05af]" started-at="2025-07-29T21:23:21 IST" name="verifyFilterByStatusInProgress" finished-at="2025-07-29T21:23:26 IST" duration-ms="5801" status="FAIL">
          <exception class="java.lang.AssertionError">
            <message>
              <![CDATA[Neither rows nor 'No data' message appeared after filtering.]]>
            </message>
            <full-stacktrace>
              <![CDATA[java.lang.AssertionError: Neither rows nor 'No data' message appeared after filtering.
at pages.ScribeDashboardPage.filterStatusInProgress(ScribeDashboardPage.java:119)
at tests.ScribeDashboardTest.verifyFilterByStatusInProgress(ScribeDashboardTest.java:171)
at java.base/jdk.internal.reflect.DirectMethodHandleAccessor.invoke(DirectMethodHandleAccessor.java:103)
at java.base/java.lang.reflect.Method.invoke(Method.java:580)
at org.testng.internal.invokers.MethodInvocationHelper.invokeMethod(MethodInvocationHelper.java:141)
at org.testng.internal.invokers.TestInvoker.invokeMethod(TestInvoker.java:687)
at org.testng.internal.invokers.TestInvoker.invokeTestMethod(TestInvoker.java:230)
at org.testng.internal.invokers.MethodRunner.runInSequence(MethodRunner.java:63)
at org.testng.internal.invokers.TestInvoker$MethodInvocationAgent.invoke(TestInvoker.java:995)
at org.testng.internal.invokers.TestInvoker.invokeTestMethods(TestInvoker.java:203)
at org.testng.internal.invokers.TestMethodWorker.invokeTestMethods(TestMethodWorker.java:154)
at org.testng.internal.invokers.TestMethodWorker.run(TestMethodWorker.java:134)
at java.base/java.util.ArrayList.forEach(ArrayList.java:1596)
at org.testng.TestRunner.privateRun(TestRunner.java:741)
at org.testng.TestRunner.run(TestRunner.java:616)
at org.testng.SuiteRunner.runTest(SuiteRunner.java:421)
at org.testng.SuiteRunner.runSequentially(SuiteRunner.java:413)
at org.testng.SuiteRunner.privateRun(SuiteRunner.java:373)
at org.testng.SuiteRunner.run(SuiteRunner.java:312)
at org.testng.SuiteRunnerWorker.runSuite(SuiteRunnerWorker.java:52)
at org.testng.SuiteRunnerWorker.run(SuiteRunnerWorker.java:95)
at org.testng.TestNG.runSuitesSequentially(TestNG.java:1274)
at org.testng.TestNG.runSuitesLocally(TestNG.java:1208)
at org.testng.TestNG.runSuites(TestNG.java:1112)
at org.testng.TestNG.run(TestNG.java:1079)
at org.testng.remote.AbstractRemoteTestNG.run(AbstractRemoteTestNG.java:115)
at org.testng.remote.RemoteTestNG.initAndRun(RemoteTestNG.java:293)
at org.testng.remote.RemoteTestNG.main(RemoteTestNG.java:91)
]]>
            </full-stacktrace>
          </exception> <!-- java.lang.AssertionError -->
          <reporter-output>
          </reporter-output>
        </test-method> <!-- verifyFilterByStatusInProgress -->
        <test-method is-config="true" signature="refreshPageAfterEachTest()[pri:0, instance:tests.ScribeDashboardTest@765f05af]" started-at="2025-07-29T21:23:26 IST" name="refreshPageAfterEachTest" finished-at="2025-07-29T21:23:29 IST" duration-ms="2508" status="PASS">
          <reporter-output>
          </reporter-output>
        </test-method> <!-- refreshPageAfterEachTest -->
        <test-method signature="verifyFilterByPriorityMedium()[pri:11, instance:tests.ScribeDashboardTest@765f05af]" started-at="2025-07-29T21:23:29 IST" name="verifyFilterByPriorityMedium" finished-at="2025-07-29T21:23:35 IST" duration-ms="5774" status="FAIL">
          <exception class="java.lang.AssertionError">
            <message>
              <![CDATA[Neither rows nor 'No data' message appeared after filtering by Medium priority.]]>
            </message>
            <full-stacktrace>
              <![CDATA[java.lang.AssertionError: Neither rows nor 'No data' message appeared after filtering by Medium priority.
at pages.ScribeDashboardPage.filterPriorityMedium(ScribeDashboardPage.java:158)
at tests.ScribeDashboardTest.verifyFilterByPriorityMedium(ScribeDashboardTest.java:179)
at java.base/jdk.internal.reflect.DirectMethodHandleAccessor.invoke(DirectMethodHandleAccessor.java:103)
at java.base/java.lang.reflect.Method.invoke(Method.java:580)
at org.testng.internal.invokers.MethodInvocationHelper.invokeMethod(MethodInvocationHelper.java:141)
at org.testng.internal.invokers.TestInvoker.invokeMethod(TestInvoker.java:687)
at org.testng.internal.invokers.TestInvoker.invokeTestMethod(TestInvoker.java:230)
at org.testng.internal.invokers.MethodRunner.runInSequence(MethodRunner.java:63)
at org.testng.internal.invokers.TestInvoker$MethodInvocationAgent.invoke(TestInvoker.java:995)
at org.testng.internal.invokers.TestInvoker.invokeTestMethods(TestInvoker.java:203)
at org.testng.internal.invokers.TestMethodWorker.invokeTestMethods(TestMethodWorker.java:154)
at org.testng.internal.invokers.TestMethodWorker.run(TestMethodWorker.java:134)
at java.base/java.util.ArrayList.forEach(ArrayList.java:1596)
at org.testng.TestRunner.privateRun(TestRunner.java:741)
at org.testng.TestRunner.run(TestRunner.java:616)
at org.testng.SuiteRunner.runTest(SuiteRunner.java:421)
at org.testng.SuiteRunner.runSequentially(SuiteRunner.java:413)
at org.testng.SuiteRunner.privateRun(SuiteRunner.java:373)
at org.testng.SuiteRunner.run(SuiteRunner.java:312)
at org.testng.SuiteRunnerWorker.runSuite(SuiteRunnerWorker.java:52)
at org.testng.SuiteRunnerWorker.run(SuiteRunnerWorker.java:95)
at org.testng.TestNG.runSuitesSequentially(TestNG.java:1274)
at org.testng.TestNG.runSuitesLocally(TestNG.java:1208)
at org.testng.TestNG.runSuites(TestNG.java:1112)
at org.testng.TestNG.run(TestNG.java:1079)
at org.testng.remote.AbstractRemoteTestNG.run(AbstractRemoteTestNG.java:115)
at org.testng.remote.RemoteTestNG.initAndRun(RemoteTestNG.java:293)
at org.testng.remote.RemoteTestNG.main(RemoteTestNG.java:91)
]]>
            </full-stacktrace>
          </exception> <!-- java.lang.AssertionError -->
          <reporter-output>
          </reporter-output>
        </test-method> <!-- verifyFilterByPriorityMedium -->
        <test-method is-config="true" signature="refreshPageAfterEachTest()[pri:0, instance:tests.ScribeDashboardTest@765f05af]" started-at="2025-07-29T21:23:35 IST" name="refreshPageAfterEachTest" finished-at="2025-07-29T21:23:37 IST" duration-ms="2518" status="PASS">
          <reporter-output>
          </reporter-output>
        </test-method> <!-- refreshPageAfterEachTest -->
        <test-method signature="verifyViewTaskHidesRow()[pri:12, instance:tests.ScribeDashboardTest@765f05af]" started-at="2025-07-29T21:23:37 IST" name="verifyViewTaskHidesRow" finished-at="2025-07-29T21:23:38 IST" duration-ms="613" status="PASS">
          <reporter-output>
          </reporter-output>
        </test-method> <!-- verifyViewTaskHidesRow -->
        <test-method is-config="true" signature="refreshPageAfterEachTest()[pri:0, instance:tests.ScribeDashboardTest@765f05af]" started-at="2025-07-29T21:23:38 IST" name="refreshPageAfterEachTest" finished-at="2025-07-29T21:23:40 IST" duration-ms="2519" status="PASS">
          <reporter-output>
          </reporter-output>
        </test-method> <!-- refreshPageAfterEachTest -->
        <test-method is-config="true" signature="tearDown()[pri:0, instance:tests.ScribeDashboardTest@765f05af]" started-at="2025-07-29T21:23:40 IST" name="tearDown" finished-at="2025-07-29T21:23:41 IST" duration-ms="469" status="PASS">
          <reporter-output>
          </reporter-output>
        </test-method> <!-- tearDown -->
      </class> <!-- tests.ScribeDashboardTest -->
      <class name="tests.LoginTests">
        <test-method is-config="true" signature="setupClass()[pri:0, instance:tests.LoginTests@5c18016b]" started-at="2025-07-29T21:19:18 IST" name="setupClass" finished-at="2025-07-29T21:19:18 IST" duration-ms="442" status="PASS">
          <reporter-output>
          </reporter-output>
        </test-method> <!-- setupClass -->
        <test-method is-config="true" signature="setup()[pri:0, instance:tests.LoginTests@5c18016b]" started-at="2025-07-29T21:19:19 IST" name="setup" finished-at="2025-07-29T21:19:23 IST" duration-ms="3683" status="PASS">
          <reporter-output>
          </reporter-output>
        </test-method> <!-- setup -->
        <test-method signature="loginTest(java.lang.String,java.lang.String,java.lang.String,java.lang.String)[pri:1, instance:tests.LoginTests@5c18016b]" started-at="2025-07-29T21:19:23 IST" name="loginTest" description="TC01-TC24 - Login test for various valid/invalid credentials" data-provider="loginData" finished-at="2025-07-29T21:19:25 IST" duration-ms="2636" status="PASS">
          <params>
            <param index="0">
              <value>
                <![CDATA[TC01]]>
              </value>
            </param>
            <param index="1">
              <value>
                <![CDATA[testprovider@gmail.com]]>
              </value>
            </param>
            <param index="2">
              <value>
                <![CDATA[12345678]]>
              </value>
            </param>
            <param index="3">
              <value>
                <![CDATA[success_doctor]]>
              </value>
            </param>
          </params>
          <reporter-output>
          </reporter-output>
        </test-method> <!-- loginTest -->
        <test-method is-config="true" signature="tearDown()[pri:0, instance:tests.LoginTests@5c18016b]" started-at="2025-07-29T21:19:25 IST" name="tearDown" finished-at="2025-07-29T21:19:26 IST" duration-ms="162" status="PASS">
          <reporter-output>
          </reporter-output>
        </test-method> <!-- tearDown -->
        <test-method is-config="true" signature="setup()[pri:0, instance:tests.LoginTests@5c18016b]" started-at="2025-07-29T21:19:26 IST" name="setup" finished-at="2025-07-29T21:19:29 IST" duration-ms="3180" status="PASS">
          <reporter-output>
          </reporter-output>
        </test-method> <!-- setup -->
        <test-method signature="loginTest(java.lang.String,java.lang.String,java.lang.String,java.lang.String)[pri:1, instance:tests.LoginTests@5c18016b]" started-at="2025-07-29T21:19:29 IST" name="loginTest" description="TC01-TC24 - Login test for various valid/invalid credentials" data-provider="loginData" finished-at="2025-07-29T21:19:30 IST" duration-ms="1658" status="PASS">
          <params>
            <param index="0">
              <value>
                <![CDATA[TC02]]>
              </value>
            </param>
            <param index="1">
              <value>
                <![CDATA[wrongemail@example.com]]>
              </value>
            </param>
            <param index="2">
              <value>
                <![CDATA[DocPass123]]>
              </value>
            </param>
            <param index="3">
              <value>
                <![CDATA[error]]>
              </value>
            </param>
          </params>
          <reporter-output>
          </reporter-output>
        </test-method> <!-- loginTest -->
        <test-method is-config="true" signature="tearDown()[pri:0, instance:tests.LoginTests@5c18016b]" started-at="2025-07-29T21:19:30 IST" name="tearDown" finished-at="2025-07-29T21:19:31 IST" duration-ms="146" status="PASS">
          <reporter-output>
          </reporter-output>
        </test-method> <!-- tearDown -->
        <test-method is-config="true" signature="setup()[pri:0, instance:tests.LoginTests@5c18016b]" started-at="2025-07-29T21:19:31 IST" name="setup" finished-at="2025-07-29T21:19:34 IST" duration-ms="3235" status="PASS">
          <reporter-output>
          </reporter-output>
        </test-method> <!-- setup -->
        <test-method signature="loginTest(java.lang.String,java.lang.String,java.lang.String,java.lang.String)[pri:1, instance:tests.LoginTests@5c18016b]" started-at="2025-07-29T21:19:34 IST" name="loginTest" description="TC01-TC24 - Login test for various valid/invalid credentials" data-provider="loginData" finished-at="2025-07-29T21:19:35 IST" duration-ms="1398" status="PASS">
          <params>
            <param index="0">
              <value>
                <![CDATA[TC03]]>
              </value>
            </param>
            <param index="1">
              <value>
                <![CDATA[doctor@example.com]]>
              </value>
            </param>
            <param index="2">
              <value>
                <![CDATA[wrongpass]]>
              </value>
            </param>
            <param index="3">
              <value>
                <![CDATA[error]]>
              </value>
            </param>
          </params>
          <reporter-output>
          </reporter-output>
        </test-method> <!-- loginTest -->
        <test-method is-config="true" signature="tearDown()[pri:0, instance:tests.LoginTests@5c18016b]" started-at="2025-07-29T21:19:35 IST" name="tearDown" finished-at="2025-07-29T21:19:35 IST" duration-ms="173" status="PASS">
          <reporter-output>
          </reporter-output>
        </test-method> <!-- tearDown -->
        <test-method is-config="true" signature="setup()[pri:0, instance:tests.LoginTests@5c18016b]" started-at="2025-07-29T21:19:35 IST" name="setup" finished-at="2025-07-29T21:19:39 IST" duration-ms="3283" status="PASS">
          <reporter-output>
          </reporter-output>
        </test-method> <!-- setup -->
        <test-method signature="loginTest(java.lang.String,java.lang.String,java.lang.String,java.lang.String)[pri:1, instance:tests.LoginTests@5c18016b]" started-at="2025-07-29T21:19:39 IST" name="loginTest" description="TC01-TC24 - Login test for various valid/invalid credentials" data-provider="loginData" finished-at="2025-07-29T21:19:40 IST" duration-ms="1562" status="PASS">
          <params>
            <param index="0">
              <value>
                <![CDATA[TC04]]>
              </value>
            </param>
            <param index="1">
              <value>
                <![CDATA[]]>
              </value>
            </param>
            <param index="2">
              <value>
                <![CDATA[DocPass123]]>
              </value>
            </param>
            <param index="3">
              <value>
                <![CDATA[error]]>
              </value>
            </param>
          </params>
          <reporter-output>
          </reporter-output>
        </test-method> <!-- loginTest -->
        <test-method is-config="true" signature="tearDown()[pri:0, instance:tests.LoginTests@5c18016b]" started-at="2025-07-29T21:19:40 IST" name="tearDown" finished-at="2025-07-29T21:19:40 IST" duration-ms="173" status="PASS">
          <reporter-output>
          </reporter-output>
        </test-method> <!-- tearDown -->
        <test-method is-config="true" signature="setup()[pri:0, instance:tests.LoginTests@5c18016b]" started-at="2025-07-29T21:19:40 IST" name="setup" finished-at="2025-07-29T21:19:44 IST" duration-ms="3225" status="PASS">
          <reporter-output>
          </reporter-output>
        </test-method> <!-- setup -->
        <test-method signature="loginTest(java.lang.String,java.lang.String,java.lang.String,java.lang.String)[pri:1, instance:tests.LoginTests@5c18016b]" started-at="2025-07-29T21:19:44 IST" name="loginTest" description="TC01-TC24 - Login test for various valid/invalid credentials" data-provider="loginData" finished-at="2025-07-29T21:19:45 IST" duration-ms="1388" status="PASS">
          <params>
            <param index="0">
              <value>
                <![CDATA[TC05]]>
              </value>
            </param>
            <param index="1">
              <value>
                <![CDATA[doctor@example.com]]>
              </value>
            </param>
            <param index="2">
              <value>
                <![CDATA[]]>
              </value>
            </param>
            <param index="3">
              <value>
                <![CDATA[error]]>
              </value>
            </param>
          </params>
          <reporter-output>
          </reporter-output>
        </test-method> <!-- loginTest -->
        <test-method is-config="true" signature="tearDown()[pri:0, instance:tests.LoginTests@5c18016b]" started-at="2025-07-29T21:19:45 IST" name="tearDown" finished-at="2025-07-29T21:19:45 IST" duration-ms="152" status="PASS">
          <reporter-output>
          </reporter-output>
        </test-method> <!-- tearDown -->
        <test-method is-config="true" signature="setup()[pri:0, instance:tests.LoginTests@5c18016b]" started-at="2025-07-29T21:19:45 IST" name="setup" finished-at="2025-07-29T21:19:49 IST" duration-ms="3490" status="PASS">
          <reporter-output>
          </reporter-output>
        </test-method> <!-- setup -->
        <test-method signature="loginTest(java.lang.String,java.lang.String,java.lang.String,java.lang.String)[pri:1, instance:tests.LoginTests@5c18016b]" started-at="2025-07-29T21:19:49 IST" name="loginTest" description="TC01-TC24 - Login test for various valid/invalid credentials" data-provider="loginData" finished-at="2025-07-29T21:19:50 IST" duration-ms="1531" status="PASS">
          <params>
            <param index="0">
              <value>
                <![CDATA[TC06]]>
              </value>
            </param>
            <param index="1">
              <value>
                <![CDATA[]]>
              </value>
            </param>
            <param index="2">
              <value>
                <![CDATA[]]>
              </value>
            </param>
            <param index="3">
              <value>
                <![CDATA[error]]>
              </value>
            </param>
          </params>
          <reporter-output>
          </reporter-output>
        </test-method> <!-- loginTest -->
        <test-method is-config="true" signature="tearDown()[pri:0, instance:tests.LoginTests@5c18016b]" started-at="2025-07-29T21:19:50 IST" name="tearDown" finished-at="2025-07-29T21:19:50 IST" duration-ms="172" status="PASS">
          <reporter-output>
          </reporter-output>
        </test-method> <!-- tearDown -->
        <test-method is-config="true" signature="setup()[pri:0, instance:tests.LoginTests@5c18016b]" started-at="2025-07-29T21:19:50 IST" name="setup" finished-at="2025-07-29T21:19:54 IST" duration-ms="3272" status="PASS">
          <reporter-output>
          </reporter-output>
        </test-method> <!-- setup -->
        <test-method signature="loginTest(java.lang.String,java.lang.String,java.lang.String,java.lang.String)[pri:1, instance:tests.LoginTests@5c18016b]" started-at="2025-07-29T21:19:54 IST" name="loginTest" description="TC01-TC24 - Login test for various valid/invalid credentials" data-provider="loginData" finished-at="2025-07-29T21:19:55 IST" duration-ms="1584" status="PASS">
          <params>
            <param index="0">
              <value>
                <![CDATA[TC07]]>
              </value>
            </param>
            <param index="1">
              <value>
                <![CDATA[doctor@@example]]>
              </value>
            </param>
            <param index="2">
              <value>
                <![CDATA[DocPass123]]>
              </value>
            </param>
            <param index="3">
              <value>
                <![CDATA[error]]>
              </value>
            </param>
          </params>
          <reporter-output>
          </reporter-output>
        </test-method> <!-- loginTest -->
        <test-method is-config="true" signature="tearDown()[pri:0, instance:tests.LoginTests@5c18016b]" started-at="2025-07-29T21:19:55 IST" name="tearDown" finished-at="2025-07-29T21:19:55 IST" duration-ms="163" status="PASS">
          <reporter-output>
          </reporter-output>
        </test-method> <!-- tearDown -->
        <test-method is-config="true" signature="setup()[pri:0, instance:tests.LoginTests@5c18016b]" started-at="2025-07-29T21:19:55 IST" name="setup" finished-at="2025-07-29T21:19:59 IST" duration-ms="3469" status="PASS">
          <reporter-output>
          </reporter-output>
        </test-method> <!-- setup -->
        <test-method signature="loginTest(java.lang.String,java.lang.String,java.lang.String,java.lang.String)[pri:1, instance:tests.LoginTests@5c18016b]" started-at="2025-07-29T21:19:59 IST" name="loginTest" description="TC01-TC24 - Login test for various valid/invalid credentials" data-provider="loginData" finished-at="2025-07-29T21:20:01 IST" duration-ms="1625" status="PASS">
          <params>
            <param index="0">
              <value>
                <![CDATA[TC10]]>
              </value>
            </param>
            <param index="1">
              <value>
                <![CDATA[special@!#$.com]]>
              </value>
            </param>
            <param index="2">
              <value>
                <![CDATA[special123]]>
              </value>
            </param>
            <param index="3">
              <value>
                <![CDATA[error]]>
              </value>
            </param>
          </params>
          <reporter-output>
          </reporter-output>
        </test-method> <!-- loginTest -->
        <test-method is-config="true" signature="tearDown()[pri:0, instance:tests.LoginTests@5c18016b]" started-at="2025-07-29T21:20:01 IST" name="tearDown" finished-at="2025-07-29T21:20:01 IST" duration-ms="128" status="PASS">
          <reporter-output>
          </reporter-output>
        </test-method> <!-- tearDown -->
        <test-method is-config="true" signature="setup()[pri:0, instance:tests.LoginTests@5c18016b]" started-at="2025-07-29T21:20:01 IST" name="setup" finished-at="2025-07-29T21:20:04 IST" duration-ms="3175" status="PASS">
          <reporter-output>
          </reporter-output>
        </test-method> <!-- setup -->
        <test-method signature="loginTest(java.lang.String,java.lang.String,java.lang.String,java.lang.String)[pri:1, instance:tests.LoginTests@5c18016b]" started-at="2025-07-29T21:20:04 IST" name="loginTest" description="TC01-TC24 - Login test for various valid/invalid credentials" data-provider="loginData" finished-at="2025-07-29T21:20:06 IST" duration-ms="1691" status="PASS">
          <params>
            <param index="0">
              <value>
                <![CDATA[TC11]]>
              </value>
            </param>
            <param index="1">
              <value>
                <![CDATA[verylongemail@exampletoolonglonglongdomain.com]]>
              </value>
            </param>
            <param index="2">
              <value>
                <![CDATA[DocPass123]]>
              </value>
            </param>
            <param index="3">
              <value>
                <![CDATA[error]]>
              </value>
            </param>
          </params>
          <reporter-output>
          </reporter-output>
        </test-method> <!-- loginTest -->
        <test-method is-config="true" signature="tearDown()[pri:0, instance:tests.LoginTests@5c18016b]" started-at="2025-07-29T21:20:06 IST" name="tearDown" finished-at="2025-07-29T21:20:06 IST" duration-ms="144" status="PASS">
          <reporter-output>
          </reporter-output>
        </test-method> <!-- tearDown -->
        <test-method is-config="true" signature="setup()[pri:0, instance:tests.LoginTests@5c18016b]" started-at="2025-07-29T21:20:06 IST" name="setup" finished-at="2025-07-29T21:20:09 IST" duration-ms="3116" status="PASS">
          <reporter-output>
          </reporter-output>
        </test-method> <!-- setup -->
        <test-method signature="loginTest(java.lang.String,java.lang.String,java.lang.String,java.lang.String)[pri:1, instance:tests.LoginTests@5c18016b]" started-at="2025-07-29T21:20:09 IST" name="loginTest" description="TC01-TC24 - Login test for various valid/invalid credentials" data-provider="loginData" finished-at="2025-07-29T21:20:10 IST" duration-ms="1568" status="PASS">
          <params>
            <param index="0">
              <value>
                <![CDATA[TC12]]>
              </value>
            </param>
            <param index="1">
              <value>
                <![CDATA[doctor@example.com]]>
              </value>
            </param>
            <param index="2">
              <value>
                <![CDATA[passwordWithVeryLongText1234567890!@#]]>
              </value>
            </param>
            <param index="3">
              <value>
                <![CDATA[error]]>
              </value>
            </param>
          </params>
          <reporter-output>
          </reporter-output>
        </test-method> <!-- loginTest -->
        <test-method is-config="true" signature="tearDown()[pri:0, instance:tests.LoginTests@5c18016b]" started-at="2025-07-29T21:20:10 IST" name="tearDown" finished-at="2025-07-29T21:20:10 IST" duration-ms="153" status="PASS">
          <reporter-output>
          </reporter-output>
        </test-method> <!-- tearDown -->
        <test-method is-config="true" signature="setup()[pri:0, instance:tests.LoginTests@5c18016b]" started-at="2025-07-29T21:20:10 IST" name="setup" finished-at="2025-07-29T21:20:14 IST" duration-ms="3198" status="PASS">
          <reporter-output>
          </reporter-output>
        </test-method> <!-- setup -->
        <test-method signature="loginTest(java.lang.String,java.lang.String,java.lang.String,java.lang.String)[pri:1, instance:tests.LoginTests@5c18016b]" started-at="2025-07-29T21:20:14 IST" name="loginTest" description="TC01-TC24 - Login test for various valid/invalid credentials" data-provider="loginData" finished-at="2025-07-29T21:20:21 IST" duration-ms="7293" status="PASS">
          <params>
            <param index="0">
              <value>
                <![CDATA[TC15]]>
              </value>
            </param>
            <param index="1">
              <value>
                <![CDATA[testprovider@gmail.com]]>
              </value>
            </param>
            <param index="2">
              <value>
                <![CDATA[12345678]]>
              </value>
            </param>
            <param index="3">
              <value>
                <![CDATA[success_doctor]]>
              </value>
            </param>
          </params>
          <reporter-output>
          </reporter-output>
        </test-method> <!-- loginTest -->
        <test-method is-config="true" signature="tearDown()[pri:0, instance:tests.LoginTests@5c18016b]" started-at="2025-07-29T21:20:21 IST" name="tearDown" finished-at="2025-07-29T21:20:21 IST" duration-ms="154" status="PASS">
          <reporter-output>
          </reporter-output>
        </test-method> <!-- tearDown -->
        <test-method is-config="true" signature="setup()[pri:0, instance:tests.LoginTests@5c18016b]" started-at="2025-07-29T21:20:21 IST" name="setup" finished-at="2025-07-29T21:20:25 IST" duration-ms="3536" status="PASS">
          <reporter-output>
          </reporter-output>
        </test-method> <!-- setup -->
        <test-method signature="loginTest(java.lang.String,java.lang.String,java.lang.String,java.lang.String)[pri:1, instance:tests.LoginTests@5c18016b]" started-at="2025-07-29T21:20:25 IST" name="loginTest" description="TC01-TC24 - Login test for various valid/invalid credentials" data-provider="loginData" finished-at="2025-07-29T21:20:27 IST" duration-ms="2016" status="PASS">
          <params>
            <param index="0">
              <value>
                <![CDATA[TC19]]>
              </value>
            </param>
            <param index="1">
              <value>
                <![CDATA[Testprovider@gmail.com]]>
              </value>
            </param>
            <param index="2">
              <value>
                <![CDATA[12345678]]>
              </value>
            </param>
            <param index="3">
              <value>
                <![CDATA[success_doctor]]>
              </value>
            </param>
          </params>
          <reporter-output>
          </reporter-output>
        </test-method> <!-- loginTest -->
        <test-method is-config="true" signature="tearDown()[pri:0, instance:tests.LoginTests@5c18016b]" started-at="2025-07-29T21:20:27 IST" name="tearDown" finished-at="2025-07-29T21:20:27 IST" duration-ms="146" status="PASS">
          <reporter-output>
          </reporter-output>
        </test-method> <!-- tearDown -->
        <test-method is-config="true" signature="setup()[pri:0, instance:tests.LoginTests@5c18016b]" started-at="2025-07-29T21:20:27 IST" name="setup" finished-at="2025-07-29T21:20:30 IST" duration-ms="3212" status="PASS">
          <reporter-output>
          </reporter-output>
        </test-method> <!-- setup -->
        <test-method signature="loginTest(java.lang.String,java.lang.String,java.lang.String,java.lang.String)[pri:1, instance:tests.LoginTests@5c18016b]" started-at="2025-07-29T21:20:30 IST" name="loginTest" description="TC01-TC24 - Login test for various valid/invalid credentials" data-provider="loginData" finished-at="2025-07-29T21:20:32 IST" duration-ms="1603" status="PASS">
          <params>
            <param index="0">
              <value>
                <![CDATA[TC20]]>
              </value>
            </param>
            <param index="1">
              <value>
                <![CDATA[doctor@example.com]]>
              </value>
            </param>
            <param index="2">
              <value>
                <![CDATA[DOCPASS123]]>
              </value>
            </param>
            <param index="3">
              <value>
                <![CDATA[error]]>
              </value>
            </param>
          </params>
          <reporter-output>
          </reporter-output>
        </test-method> <!-- loginTest -->
        <test-method is-config="true" signature="tearDown()[pri:0, instance:tests.LoginTests@5c18016b]" started-at="2025-07-29T21:20:32 IST" name="tearDown" finished-at="2025-07-29T21:20:32 IST" duration-ms="152" status="PASS">
          <reporter-output>
          </reporter-output>
        </test-method> <!-- tearDown -->
        <test-method is-config="true" signature="setup()[pri:0, instance:tests.LoginTests@5c18016b]" started-at="2025-07-29T21:20:32 IST" name="setup" finished-at="2025-07-29T21:20:35 IST" duration-ms="3377" status="PASS">
          <reporter-output>
          </reporter-output>
        </test-method> <!-- setup -->
        <test-method signature="loginTest(java.lang.String,java.lang.String,java.lang.String,java.lang.String)[pri:1, instance:tests.LoginTests@5c18016b]" started-at="2025-07-29T21:20:35 IST" name="loginTest" description="TC01-TC24 - Login test for various valid/invalid credentials" data-provider="loginData" finished-at="2025-07-29T21:20:43 IST" duration-ms="7541" status="PASS">
          <params>
            <param index="0">
              <value>
                <![CDATA[TC23]]>
              </value>
            </param>
            <param index="1">
              <value>
                <![CDATA[testprovider@gmail.com]]>
              </value>
            </param>
            <param index="2">
              <value>
                <![CDATA[12345678]]>
              </value>
            </param>
            <param index="3">
              <value>
                <![CDATA[success_doctor]]>
              </value>
            </param>
          </params>
          <reporter-output>
          </reporter-output>
        </test-method> <!-- loginTest -->
        <test-method is-config="true" signature="tearDown()[pri:0, instance:tests.LoginTests@5c18016b]" started-at="2025-07-29T21:20:43 IST" name="tearDown" finished-at="2025-07-29T21:20:43 IST" duration-ms="182" status="PASS">
          <reporter-output>
          </reporter-output>
        </test-method> <!-- tearDown -->
        <test-method is-config="true" signature="setup()[pri:0, instance:tests.LoginTests@5c18016b]" started-at="2025-07-29T21:20:43 IST" name="setup" finished-at="2025-07-29T21:20:46 IST" duration-ms="3251" status="PASS">
          <reporter-output>
          </reporter-output>
        </test-method> <!-- setup -->
        <test-method signature="loginTest(java.lang.String,java.lang.String,java.lang.String,java.lang.String)[pri:1, instance:tests.LoginTests@5c18016b]" started-at="2025-07-29T21:20:46 IST" name="loginTest" description="TC01-TC24 - Login test for various valid/invalid credentials" data-provider="loginData" finished-at="2025-07-29T21:20:48 IST" duration-ms="2054" status="PASS">
          <params>
            <param index="0">
              <value>
                <![CDATA[TC24]]>
              </value>
            </param>
            <param index="1">
              <value>
                <![CDATA[testscribe@gmail.com]]>
              </value>
            </param>
            <param index="2">
              <value>
                <![CDATA[12345678]]>
              </value>
            </param>
            <param index="3">
              <value>
                <![CDATA[success_scribe]]>
              </value>
            </param>
          </params>
          <reporter-output>
          </reporter-output>
        </test-method> <!-- loginTest -->
        <test-method is-config="true" signature="tearDown()[pri:0, instance:tests.LoginTests@5c18016b]" started-at="2025-07-29T21:20:48 IST" name="tearDown" finished-at="2025-07-29T21:20:48 IST" duration-ms="146" status="PASS">
          <reporter-output>
          </reporter-output>
        </test-method> <!-- tearDown -->
        <test-method is-config="true" signature="setup()[pri:0, instance:tests.LoginTests@5c18016b]" started-at="2025-07-29T21:20:48 IST" name="setup" finished-at="2025-07-29T21:20:51 IST" duration-ms="3138" status="PASS">
          <reporter-output>
          </reporter-output>
        </test-method> <!-- setup -->
        <test-method signature="forgotPasswordTest_TC09()[pri:2, instance:tests.LoginTests@5c18016b]" started-at="2025-07-29T21:20:51 IST" name="forgotPasswordTest_TC09" description="TC09 - Verify &#039;Forgot Password&#039; triggers email alert" finished-at="2025-07-29T21:20:53 IST" duration-ms="1545" status="PASS">
          <reporter-output>
          </reporter-output>
        </test-method> <!-- forgotPasswordTest_TC09 -->
        <test-method is-config="true" signature="tearDown()[pri:0, instance:tests.LoginTests@5c18016b]" started-at="2025-07-29T21:20:53 IST" name="tearDown" finished-at="2025-07-29T21:20:53 IST" duration-ms="143" status="PASS">
          <reporter-output>
          </reporter-output>
        </test-method> <!-- tearDown -->
        <test-method is-config="true" signature="setup()[pri:0, instance:tests.LoginTests@5c18016b]" started-at="2025-07-29T21:20:53 IST" name="setup" finished-at="2025-07-29T21:20:56 IST" duration-ms="3205" status="PASS">
          <reporter-output>
          </reporter-output>
        </test-method> <!-- setup -->
        <test-method signature="epicLoginRedirectTest()[pri:3, instance:tests.LoginTests@5c18016b]" started-at="2025-07-29T21:20:56 IST" name="epicLoginRedirectTest" description="TC25 - Verify Epic Login Redirect" finished-at="2025-07-29T21:21:13 IST" duration-ms="16290" status="PASS">
          <reporter-output>
          </reporter-output>
        </test-method> <!-- epicLoginRedirectTest -->
        <test-method is-config="true" signature="tearDown()[pri:0, instance:tests.LoginTests@5c18016b]" started-at="2025-07-29T21:21:13 IST" name="tearDown" finished-at="2025-07-29T21:21:13 IST" duration-ms="161" status="PASS">
          <reporter-output>
          </reporter-output>
        </test-method> <!-- tearDown -->
      </class> <!-- tests.LoginTests -->
      <class name="tests.DoctorDashboardTest">
        <test-method is-config="true" signature="setup()[pri:0, instance:tests.DoctorDashboardTest@463b4ac8]" started-at="2025-07-29T21:21:13 IST" name="setup" finished-at="2025-07-29T21:21:15 IST" duration-ms="2364" status="PASS">
          <reporter-output>
          </reporter-output>
        </test-method> <!-- setup -->
        <test-method signature="verifyLanguageToggle()[pri:1, instance:tests.DoctorDashboardTest@463b4ac8]" started-at="2025-07-29T21:21:15 IST" name="verifyLanguageToggle" finished-at="2025-07-29T21:21:16 IST" duration-ms="747" status="PASS">
          <reporter-output>
          </reporter-output>
        </test-method> <!-- verifyLanguageToggle -->
        <test-method is-config="true" signature="refreshPageAfterEachTest()[pri:0, instance:tests.DoctorDashboardTest@463b4ac8]" started-at="2025-07-29T21:21:16 IST" name="refreshPageAfterEachTest" finished-at="2025-07-29T21:21:17 IST" duration-ms="890" status="PASS">
          <reporter-output>
          </reporter-output>
        </test-method> <!-- refreshPageAfterEachTest -->
        <test-method signature="verifyDarkLightSystemModeSwitch()[pri:2, instance:tests.DoctorDashboardTest@463b4ac8]" started-at="2025-07-29T21:21:17 IST" name="verifyDarkLightSystemModeSwitch" finished-at="2025-07-29T21:21:20 IST" duration-ms="2740" status="PASS">
          <reporter-output>
          </reporter-output>
        </test-method> <!-- verifyDarkLightSystemModeSwitch -->
        <test-method is-config="true" signature="refreshPageAfterEachTest()[pri:0, instance:tests.DoctorDashboardTest@463b4ac8]" started-at="2025-07-29T21:21:20 IST" name="refreshPageAfterEachTest" finished-at="2025-07-29T21:21:21 IST" duration-ms="1425" status="PASS">
          <reporter-output>
          </reporter-output>
        </test-method> <!-- refreshPageAfterEachTest -->
        <test-method signature="verifyFilterByTaskId()[pri:3, instance:tests.DoctorDashboardTest@463b4ac8]" started-at="2025-07-29T21:21:21 IST" name="verifyFilterByTaskId" finished-at="2025-07-29T21:21:33 IST" duration-ms="11900" status="FAIL">
          <exception class="java.lang.AssertionError">
            <message>
              <![CDATA[Filtered task not present expected [true] but found [false]]]>
            </message>
            <full-stacktrace>
              <![CDATA[java.lang.AssertionError: Filtered task not present expected [true] but found [false]
at org.testng.Assert.fail(Assert.java:111)
at org.testng.Assert.failNotEquals(Assert.java:1590)
at org.testng.Assert.assertTrue(Assert.java:57)
at tests.DoctorDashboardTest.verifyFilterByTaskId(DoctorDashboardTest.java:115)
at java.base/jdk.internal.reflect.DirectMethodHandleAccessor.invoke(DirectMethodHandleAccessor.java:103)
at java.base/java.lang.reflect.Method.invoke(Method.java:580)
at org.testng.internal.invokers.MethodInvocationHelper.invokeMethod(MethodInvocationHelper.java:141)
at org.testng.internal.invokers.TestInvoker.invokeMethod(TestInvoker.java:687)
at org.testng.internal.invokers.TestInvoker.invokeTestMethod(TestInvoker.java:230)
at org.testng.internal.invokers.MethodRunner.runInSequence(MethodRunner.java:63)
at org.testng.internal.invokers.TestInvoker$MethodInvocationAgent.invoke(TestInvoker.java:995)
at org.testng.internal.invokers.TestInvoker.invokeTestMethods(TestInvoker.java:203)
at org.testng.internal.invokers.TestMethodWorker.invokeTestMethods(TestMethodWorker.java:154)
at org.testng.internal.invokers.TestMethodWorker.run(TestMethodWorker.java:134)
at java.base/java.util.ArrayList.forEach(ArrayList.java:1596)
at org.testng.TestRunner.privateRun(TestRunner.java:741)
at org.testng.TestRunner.run(TestRunner.java:616)
at org.testng.SuiteRunner.runTest(SuiteRunner.java:421)
at org.testng.SuiteRunner.runSequentially(SuiteRunner.java:413)
at org.testng.SuiteRunner.privateRun(SuiteRunner.java:373)
at org.testng.SuiteRunner.run(SuiteRunner.java:312)
at org.testng.SuiteRunnerWorker.runSuite(SuiteRunnerWorker.java:52)
at org.testng.SuiteRunnerWorker.run(SuiteRunnerWorker.java:95)
at org.testng.TestNG.runSuitesSequentially(TestNG.java:1274)
at org.testng.TestNG.runSuitesLocally(TestNG.java:1208)
at org.testng.TestNG.runSuites(TestNG.java:1112)
at org.testng.TestNG.run(TestNG.java:1079)
at org.testng.remote.AbstractRemoteTestNG.run(AbstractRemoteTestNG.java:115)
at org.testng.remote.RemoteTestNG.initAndRun(RemoteTestNG.java:293)
at org.testng.remote.RemoteTestNG.main(RemoteTestNG.java:91)
]]>
            </full-stacktrace>
          </exception> <!-- java.lang.AssertionError -->
          <reporter-output>
          </reporter-output>
        </test-method> <!-- verifyFilterByTaskId -->
        <test-method is-config="true" signature="refreshPageAfterEachTest()[pri:0, instance:tests.DoctorDashboardTest@463b4ac8]" started-at="2025-07-29T21:21:33 IST" name="refreshPageAfterEachTest" finished-at="2025-07-29T21:21:34 IST" duration-ms="1406" status="PASS">
          <reporter-output>
          </reporter-output>
        </test-method> <!-- refreshPageAfterEachTest -->
        <test-method signature="verifySortByTaskIdActuallySorts()[pri:4, instance:tests.DoctorDashboardTest@463b4ac8]" started-at="2025-07-29T21:21:34 IST" name="verifySortByTaskIdActuallySorts" finished-at="2025-07-29T21:21:36 IST" duration-ms="1922" status="PASS">
          <reporter-output>
          </reporter-output>
        </test-method> <!-- verifySortByTaskIdActuallySorts -->
        <test-method is-config="true" signature="refreshPageAfterEachTest()[pri:0, instance:tests.DoctorDashboardTest@463b4ac8]" started-at="2025-07-29T21:21:36 IST" name="refreshPageAfterEachTest" finished-at="2025-07-29T21:21:37 IST" duration-ms="1086" status="PASS">
          <reporter-output>
          </reporter-output>
        </test-method> <!-- refreshPageAfterEachTest -->
        <test-method signature="verifySortByPatientInitialsActuallySorts()[pri:5, instance:tests.DoctorDashboardTest@463b4ac8]" started-at="2025-07-29T21:21:37 IST" name="verifySortByPatientInitialsActuallySorts" finished-at="2025-07-29T21:21:39 IST" duration-ms="1914" status="PASS">
          <reporter-output>
          </reporter-output>
        </test-method> <!-- verifySortByPatientInitialsActuallySorts -->
        <test-method is-config="true" signature="refreshPageAfterEachTest()[pri:0, instance:tests.DoctorDashboardTest@463b4ac8]" started-at="2025-07-29T21:21:39 IST" name="refreshPageAfterEachTest" finished-at="2025-07-29T21:21:40 IST" duration-ms="950" status="PASS">
          <reporter-output>
          </reporter-output>
        </test-method> <!-- refreshPageAfterEachTest -->
        <test-method signature="verifySortByStatusActuallySorts()[pri:6, instance:tests.DoctorDashboardTest@463b4ac8]" started-at="2025-07-29T21:21:40 IST" name="verifySortByStatusActuallySorts" finished-at="2025-07-29T21:21:42 IST" duration-ms="1936" status="PASS">
          <reporter-output>
          </reporter-output>
        </test-method> <!-- verifySortByStatusActuallySorts -->
        <test-method is-config="true" signature="refreshPageAfterEachTest()[pri:0, instance:tests.DoctorDashboardTest@463b4ac8]" started-at="2025-07-29T21:21:42 IST" name="refreshPageAfterEachTest" finished-at="2025-07-29T21:21:43 IST" duration-ms="989" status="PASS">
          <reporter-output>
          </reporter-output>
        </test-method> <!-- refreshPageAfterEachTest -->
        <test-method signature="verifySortByPriorityActuallySorts()[pri:7, instance:tests.DoctorDashboardTest@463b4ac8]" started-at="2025-07-29T21:21:43 IST" name="verifySortByPriorityActuallySorts" finished-at="2025-07-29T21:21:45 IST" duration-ms="1927" status="FAIL">
          <exception class="java.lang.AssertionError">
            <message>
              <![CDATA[Priority column is not sorted.: Lists differ at element [0]:  != High expected [] but found [High]]]>
            </message>
            <full-stacktrace>
              <![CDATA[java.lang.AssertionError: Priority column is not sorted.: Lists differ at element [0]:  != High expected [] but found [High]
at org.testng.Assert.fail(Assert.java:111)
at org.testng.Assert.failNotEquals(Assert.java:1590)
at org.testng.Assert.assertEqualsImpl(Assert.java:150)
at org.testng.Assert.assertEquals(Assert.java:1656)
at tests.DoctorDashboardTest.verifySortByPriorityActuallySorts(DoctorDashboardTest.java:156)
at java.base/jdk.internal.reflect.DirectMethodHandleAccessor.invoke(DirectMethodHandleAccessor.java:103)
at java.base/java.lang.reflect.Method.invoke(Method.java:580)
at org.testng.internal.invokers.MethodInvocationHelper.invokeMethod(MethodInvocationHelper.java:141)
at org.testng.internal.invokers.TestInvoker.invokeMethod(TestInvoker.java:687)
at org.testng.internal.invokers.TestInvoker.invokeTestMethod(TestInvoker.java:230)
at org.testng.internal.invokers.MethodRunner.runInSequence(MethodRunner.java:63)
at org.testng.internal.invokers.TestInvoker$MethodInvocationAgent.invoke(TestInvoker.java:995)
at org.testng.internal.invokers.TestInvoker.invokeTestMethods(TestInvoker.java:203)
at org.testng.internal.invokers.TestMethodWorker.invokeTestMethods(TestMethodWorker.java:154)
at org.testng.internal.invokers.TestMethodWorker.run(TestMethodWorker.java:134)
at java.base/java.util.ArrayList.forEach(ArrayList.java:1596)
at org.testng.TestRunner.privateRun(TestRunner.java:741)
at org.testng.TestRunner.run(TestRunner.java:616)
at org.testng.SuiteRunner.runTest(SuiteRunner.java:421)
at org.testng.SuiteRunner.runSequentially(SuiteRunner.java:413)
at org.testng.SuiteRunner.privateRun(SuiteRunner.java:373)
at org.testng.SuiteRunner.run(SuiteRunner.java:312)
at org.testng.SuiteRunnerWorker.runSuite(SuiteRunnerWorker.java:52)
at org.testng.SuiteRunnerWorker.run(SuiteRunnerWorker.java:95)
at org.testng.TestNG.runSuitesSequentially(TestNG.java:1274)
at org.testng.TestNG.runSuitesLocally(TestNG.java:1208)
at org.testng.TestNG.runSuites(TestNG.java:1112)
at org.testng.TestNG.run(TestNG.java:1079)
at org.testng.remote.AbstractRemoteTestNG.run(AbstractRemoteTestNG.java:115)
at org.testng.remote.RemoteTestNG.initAndRun(RemoteTestNG.java:293)
at org.testng.remote.RemoteTestNG.main(RemoteTestNG.java:91)
]]>
            </full-stacktrace>
          </exception> <!-- java.lang.AssertionError -->
          <reporter-output>
          </reporter-output>
        </test-method> <!-- verifySortByPriorityActuallySorts -->
        <test-method is-config="true" signature="refreshPageAfterEachTest()[pri:0, instance:tests.DoctorDashboardTest@463b4ac8]" started-at="2025-07-29T21:21:45 IST" name="refreshPageAfterEachTest" finished-at="2025-07-29T21:21:46 IST" duration-ms="930" status="PASS">
          <reporter-output>
          </reporter-output>
        </test-method> <!-- refreshPageAfterEachTest -->
        <test-method signature="verifySortByUploadDateActuallySorts()[pri:8, instance:tests.DoctorDashboardTest@463b4ac8]" started-at="2025-07-29T21:21:46 IST" name="verifySortByUploadDateActuallySorts" finished-at="2025-07-29T21:21:48 IST" duration-ms="1950" status="PASS">
          <reporter-output>
          </reporter-output>
        </test-method> <!-- verifySortByUploadDateActuallySorts -->
        <test-method is-config="true" signature="refreshPageAfterEachTest()[pri:0, instance:tests.DoctorDashboardTest@463b4ac8]" started-at="2025-07-29T21:21:48 IST" name="refreshPageAfterEachTest" finished-at="2025-07-29T21:21:49 IST" duration-ms="1032" status="PASS">
          <reporter-output>
          </reporter-output>
        </test-method> <!-- refreshPageAfterEachTest -->
        <test-method signature="verifySortByUploadTimeActuallySorts()[pri:9, instance:tests.DoctorDashboardTest@463b4ac8]" started-at="2025-07-29T21:21:49 IST" name="verifySortByUploadTimeActuallySorts" finished-at="2025-07-29T21:21:51 IST" duration-ms="1906" status="FAIL">
          <exception class="java.lang.AssertionError">
            <message>
              <![CDATA[Upload Time column is not sorted.: Lists differ at element [0]: 08:13 PM != 09:21 PM expected [08:13 PM] but found [09:21 PM]]]>
            </message>
            <full-stacktrace>
              <![CDATA[java.lang.AssertionError: Upload Time column is not sorted.: Lists differ at element [0]: 08:13 PM != 09:21 PM expected [08:13 PM] but found [09:21 PM]
at org.testng.Assert.fail(Assert.java:111)
at org.testng.Assert.failNotEquals(Assert.java:1590)
at org.testng.Assert.assertEqualsImpl(Assert.java:150)
at org.testng.Assert.assertEquals(Assert.java:1656)
at tests.DoctorDashboardTest.verifySortByUploadTimeActuallySorts(DoctorDashboardTest.java:176)
at java.base/jdk.internal.reflect.DirectMethodHandleAccessor.invoke(DirectMethodHandleAccessor.java:103)
at java.base/java.lang.reflect.Method.invoke(Method.java:580)
at org.testng.internal.invokers.MethodInvocationHelper.invokeMethod(MethodInvocationHelper.java:141)
at org.testng.internal.invokers.TestInvoker.invokeMethod(TestInvoker.java:687)
at org.testng.internal.invokers.TestInvoker.invokeTestMethod(TestInvoker.java:230)
at org.testng.internal.invokers.MethodRunner.runInSequence(MethodRunner.java:63)
at org.testng.internal.invokers.TestInvoker$MethodInvocationAgent.invoke(TestInvoker.java:995)
at org.testng.internal.invokers.TestInvoker.invokeTestMethods(TestInvoker.java:203)
at org.testng.internal.invokers.TestMethodWorker.invokeTestMethods(TestMethodWorker.java:154)
at org.testng.internal.invokers.TestMethodWorker.run(TestMethodWorker.java:134)
at java.base/java.util.ArrayList.forEach(ArrayList.java:1596)
at org.testng.TestRunner.privateRun(TestRunner.java:741)
at org.testng.TestRunner.run(TestRunner.java:616)
at org.testng.SuiteRunner.runTest(SuiteRunner.java:421)
at org.testng.SuiteRunner.runSequentially(SuiteRunner.java:413)
at org.testng.SuiteRunner.privateRun(SuiteRunner.java:373)
at org.testng.SuiteRunner.run(SuiteRunner.java:312)
at org.testng.SuiteRunnerWorker.runSuite(SuiteRunnerWorker.java:52)
at org.testng.SuiteRunnerWorker.run(SuiteRunnerWorker.java:95)
at org.testng.TestNG.runSuitesSequentially(TestNG.java:1274)
at org.testng.TestNG.runSuitesLocally(TestNG.java:1208)
at org.testng.TestNG.runSuites(TestNG.java:1112)
at org.testng.TestNG.run(TestNG.java:1079)
at org.testng.remote.AbstractRemoteTestNG.run(AbstractRemoteTestNG.java:115)
at org.testng.remote.RemoteTestNG.initAndRun(RemoteTestNG.java:293)
at org.testng.remote.RemoteTestNG.main(RemoteTestNG.java:91)
]]>
            </full-stacktrace>
          </exception> <!-- java.lang.AssertionError -->
          <reporter-output>
          </reporter-output>
        </test-method> <!-- verifySortByUploadTimeActuallySorts -->
        <test-method is-config="true" signature="refreshPageAfterEachTest()[pri:0, instance:tests.DoctorDashboardTest@463b4ac8]" started-at="2025-07-29T21:21:51 IST" name="refreshPageAfterEachTest" finished-at="2025-07-29T21:21:52 IST" duration-ms="959" status="PASS">
          <reporter-output>
          </reporter-output>
        </test-method> <!-- refreshPageAfterEachTest -->
        <test-method signature="verifySortByAudioDurationActuallySorts()[pri:10, instance:tests.DoctorDashboardTest@463b4ac8]" started-at="2025-07-29T21:21:52 IST" name="verifySortByAudioDurationActuallySorts" finished-at="2025-07-29T21:21:54 IST" duration-ms="1931" status="PASS">
          <reporter-output>
          </reporter-output>
        </test-method> <!-- verifySortByAudioDurationActuallySorts -->
        <test-method is-config="true" signature="refreshPageAfterEachTest()[pri:0, instance:tests.DoctorDashboardTest@463b4ac8]" started-at="2025-07-29T21:21:54 IST" name="refreshPageAfterEachTest" finished-at="2025-07-29T21:21:55 IST" duration-ms="930" status="PASS">
          <reporter-output>
          </reporter-output>
        </test-method> <!-- refreshPageAfterEachTest -->
        <test-method signature="verifyFilterByStatusInProgress()[pri:11, instance:tests.DoctorDashboardTest@463b4ac8]" started-at="2025-07-29T21:21:55 IST" name="verifyFilterByStatusInProgress" finished-at="2025-07-29T21:22:02 IST" duration-ms="7376" status="FAIL">
          <exception class="java.lang.AssertionError">
            <message>
              <![CDATA[Neither rows nor 'No data' message appeared after filtering.]]>
            </message>
            <full-stacktrace>
              <![CDATA[java.lang.AssertionError: Neither rows nor 'No data' message appeared after filtering.
at pages.DoctorDashboardPage.filterStatusInProgress(DoctorDashboardPage.java:127)
at tests.DoctorDashboardTest.verifyFilterByStatusInProgress(DoctorDashboardTest.java:192)
at java.base/jdk.internal.reflect.DirectMethodHandleAccessor.invoke(DirectMethodHandleAccessor.java:103)
at java.base/java.lang.reflect.Method.invoke(Method.java:580)
at org.testng.internal.invokers.MethodInvocationHelper.invokeMethod(MethodInvocationHelper.java:141)
at org.testng.internal.invokers.TestInvoker.invokeMethod(TestInvoker.java:687)
at org.testng.internal.invokers.TestInvoker.invokeTestMethod(TestInvoker.java:230)
at org.testng.internal.invokers.MethodRunner.runInSequence(MethodRunner.java:63)
at org.testng.internal.invokers.TestInvoker$MethodInvocationAgent.invoke(TestInvoker.java:995)
at org.testng.internal.invokers.TestInvoker.invokeTestMethods(TestInvoker.java:203)
at org.testng.internal.invokers.TestMethodWorker.invokeTestMethods(TestMethodWorker.java:154)
at org.testng.internal.invokers.TestMethodWorker.run(TestMethodWorker.java:134)
at java.base/java.util.ArrayList.forEach(ArrayList.java:1596)
at org.testng.TestRunner.privateRun(TestRunner.java:741)
at org.testng.TestRunner.run(TestRunner.java:616)
at org.testng.SuiteRunner.runTest(SuiteRunner.java:421)
at org.testng.SuiteRunner.runSequentially(SuiteRunner.java:413)
at org.testng.SuiteRunner.privateRun(SuiteRunner.java:373)
at org.testng.SuiteRunner.run(SuiteRunner.java:312)
at org.testng.SuiteRunnerWorker.runSuite(SuiteRunnerWorker.java:52)
at org.testng.SuiteRunnerWorker.run(SuiteRunnerWorker.java:95)
at org.testng.TestNG.runSuitesSequentially(TestNG.java:1274)
at org.testng.TestNG.runSuitesLocally(TestNG.java:1208)
at org.testng.TestNG.runSuites(TestNG.java:1112)
at org.testng.TestNG.run(TestNG.java:1079)
at org.testng.remote.AbstractRemoteTestNG.run(AbstractRemoteTestNG.java:115)
at org.testng.remote.RemoteTestNG.initAndRun(RemoteTestNG.java:293)
at org.testng.remote.RemoteTestNG.main(RemoteTestNG.java:91)
]]>
            </full-stacktrace>
          </exception> <!-- java.lang.AssertionError -->
          <reporter-output>
          </reporter-output>
        </test-method> <!-- verifyFilterByStatusInProgress -->
        <test-method is-config="true" signature="refreshPageAfterEachTest()[pri:0, instance:tests.DoctorDashboardTest@463b4ac8]" started-at="2025-07-29T21:22:02 IST" name="refreshPageAfterEachTest" finished-at="2025-07-29T21:22:04 IST" duration-ms="1453" status="PASS">
          <reporter-output>
          </reporter-output>
        </test-method> <!-- refreshPageAfterEachTest -->
        <test-method signature="verifyFilterByPriorityMedium()[pri:12, instance:tests.DoctorDashboardTest@463b4ac8]" started-at="2025-07-29T21:22:04 IST" name="verifyFilterByPriorityMedium" finished-at="2025-07-29T21:22:11 IST" duration-ms="7353" status="FAIL">
          <exception class="java.lang.AssertionError">
            <message>
              <![CDATA[Neither rows nor 'No data' message appeared after filtering by Medium priority.]]>
            </message>
            <full-stacktrace>
              <![CDATA[java.lang.AssertionError: Neither rows nor 'No data' message appeared after filtering by Medium priority.
at pages.DoctorDashboardPage.filterPriorityMedium(DoctorDashboardPage.java:166)
at tests.DoctorDashboardTest.verifyFilterByPriorityMedium(DoctorDashboardTest.java:200)
at java.base/jdk.internal.reflect.DirectMethodHandleAccessor.invoke(DirectMethodHandleAccessor.java:103)
at java.base/java.lang.reflect.Method.invoke(Method.java:580)
at org.testng.internal.invokers.MethodInvocationHelper.invokeMethod(MethodInvocationHelper.java:141)
at org.testng.internal.invokers.TestInvoker.invokeMethod(TestInvoker.java:687)
at org.testng.internal.invokers.TestInvoker.invokeTestMethod(TestInvoker.java:230)
at org.testng.internal.invokers.MethodRunner.runInSequence(MethodRunner.java:63)
at org.testng.internal.invokers.TestInvoker$MethodInvocationAgent.invoke(TestInvoker.java:995)
at org.testng.internal.invokers.TestInvoker.invokeTestMethods(TestInvoker.java:203)
at org.testng.internal.invokers.TestMethodWorker.invokeTestMethods(TestMethodWorker.java:154)
at org.testng.internal.invokers.TestMethodWorker.run(TestMethodWorker.java:134)
at java.base/java.util.ArrayList.forEach(ArrayList.java:1596)
at org.testng.TestRunner.privateRun(TestRunner.java:741)
at org.testng.TestRunner.run(TestRunner.java:616)
at org.testng.SuiteRunner.runTest(SuiteRunner.java:421)
at org.testng.SuiteRunner.runSequentially(SuiteRunner.java:413)
at org.testng.SuiteRunner.privateRun(SuiteRunner.java:373)
at org.testng.SuiteRunner.run(SuiteRunner.java:312)
at org.testng.SuiteRunnerWorker.runSuite(SuiteRunnerWorker.java:52)
at org.testng.SuiteRunnerWorker.run(SuiteRunnerWorker.java:95)
at org.testng.TestNG.runSuitesSequentially(TestNG.java:1274)
at org.testng.TestNG.runSuitesLocally(TestNG.java:1208)
at org.testng.TestNG.runSuites(TestNG.java:1112)
at org.testng.TestNG.run(TestNG.java:1079)
at org.testng.remote.AbstractRemoteTestNG.run(AbstractRemoteTestNG.java:115)
at org.testng.remote.RemoteTestNG.initAndRun(RemoteTestNG.java:293)
at org.testng.remote.RemoteTestNG.main(RemoteTestNG.java:91)
]]>
            </full-stacktrace>
          </exception> <!-- java.lang.AssertionError -->
          <reporter-output>
          </reporter-output>
        </test-method> <!-- verifyFilterByPriorityMedium -->
        <test-method is-config="true" signature="refreshPageAfterEachTest()[pri:0, instance:tests.DoctorDashboardTest@463b4ac8]" started-at="2025-07-29T21:22:11 IST" name="refreshPageAfterEachTest" finished-at="2025-07-29T21:22:12 IST" duration-ms="1412" status="PASS">
          <reporter-output>
          </reporter-output>
        </test-method> <!-- refreshPageAfterEachTest -->
        <test-method signature="verifyViewTaskHidesRow()[pri:13, instance:tests.DoctorDashboardTest@463b4ac8]" started-at="2025-07-29T21:22:12 IST" name="verifyViewTaskHidesRow" finished-at="2025-07-29T21:22:14 IST" duration-ms="2161" status="PASS">
          <reporter-output>
          </reporter-output>
        </test-method> <!-- verifyViewTaskHidesRow -->
        <test-method is-config="true" signature="refreshPageAfterEachTest()[pri:0, instance:tests.DoctorDashboardTest@463b4ac8]" started-at="2025-07-29T21:22:14 IST" name="refreshPageAfterEachTest" finished-at="2025-07-29T21:22:15 IST" duration-ms="923" status="PASS">
          <reporter-output>
          </reporter-output>
        </test-method> <!-- refreshPageAfterEachTest -->
        <test-method signature="verifyRecordingWorkflow_ReviewAfterRecordAgain()[pri:14, instance:tests.DoctorDashboardTest@463b4ac8]" started-at="2025-07-29T21:22:15 IST" name="verifyRecordingWorkflow_ReviewAfterRecordAgain" finished-at="2025-07-29T21:22:31 IST" duration-ms="15772" status="FAIL">
          <exception class="org.openqa.selenium.TimeoutException">
            <message>
              <![CDATA[Expected condition failed: waiting for invisibility of [[ChromeDriver: chrome on windows (0f8200d128d20fb8fabcd292fa1e6f5a)] -> xpath: //div[@role='dialog' and contains(., 'Review Recordings')]] (tried for 10 second(s) with 500 milliseconds interval)
Build info: version: '4.21.0', revision: '79ed462ef4'
System info: os.name: 'Windows 10', os.arch: 'amd64', os.version: '10.0', java.version: '21.0.7'
Driver info: org.openqa.selenium.chrome.ChromeDriver
Capabilities {acceptInsecureCerts: false, browserName: chrome, browserVersion: 138.0.7204.168, chrome: {chromedriverVersion: 138.0.7204.168 (3e8d82e86e9..., userDataDir: C:\Temp\BraveProfile}, fedcm:accounts: true, goog:chromeOptions: {debuggerAddress: localhost:53103}, networkConnectionEnabled: false, pageLoadStrategy: normal, platformName: windows, proxy: Proxy(), se:cdp: ws://localhost:53103/devtoo..., se:cdpVersion: 138.0.7204.168, setWindowRect: true, strictFileInteractability: false, timeouts: {implicit: 0, pageLoad: 300000, script: 30000}, unhandledPromptBehavior: dismiss and notify, webauthn:extension:credBlob: true, webauthn:extension:largeBlob: true, webauthn:extension:minPinLength: true, webauthn:extension:prf: true, webauthn:virtualAuthenticators: true}
Session ID: 0f8200d128d20fb8fabcd292fa1e6f5a]]>
            </message>
            <full-stacktrace>
              <![CDATA[org.openqa.selenium.TimeoutException: Expected condition failed: waiting for invisibility of [[ChromeDriver: chrome on windows (0f8200d128d20fb8fabcd292fa1e6f5a)] -> xpath: //div[@role='dialog' and contains(., 'Review Recordings')]] (tried for 10 second(s) with 500 milliseconds interval)
Build info: version: '4.21.0', revision: '79ed462ef4'
System info: os.name: 'Windows 10', os.arch: 'amd64', os.version: '10.0', java.version: '21.0.7'
Driver info: org.openqa.selenium.chrome.ChromeDriver
Capabilities {acceptInsecureCerts: false, browserName: chrome, browserVersion: 138.0.7204.168, chrome: {chromedriverVersion: 138.0.7204.168 (3e8d82e86e9..., userDataDir: C:\Temp\BraveProfile}, fedcm:accounts: true, goog:chromeOptions: {debuggerAddress: localhost:53103}, networkConnectionEnabled: false, pageLoadStrategy: normal, platformName: windows, proxy: Proxy(), se:cdp: ws://localhost:53103/devtoo..., se:cdpVersion: 138.0.7204.168, setWindowRect: true, strictFileInteractability: false, timeouts: {implicit: 0, pageLoad: 300000, script: 30000}, unhandledPromptBehavior: dismiss and notify, webauthn:extension:credBlob: true, webauthn:extension:largeBlob: true, webauthn:extension:minPinLength: true, webauthn:extension:prf: true, webauthn:virtualAuthenticators: true}
Session ID: 0f8200d128d20fb8fabcd292fa1e6f5a
at org.openqa.selenium.support.ui.WebDriverWait.timeoutException(WebDriverWait.java:84)
at org.openqa.selenium.support.ui.FluentWait.until(FluentWait.java:228)
at pages.DoctorDashboardPage.uploadRecordings(DoctorDashboardPage.java:290)
at tests.DoctorDashboardTest.verifyRecordingWorkflow_ReviewAfterRecordAgain(DoctorDashboardTest.java:254)
at java.base/jdk.internal.reflect.DirectMethodHandleAccessor.invoke(DirectMethodHandleAccessor.java:103)
at java.base/java.lang.reflect.Method.invoke(Method.java:580)
at org.testng.internal.invokers.MethodInvocationHelper.invokeMethod(MethodInvocationHelper.java:141)
at org.testng.internal.invokers.TestInvoker.invokeMethod(TestInvoker.java:687)
at org.testng.internal.invokers.TestInvoker.invokeTestMethod(TestInvoker.java:230)
at org.testng.internal.invokers.MethodRunner.runInSequence(MethodRunner.java:63)
at org.testng.internal.invokers.TestInvoker$MethodInvocationAgent.invoke(TestInvoker.java:995)
at org.testng.internal.invokers.TestInvoker.invokeTestMethods(TestInvoker.java:203)
at org.testng.internal.invokers.TestMethodWorker.invokeTestMethods(TestMethodWorker.java:154)
at org.testng.internal.invokers.TestMethodWorker.run(TestMethodWorker.java:134)
at java.base/java.util.ArrayList.forEach(ArrayList.java:1596)
at org.testng.TestRunner.privateRun(TestRunner.java:741)
at org.testng.TestRunner.run(TestRunner.java:616)
at org.testng.SuiteRunner.runTest(SuiteRunner.java:421)
at org.testng.SuiteRunner.runSequentially(SuiteRunner.java:413)
at org.testng.SuiteRunner.privateRun(SuiteRunner.java:373)
at org.testng.SuiteRunner.run(SuiteRunner.java:312)
at org.testng.SuiteRunnerWorker.runSuite(SuiteRunnerWorker.java:52)
at org.testng.SuiteRunnerWorker.run(SuiteRunnerWorker.java:95)
at org.testng.TestNG.runSuitesSequentially(TestNG.java:1274)
at org.testng.TestNG.runSuitesLocally(TestNG.java:1208)
at org.testng.TestNG.runSuites(TestNG.java:1112)
at org.testng.TestNG.run(TestNG.java:1079)
at org.testng.remote.AbstractRemoteTestNG.run(AbstractRemoteTestNG.java:115)
at org.testng.remote.RemoteTestNG.initAndRun(RemoteTestNG.java:293)
at org.testng.remote.RemoteTestNG.main(RemoteTestNG.java:91)
]]>
            </full-stacktrace>
          </exception> <!-- org.openqa.selenium.TimeoutException -->
          <reporter-output>
          </reporter-output>
        </test-method> <!-- verifyRecordingWorkflow_ReviewAfterRecordAgain -->
        <test-method is-config="true" signature="refreshPageAfterEachTest()[pri:0, instance:tests.DoctorDashboardTest@463b4ac8]" started-at="2025-07-29T21:22:31 IST" name="refreshPageAfterEachTest" finished-at="2025-07-29T21:22:33 IST" duration-ms="1432" status="PASS">
          <reporter-output>
          </reporter-output>
        </test-method> <!-- refreshPageAfterEachTest -->
        <test-method is-config="true" signature="tearDown()[pri:0, instance:tests.DoctorDashboardTest@463b4ac8]" started-at="2025-07-29T21:22:33 IST" name="tearDown" finished-at="2025-07-29T21:22:33 IST" duration-ms="376" status="PASS">
          <reporter-output>
          </reporter-output>
        </test-method> <!-- tearDown -->
      </class> <!-- tests.DoctorDashboardTest -->
    </test> <!-- LoginTests -->
  </suite> <!-- EzyScribe Login Suite -->
</testng-results>
