<?xml version="1.0" encoding="UTF-8"?>
<!-- Generated by org.testng.reporters.JUnitXMLReporter -->
<testsuite ignored="0" hostname="PNH-LPC-012" failures="0" tests="10" name="DashboardTests" time="0.75" errors="0" timestamp="2025-07-21T17:10:55 IST">
  <testcase classname="tests.DoctorDashboardTest" name="@BeforeClass loginAsDoctor" time="0.001">
    <failure type="java.lang.NullPointerException" message="Cannot invoke &amp;quot;org.openqa.selenium.WebDriver.get(String)&amp;quot; because &amp;quot;this.driver&amp;quot; is null">
      <![CDATA[java.lang.NullPointerException: Cannot invoke "org.openqa.selenium.WebDriver.get(String)" because "this.driver" is null
at tests.DoctorDashboardTest.loginAsDoctor(DoctorDashboardTest.java:16)
at java.base/java.util.ArrayList.forEach(ArrayList.java:1596)
... Removed 23 stack frames]]>
    </failure>
  </testcase> <!-- @BeforeClass loginAsDoctor -->
  <testcase classname="utils.DriverFactory" name="@BeforeMethod setup" time="0.0">
    <skipped/>
  </testcase> <!-- @BeforeMethod setup -->
  <testcase classname="utils.DriverFactory" name="@AfterMethod tearDown" time="0.0">
    <skipped/>
  </testcase> <!-- @AfterMethod tearDown -->
  <testcase classname="utils.DriverFactory" name="@BeforeMethod setup" time="0.0">
    <skipped/>
  </testcase> <!-- @BeforeMethod setup -->
  <testcase classname="utils.DriverFactory" name="@AfterMethod tearDown" time="0.0">
    <skipped/>
  </testcase> <!-- @AfterMethod tearDown -->
  <testcase classname="utils.DriverFactory" name="@BeforeMethod setup" time="0.0">
    <skipped/>
  </testcase> <!-- @BeforeMethod setup -->
  <testcase classname="utils.DriverFactory" name="@AfterMethod tearDown" time="0.0">
    <skipped/>
  </testcase> <!-- @AfterMethod tearDown -->
  <testcase classname="utils.DriverFactory" name="@BeforeMethod setup" time="0.0">
    <skipped/>
  </testcase> <!-- @BeforeMethod setup -->
  <testcase classname="utils.DriverFactory" name="@AfterMethod tearDown" time="0.0">
    <skipped/>
  </testcase> <!-- @AfterMethod tearDown -->
  <testcase classname="utils.DriverFactory" name="@BeforeMethod setup" time="0.0">
    <skipped/>
  </testcase> <!-- @BeforeMethod setup -->
  <testcase classname="utils.DriverFactory" name="@AfterMethod tearDown" time="0.0">
    <skipped/>
  </testcase> <!-- @AfterMethod tearDown -->
  <testcase classname="utils.DriverFactory" name="@BeforeMethod setup" time="0.0">
    <skipped/>
  </testcase> <!-- @BeforeMethod setup -->
  <testcase classname="utils.DriverFactory" name="@AfterMethod tearDown" time="0.0">
    <skipped/>
  </testcase> <!-- @AfterMethod tearDown -->
  <testcase classname="utils.DriverFactory" name="@BeforeMethod setup" time="0.0">
    <skipped/>
  </testcase> <!-- @BeforeMethod setup -->
  <testcase classname="utils.DriverFactory" name="@AfterMethod tearDown" time="0.0">
    <skipped/>
  </testcase> <!-- @AfterMethod tearDown -->
  <testcase classname="utils.DriverFactory" name="@BeforeMethod setup" time="0.0">
    <skipped/>
  </testcase> <!-- @BeforeMethod setup -->
  <testcase classname="utils.DriverFactory" name="@AfterMethod tearDown" time="0.0">
    <skipped/>
  </testcase> <!-- @AfterMethod tearDown -->
  <testcase classname="utils.DriverFactory" name="@BeforeMethod setup" time="0.0">
    <skipped/>
  </testcase> <!-- @BeforeMethod setup -->
  <testcase classname="utils.DriverFactory" name="@AfterMethod tearDown" time="0.0">
    <skipped/>
  </testcase> <!-- @AfterMethod tearDown -->
  <testcase classname="utils.DriverFactory" name="@BeforeMethod setup" time="0.0">
    <skipped/>
  </testcase> <!-- @BeforeMethod setup -->
  <testcase classname="utils.DriverFactory" name="@AfterMethod tearDown" time="0.0">
    <skipped/>
  </testcase> <!-- @AfterMethod tearDown -->
  <testcase classname="tests.DoctorDashboardTest" name="verifyLanguageToggle" time="0.001">
    <skipped/>
  </testcase> <!-- verifyLanguageToggle -->
  <testcase classname="tests.DoctorDashboardTest" name="verifyDarkLightSystemModeSwitch" time="0.0">
    <skipped/>
  </testcase> <!-- verifyDarkLightSystemModeSwitch -->
  <testcase classname="tests.DoctorDashboardTest" name="verifyFilterByTaskId" time="0.0">
    <skipped/>
  </testcase> <!-- verifyFilterByTaskId -->
  <testcase classname="tests.DoctorDashboardTest" name="verifySortingByTaskId" time="0.0">
    <skipped/>
  </testcase> <!-- verifySortingByTaskId -->
  <testcase classname="tests.DoctorDashboardTest" name="verifySortingByPatientInitials" time="0.0">
    <skipped/>
  </testcase> <!-- verifySortingByPatientInitials -->
  <testcase classname="tests.DoctorDashboardTest" name="verifySortingByStatus" time="0.0">
    <skipped/>
  </testcase> <!-- verifySortingByStatus -->
  <testcase classname="tests.DoctorDashboardTest" name="verifySortingByPriority" time="0.0">
    <skipped/>
  </testcase> <!-- verifySortingByPriority -->
  <testcase classname="tests.DoctorDashboardTest" name="verifySortingByUploadDate" time="0.0">
    <skipped/>
  </testcase> <!-- verifySortingByUploadDate -->
  <testcase classname="tests.DoctorDashboardTest" name="verifySortingByUploadTime" time="0.0">
    <skipped/>
  </testcase> <!-- verifySortingByUploadTime -->
  <testcase classname="tests.DoctorDashboardTest" name="verifySortingByAudioDuration" time="0.001">
    <skipped/>
  </testcase> <!-- verifySortingByAudioDuration -->
</testsuite> <!-- DashboardTests -->
