<?xml version="1.0" encoding="UTF-8"?>
<!-- Generated by org.testng.reporters.JUnitXMLReporter -->
<testsuite ignored="13" hostname="PNH-LPC-012" failures="0" tests="1" name="Default test" time="9.912" errors="0" timestamp="2025-08-01T21:04:06 IST">
  <testcase classname="tests.ScribeDashboardTest" name="verifySortByPatientInitials" time="0.013"/>
  <testcase classname="tests.ScribeDashboardTest" name="verifySortByUploadTime" time="0.0">
    <ignored/>
  </testcase> <!-- verifySortByUploadTime -->
  <testcase classname="tests.ScribeDashboardTest" name="verifyViewTaskHidesRow" time="0.0">
    <ignored/>
  </testcase> <!-- verifyViewTaskHidesRow -->
  <testcase classname="tests.ScribeDashboardTest" name="verifyResetSortOnTaskId" time="0.0">
    <ignored/>
  </testcase> <!-- verifyResetSortOnTaskId -->
  <testcase classname="tests.ScribeDashboardTest" name="verifyFilterByTaskId" time="0.0">
    <ignored/>
  </testcase> <!-- verifyFilterByTaskId -->
  <testcase classname="tests.ScribeDashboardTest" name="verifyFilterByPriorityMedium" time="0.0">
    <ignored/>
  </testcase> <!-- verifyFilterByPriorityMedium -->
  <testcase classname="tests.ScribeDashboardTest" name="verifySortByAudioDuration" time="0.0">
    <ignored/>
  </testcase> <!-- verifySortByAudioDuration -->
  <testcase classname="tests.ScribeDashboardTest" name="verifySortByPriority" time="0.0">
    <ignored/>
  </testcase> <!-- verifySortByPriority -->
  <testcase classname="tests.ScribeDashboardTest" name="verifySortByUploadDate" time="0.0">
    <ignored/>
  </testcase> <!-- verifySortByUploadDate -->
  <testcase classname="tests.ScribeDashboardTest" name="verifyDarkLightSystemModeSwitch" time="0.0">
    <ignored/>
  </testcase> <!-- verifyDarkLightSystemModeSwitch -->
  <testcase classname="tests.ScribeDashboardTest" name="verifySortByStatus" time="0.0">
    <ignored/>
  </testcase> <!-- verifySortByStatus -->
  <testcase classname="tests.ScribeDashboardTest" name="verifyFilterByStatusInProgress" time="0.0">
    <ignored/>
  </testcase> <!-- verifyFilterByStatusInProgress -->
  <testcase classname="tests.ScribeDashboardTest" name="verifyHidePatientInitialsColumn" time="0.0">
    <ignored/>
  </testcase> <!-- verifyHidePatientInitialsColumn -->
  <testcase classname="tests.ScribeDashboardTest" name="verifySortByTaskId" time="0.0">
    <ignored/>
  </testcase> <!-- verifySortByTaskId -->
</testsuite> <!-- Default test -->
