<?xml version="1.0" encoding="UTF-8"?>
<!-- Generated by org.testng.reporters.JUnitXMLReporter -->
<testsuite ignored="0" hostname="PNH-LPC-012" failures="10" tests="43" name="LoginTests" time="255.99" errors="0" timestamp="2025-07-29T18:28:48 IST">
  <testcase classname="tests.LoginTests" name="loginTest" time="1.989"/>
  <testcase classname="tests.LoginTests" name="loginTest" time="1.285"/>
  <testcase classname="tests.LoginTests" name="loginTest" time="1.266"/>
  <testcase classname="tests.LoginTests" name="loginTest" time="1.229"/>
  <testcase classname="tests.LoginTests" name="loginTest" time="1.26"/>
  <testcase classname="tests.LoginTests" name="loginTest" time="1.214"/>
  <testcase classname="tests.LoginTests" name="loginTest" time="1.279"/>
  <testcase classname="tests.LoginTests" name="loginTest" time="1.271"/>
  <testcase classname="tests.LoginTests" name="loginTest" time="1.321"/>
  <testcase classname="tests.LoginTests" name="loginTest" time="1.286"/>
  <testcase classname="tests.LoginTests" name="loginTest" time="6.814"/>
  <testcase classname="tests.LoginTests" name="loginTest" time="1.821"/>
  <testcase classname="tests.LoginTests" name="loginTest" time="1.263"/>
  <testcase classname="tests.LoginTests" name="loginTest" time="6.819"/>
  <testcase classname="tests.LoginTests" name="loginTest" time="1.812"/>
  <testcase classname="tests.LoginTests" name="forgotPasswordTest_TC09" time="1.243"/>
  <testcase classname="tests.LoginTests" name="epicLoginRedirectTest" time="23.386"/>
  <testcase classname="tests.ScribeDashboardTest" name="verifyDarkLightSystemModeSwitch" time="6.178"/>
  <testcase classname="tests.ScribeDashboardTest" name="verifyFilterByTaskId" time="10.191">
    <failure type="java.lang.AssertionError" message="Filtered task not present expected [true] but found [false]">
      <![CDATA[java.lang.AssertionError: Filtered task not present expected [true] but found [false]
at tests.ScribeDashboardTest.verifyFilterByTaskId(ScribeDashboardTest.java:87)
at java.base/java.util.ArrayList.forEach(ArrayList.java:1596)
... Removed 28 stack frames]]>
    </failure>
  </testcase> <!-- verifyFilterByTaskId -->
  <testcase classname="tests.ScribeDashboardTest" name="verifySortByTaskIdActuallySorts" time="0.148"/>
  <testcase classname="tests.ScribeDashboardTest" name="verifySortByPatientInitialsActuallySorts" time="0.144"/>
  <testcase classname="tests.ScribeDashboardTest" name="verifySortByStatusActuallySorts" time="0.132"/>
  <testcase classname="tests.ScribeDashboardTest" name="verifySortByPriorityActuallySorts" time="0.167"/>
  <testcase classname="tests.ScribeDashboardTest" name="verifySortByUploadDateActuallySorts" time="0.154"/>
  <testcase classname="tests.ScribeDashboardTest" name="verifySortByUploadTimeActuallySorts" time="0.146">
    <failure type="java.lang.AssertionError" message="Upload Time column is not sorted.: Lists differ at element [0]: 05:01 PM != 06:23 PM expected [05:01 PM] but found [06:23 PM]">
      <![CDATA[java.lang.AssertionError: Upload Time column is not sorted.: Lists differ at element [0]: 05:01 PM != 06:23 PM expected [05:01 PM] but found [06:23 PM]
at tests.ScribeDashboardTest.verifySortByUploadTimeActuallySorts(ScribeDashboardTest.java:147)
at java.base/java.util.ArrayList.forEach(ArrayList.java:1596)
... Removed 29 stack frames]]>
    </failure>
  </testcase> <!-- verifySortByUploadTimeActuallySorts -->
  <testcase classname="tests.ScribeDashboardTest" name="verifySortByAudioDurationActuallySorts" time="0.141"/>
  <testcase classname="tests.ScribeDashboardTest" name="verifyFilterByStatusInProgress" time="5.595">
    <failure type="java.lang.AssertionError" message="Neither rows nor &amp;apos;No data&amp;apos; message appeared after filtering.">
      <![CDATA[java.lang.AssertionError: Neither rows nor 'No data' message appeared after filtering.
at pages.ScribeDashboardPage.filterStatusInProgress(ScribeDashboardPage.java:119)
at tests.ScribeDashboardTest.verifyFilterByStatusInProgress(ScribeDashboardTest.java:163)
at java.base/java.util.ArrayList.forEach(ArrayList.java:1596)
... Removed 25 stack frames]]>
    </failure>
  </testcase> <!-- verifyFilterByStatusInProgress -->
  <testcase classname="tests.ScribeDashboardTest" name="verifyFilterByPriorityMedium" time="5.571">
    <failure type="java.lang.AssertionError" message="Neither rows nor &amp;apos;No data&amp;apos; message appeared after filtering by Medium priority.">
      <![CDATA[java.lang.AssertionError: Neither rows nor 'No data' message appeared after filtering by Medium priority.
at pages.ScribeDashboardPage.filterPriorityMedium(ScribeDashboardPage.java:158)
at tests.ScribeDashboardTest.verifyFilterByPriorityMedium(ScribeDashboardTest.java:171)
at java.base/java.util.ArrayList.forEach(ArrayList.java:1596)
... Removed 25 stack frames]]>
    </failure>
  </testcase> <!-- verifyFilterByPriorityMedium -->
  <testcase classname="tests.ScribeDashboardTest" name="verifyViewTaskHidesRow" time="0.242"/>
  <testcase classname="tests.DoctorDashboardTest" name="verifyLanguageToggle" time="0.594"/>
  <testcase classname="tests.DoctorDashboardTest" name="verifyDarkLightSystemModeSwitch" time="2.667"/>
  <testcase classname="tests.DoctorDashboardTest" name="verifyFilterByTaskId" time="12.23">
    <failure type="java.lang.AssertionError" message="Filtered task not present expected [true] but found [false]">
      <![CDATA[java.lang.AssertionError: Filtered task not present expected [true] but found [false]
at tests.DoctorDashboardTest.verifyFilterByTaskId(DoctorDashboardTest.java:109)
at java.base/java.util.ArrayList.forEach(ArrayList.java:1596)
... Removed 28 stack frames]]>
    </failure>
  </testcase> <!-- verifyFilterByTaskId -->
  <testcase classname="tests.DoctorDashboardTest" name="verifySortByTaskIdActuallySorts" time="1.751"/>
  <testcase classname="tests.DoctorDashboardTest" name="verifySortByPatientInitialsActuallySorts" time="1.717"/>
  <testcase classname="tests.DoctorDashboardTest" name="verifySortByStatusActuallySorts" time="1.705"/>
  <testcase classname="tests.DoctorDashboardTest" name="verifySortByPriorityActuallySorts" time="1.737">
    <failure type="java.lang.AssertionError" message="Priority column is not sorted.: Lists differ at element [0]:  != High expected [] but found [High]">
      <![CDATA[java.lang.AssertionError: Priority column is not sorted.: Lists differ at element [0]:  != High expected [] but found [High]
at tests.DoctorDashboardTest.verifySortByPriorityActuallySorts(DoctorDashboardTest.java:149)
at java.base/java.util.ArrayList.forEach(ArrayList.java:1596)
... Removed 29 stack frames]]>
    </failure>
  </testcase> <!-- verifySortByPriorityActuallySorts -->
  <testcase classname="tests.DoctorDashboardTest" name="verifySortByUploadDateActuallySorts" time="1.74"/>
  <testcase classname="tests.DoctorDashboardTest" name="verifySortByUploadTimeActuallySorts" time="1.717">
    <failure type="java.lang.AssertionError" message="Upload Time column is not sorted.: Lists differ at element [0]: 05:01 PM != 06:23 PM expected [05:01 PM] but found [06:23 PM]">
      <![CDATA[java.lang.AssertionError: Upload Time column is not sorted.: Lists differ at element [0]: 05:01 PM != 06:23 PM expected [05:01 PM] but found [06:23 PM]
at tests.DoctorDashboardTest.verifySortByUploadTimeActuallySorts(DoctorDashboardTest.java:169)
at java.base/java.util.ArrayList.forEach(ArrayList.java:1596)
... Removed 29 stack frames]]>
    </failure>
  </testcase> <!-- verifySortByUploadTimeActuallySorts -->
  <testcase classname="tests.DoctorDashboardTest" name="verifySortByAudioDurationActuallySorts" time="1.7"/>
  <testcase classname="tests.DoctorDashboardTest" name="verifyFilterByStatusInProgress" time="7.108">
    <failure type="java.lang.AssertionError" message="Neither rows nor &amp;apos;No data&amp;apos; message appeared after filtering.">
      <![CDATA[java.lang.AssertionError: Neither rows nor 'No data' message appeared after filtering.
at pages.DoctorDashboardPage.filterStatusInProgress(DoctorDashboardPage.java:127)
at tests.DoctorDashboardTest.verifyFilterByStatusInProgress(DoctorDashboardTest.java:185)
at java.base/java.util.ArrayList.forEach(ArrayList.java:1596)
... Removed 25 stack frames]]>
    </failure>
  </testcase> <!-- verifyFilterByStatusInProgress -->
  <testcase classname="tests.DoctorDashboardTest" name="verifyFilterByPriorityMedium" time="7.1">
    <failure type="java.lang.AssertionError" message="Neither rows nor &amp;apos;No data&amp;apos; message appeared after filtering by Medium priority.">
      <![CDATA[java.lang.AssertionError: Neither rows nor 'No data' message appeared after filtering by Medium priority.
at pages.DoctorDashboardPage.filterPriorityMedium(DoctorDashboardPage.java:166)
at tests.DoctorDashboardTest.verifyFilterByPriorityMedium(DoctorDashboardTest.java:193)
at java.base/java.util.ArrayList.forEach(ArrayList.java:1596)
... Removed 25 stack frames]]>
    </failure>
  </testcase> <!-- verifyFilterByPriorityMedium -->
  <testcase classname="tests.DoctorDashboardTest" name="verifyViewTaskHidesRow" time="1.845"/>
  <testcase classname="tests.DoctorDashboardTest" name="verifyRecordingWorkflow_ReviewAfterRecordAgain" time="14.719">
    <failure type="org.openqa.selenium.TimeoutException" message="Expected condition failed: waiting for invisibility of [[ChromeDriver: chrome on windows (045971ad104f8d084a5af92b899433af)] -&amp;gt; xpath: //div[@role=&amp;apos;dialog&amp;apos; and contains(., &amp;apos;Review Recordings&amp;apos;)]] (tried for 10 second(s) with 500 milliseconds interval)
Build info: version: &amp;apos;4.21.0&amp;apos;, revision: &amp;apos;79ed462ef4&amp;apos;
System info: os.name: &amp;apos;Windows 10&amp;apos;, os.arch: &amp;apos;amd64&amp;apos;, os.version: &amp;apos;10.0&amp;apos;, java.version: &amp;apos;21.0.7&amp;apos;
Driver info: org.openqa.selenium.chrome.ChromeDriver
Capabilities {acceptInsecureCerts: false, browserName: chrome, browserVersion: 138.0.7204.168, chrome: {chromedriverVersion: 138.0.7204.168 (3e8d82e86e9..., userDataDir: C:\Temp\BraveProfile}, fedcm:accounts: true, goog:chromeOptions: {debuggerAddress: localhost:65334}, networkConnectionEnabled: false, pageLoadStrategy: normal, platformName: windows, proxy: Proxy(), se:cdp: ws://localhost:65334/devtoo..., se:cdpVersion: 138.0.7204.168, setWindowRect: true, strictFileInteractability: false, timeouts: {implicit: 0, pageLoad: 300000, script: 30000}, unhandledPromptBehavior: dismiss and notify, webauthn:extension:credBlob: true, webauthn:extension:largeBlob: true, webauthn:extension:minPinLength: true, webauthn:extension:prf: true, webauthn:virtualAuthenticators: true}
Session ID: 045971ad104f8d084a5af92b899433af">
      <![CDATA[org.openqa.selenium.TimeoutException: Expected condition failed: waiting for invisibility of [[ChromeDriver: chrome on windows (045971ad104f8d084a5af92b899433af)] -> xpath: //div[@role='dialog' and contains(., 'Review Recordings')]] (tried for 10 second(s) with 500 milliseconds interval)
Build info: version: '4.21.0', revision: '79ed462ef4'
System info: os.name: 'Windows 10', os.arch: 'amd64', os.version: '10.0', java.version: '21.0.7'
Driver info: org.openqa.selenium.chrome.ChromeDriver
Capabilities {acceptInsecureCerts: false, browserName: chrome, browserVersion: 138.0.7204.168, chrome: {chromedriverVersion: 138.0.7204.168 (3e8d82e86e9..., userDataDir: C:\Temp\BraveProfile}, fedcm:accounts: true, goog:chromeOptions: {debuggerAddress: localhost:65334}, networkConnectionEnabled: false, pageLoadStrategy: normal, platformName: windows, proxy: Proxy(), se:cdp: ws://localhost:65334/devtoo..., se:cdpVersion: 138.0.7204.168, setWindowRect: true, strictFileInteractability: false, timeouts: {implicit: 0, pageLoad: 300000, script: 30000}, unhandledPromptBehavior: dismiss and notify, webauthn:extension:credBlob: true, webauthn:extension:largeBlob: true, webauthn:extension:minPinLength: true, webauthn:extension:prf: true, webauthn:virtualAuthenticators: true}
Session ID: 045971ad104f8d084a5af92b899433af
at org.openqa.selenium.support.ui.WebDriverWait.timeoutException(WebDriverWait.java:84)
at org.openqa.selenium.support.ui.FluentWait.until(FluentWait.java:228)
at pages.DoctorDashboardPage.uploadRecordings(DoctorDashboardPage.java:290)
at tests.DoctorDashboardTest.verifyRecordingWorkflow_ReviewAfterRecordAgain(DoctorDashboardTest.java:247)
at java.base/java.util.ArrayList.forEach(ArrayList.java:1596)
... Removed 25 stack frames]]>
    </failure>
  </testcase> <!-- verifyRecordingWorkflow_ReviewAfterRecordAgain -->
</testsuite> <!-- LoginTests -->
