<?xml version="1.0" encoding="UTF-8"?>
<!-- Generated by org.testng.reporters.JUnitXMLReporter -->
<testsuite ignored="0" hostname="PNH-LPC-012" failures="9" tests="43" name="LoginTests" time="264.941" errors="0" timestamp="2025-07-30T16:34:02 IST">
  <testcase classname="tests.LoginTests" name="loginTest" time="2.964"/>
  <testcase classname="tests.LoginTests" name="loginTest" time="1.451"/>
  <testcase classname="tests.LoginTests" name="loginTest" time="1.429"/>
  <testcase classname="tests.LoginTests" name="loginTest" time="1.55"/>
  <testcase classname="tests.LoginTests" name="loginTest" time="1.543"/>
  <testcase classname="tests.LoginTests" name="loginTest" time="1.488"/>
  <testcase classname="tests.LoginTests" name="loginTest" time="1.606"/>
  <testcase classname="tests.LoginTests" name="loginTest" time="1.581"/>
  <testcase classname="tests.LoginTests" name="loginTest" time="1.616"/>
  <testcase classname="tests.LoginTests" name="loginTest" time="1.551"/>
  <testcase classname="tests.LoginTests" name="loginTest" time="7.142"/>
  <testcase classname="tests.LoginTests" name="loginTest" time="2.193"/>
  <testcase classname="tests.LoginTests" name="loginTest" time="1.586"/>
  <testcase classname="tests.LoginTests" name="loginTest" time="6.947"/>
  <testcase classname="tests.LoginTests" name="loginTest" time="2.002"/>
  <testcase classname="tests.LoginTests" name="forgotPasswordTest_TC09" time="2.031"/>
  <testcase classname="tests.LoginTests" name="epicLoginRedirectTest" time="14.054"/>
  <testcase classname="tests.DoctorDashboardTest" name="verifyLanguageToggle" time="1.218"/>
  <testcase classname="tests.DoctorDashboardTest" name="verifyDarkLightSystemModeSwitch" time="3.157"/>
  <testcase classname="tests.DoctorDashboardTest" name="verifyFilterByTaskId" time="12.024">
    <failure type="java.lang.AssertionError" message="Filtered task not present expected [true] but found [false]">
      <![CDATA[java.lang.AssertionError: Filtered task not present expected [true] but found [false]
at tests.DoctorDashboardTest.verifyFilterByTaskId(DoctorDashboardTest.java:115)
at java.base/java.util.ArrayList.forEach(ArrayList.java:1596)
... Removed 28 stack frames]]>
    </failure>
  </testcase> <!-- verifyFilterByTaskId -->
  <testcase classname="tests.DoctorDashboardTest" name="verifySortByTaskIdActuallySorts" time="1.891"/>
  <testcase classname="tests.DoctorDashboardTest" name="verifySortByPatientInitialsActuallySorts" time="1.936"/>
  <testcase classname="tests.DoctorDashboardTest" name="verifySortByStatusActuallySorts" time="1.917"/>
  <testcase classname="tests.DoctorDashboardTest" name="verifySortByPriorityActuallySorts" time="1.908"/>
  <testcase classname="tests.DoctorDashboardTest" name="verifySortByUploadDateActuallySorts" time="1.876"/>
  <testcase classname="tests.DoctorDashboardTest" name="verifySortByUploadTimeActuallySorts" time="1.881">
    <failure type="java.lang.AssertionError" message="Upload Time column is not sorted.: Lists differ at element [0]: 08:16 PM != 09:22 PM expected [08:16 PM] but found [09:22 PM]">
      <![CDATA[java.lang.AssertionError: Upload Time column is not sorted.: Lists differ at element [0]: 08:16 PM != 09:22 PM expected [08:16 PM] but found [09:22 PM]
at tests.DoctorDashboardTest.verifySortByUploadTimeActuallySorts(DoctorDashboardTest.java:176)
at java.base/java.util.ArrayList.forEach(ArrayList.java:1596)
... Removed 29 stack frames]]>
    </failure>
  </testcase> <!-- verifySortByUploadTimeActuallySorts -->
  <testcase classname="tests.DoctorDashboardTest" name="verifySortByAudioDurationActuallySorts" time="1.85"/>
  <testcase classname="tests.DoctorDashboardTest" name="verifyFilterByStatusInProgress" time="7.318">
    <failure type="java.lang.AssertionError" message="Neither rows nor &amp;apos;No data&amp;apos; message appeared after filtering.">
      <![CDATA[java.lang.AssertionError: Neither rows nor 'No data' message appeared after filtering.
at pages.DoctorDashboardPage.filterStatusInProgress(DoctorDashboardPage.java:127)
at tests.DoctorDashboardTest.verifyFilterByStatusInProgress(DoctorDashboardTest.java:192)
at java.base/java.util.ArrayList.forEach(ArrayList.java:1596)
... Removed 25 stack frames]]>
    </failure>
  </testcase> <!-- verifyFilterByStatusInProgress -->
  <testcase classname="tests.DoctorDashboardTest" name="verifyFilterByPriorityMedium" time="7.336">
    <failure type="java.lang.AssertionError" message="Neither rows nor &amp;apos;No data&amp;apos; message appeared after filtering by Medium priority.">
      <![CDATA[java.lang.AssertionError: Neither rows nor 'No data' message appeared after filtering by Medium priority.
at pages.DoctorDashboardPage.filterPriorityMedium(DoctorDashboardPage.java:166)
at tests.DoctorDashboardTest.verifyFilterByPriorityMedium(DoctorDashboardTest.java:200)
at java.base/java.util.ArrayList.forEach(ArrayList.java:1596)
... Removed 25 stack frames]]>
    </failure>
  </testcase> <!-- verifyFilterByPriorityMedium -->
  <testcase classname="tests.DoctorDashboardTest" name="verifyViewTaskHidesRow" time="2.13"/>
  <testcase classname="tests.DoctorDashboardTest" name="verifyRecordingWorkflow_ReviewAfterRecordAgain" time="15.839">
    <failure type="org.openqa.selenium.TimeoutException" message="Expected condition failed: waiting for invisibility of [[ChromeDriver: chrome on windows (45139903c7748a12f3595297e79a5166)] -&amp;gt; xpath: //div[@role=&amp;apos;dialog&amp;apos; and contains(., &amp;apos;Review Recordings&amp;apos;)]] (tried for 10 second(s) with 500 milliseconds interval)
Build info: version: &amp;apos;4.21.0&amp;apos;, revision: &amp;apos;79ed462ef4&amp;apos;
System info: os.name: &amp;apos;Windows 10&amp;apos;, os.arch: &amp;apos;amd64&amp;apos;, os.version: &amp;apos;10.0&amp;apos;, java.version: &amp;apos;21.0.7&amp;apos;
Driver info: org.openqa.selenium.chrome.ChromeDriver
Capabilities {acceptInsecureCerts: false, browserName: chrome, browserVersion: 138.0.7204.168, chrome: {chromedriverVersion: 138.0.7204.168 (3e8d82e86e9..., userDataDir: C:\Temp\BraveProfile}, fedcm:accounts: true, goog:chromeOptions: {debuggerAddress: localhost:53471}, networkConnectionEnabled: false, pageLoadStrategy: normal, platformName: windows, proxy: Proxy(), se:cdp: ws://localhost:53471/devtoo..., se:cdpVersion: 138.0.7204.168, setWindowRect: true, strictFileInteractability: false, timeouts: {implicit: 0, pageLoad: 300000, script: 30000}, unhandledPromptBehavior: dismiss and notify, webauthn:extension:credBlob: true, webauthn:extension:largeBlob: true, webauthn:extension:minPinLength: true, webauthn:extension:prf: true, webauthn:virtualAuthenticators: true}
Session ID: 45139903c7748a12f3595297e79a5166">
      <![CDATA[org.openqa.selenium.TimeoutException: Expected condition failed: waiting for invisibility of [[ChromeDriver: chrome on windows (45139903c7748a12f3595297e79a5166)] -> xpath: //div[@role='dialog' and contains(., 'Review Recordings')]] (tried for 10 second(s) with 500 milliseconds interval)
Build info: version: '4.21.0', revision: '79ed462ef4'
System info: os.name: 'Windows 10', os.arch: 'amd64', os.version: '10.0', java.version: '21.0.7'
Driver info: org.openqa.selenium.chrome.ChromeDriver
Capabilities {acceptInsecureCerts: false, browserName: chrome, browserVersion: 138.0.7204.168, chrome: {chromedriverVersion: 138.0.7204.168 (3e8d82e86e9..., userDataDir: C:\Temp\BraveProfile}, fedcm:accounts: true, goog:chromeOptions: {debuggerAddress: localhost:53471}, networkConnectionEnabled: false, pageLoadStrategy: normal, platformName: windows, proxy: Proxy(), se:cdp: ws://localhost:53471/devtoo..., se:cdpVersion: 138.0.7204.168, setWindowRect: true, strictFileInteractability: false, timeouts: {implicit: 0, pageLoad: 300000, script: 30000}, unhandledPromptBehavior: dismiss and notify, webauthn:extension:credBlob: true, webauthn:extension:largeBlob: true, webauthn:extension:minPinLength: true, webauthn:extension:prf: true, webauthn:virtualAuthenticators: true}
Session ID: 45139903c7748a12f3595297e79a5166
at org.openqa.selenium.support.ui.WebDriverWait.timeoutException(WebDriverWait.java:84)
at org.openqa.selenium.support.ui.FluentWait.until(FluentWait.java:228)
at pages.DoctorDashboardPage.uploadRecordings(DoctorDashboardPage.java:290)
at tests.DoctorDashboardTest.verifyRecordingWorkflow_ReviewAfterRecordAgain(DoctorDashboardTest.java:254)
at java.base/java.util.ArrayList.forEach(ArrayList.java:1596)
... Removed 25 stack frames]]>
    </failure>
  </testcase> <!-- verifyRecordingWorkflow_ReviewAfterRecordAgain -->
  <testcase classname="tests.ScribeDashboardTest" name="verifyDarkLightSystemModeSwitch" time="6.376"/>
  <testcase classname="tests.ScribeDashboardTest" name="verifyFilterByTaskId" time="10.419">
    <failure type="java.lang.AssertionError" message="Filtered task not present expected [true] but found [false]">
      <![CDATA[java.lang.AssertionError: Filtered task not present expected [true] but found [false]
at tests.ScribeDashboardTest.verifyFilterByTaskId(ScribeDashboardTest.java:94)
at java.base/java.util.ArrayList.forEach(ArrayList.java:1596)
... Removed 28 stack frames]]>
    </failure>
  </testcase> <!-- verifyFilterByTaskId -->
  <testcase classname="tests.ScribeDashboardTest" name="verifySortByTaskIdActuallySorts" time="0.367"/>
  <testcase classname="tests.ScribeDashboardTest" name="verifySortByPatientInitialsActuallySorts" time="0.347"/>
  <testcase classname="tests.ScribeDashboardTest" name="verifySortByStatusActuallySorts" time="0.34"/>
  <testcase classname="tests.ScribeDashboardTest" name="verifySortByPriorityActuallySorts" time="0.369"/>
  <testcase classname="tests.ScribeDashboardTest" name="verifySortByUploadDateActuallySorts" time="0.382"/>
  <testcase classname="tests.ScribeDashboardTest" name="verifySortByUploadTimeActuallySorts" time="0.334">
    <failure type="java.lang.AssertionError" message="Upload Time column is not sorted.: Lists differ at element [1]: 08:19 PM != 09:22 PM expected [08:19 PM] but found [09:22 PM]">
      <![CDATA[java.lang.AssertionError: Upload Time column is not sorted.: Lists differ at element [1]: 08:19 PM != 09:22 PM expected [08:19 PM] but found [09:22 PM]
at tests.ScribeDashboardTest.verifySortByUploadTimeActuallySorts(ScribeDashboardTest.java:155)
at java.base/java.util.ArrayList.forEach(ArrayList.java:1596)
... Removed 29 stack frames]]>
    </failure>
  </testcase> <!-- verifySortByUploadTimeActuallySorts -->
  <testcase classname="tests.ScribeDashboardTest" name="verifySortByAudioDurationActuallySorts" time="0.357"/>
  <testcase classname="tests.ScribeDashboardTest" name="verifyFilterByStatusInProgress" time="5.832">
    <failure type="java.lang.AssertionError" message="Neither rows nor &amp;apos;No data&amp;apos; message appeared after filtering.">
      <![CDATA[java.lang.AssertionError: Neither rows nor 'No data' message appeared after filtering.
at pages.ScribeDashboardPage.filterStatusInProgress(ScribeDashboardPage.java:119)
at tests.ScribeDashboardTest.verifyFilterByStatusInProgress(ScribeDashboardTest.java:171)
at java.base/java.util.ArrayList.forEach(ArrayList.java:1596)
... Removed 25 stack frames]]>
    </failure>
  </testcase> <!-- verifyFilterByStatusInProgress -->
  <testcase classname="tests.ScribeDashboardTest" name="verifyFilterByPriorityMedium" time="5.662">
    <failure type="java.lang.AssertionError" message="Neither rows nor &amp;apos;No data&amp;apos; message appeared after filtering by Medium priority.">
      <![CDATA[java.lang.AssertionError: Neither rows nor 'No data' message appeared after filtering by Medium priority.
at pages.ScribeDashboardPage.filterPriorityMedium(ScribeDashboardPage.java:158)
at tests.ScribeDashboardTest.verifyFilterByPriorityMedium(ScribeDashboardTest.java:179)
at java.base/java.util.ArrayList.forEach(ArrayList.java:1596)
... Removed 25 stack frames]]>
    </failure>
  </testcase> <!-- verifyFilterByPriorityMedium -->
  <testcase classname="tests.ScribeDashboardTest" name="verifyViewTaskHidesRow" time="0.611"/>
</testsuite> <!-- LoginTests -->
